[2018-01-07T22:33:57.641] [INFO] app - 正在启动项目 模式: build
[2018-01-07T22:33:57.806] [INFO] app - 连接数据库 [mysql -h 127.0.0.1 -u root -D gdtv_cms]
[2018-01-07T22:33:57.979] [INFO] app - 连接数据库 [sqlite -h gdtvshopr1.mysql.rds.aliyuncs.com -u gdtvroot -D gdtvshop]
[2018-01-07T22:33:57.982] [INFO] app - 连接数据库 [sqlite -h gdtvcmsdb.mysql.rds.aliyuncs.com -u gdtvbalance -D gdtv_balance]
[2018-01-07T22:33:57.985] [INFO] app - 注册 Helper [moment]
[2018-01-07T22:33:57.985] [INFO] app - 注册 Helper [async]
[2018-01-07T22:33:57.992] [INFO] app - 注册 Helper [lodash]
[2018-01-07T22:33:57.996] [INFO] app - 注册 Middleware [heiner_static]
[2018-01-07T22:33:57.996] [INFO] app - 注册 Middleware [heiner_query]
[2018-01-07T22:33:57.997] [INFO] app - 注册 Middleware [heiner_body]
[2018-01-07T22:33:57.997] [INFO] app - 注册 Middleware [heiner_view]
[2018-01-07T22:33:58.029] [INFO] app - 注册 Middleware [heiner_static]
[2018-01-07T22:33:58.034] [INFO] app - 注册 Middleware [heiner_query]
[2018-01-07T22:33:58.068] [INFO] app - 注册 Middleware [heiner_body]
[2018-01-07T22:33:58.096] [INFO] app - 注册 Middleware [heiner_view]
[2018-01-07T22:33:58.098] [INFO] app - 注册 Controller [articleinfo.articleinfo]
[2018-01-07T22:33:58.101] [INFO] app - 注册 Controller [describe.describe]
[2018-01-07T22:33:58.103] [INFO] app - 注册 Controller [home]
[2018-01-07T22:33:58.105] [INFO] app - 注册 Controller [server.server]
[2018-01-07T22:33:58.163] [INFO] app - 注册 Router [articleinfo]
[2018-01-07T22:33:58.166] [INFO] app - 注册 Router [describe]
[2018-01-07T22:33:58.168] [INFO] app - 注册 Router [index]
[2018-01-07T22:33:58.169] [INFO] app - 注册 Router [server]
[2018-01-07T22:33:59.064] [INFO] app - 正在启动项目 模式: build
[2018-01-07T22:33:59.224] [INFO] app - 连接数据库 [mysql -h 127.0.0.1 -u root -D gdtv_cms]
[2018-01-07T22:33:59.401] [INFO] app - 连接数据库 [sqlite -h gdtvshopr1.mysql.rds.aliyuncs.com -u gdtvroot -D gdtvshop]
[2018-01-07T22:33:59.403] [INFO] app - 连接数据库 [sqlite -h gdtvcmsdb.mysql.rds.aliyuncs.com -u gdtvbalance -D gdtv_balance]
[2018-01-07T22:33:59.406] [INFO] app - 注册 Helper [moment]
[2018-01-07T22:33:59.407] [INFO] app - 注册 Helper [async]
[2018-01-07T22:33:59.414] [INFO] app - 注册 Helper [lodash]
[2018-01-07T22:33:59.419] [INFO] app - 注册 Middleware [heiner_static]
[2018-01-07T22:33:59.420] [INFO] app - 注册 Middleware [heiner_query]
[2018-01-07T22:33:59.420] [INFO] app - 注册 Middleware [heiner_body]
[2018-01-07T22:33:59.420] [INFO] app - 注册 Middleware [heiner_view]
[2018-01-07T22:33:59.456] [INFO] app - 注册 Middleware [heiner_static]
[2018-01-07T22:33:59.462] [INFO] app - 注册 Middleware [heiner_query]
[2018-01-07T22:33:59.499] [INFO] app - 注册 Middleware [heiner_body]
[2018-01-07T22:33:59.530] [INFO] app - 注册 Middleware [heiner_view]
[2018-01-07T22:33:59.533] [INFO] app - 注册 Controller [articleinfo.articleinfo]
[2018-01-07T22:33:59.535] [INFO] app - 注册 Controller [describe.describe]
[2018-01-07T22:33:59.542] [INFO] app - 注册 Controller [home]
[2018-01-07T22:33:59.545] [INFO] app - 注册 Controller [server.server]
[2018-01-07T22:33:59.619] [INFO] app - 注册 Router [articleinfo]
[2018-01-07T22:33:59.622] [INFO] app - 注册 Router [describe]
[2018-01-07T22:33:59.624] [INFO] app - 注册 Router [index]
[2018-01-07T22:33:59.626] [INFO] app - 注册 Router [server]
