[2018-01-07T22:34:00.570] [INFO] app - 正在启动项目 模式: build
[2018-01-07T22:34:00.861] [INFO] app - 连接数据库 [mysql -h 127.0.0.1 -u root -D gdtv_cms]
[2018-01-07T22:34:01.177] [INFO] app - 连接数据库 [sqlite -h gdtvshopr1.mysql.rds.aliyuncs.com -u gdtvroot -D gdtvshop]
[2018-01-07T22:34:01.180] [INFO] app - 连接数据库 [sqlite -h gdtvcmsdb.mysql.rds.aliyuncs.com -u gdtvbalance -D gdtv_balance]
[2018-01-07T22:34:01.184] [INFO] app - 注册 Helper [moment]
[2018-01-07T22:34:01.184] [INFO] app - 注册 Helper [async]
[2018-01-07T22:34:01.195] [INFO] app - 注册 Helper [lodash]
[2018-01-07T22:34:01.202] [INFO] app - 注册 Middleware [heiner_static]
[2018-01-07T22:34:01.202] [INFO] app - 注册 Middleware [heiner_query]
[2018-01-07T22:34:01.202] [INFO] app - 注册 Middleware [heiner_body]
[2018-01-07T22:34:01.202] [INFO] app - 注册 Middleware [heiner_view]
[2018-01-07T22:34:01.256] [INFO] app - 注册 Middleware [heiner_static]
[2018-01-07T22:34:01.267] [INFO] app - 注册 Middleware [heiner_query]
[2018-01-07T22:34:01.328] [INFO] app - 注册 Middleware [heiner_body]
[2018-01-07T22:34:01.371] [INFO] app - 注册 Middleware [heiner_view]
[2018-01-07T22:34:01.378] [INFO] app - 注册 Controller [articleinfo.articleinfo]
[2018-01-07T22:34:01.384] [INFO] app - 注册 Controller [describe.describe]
[2018-01-07T22:34:01.388] [INFO] app - 注册 Controller [home]
[2018-01-07T22:34:01.391] [INFO] app - 注册 Controller [server.server]
[2018-01-07T22:34:01.449] [INFO] app - 注册 Router [articleinfo]
[2018-01-07T22:34:01.451] [INFO] app - 注册 Router [describe]
[2018-01-07T22:34:01.453] [INFO] app - 注册 Router [index]
[2018-01-07T22:34:01.454] [INFO] app - 注册 Router [server]
[2018-01-07T22:34:02.293] [INFO] app - 正在启动项目 模式: build
[2018-01-07T22:34:02.445] [INFO] app - 连接数据库 [mysql -h 127.0.0.1 -u root -D gdtv_cms]
[2018-01-07T22:34:02.608] [INFO] app - 连接数据库 [sqlite -h gdtvshopr1.mysql.rds.aliyuncs.com -u gdtvroot -D gdtvshop]
[2018-01-07T22:34:02.610] [INFO] app - 连接数据库 [sqlite -h gdtvcmsdb.mysql.rds.aliyuncs.com -u gdtvbalance -D gdtv_balance]
[2018-01-07T22:34:02.613] [INFO] app - 注册 Helper [moment]
[2018-01-07T22:34:02.613] [INFO] app - 注册 Helper [async]
[2018-01-07T22:34:02.620] [INFO] app - 注册 Helper [lodash]
[2018-01-07T22:34:02.624] [INFO] app - 注册 Middleware [heiner_static]
[2018-01-07T22:34:02.624] [INFO] app - 注册 Middleware [heiner_query]
[2018-01-07T22:34:02.625] [INFO] app - 注册 Middleware [heiner_body]
[2018-01-07T22:34:02.625] [INFO] app - 注册 Middleware [heiner_view]
[2018-01-07T22:34:02.655] [INFO] app - 注册 Middleware [heiner_static]
[2018-01-07T22:34:02.659] [INFO] app - 注册 Middleware [heiner_query]
[2018-01-07T22:34:02.693] [INFO] app - 注册 Middleware [heiner_body]
[2018-01-07T22:34:02.724] [INFO] app - 注册 Middleware [heiner_view]
[2018-01-07T22:34:02.728] [INFO] app - 注册 Controller [articleinfo.articleinfo]
[2018-01-07T22:34:02.730] [INFO] app - 注册 Controller [describe.describe]
[2018-01-07T22:34:02.733] [INFO] app - 注册 Controller [home]
[2018-01-07T22:34:02.735] [INFO] app - 注册 Controller [server.server]
[2018-01-07T22:34:02.791] [INFO] app - 注册 Router [articleinfo]
[2018-01-07T22:34:02.793] [INFO] app - 注册 Router [describe]
[2018-01-07T22:34:02.795] [INFO] app - 注册 Router [index]
[2018-01-07T22:34:02.796] [INFO] app - 注册 Router [server]
[2018-01-07T22:34:03.774] [INFO] app - 正在启动项目 模式: build
[2018-01-07T22:34:03.937] [INFO] app - 连接数据库 [mysql -h 127.0.0.1 -u root -D gdtv_cms]
[2018-01-07T22:34:04.131] [INFO] app - 连接数据库 [sqlite -h gdtvshopr1.mysql.rds.aliyuncs.com -u gdtvroot -D gdtvshop]
[2018-01-07T22:34:04.133] [INFO] app - 连接数据库 [sqlite -h gdtvcmsdb.mysql.rds.aliyuncs.com -u gdtvbalance -D gdtv_balance]
[2018-01-07T22:34:04.136] [INFO] app - 注册 Helper [moment]
[2018-01-07T22:34:04.136] [INFO] app - 注册 Helper [async]
[2018-01-07T22:34:04.145] [INFO] app - 注册 Helper [lodash]
[2018-01-07T22:34:04.148] [INFO] app - 注册 Middleware [heiner_static]
[2018-01-07T22:34:04.149] [INFO] app - 注册 Middleware [heiner_query]
[2018-01-07T22:34:04.149] [INFO] app - 注册 Middleware [heiner_body]
[2018-01-07T22:34:04.149] [INFO] app - 注册 Middleware [heiner_view]
[2018-01-07T22:34:04.189] [INFO] app - 注册 Middleware [heiner_static]
[2018-01-07T22:34:04.194] [INFO] app - 注册 Middleware [heiner_query]
[2018-01-07T22:34:04.230] [INFO] app - 注册 Middleware [heiner_body]
[2018-01-07T22:34:04.266] [INFO] app - 注册 Middleware [heiner_view]
[2018-01-07T22:34:04.270] [INFO] app - 注册 Controller [articleinfo.articleinfo]
[2018-01-07T22:34:04.273] [INFO] app - 注册 Controller [describe.describe]
[2018-01-07T22:34:04.277] [INFO] app - 注册 Controller [home]
[2018-01-07T22:34:04.279] [INFO] app - 注册 Controller [server.server]
[2018-01-07T22:34:04.344] [INFO] app - 注册 Router [articleinfo]
[2018-01-07T22:34:04.347] [INFO] app - 注册 Router [describe]
[2018-01-07T22:34:04.348] [INFO] app - 注册 Router [index]
[2018-01-07T22:34:04.349] [INFO] app - 注册 Router [server]
[2018-01-07T22:34:05.356] [INFO] app - 正在启动项目 模式: build
[2018-01-07T22:34:05.531] [INFO] app - 连接数据库 [mysql -h 127.0.0.1 -u root -D gdtv_cms]
[2018-01-07T22:34:05.745] [INFO] app - 连接数据库 [sqlite -h gdtvshopr1.mysql.rds.aliyuncs.com -u gdtvroot -D gdtvshop]
[2018-01-07T22:34:05.748] [INFO] app - 连接数据库 [sqlite -h gdtvcmsdb.mysql.rds.aliyuncs.com -u gdtvbalance -D gdtv_balance]
[2018-01-07T22:34:05.751] [INFO] app - 注册 Helper [moment]
[2018-01-07T22:34:05.752] [INFO] app - 注册 Helper [async]
[2018-01-07T22:34:05.759] [INFO] app - 注册 Helper [lodash]
[2018-01-07T22:34:05.763] [INFO] app - 注册 Middleware [heiner_static]
[2018-01-07T22:34:05.763] [INFO] app - 注册 Middleware [heiner_query]
[2018-01-07T22:34:05.764] [INFO] app - 注册 Middleware [heiner_body]
[2018-01-07T22:34:05.764] [INFO] app - 注册 Middleware [heiner_view]
[2018-01-07T22:34:05.796] [INFO] app - 注册 Middleware [heiner_static]
[2018-01-07T22:34:05.801] [INFO] app - 注册 Middleware [heiner_query]
[2018-01-07T22:34:05.833] [INFO] app - 注册 Middleware [heiner_body]
[2018-01-07T22:34:05.859] [INFO] app - 注册 Middleware [heiner_view]
[2018-01-07T22:34:05.862] [INFO] app - 注册 Controller [articleinfo.articleinfo]
[2018-01-07T22:34:05.865] [INFO] app - 注册 Controller [describe.describe]
[2018-01-07T22:34:05.866] [INFO] app - 注册 Controller [home]
[2018-01-07T22:34:05.868] [INFO] app - 注册 Controller [server.server]
[2018-01-07T22:34:05.932] [INFO] app - 注册 Router [articleinfo]
[2018-01-07T22:34:05.934] [INFO] app - 注册 Router [describe]
[2018-01-07T22:34:05.936] [INFO] app - 注册 Router [index]
[2018-01-07T22:34:05.937] [INFO] app - 注册 Router [server]
[2018-01-07T22:34:07.494] [INFO] app - 正在启动项目 模式: build
[2018-01-07T22:34:07.692] [INFO] app - 连接数据库 [mysql -h 127.0.0.1 -u root -D gdtv_cms]
[2018-01-07T22:34:07.882] [INFO] app - 连接数据库 [sqlite -h gdtvshopr1.mysql.rds.aliyuncs.com -u gdtvroot -D gdtvshop]
[2018-01-07T22:34:07.884] [INFO] app - 连接数据库 [sqlite -h gdtvcmsdb.mysql.rds.aliyuncs.com -u gdtvbalance -D gdtv_balance]
[2018-01-07T22:34:07.887] [INFO] app - 注册 Helper [moment]
[2018-01-07T22:34:07.887] [INFO] app - 注册 Helper [async]
[2018-01-07T22:34:07.894] [INFO] app - 注册 Helper [lodash]
[2018-01-07T22:34:07.897] [INFO] app - 注册 Middleware [heiner_static]
[2018-01-07T22:34:07.897] [INFO] app - 注册 Middleware [heiner_query]
[2018-01-07T22:34:07.898] [INFO] app - 注册 Middleware [heiner_body]
[2018-01-07T22:34:07.898] [INFO] app - 注册 Middleware [heiner_view]
[2018-01-07T22:34:07.932] [INFO] app - 注册 Middleware [heiner_static]
[2018-01-07T22:34:07.937] [INFO] app - 注册 Middleware [heiner_query]
[2018-01-07T22:34:07.974] [INFO] app - 注册 Middleware [heiner_body]
[2018-01-07T22:34:08.008] [INFO] app - 注册 Middleware [heiner_view]
[2018-01-07T22:34:08.011] [INFO] app - 注册 Controller [articleinfo.articleinfo]
[2018-01-07T22:34:08.014] [INFO] app - 注册 Controller [describe.describe]
[2018-01-07T22:34:08.016] [INFO] app - 注册 Controller [home]
[2018-01-07T22:34:08.017] [INFO] app - 注册 Controller [server.server]
[2018-01-07T22:34:08.071] [INFO] app - 注册 Router [articleinfo]
[2018-01-07T22:34:08.075] [INFO] app - 注册 Router [describe]
[2018-01-07T22:34:08.076] [INFO] app - 注册 Router [index]
[2018-01-07T22:34:08.078] [INFO] app - 注册 Router [server]
[2018-01-07T22:34:08.960] [INFO] app - 正在启动项目 模式: build
[2018-01-07T22:34:09.117] [INFO] app - 连接数据库 [mysql -h 127.0.0.1 -u root -D gdtv_cms]
[2018-01-07T22:34:09.294] [INFO] app - 连接数据库 [sqlite -h gdtvshopr1.mysql.rds.aliyuncs.com -u gdtvroot -D gdtvshop]
[2018-01-07T22:34:09.296] [INFO] app - 连接数据库 [sqlite -h gdtvcmsdb.mysql.rds.aliyuncs.com -u gdtvbalance -D gdtv_balance]
[2018-01-07T22:34:09.299] [INFO] app - 注册 Helper [moment]
[2018-01-07T22:34:09.299] [INFO] app - 注册 Helper [async]
[2018-01-07T22:34:09.310] [INFO] app - 注册 Helper [lodash]
[2018-01-07T22:34:09.314] [INFO] app - 注册 Middleware [heiner_static]
[2018-01-07T22:34:09.314] [INFO] app - 注册 Middleware [heiner_query]
[2018-01-07T22:34:09.314] [INFO] app - 注册 Middleware [heiner_body]
[2018-01-07T22:34:09.315] [INFO] app - 注册 Middleware [heiner_view]
[2018-01-07T22:34:09.350] [INFO] app - 注册 Middleware [heiner_static]
[2018-01-07T22:34:09.354] [INFO] app - 注册 Middleware [heiner_query]
[2018-01-07T22:34:09.400] [INFO] app - 注册 Middleware [heiner_body]
[2018-01-07T22:34:09.433] [INFO] app - 注册 Middleware [heiner_view]
[2018-01-07T22:34:09.435] [INFO] app - 注册 Controller [articleinfo.articleinfo]
[2018-01-07T22:34:09.438] [INFO] app - 注册 Controller [describe.describe]
[2018-01-07T22:34:09.441] [INFO] app - 注册 Controller [home]
[2018-01-07T22:34:09.443] [INFO] app - 注册 Controller [server.server]
[2018-01-07T22:34:09.509] [INFO] app - 注册 Router [articleinfo]
[2018-01-07T22:34:09.512] [INFO] app - 注册 Router [describe]
[2018-01-07T22:34:09.514] [INFO] app - 注册 Router [index]
[2018-01-07T22:34:09.515] [INFO] app - 注册 Router [server]
[2018-01-07T22:34:10.497] [INFO] app - 正在启动项目 模式: build
[2018-01-07T22:34:10.673] [INFO] app - 连接数据库 [mysql -h 127.0.0.1 -u root -D gdtv_cms]
[2018-01-07T22:34:10.879] [INFO] app - 连接数据库 [sqlite -h gdtvshopr1.mysql.rds.aliyuncs.com -u gdtvroot -D gdtvshop]
[2018-01-07T22:34:10.882] [INFO] app - 连接数据库 [sqlite -h gdtvcmsdb.mysql.rds.aliyuncs.com -u gdtvbalance -D gdtv_balance]
[2018-01-07T22:34:10.885] [INFO] app - 注册 Helper [moment]
[2018-01-07T22:34:10.885] [INFO] app - 注册 Helper [async]
[2018-01-07T22:34:10.892] [INFO] app - 注册 Helper [lodash]
[2018-01-07T22:34:10.896] [INFO] app - 注册 Middleware [heiner_static]
[2018-01-07T22:34:10.896] [INFO] app - 注册 Middleware [heiner_query]
[2018-01-07T22:34:10.896] [INFO] app - 注册 Middleware [heiner_body]
[2018-01-07T22:34:10.897] [INFO] app - 注册 Middleware [heiner_view]
[2018-01-07T22:34:10.931] [INFO] app - 注册 Middleware [heiner_static]
[2018-01-07T22:34:10.936] [INFO] app - 注册 Middleware [heiner_query]
[2018-01-07T22:34:10.975] [INFO] app - 注册 Middleware [heiner_body]
[2018-01-07T22:34:11.002] [INFO] app - 注册 Middleware [heiner_view]
[2018-01-07T22:34:11.004] [INFO] app - 注册 Controller [articleinfo.articleinfo]
[2018-01-07T22:34:11.007] [INFO] app - 注册 Controller [describe.describe]
[2018-01-07T22:34:11.009] [INFO] app - 注册 Controller [home]
[2018-01-07T22:34:11.011] [INFO] app - 注册 Controller [server.server]
[2018-01-07T22:34:11.068] [INFO] app - 注册 Router [articleinfo]
[2018-01-07T22:34:11.071] [INFO] app - 注册 Router [describe]
[2018-01-07T22:34:11.072] [INFO] app - 注册 Router [index]
[2018-01-07T22:34:11.074] [INFO] app - 注册 Router [server]
[2018-01-07T22:34:12.079] [INFO] app - 正在启动项目 模式: build
[2018-01-07T22:34:12.326] [INFO] app - 连接数据库 [mysql -h 127.0.0.1 -u root -D gdtv_cms]
[2018-01-07T22:34:12.596] [INFO] app - 连接数据库 [sqlite -h gdtvshopr1.mysql.rds.aliyuncs.com -u gdtvroot -D gdtvshop]
[2018-01-07T22:34:12.598] [INFO] app - 连接数据库 [sqlite -h gdtvcmsdb.mysql.rds.aliyuncs.com -u gdtvbalance -D gdtv_balance]
[2018-01-07T22:34:12.613] [INFO] app - 注册 Helper [moment]
[2018-01-07T22:34:12.618] [INFO] app - 注册 Helper [async]
[2018-01-07T22:34:12.639] [INFO] app - 注册 Helper [lodash]
[2018-01-07T22:34:12.647] [INFO] app - 注册 Middleware [heiner_static]
[2018-01-07T22:34:12.648] [INFO] app - 注册 Middleware [heiner_query]
[2018-01-07T22:34:12.649] [INFO] app - 注册 Middleware [heiner_body]
[2018-01-07T22:34:12.653] [INFO] app - 注册 Middleware [heiner_view]
[2018-01-07T22:34:12.745] [INFO] app - 注册 Middleware [heiner_static]
[2018-01-07T22:34:12.755] [INFO] app - 注册 Middleware [heiner_query]
[2018-01-07T22:34:12.822] [INFO] app - 注册 Middleware [heiner_body]
[2018-01-07T22:34:12.880] [INFO] app - 注册 Middleware [heiner_view]
[2018-01-07T22:34:12.891] [INFO] app - 注册 Controller [articleinfo.articleinfo]
[2018-01-07T22:34:12.900] [INFO] app - 注册 Controller [describe.describe]
[2018-01-07T22:34:12.905] [INFO] app - 注册 Controller [home]
[2018-01-07T22:34:12.909] [INFO] app - 注册 Controller [server.server]
[2018-01-07T22:34:13.042] [INFO] app - 注册 Router [articleinfo]
[2018-01-07T22:34:13.047] [INFO] app - 注册 Router [describe]
[2018-01-07T22:34:13.049] [INFO] app - 注册 Router [index]
[2018-01-07T22:34:13.051] [INFO] app - 注册 Router [server]
[2018-01-07T22:34:14.636] [INFO] app - 正在启动项目 模式: build
[2018-01-07T22:34:14.867] [INFO] app - 连接数据库 [mysql -h 127.0.0.1 -u root -D gdtv_cms]
[2018-01-07T22:34:15.179] [INFO] app - 连接数据库 [sqlite -h gdtvshopr1.mysql.rds.aliyuncs.com -u gdtvroot -D gdtvshop]
[2018-01-07T22:34:15.181] [INFO] app - 连接数据库 [sqlite -h gdtvcmsdb.mysql.rds.aliyuncs.com -u gdtvbalance -D gdtv_balance]
[2018-01-07T22:34:15.183] [INFO] app - 注册 Helper [moment]
[2018-01-07T22:34:15.184] [INFO] app - 注册 Helper [async]
[2018-01-07T22:34:15.195] [INFO] app - 注册 Helper [lodash]
[2018-01-07T22:34:15.201] [INFO] app - 注册 Middleware [heiner_static]
[2018-01-07T22:34:15.201] [INFO] app - 注册 Middleware [heiner_query]
[2018-01-07T22:34:15.202] [INFO] app - 注册 Middleware [heiner_body]
[2018-01-07T22:34:15.202] [INFO] app - 注册 Middleware [heiner_view]
[2018-01-07T22:34:15.266] [INFO] app - 注册 Middleware [heiner_static]
[2018-01-07T22:34:15.272] [INFO] app - 注册 Middleware [heiner_query]
[2018-01-07T22:34:15.327] [INFO] app - 注册 Middleware [heiner_body]
[2018-01-07T22:34:15.367] [INFO] app - 注册 Middleware [heiner_view]
[2018-01-07T22:34:15.369] [INFO] app - 注册 Controller [articleinfo.articleinfo]
[2018-01-07T22:34:15.374] [INFO] app - 注册 Controller [describe.describe]
[2018-01-07T22:34:15.379] [INFO] app - 注册 Controller [home]
[2018-01-07T22:34:15.402] [INFO] app - 注册 Controller [server.server]
[2018-01-07T22:34:15.452] [INFO] app - 注册 Router [articleinfo]
[2018-01-07T22:34:15.455] [INFO] app - 注册 Router [describe]
[2018-01-07T22:34:15.456] [INFO] app - 注册 Router [index]
[2018-01-07T22:34:15.457] [INFO] app - 注册 Router [server]
[2018-01-07T22:34:16.316] [INFO] app - 正在启动项目 模式: build
[2018-01-07T22:34:16.465] [INFO] app - 连接数据库 [mysql -h 127.0.0.1 -u root -D gdtv_cms]
[2018-01-07T22:34:16.649] [INFO] app - 连接数据库 [sqlite -h gdtvshopr1.mysql.rds.aliyuncs.com -u gdtvroot -D gdtvshop]
[2018-01-07T22:34:16.650] [INFO] app - 连接数据库 [sqlite -h gdtvcmsdb.mysql.rds.aliyuncs.com -u gdtvbalance -D gdtv_balance]
[2018-01-07T22:34:16.653] [INFO] app - 注册 Helper [moment]
[2018-01-07T22:34:16.654] [INFO] app - 注册 Helper [async]
[2018-01-07T22:34:16.662] [INFO] app - 注册 Helper [lodash]
[2018-01-07T22:34:16.667] [INFO] app - 注册 Middleware [heiner_static]
[2018-01-07T22:34:16.667] [INFO] app - 注册 Middleware [heiner_query]
[2018-01-07T22:34:16.667] [INFO] app - 注册 Middleware [heiner_body]
[2018-01-07T22:34:16.668] [INFO] app - 注册 Middleware [heiner_view]
[2018-01-07T22:34:16.697] [INFO] app - 注册 Middleware [heiner_static]
[2018-01-07T22:34:16.705] [INFO] app - 注册 Middleware [heiner_query]
[2018-01-07T22:34:16.744] [INFO] app - 注册 Middleware [heiner_body]
[2018-01-07T22:34:16.779] [INFO] app - 注册 Middleware [heiner_view]
[2018-01-07T22:34:16.781] [INFO] app - 注册 Controller [articleinfo.articleinfo]
[2018-01-07T22:34:16.784] [INFO] app - 注册 Controller [describe.describe]
[2018-01-07T22:34:16.786] [INFO] app - 注册 Controller [home]
[2018-01-07T22:34:16.787] [INFO] app - 注册 Controller [server.server]
[2018-01-07T22:34:16.840] [INFO] app - 注册 Router [articleinfo]
[2018-01-07T22:34:16.843] [INFO] app - 注册 Router [describe]
[2018-01-07T22:34:16.844] [INFO] app - 注册 Router [index]
[2018-01-07T22:34:16.845] [INFO] app - 注册 Router [server]
[2018-01-07T22:34:17.794] [INFO] app - 正在启动项目 模式: build
[2018-01-07T22:34:17.950] [INFO] app - 连接数据库 [mysql -h 127.0.0.1 -u root -D gdtv_cms]
[2018-01-07T22:34:18.119] [INFO] app - 连接数据库 [sqlite -h gdtvshopr1.mysql.rds.aliyuncs.com -u gdtvroot -D gdtvshop]
[2018-01-07T22:34:18.121] [INFO] app - 连接数据库 [sqlite -h gdtvcmsdb.mysql.rds.aliyuncs.com -u gdtvbalance -D gdtv_balance]
[2018-01-07T22:34:18.123] [INFO] app - 注册 Helper [moment]
[2018-01-07T22:34:18.124] [INFO] app - 注册 Helper [async]
[2018-01-07T22:34:18.130] [INFO] app - 注册 Helper [lodash]
[2018-01-07T22:34:18.134] [INFO] app - 注册 Middleware [heiner_static]
[2018-01-07T22:34:18.134] [INFO] app - 注册 Middleware [heiner_query]
[2018-01-07T22:34:18.134] [INFO] app - 注册 Middleware [heiner_body]
[2018-01-07T22:34:18.134] [INFO] app - 注册 Middleware [heiner_view]
[2018-01-07T22:34:18.168] [INFO] app - 注册 Middleware [heiner_static]
[2018-01-07T22:34:18.175] [INFO] app - 注册 Middleware [heiner_query]
[2018-01-07T22:34:18.206] [INFO] app - 注册 Middleware [heiner_body]
[2018-01-07T22:34:18.243] [INFO] app - 注册 Middleware [heiner_view]
[2018-01-07T22:34:18.246] [INFO] app - 注册 Controller [articleinfo.articleinfo]
[2018-01-07T22:34:18.248] [INFO] app - 注册 Controller [describe.describe]
[2018-01-07T22:34:18.250] [INFO] app - 注册 Controller [home]
[2018-01-07T22:34:18.252] [INFO] app - 注册 Controller [server.server]
[2018-01-07T22:34:18.318] [INFO] app - 注册 Router [articleinfo]
[2018-01-07T22:34:18.322] [INFO] app - 注册 Router [describe]
[2018-01-07T22:34:18.324] [INFO] app - 注册 Router [index]
[2018-01-07T22:34:18.326] [INFO] app - 注册 Router [server]
[2018-01-07T22:34:19.761] [INFO] app - 正在启动项目 模式: build
[2018-01-07T22:34:19.950] [INFO] app - 连接数据库 [mysql -h 127.0.0.1 -u root -D gdtv_cms]
[2018-01-07T22:34:20.141] [INFO] app - 连接数据库 [sqlite -h gdtvshopr1.mysql.rds.aliyuncs.com -u gdtvroot -D gdtvshop]
[2018-01-07T22:34:20.143] [INFO] app - 连接数据库 [sqlite -h gdtvcmsdb.mysql.rds.aliyuncs.com -u gdtvbalance -D gdtv_balance]
[2018-01-07T22:34:20.145] [INFO] app - 注册 Helper [moment]
[2018-01-07T22:34:20.146] [INFO] app - 注册 Helper [async]
[2018-01-07T22:34:20.154] [INFO] app - 注册 Helper [lodash]
[2018-01-07T22:34:20.158] [INFO] app - 注册 Middleware [heiner_static]
[2018-01-07T22:34:20.159] [INFO] app - 注册 Middleware [heiner_query]
[2018-01-07T22:34:20.159] [INFO] app - 注册 Middleware [heiner_body]
[2018-01-07T22:34:20.159] [INFO] app - 注册 Middleware [heiner_view]
[2018-01-07T22:34:20.194] [INFO] app - 注册 Middleware [heiner_static]
[2018-01-07T22:34:20.198] [INFO] app - 注册 Middleware [heiner_query]
[2018-01-07T22:34:20.240] [INFO] app - 注册 Middleware [heiner_body]
[2018-01-07T22:34:20.286] [INFO] app - 注册 Middleware [heiner_view]
[2018-01-07T22:34:20.290] [INFO] app - 注册 Controller [articleinfo.articleinfo]
[2018-01-07T22:34:20.294] [INFO] app - 注册 Controller [describe.describe]
[2018-01-07T22:34:20.296] [INFO] app - 注册 Controller [home]
[2018-01-07T22:34:20.298] [INFO] app - 注册 Controller [server.server]
[2018-01-07T22:34:20.371] [INFO] app - 注册 Router [articleinfo]
[2018-01-07T22:34:20.374] [INFO] app - 注册 Router [describe]
[2018-01-07T22:34:20.375] [INFO] app - 注册 Router [index]
[2018-01-07T22:34:20.376] [INFO] app - 注册 Router [server]
[2018-01-07T22:34:21.261] [INFO] app - 正在启动项目 模式: build
[2018-01-07T22:34:21.448] [INFO] app - 连接数据库 [mysql -h 127.0.0.1 -u root -D gdtv_cms]
[2018-01-07T22:34:21.633] [INFO] app - 连接数据库 [sqlite -h gdtvshopr1.mysql.rds.aliyuncs.com -u gdtvroot -D gdtvshop]
[2018-01-07T22:34:21.635] [INFO] app - 连接数据库 [sqlite -h gdtvcmsdb.mysql.rds.aliyuncs.com -u gdtvbalance -D gdtv_balance]
[2018-01-07T22:34:21.639] [INFO] app - 注册 Helper [moment]
[2018-01-07T22:34:21.639] [INFO] app - 注册 Helper [async]
[2018-01-07T22:34:21.649] [INFO] app - 注册 Helper [lodash]
[2018-01-07T22:34:21.654] [INFO] app - 注册 Middleware [heiner_static]
[2018-01-07T22:34:21.654] [INFO] app - 注册 Middleware [heiner_query]
[2018-01-07T22:34:21.654] [INFO] app - 注册 Middleware [heiner_body]
[2018-01-07T22:34:21.655] [INFO] app - 注册 Middleware [heiner_view]
[2018-01-07T22:34:21.697] [INFO] app - 注册 Middleware [heiner_static]
[2018-01-07T22:34:21.707] [INFO] app - 注册 Middleware [heiner_query]
[2018-01-07T22:34:21.739] [INFO] app - 注册 Middleware [heiner_body]
[2018-01-07T22:34:21.767] [INFO] app - 注册 Middleware [heiner_view]
[2018-01-07T22:34:21.770] [INFO] app - 注册 Controller [articleinfo.articleinfo]
[2018-01-07T22:34:21.774] [INFO] app - 注册 Controller [describe.describe]
[2018-01-07T22:34:21.776] [INFO] app - 注册 Controller [home]
[2018-01-07T22:34:21.778] [INFO] app - 注册 Controller [server.server]
[2018-01-07T22:34:21.832] [INFO] app - 注册 Router [articleinfo]
[2018-01-07T22:34:21.835] [INFO] app - 注册 Router [describe]
[2018-01-07T22:34:21.836] [INFO] app - 注册 Router [index]
[2018-01-07T22:34:21.837] [INFO] app - 注册 Router [server]
[2018-01-07T22:34:22.785] [INFO] app - 正在启动项目 模式: build
[2018-01-07T22:34:22.949] [INFO] app - 连接数据库 [mysql -h 127.0.0.1 -u root -D gdtv_cms]
[2018-01-07T22:34:23.139] [INFO] app - 连接数据库 [sqlite -h gdtvshopr1.mysql.rds.aliyuncs.com -u gdtvroot -D gdtvshop]
[2018-01-07T22:34:23.143] [INFO] app - 连接数据库 [sqlite -h gdtvcmsdb.mysql.rds.aliyuncs.com -u gdtvbalance -D gdtv_balance]
[2018-01-07T22:34:23.145] [INFO] app - 注册 Helper [moment]
[2018-01-07T22:34:23.146] [INFO] app - 注册 Helper [async]
[2018-01-07T22:34:23.153] [INFO] app - 注册 Helper [lodash]
[2018-01-07T22:34:23.156] [INFO] app - 注册 Middleware [heiner_static]
[2018-01-07T22:34:23.157] [INFO] app - 注册 Middleware [heiner_query]
[2018-01-07T22:34:23.157] [INFO] app - 注册 Middleware [heiner_body]
[2018-01-07T22:34:23.157] [INFO] app - 注册 Middleware [heiner_view]
[2018-01-07T22:34:23.190] [INFO] app - 注册 Middleware [heiner_static]
[2018-01-07T22:34:23.195] [INFO] app - 注册 Middleware [heiner_query]
[2018-01-07T22:34:23.227] [INFO] app - 注册 Middleware [heiner_body]
[2018-01-07T22:34:23.255] [INFO] app - 注册 Middleware [heiner_view]
[2018-01-07T22:34:23.258] [INFO] app - 注册 Controller [articleinfo.articleinfo]
[2018-01-07T22:34:23.261] [INFO] app - 注册 Controller [describe.describe]
[2018-01-07T22:34:23.263] [INFO] app - 注册 Controller [home]
[2018-01-07T22:34:23.265] [INFO] app - 注册 Controller [server.server]
[2018-01-07T22:34:23.329] [INFO] app - 注册 Router [articleinfo]
[2018-01-07T22:34:23.333] [INFO] app - 注册 Router [describe]
[2018-01-07T22:34:23.334] [INFO] app - 注册 Router [index]
[2018-01-07T22:34:23.336] [INFO] app - 注册 Router [server]
[2018-01-07T22:34:24.606] [INFO] app - 正在启动项目 模式: build
[2018-01-07T22:34:24.924] [INFO] app - 连接数据库 [mysql -h 127.0.0.1 -u root -D gdtv_cms]
[2018-01-07T22:34:25.387] [INFO] app - 连接数据库 [sqlite -h gdtvshopr1.mysql.rds.aliyuncs.com -u gdtvroot -D gdtvshop]
[2018-01-07T22:34:25.389] [INFO] app - 连接数据库 [sqlite -h gdtvcmsdb.mysql.rds.aliyuncs.com -u gdtvbalance -D gdtv_balance]
[2018-01-07T22:34:25.392] [INFO] app - 注册 Helper [moment]
[2018-01-07T22:34:25.393] [INFO] app - 注册 Helper [async]
[2018-01-07T22:34:25.404] [INFO] app - 注册 Helper [lodash]
[2018-01-07T22:34:25.408] [INFO] app - 注册 Middleware [heiner_static]
[2018-01-07T22:34:25.409] [INFO] app - 注册 Middleware [heiner_query]
[2018-01-07T22:34:25.409] [INFO] app - 注册 Middleware [heiner_body]
[2018-01-07T22:34:25.409] [INFO] app - 注册 Middleware [heiner_view]
[2018-01-07T22:34:25.495] [INFO] app - 注册 Middleware [heiner_static]
[2018-01-07T22:34:25.506] [INFO] app - 注册 Middleware [heiner_query]
[2018-01-07T22:34:25.596] [INFO] app - 注册 Middleware [heiner_body]
[2018-01-07T22:34:25.646] [INFO] app - 注册 Middleware [heiner_view]
[2018-01-07T22:34:25.650] [INFO] app - 注册 Controller [articleinfo.articleinfo]
[2018-01-07T22:34:25.656] [INFO] app - 注册 Controller [describe.describe]
[2018-01-07T22:34:25.664] [INFO] app - 注册 Controller [home]
[2018-01-07T22:34:25.699] [INFO] app - 注册 Controller [server.server]
[2018-01-07T22:34:25.810] [INFO] app - 注册 Router [articleinfo]
[2018-01-07T22:34:25.814] [INFO] app - 注册 Router [describe]
[2018-01-07T22:34:25.816] [INFO] app - 注册 Router [index]
[2018-01-07T22:34:25.818] [INFO] app - 注册 Router [server]
[2018-01-07T22:34:27.055] [INFO] app - 正在启动项目 模式: build
[2018-01-07T22:34:27.291] [INFO] app - 连接数据库 [mysql -h 127.0.0.1 -u root -D gdtv_cms]
[2018-01-07T22:34:27.552] [INFO] app - 连接数据库 [sqlite -h gdtvshopr1.mysql.rds.aliyuncs.com -u gdtvroot -D gdtvshop]
[2018-01-07T22:34:27.554] [INFO] app - 连接数据库 [sqlite -h gdtvcmsdb.mysql.rds.aliyuncs.com -u gdtvbalance -D gdtv_balance]
[2018-01-07T22:34:27.556] [INFO] app - 注册 Helper [moment]
[2018-01-07T22:34:27.557] [INFO] app - 注册 Helper [async]
[2018-01-07T22:34:27.570] [INFO] app - 注册 Helper [lodash]
[2018-01-07T22:34:27.575] [INFO] app - 注册 Middleware [heiner_static]
[2018-01-07T22:34:27.575] [INFO] app - 注册 Middleware [heiner_query]
[2018-01-07T22:34:27.575] [INFO] app - 注册 Middleware [heiner_body]
[2018-01-07T22:34:27.576] [INFO] app - 注册 Middleware [heiner_view]
[2018-01-07T22:34:27.621] [INFO] app - 注册 Middleware [heiner_static]
[2018-01-07T22:34:27.628] [INFO] app - 注册 Middleware [heiner_query]
[2018-01-07T22:34:27.682] [INFO] app - 注册 Middleware [heiner_body]
[2018-01-07T22:34:27.725] [INFO] app - 注册 Middleware [heiner_view]
[2018-01-07T22:34:27.729] [INFO] app - 注册 Controller [articleinfo.articleinfo]
[2018-01-07T22:34:27.732] [INFO] app - 注册 Controller [describe.describe]
[2018-01-07T22:34:27.735] [INFO] app - 注册 Controller [home]
[2018-01-07T22:34:27.737] [INFO] app - 注册 Controller [server.server]
[2018-01-07T22:34:27.817] [INFO] app - 注册 Router [articleinfo]
[2018-01-07T22:34:27.821] [INFO] app - 注册 Router [describe]
[2018-01-07T22:34:27.823] [INFO] app - 注册 Router [index]
[2018-01-07T22:34:27.825] [INFO] app - 注册 Router [server]
[2018-01-07T22:34:28.802] [INFO] app - 正在启动项目 模式: build
[2018-01-07T22:34:28.951] [INFO] app - 连接数据库 [mysql -h 127.0.0.1 -u root -D gdtv_cms]
[2018-01-07T22:34:29.139] [INFO] app - 连接数据库 [sqlite -h gdtvshopr1.mysql.rds.aliyuncs.com -u gdtvroot -D gdtvshop]
[2018-01-07T22:34:29.141] [INFO] app - 连接数据库 [sqlite -h gdtvcmsdb.mysql.rds.aliyuncs.com -u gdtvbalance -D gdtv_balance]
[2018-01-07T22:34:29.144] [INFO] app - 注册 Helper [moment]
[2018-01-07T22:34:29.144] [INFO] app - 注册 Helper [async]
[2018-01-07T22:34:29.152] [INFO] app - 注册 Helper [lodash]
[2018-01-07T22:34:29.155] [INFO] app - 注册 Middleware [heiner_static]
[2018-01-07T22:34:29.155] [INFO] app - 注册 Middleware [heiner_query]
[2018-01-07T22:34:29.155] [INFO] app - 注册 Middleware [heiner_body]
[2018-01-07T22:34:29.156] [INFO] app - 注册 Middleware [heiner_view]
[2018-01-07T22:34:29.189] [INFO] app - 注册 Middleware [heiner_static]
[2018-01-07T22:34:29.194] [INFO] app - 注册 Middleware [heiner_query]
[2018-01-07T22:34:29.236] [INFO] app - 注册 Middleware [heiner_body]
[2018-01-07T22:34:29.267] [INFO] app - 注册 Middleware [heiner_view]
[2018-01-07T22:34:29.270] [INFO] app - 注册 Controller [articleinfo.articleinfo]
[2018-01-07T22:34:29.274] [INFO] app - 注册 Controller [describe.describe]
[2018-01-07T22:34:29.280] [INFO] app - 注册 Controller [home]
[2018-01-07T22:34:29.282] [INFO] app - 注册 Controller [server.server]
[2018-01-07T22:34:29.357] [INFO] app - 注册 Router [articleinfo]
[2018-01-07T22:34:29.360] [INFO] app - 注册 Router [describe]
[2018-01-07T22:34:29.361] [INFO] app - 注册 Router [index]
[2018-01-07T22:34:29.362] [INFO] app - 注册 Router [server]
[2018-01-07T22:34:30.459] [INFO] app - 正在启动项目 模式: build
[2018-01-07T22:34:30.734] [INFO] app - 连接数据库 [mysql -h 127.0.0.1 -u root -D gdtv_cms]
[2018-01-07T22:34:31.143] [INFO] app - 连接数据库 [sqlite -h gdtvshopr1.mysql.rds.aliyuncs.com -u gdtvroot -D gdtvshop]
[2018-01-07T22:34:31.146] [INFO] app - 连接数据库 [sqlite -h gdtvcmsdb.mysql.rds.aliyuncs.com -u gdtvbalance -D gdtv_balance]
[2018-01-07T22:34:31.149] [INFO] app - 注册 Helper [moment]
[2018-01-07T22:34:31.149] [INFO] app - 注册 Helper [async]
[2018-01-07T22:34:31.161] [INFO] app - 注册 Helper [lodash]
[2018-01-07T22:34:31.166] [INFO] app - 注册 Middleware [heiner_static]
[2018-01-07T22:34:31.167] [INFO] app - 注册 Middleware [heiner_query]
[2018-01-07T22:34:31.168] [INFO] app - 注册 Middleware [heiner_body]
[2018-01-07T22:34:31.168] [INFO] app - 注册 Middleware [heiner_view]
[2018-01-07T22:34:31.234] [INFO] app - 注册 Middleware [heiner_static]
[2018-01-07T22:34:31.251] [INFO] app - 注册 Middleware [heiner_query]
[2018-01-07T22:34:31.344] [INFO] app - 注册 Middleware [heiner_body]
[2018-01-07T22:34:31.396] [INFO] app - 注册 Middleware [heiner_view]
[2018-01-07T22:34:31.403] [INFO] app - 注册 Controller [articleinfo.articleinfo]
[2018-01-07T22:34:31.409] [INFO] app - 注册 Controller [describe.describe]
[2018-01-07T22:34:31.423] [INFO] app - 注册 Controller [home]
[2018-01-07T22:34:31.430] [INFO] app - 注册 Controller [server.server]
[2018-01-07T22:34:31.562] [INFO] app - 注册 Router [articleinfo]
[2018-01-07T22:34:31.571] [INFO] app - 注册 Router [describe]
[2018-01-07T22:34:31.574] [INFO] app - 注册 Router [index]
[2018-01-07T22:34:31.576] [INFO] app - 注册 Router [server]
[2018-01-07T22:34:32.693] [INFO] app - 正在启动项目 模式: build
[2018-01-07T22:34:33.054] [INFO] app - 连接数据库 [mysql -h 127.0.0.1 -u root -D gdtv_cms]
[2018-01-07T22:34:33.270] [INFO] app - 连接数据库 [sqlite -h gdtvshopr1.mysql.rds.aliyuncs.com -u gdtvroot -D gdtvshop]
[2018-01-07T22:34:33.272] [INFO] app - 连接数据库 [sqlite -h gdtvcmsdb.mysql.rds.aliyuncs.com -u gdtvbalance -D gdtv_balance]
[2018-01-07T22:34:33.275] [INFO] app - 注册 Helper [moment]
[2018-01-07T22:34:33.276] [INFO] app - 注册 Helper [async]
[2018-01-07T22:34:33.286] [INFO] app - 注册 Helper [lodash]
[2018-01-07T22:34:33.291] [INFO] app - 注册 Middleware [heiner_static]
[2018-01-07T22:34:33.291] [INFO] app - 注册 Middleware [heiner_query]
[2018-01-07T22:34:33.292] [INFO] app - 注册 Middleware [heiner_body]
[2018-01-07T22:34:33.292] [INFO] app - 注册 Middleware [heiner_view]
[2018-01-07T22:34:33.334] [INFO] app - 注册 Middleware [heiner_static]
[2018-01-07T22:34:33.340] [INFO] app - 注册 Middleware [heiner_query]
[2018-01-07T22:34:33.386] [INFO] app - 注册 Middleware [heiner_body]
[2018-01-07T22:34:33.427] [INFO] app - 注册 Middleware [heiner_view]
[2018-01-07T22:34:33.430] [INFO] app - 注册 Controller [articleinfo.articleinfo]
[2018-01-07T22:34:33.434] [INFO] app - 注册 Controller [describe.describe]
[2018-01-07T22:34:33.435] [INFO] app - 注册 Controller [home]
[2018-01-07T22:34:33.438] [INFO] app - 注册 Controller [server.server]
[2018-01-07T22:34:33.507] [INFO] app - 注册 Router [articleinfo]
[2018-01-07T22:34:33.510] [INFO] app - 注册 Router [describe]
[2018-01-07T22:34:33.512] [INFO] app - 注册 Router [index]
[2018-01-07T22:34:33.514] [INFO] app - 注册 Router [server]
[2018-01-07T22:34:34.410] [INFO] app - 正在启动项目 模式: build
[2018-01-07T22:34:34.568] [INFO] app - 连接数据库 [mysql -h 127.0.0.1 -u root -D gdtv_cms]
[2018-01-07T22:34:34.746] [INFO] app - 连接数据库 [sqlite -h gdtvshopr1.mysql.rds.aliyuncs.com -u gdtvroot -D gdtvshop]
[2018-01-07T22:34:34.748] [INFO] app - 连接数据库 [sqlite -h gdtvcmsdb.mysql.rds.aliyuncs.com -u gdtvbalance -D gdtv_balance]
[2018-01-07T22:34:34.750] [INFO] app - 注册 Helper [moment]
[2018-01-07T22:34:34.751] [INFO] app - 注册 Helper [async]
[2018-01-07T22:34:34.761] [INFO] app - 注册 Helper [lodash]
[2018-01-07T22:34:34.766] [INFO] app - 注册 Middleware [heiner_static]
[2018-01-07T22:34:34.766] [INFO] app - 注册 Middleware [heiner_query]
[2018-01-07T22:34:34.767] [INFO] app - 注册 Middleware [heiner_body]
[2018-01-07T22:34:34.767] [INFO] app - 注册 Middleware [heiner_view]
[2018-01-07T22:34:34.799] [INFO] app - 注册 Middleware [heiner_static]
[2018-01-07T22:34:34.803] [INFO] app - 注册 Middleware [heiner_query]
[2018-01-07T22:34:34.836] [INFO] app - 注册 Middleware [heiner_body]
[2018-01-07T22:34:34.866] [INFO] app - 注册 Middleware [heiner_view]
[2018-01-07T22:34:34.869] [INFO] app - 注册 Controller [articleinfo.articleinfo]
[2018-01-07T22:34:34.872] [INFO] app - 注册 Controller [describe.describe]
[2018-01-07T22:34:34.874] [INFO] app - 注册 Controller [home]
[2018-01-07T22:34:34.876] [INFO] app - 注册 Controller [server.server]
[2018-01-07T22:34:34.930] [INFO] app - 注册 Router [articleinfo]
[2018-01-07T22:34:34.933] [INFO] app - 注册 Router [describe]
[2018-01-07T22:34:34.934] [INFO] app - 注册 Router [index]
[2018-01-07T22:34:34.935] [INFO] app - 注册 Router [server]
[2018-01-07T22:34:35.875] [INFO] app - 正在启动项目 模式: build
[2018-01-07T22:34:36.025] [INFO] app - 连接数据库 [mysql -h 127.0.0.1 -u root -D gdtv_cms]
[2018-01-07T22:34:36.187] [INFO] app - 连接数据库 [sqlite -h gdtvshopr1.mysql.rds.aliyuncs.com -u gdtvroot -D gdtvshop]
[2018-01-07T22:34:36.189] [INFO] app - 连接数据库 [sqlite -h gdtvcmsdb.mysql.rds.aliyuncs.com -u gdtvbalance -D gdtv_balance]
[2018-01-07T22:34:36.192] [INFO] app - 注册 Helper [moment]
[2018-01-07T22:34:36.192] [INFO] app - 注册 Helper [async]
[2018-01-07T22:34:36.198] [INFO] app - 注册 Helper [lodash]
[2018-01-07T22:34:36.202] [INFO] app - 注册 Middleware [heiner_static]
[2018-01-07T22:34:36.202] [INFO] app - 注册 Middleware [heiner_query]
[2018-01-07T22:34:36.202] [INFO] app - 注册 Middleware [heiner_body]
[2018-01-07T22:34:36.203] [INFO] app - 注册 Middleware [heiner_view]
[2018-01-07T22:34:36.231] [INFO] app - 注册 Middleware [heiner_static]
[2018-01-07T22:34:36.236] [INFO] app - 注册 Middleware [heiner_query]
[2018-01-07T22:34:36.276] [INFO] app - 注册 Middleware [heiner_body]
[2018-01-07T22:34:36.306] [INFO] app - 注册 Middleware [heiner_view]
[2018-01-07T22:34:36.309] [INFO] app - 注册 Controller [articleinfo.articleinfo]
[2018-01-07T22:34:36.311] [INFO] app - 注册 Controller [describe.describe]
[2018-01-07T22:34:36.313] [INFO] app - 注册 Controller [home]
[2018-01-07T22:34:36.315] [INFO] app - 注册 Controller [server.server]
[2018-01-07T22:34:36.372] [INFO] app - 注册 Router [articleinfo]
[2018-01-07T22:34:36.376] [INFO] app - 注册 Router [describe]
[2018-01-07T22:34:36.378] [INFO] app - 注册 Router [index]
[2018-01-07T22:34:36.379] [INFO] app - 注册 Router [server]
[2018-01-07T22:34:37.763] [INFO] app - 正在启动项目 模式: build
[2018-01-07T22:34:37.928] [INFO] app - 连接数据库 [mysql -h 127.0.0.1 -u root -D gdtv_cms]
[2018-01-07T22:34:38.106] [INFO] app - 连接数据库 [sqlite -h gdtvshopr1.mysql.rds.aliyuncs.com -u gdtvroot -D gdtvshop]
[2018-01-07T22:34:38.108] [INFO] app - 连接数据库 [sqlite -h gdtvcmsdb.mysql.rds.aliyuncs.com -u gdtvbalance -D gdtv_balance]
[2018-01-07T22:34:38.110] [INFO] app - 注册 Helper [moment]
[2018-01-07T22:34:38.111] [INFO] app - 注册 Helper [async]
[2018-01-07T22:34:38.117] [INFO] app - 注册 Helper [lodash]
[2018-01-07T22:34:38.121] [INFO] app - 注册 Middleware [heiner_static]
[2018-01-07T22:34:38.121] [INFO] app - 注册 Middleware [heiner_query]
[2018-01-07T22:34:38.121] [INFO] app - 注册 Middleware [heiner_body]
[2018-01-07T22:34:38.122] [INFO] app - 注册 Middleware [heiner_view]
[2018-01-07T22:34:38.151] [INFO] app - 注册 Middleware [heiner_static]
[2018-01-07T22:34:38.155] [INFO] app - 注册 Middleware [heiner_query]
[2018-01-07T22:34:38.190] [INFO] app - 注册 Middleware [heiner_body]
[2018-01-07T22:34:38.215] [INFO] app - 注册 Middleware [heiner_view]
[2018-01-07T22:34:38.217] [INFO] app - 注册 Controller [articleinfo.articleinfo]
[2018-01-07T22:34:38.221] [INFO] app - 注册 Controller [describe.describe]
[2018-01-07T22:34:38.223] [INFO] app - 注册 Controller [home]
[2018-01-07T22:34:38.225] [INFO] app - 注册 Controller [server.server]
[2018-01-07T22:34:38.284] [INFO] app - 注册 Router [articleinfo]
[2018-01-07T22:34:38.287] [INFO] app - 注册 Router [describe]
[2018-01-07T22:34:38.288] [INFO] app - 注册 Router [index]
[2018-01-07T22:34:38.289] [INFO] app - 注册 Router [server]
[2018-01-07T22:34:39.133] [INFO] app - 正在启动项目 模式: build
[2018-01-07T22:34:39.283] [INFO] app - 连接数据库 [mysql -h 127.0.0.1 -u root -D gdtv_cms]
[2018-01-07T22:34:39.461] [INFO] app - 连接数据库 [sqlite -h gdtvshopr1.mysql.rds.aliyuncs.com -u gdtvroot -D gdtvshop]
[2018-01-07T22:34:39.463] [INFO] app - 连接数据库 [sqlite -h gdtvcmsdb.mysql.rds.aliyuncs.com -u gdtvbalance -D gdtv_balance]
[2018-01-07T22:34:39.465] [INFO] app - 注册 Helper [moment]
[2018-01-07T22:34:39.466] [INFO] app - 注册 Helper [async]
[2018-01-07T22:34:39.477] [INFO] app - 注册 Helper [lodash]
[2018-01-07T22:34:39.481] [INFO] app - 注册 Middleware [heiner_static]
[2018-01-07T22:34:39.481] [INFO] app - 注册 Middleware [heiner_query]
[2018-01-07T22:34:39.482] [INFO] app - 注册 Middleware [heiner_body]
[2018-01-07T22:34:39.482] [INFO] app - 注册 Middleware [heiner_view]
[2018-01-07T22:34:39.514] [INFO] app - 注册 Middleware [heiner_static]
[2018-01-07T22:34:39.519] [INFO] app - 注册 Middleware [heiner_query]
[2018-01-07T22:34:39.557] [INFO] app - 注册 Middleware [heiner_body]
[2018-01-07T22:34:39.605] [INFO] app - 注册 Middleware [heiner_view]
[2018-01-07T22:34:39.609] [INFO] app - 注册 Controller [articleinfo.articleinfo]
[2018-01-07T22:34:39.611] [INFO] app - 注册 Controller [describe.describe]
[2018-01-07T22:34:39.613] [INFO] app - 注册 Controller [home]
[2018-01-07T22:34:39.615] [INFO] app - 注册 Controller [server.server]
[2018-01-07T22:34:39.679] [INFO] app - 注册 Router [articleinfo]
[2018-01-07T22:34:39.683] [INFO] app - 注册 Router [describe]
[2018-01-07T22:34:39.684] [INFO] app - 注册 Router [index]
[2018-01-07T22:34:39.687] [INFO] app - 注册 Router [server]
[2018-01-07T22:34:40.576] [INFO] app - 正在启动项目 模式: build
[2018-01-07T22:34:40.734] [INFO] app - 连接数据库 [mysql -h 127.0.0.1 -u root -D gdtv_cms]
[2018-01-07T22:34:40.905] [INFO] app - 连接数据库 [sqlite -h gdtvshopr1.mysql.rds.aliyuncs.com -u gdtvroot -D gdtvshop]
[2018-01-07T22:34:40.906] [INFO] app - 连接数据库 [sqlite -h gdtvcmsdb.mysql.rds.aliyuncs.com -u gdtvbalance -D gdtv_balance]
[2018-01-07T22:34:40.909] [INFO] app - 注册 Helper [moment]
[2018-01-07T22:34:40.909] [INFO] app - 注册 Helper [async]
[2018-01-07T22:34:40.916] [INFO] app - 注册 Helper [lodash]
[2018-01-07T22:34:40.920] [INFO] app - 注册 Middleware [heiner_static]
[2018-01-07T22:34:40.920] [INFO] app - 注册 Middleware [heiner_query]
[2018-01-07T22:34:40.920] [INFO] app - 注册 Middleware [heiner_body]
[2018-01-07T22:34:40.921] [INFO] app - 注册 Middleware [heiner_view]
[2018-01-07T22:34:40.956] [INFO] app - 注册 Middleware [heiner_static]
[2018-01-07T22:34:40.960] [INFO] app - 注册 Middleware [heiner_query]
[2018-01-07T22:34:40.993] [INFO] app - 注册 Middleware [heiner_body]
[2018-01-07T22:34:41.022] [INFO] app - 注册 Middleware [heiner_view]
[2018-01-07T22:34:41.025] [INFO] app - 注册 Controller [articleinfo.articleinfo]
[2018-01-07T22:34:41.027] [INFO] app - 注册 Controller [describe.describe]
[2018-01-07T22:34:41.029] [INFO] app - 注册 Controller [home]
[2018-01-07T22:34:41.031] [INFO] app - 注册 Controller [server.server]
[2018-01-07T22:34:41.089] [INFO] app - 注册 Router [articleinfo]
[2018-01-07T22:34:41.093] [INFO] app - 注册 Router [describe]
[2018-01-07T22:34:41.094] [INFO] app - 注册 Router [index]
[2018-01-07T22:34:41.095] [INFO] app - 注册 Router [server]
[2018-01-07T22:34:42.036] [INFO] app - 正在启动项目 模式: build
[2018-01-07T22:34:42.186] [INFO] app - 连接数据库 [mysql -h 127.0.0.1 -u root -D gdtv_cms]
[2018-01-07T22:34:42.362] [INFO] app - 连接数据库 [sqlite -h gdtvshopr1.mysql.rds.aliyuncs.com -u gdtvroot -D gdtvshop]
[2018-01-07T22:34:42.363] [INFO] app - 连接数据库 [sqlite -h gdtvcmsdb.mysql.rds.aliyuncs.com -u gdtvbalance -D gdtv_balance]
[2018-01-07T22:34:42.366] [INFO] app - 注册 Helper [moment]
[2018-01-07T22:34:42.366] [INFO] app - 注册 Helper [async]
[2018-01-07T22:34:42.372] [INFO] app - 注册 Helper [lodash]
[2018-01-07T22:34:42.376] [INFO] app - 注册 Middleware [heiner_static]
[2018-01-07T22:34:42.376] [INFO] app - 注册 Middleware [heiner_query]
[2018-01-07T22:34:42.376] [INFO] app - 注册 Middleware [heiner_body]
[2018-01-07T22:34:42.377] [INFO] app - 注册 Middleware [heiner_view]
[2018-01-07T22:34:42.405] [INFO] app - 注册 Middleware [heiner_static]
[2018-01-07T22:34:42.409] [INFO] app - 注册 Middleware [heiner_query]
[2018-01-07T22:34:42.448] [INFO] app - 注册 Middleware [heiner_body]
[2018-01-07T22:34:42.476] [INFO] app - 注册 Middleware [heiner_view]
[2018-01-07T22:34:42.479] [INFO] app - 注册 Controller [articleinfo.articleinfo]
[2018-01-07T22:34:42.482] [INFO] app - 注册 Controller [describe.describe]
[2018-01-07T22:34:42.484] [INFO] app - 注册 Controller [home]
[2018-01-07T22:34:42.485] [INFO] app - 注册 Controller [server.server]
[2018-01-07T22:34:42.580] [INFO] app - 注册 Router [articleinfo]
[2018-01-07T22:34:42.584] [INFO] app - 注册 Router [describe]
[2018-01-07T22:34:42.586] [INFO] app - 注册 Router [index]
[2018-01-07T22:34:42.587] [INFO] app - 注册 Router [server]
[2018-01-07T22:34:44.069] [INFO] app - 正在启动项目 模式: build
[2018-01-07T22:34:44.289] [INFO] app - 连接数据库 [mysql -h 127.0.0.1 -u root -D gdtv_cms]
[2018-01-07T22:34:44.502] [INFO] app - 连接数据库 [sqlite -h gdtvshopr1.mysql.rds.aliyuncs.com -u gdtvroot -D gdtvshop]
[2018-01-07T22:34:44.503] [INFO] app - 连接数据库 [sqlite -h gdtvcmsdb.mysql.rds.aliyuncs.com -u gdtvbalance -D gdtv_balance]
[2018-01-07T22:34:44.506] [INFO] app - 注册 Helper [moment]
[2018-01-07T22:34:44.506] [INFO] app - 注册 Helper [async]
[2018-01-07T22:34:44.513] [INFO] app - 注册 Helper [lodash]
[2018-01-07T22:34:44.517] [INFO] app - 注册 Middleware [heiner_static]
[2018-01-07T22:34:44.517] [INFO] app - 注册 Middleware [heiner_query]
[2018-01-07T22:34:44.517] [INFO] app - 注册 Middleware [heiner_body]
[2018-01-07T22:34:44.518] [INFO] app - 注册 Middleware [heiner_view]
[2018-01-07T22:34:44.553] [INFO] app - 注册 Middleware [heiner_static]
[2018-01-07T22:34:44.565] [INFO] app - 注册 Middleware [heiner_query]
[2018-01-07T22:34:44.598] [INFO] app - 注册 Middleware [heiner_body]
[2018-01-07T22:34:44.628] [INFO] app - 注册 Middleware [heiner_view]
[2018-01-07T22:34:44.631] [INFO] app - 注册 Controller [articleinfo.articleinfo]
[2018-01-07T22:34:44.633] [INFO] app - 注册 Controller [describe.describe]
[2018-01-07T22:34:44.635] [INFO] app - 注册 Controller [home]
[2018-01-07T22:34:44.637] [INFO] app - 注册 Controller [server.server]
[2018-01-07T22:34:44.691] [INFO] app - 注册 Router [articleinfo]
[2018-01-07T22:34:44.694] [INFO] app - 注册 Router [describe]
[2018-01-07T22:34:44.695] [INFO] app - 注册 Router [index]
[2018-01-07T22:34:44.696] [INFO] app - 注册 Router [server]
[2018-01-07T22:34:45.561] [INFO] app - 正在启动项目 模式: build
[2018-01-07T22:34:45.721] [INFO] app - 连接数据库 [mysql -h 127.0.0.1 -u root -D gdtv_cms]
[2018-01-07T22:34:45.884] [INFO] app - 连接数据库 [sqlite -h gdtvshopr1.mysql.rds.aliyuncs.com -u gdtvroot -D gdtvshop]
[2018-01-07T22:34:45.886] [INFO] app - 连接数据库 [sqlite -h gdtvcmsdb.mysql.rds.aliyuncs.com -u gdtvbalance -D gdtv_balance]
[2018-01-07T22:34:45.889] [INFO] app - 注册 Helper [moment]
[2018-01-07T22:34:45.890] [INFO] app - 注册 Helper [async]
[2018-01-07T22:34:45.896] [INFO] app - 注册 Helper [lodash]
[2018-01-07T22:34:45.899] [INFO] app - 注册 Middleware [heiner_static]
[2018-01-07T22:34:45.900] [INFO] app - 注册 Middleware [heiner_query]
[2018-01-07T22:34:45.900] [INFO] app - 注册 Middleware [heiner_body]
[2018-01-07T22:34:45.900] [INFO] app - 注册 Middleware [heiner_view]
[2018-01-07T22:34:45.932] [INFO] app - 注册 Middleware [heiner_static]
[2018-01-07T22:34:45.937] [INFO] app - 注册 Middleware [heiner_query]
[2018-01-07T22:34:45.970] [INFO] app - 注册 Middleware [heiner_body]
[2018-01-07T22:34:46.004] [INFO] app - 注册 Middleware [heiner_view]
[2018-01-07T22:34:46.006] [INFO] app - 注册 Controller [articleinfo.articleinfo]
[2018-01-07T22:34:46.009] [INFO] app - 注册 Controller [describe.describe]
[2018-01-07T22:34:46.015] [INFO] app - 注册 Controller [home]
[2018-01-07T22:34:46.017] [INFO] app - 注册 Controller [server.server]
[2018-01-07T22:34:46.071] [INFO] app - 注册 Router [articleinfo]
[2018-01-07T22:34:46.075] [INFO] app - 注册 Router [describe]
[2018-01-07T22:34:46.076] [INFO] app - 注册 Router [index]
[2018-01-07T22:34:46.077] [INFO] app - 注册 Router [server]
[2018-01-07T22:34:47.020] [INFO] app - 正在启动项目 模式: build
[2018-01-07T22:34:47.179] [INFO] app - 连接数据库 [mysql -h 127.0.0.1 -u root -D gdtv_cms]
[2018-01-07T22:34:47.370] [INFO] app - 连接数据库 [sqlite -h gdtvshopr1.mysql.rds.aliyuncs.com -u gdtvroot -D gdtvshop]
[2018-01-07T22:34:47.373] [INFO] app - 连接数据库 [sqlite -h gdtvcmsdb.mysql.rds.aliyuncs.com -u gdtvbalance -D gdtv_balance]
[2018-01-07T22:34:47.375] [INFO] app - 注册 Helper [moment]
[2018-01-07T22:34:47.376] [INFO] app - 注册 Helper [async]
[2018-01-07T22:34:47.383] [INFO] app - 注册 Helper [lodash]
[2018-01-07T22:34:47.387] [INFO] app - 注册 Middleware [heiner_static]
[2018-01-07T22:34:47.387] [INFO] app - 注册 Middleware [heiner_query]
[2018-01-07T22:34:47.388] [INFO] app - 注册 Middleware [heiner_body]
[2018-01-07T22:34:47.388] [INFO] app - 注册 Middleware [heiner_view]
[2018-01-07T22:34:47.428] [INFO] app - 注册 Middleware [heiner_static]
[2018-01-07T22:34:47.432] [INFO] app - 注册 Middleware [heiner_query]
[2018-01-07T22:34:47.467] [INFO] app - 注册 Middleware [heiner_body]
[2018-01-07T22:34:47.497] [INFO] app - 注册 Middleware [heiner_view]
[2018-01-07T22:34:47.500] [INFO] app - 注册 Controller [articleinfo.articleinfo]
[2018-01-07T22:34:47.502] [INFO] app - 注册 Controller [describe.describe]
[2018-01-07T22:34:47.505] [INFO] app - 注册 Controller [home]
[2018-01-07T22:34:47.506] [INFO] app - 注册 Controller [server.server]
[2018-01-07T22:34:47.567] [INFO] app - 注册 Router [articleinfo]
[2018-01-07T22:34:47.571] [INFO] app - 注册 Router [describe]
[2018-01-07T22:34:47.573] [INFO] app - 注册 Router [index]
[2018-01-07T22:34:47.574] [INFO] app - 注册 Router [server]
[2018-01-07T22:34:48.490] [INFO] app - 正在启动项目 模式: build
[2018-01-07T22:34:48.693] [INFO] app - 连接数据库 [mysql -h 127.0.0.1 -u root -D gdtv_cms]
[2018-01-07T22:34:49.007] [INFO] app - 连接数据库 [sqlite -h gdtvshopr1.mysql.rds.aliyuncs.com -u gdtvroot -D gdtvshop]
[2018-01-07T22:34:49.011] [INFO] app - 连接数据库 [sqlite -h gdtvcmsdb.mysql.rds.aliyuncs.com -u gdtvbalance -D gdtv_balance]
[2018-01-07T22:34:49.014] [INFO] app - 注册 Helper [moment]
[2018-01-07T22:34:49.015] [INFO] app - 注册 Helper [async]
[2018-01-07T22:34:49.025] [INFO] app - 注册 Helper [lodash]
[2018-01-07T22:34:49.029] [INFO] app - 注册 Middleware [heiner_static]
[2018-01-07T22:34:49.029] [INFO] app - 注册 Middleware [heiner_query]
[2018-01-07T22:34:49.030] [INFO] app - 注册 Middleware [heiner_body]
[2018-01-07T22:34:49.030] [INFO] app - 注册 Middleware [heiner_view]
[2018-01-07T22:34:49.087] [INFO] app - 注册 Middleware [heiner_static]
[2018-01-07T22:34:49.095] [INFO] app - 注册 Middleware [heiner_query]
[2018-01-07T22:34:49.153] [INFO] app - 注册 Middleware [heiner_body]
[2018-01-07T22:34:49.207] [INFO] app - 注册 Middleware [heiner_view]
[2018-01-07T22:34:49.220] [INFO] app - 注册 Controller [articleinfo.articleinfo]
[2018-01-07T22:34:49.225] [INFO] app - 注册 Controller [describe.describe]
[2018-01-07T22:34:49.239] [INFO] app - 注册 Controller [home]
[2018-01-07T22:34:49.245] [INFO] app - 注册 Controller [server.server]
[2018-01-07T22:34:49.353] [INFO] app - 注册 Router [articleinfo]
[2018-01-07T22:34:49.357] [INFO] app - 注册 Router [describe]
[2018-01-07T22:34:49.359] [INFO] app - 注册 Router [index]
[2018-01-07T22:34:49.361] [INFO] app - 注册 Router [server]
[2018-01-07T22:34:50.377] [INFO] app - 正在启动项目 模式: build
[2018-01-07T22:34:50.580] [INFO] app - 连接数据库 [mysql -h 127.0.0.1 -u root -D gdtv_cms]
[2018-01-07T22:34:50.782] [INFO] app - 连接数据库 [sqlite -h gdtvshopr1.mysql.rds.aliyuncs.com -u gdtvroot -D gdtvshop]
[2018-01-07T22:34:50.785] [INFO] app - 连接数据库 [sqlite -h gdtvcmsdb.mysql.rds.aliyuncs.com -u gdtvbalance -D gdtv_balance]
[2018-01-07T22:34:50.788] [INFO] app - 注册 Helper [moment]
[2018-01-07T22:34:50.789] [INFO] app - 注册 Helper [async]
[2018-01-07T22:34:50.796] [INFO] app - 注册 Helper [lodash]
[2018-01-07T22:34:50.801] [INFO] app - 注册 Middleware [heiner_static]
[2018-01-07T22:34:50.801] [INFO] app - 注册 Middleware [heiner_query]
[2018-01-07T22:34:50.801] [INFO] app - 注册 Middleware [heiner_body]
[2018-01-07T22:34:50.801] [INFO] app - 注册 Middleware [heiner_view]
[2018-01-07T22:34:50.835] [INFO] app - 注册 Middleware [heiner_static]
[2018-01-07T22:34:50.841] [INFO] app - 注册 Middleware [heiner_query]
[2018-01-07T22:34:50.880] [INFO] app - 注册 Middleware [heiner_body]
[2018-01-07T22:34:50.913] [INFO] app - 注册 Middleware [heiner_view]
[2018-01-07T22:34:50.916] [INFO] app - 注册 Controller [articleinfo.articleinfo]
[2018-01-07T22:34:50.919] [INFO] app - 注册 Controller [describe.describe]
[2018-01-07T22:34:50.922] [INFO] app - 注册 Controller [home]
[2018-01-07T22:34:50.924] [INFO] app - 注册 Controller [server.server]
[2018-01-07T22:34:50.980] [INFO] app - 注册 Router [articleinfo]
[2018-01-07T22:34:50.983] [INFO] app - 注册 Router [describe]
[2018-01-07T22:34:50.985] [INFO] app - 注册 Router [index]
[2018-01-07T22:34:50.986] [INFO] app - 注册 Router [server]
[2018-01-07T22:34:51.956] [INFO] app - 正在启动项目 模式: build
[2018-01-07T22:34:52.149] [INFO] app - 连接数据库 [mysql -h 127.0.0.1 -u root -D gdtv_cms]
[2018-01-07T22:34:52.373] [INFO] app - 连接数据库 [sqlite -h gdtvshopr1.mysql.rds.aliyuncs.com -u gdtvroot -D gdtvshop]
[2018-01-07T22:34:52.377] [INFO] app - 连接数据库 [sqlite -h gdtvcmsdb.mysql.rds.aliyuncs.com -u gdtvbalance -D gdtv_balance]
[2018-01-07T22:34:52.380] [INFO] app - 注册 Helper [moment]
[2018-01-07T22:34:52.381] [INFO] app - 注册 Helper [async]
[2018-01-07T22:34:52.388] [INFO] app - 注册 Helper [lodash]
[2018-01-07T22:34:52.392] [INFO] app - 注册 Middleware [heiner_static]
[2018-01-07T22:34:52.393] [INFO] app - 注册 Middleware [heiner_query]
[2018-01-07T22:34:52.393] [INFO] app - 注册 Middleware [heiner_body]
[2018-01-07T22:34:52.393] [INFO] app - 注册 Middleware [heiner_view]
[2018-01-07T22:34:52.435] [INFO] app - 注册 Middleware [heiner_static]
[2018-01-07T22:34:52.441] [INFO] app - 注册 Middleware [heiner_query]
[2018-01-07T22:34:52.488] [INFO] app - 注册 Middleware [heiner_body]
[2018-01-07T22:34:52.523] [INFO] app - 注册 Middleware [heiner_view]
[2018-01-07T22:34:52.525] [INFO] app - 注册 Controller [articleinfo.articleinfo]
[2018-01-07T22:34:52.528] [INFO] app - 注册 Controller [describe.describe]
[2018-01-07T22:34:52.532] [INFO] app - 注册 Controller [home]
[2018-01-07T22:34:52.534] [INFO] app - 注册 Controller [server.server]
[2018-01-07T22:34:52.620] [INFO] app - 注册 Router [articleinfo]
[2018-01-07T22:34:52.624] [INFO] app - 注册 Router [describe]
[2018-01-07T22:34:52.626] [INFO] app - 注册 Router [index]
[2018-01-07T22:34:52.627] [INFO] app - 注册 Router [server]
[2018-01-07T22:34:53.611] [INFO] app - 正在启动项目 模式: build
[2018-01-07T22:34:53.815] [INFO] app - 连接数据库 [mysql -h 127.0.0.1 -u root -D gdtv_cms]
[2018-01-07T22:34:54.063] [INFO] app - 连接数据库 [sqlite -h gdtvshopr1.mysql.rds.aliyuncs.com -u gdtvroot -D gdtvshop]
[2018-01-07T22:34:54.068] [INFO] app - 连接数据库 [sqlite -h gdtvcmsdb.mysql.rds.aliyuncs.com -u gdtvbalance -D gdtv_balance]
[2018-01-07T22:34:54.070] [INFO] app - 注册 Helper [moment]
[2018-01-07T22:34:54.071] [INFO] app - 注册 Helper [async]
[2018-01-07T22:34:54.078] [INFO] app - 注册 Helper [lodash]
[2018-01-07T22:34:54.083] [INFO] app - 注册 Middleware [heiner_static]
[2018-01-07T22:34:54.084] [INFO] app - 注册 Middleware [heiner_query]
[2018-01-07T22:34:54.084] [INFO] app - 注册 Middleware [heiner_body]
[2018-01-07T22:34:54.084] [INFO] app - 注册 Middleware [heiner_view]
[2018-01-07T22:34:54.127] [INFO] app - 注册 Middleware [heiner_static]
[2018-01-07T22:34:54.133] [INFO] app - 注册 Middleware [heiner_query]
[2018-01-07T22:34:54.170] [INFO] app - 注册 Middleware [heiner_body]
[2018-01-07T22:34:54.206] [INFO] app - 注册 Middleware [heiner_view]
[2018-01-07T22:34:54.208] [INFO] app - 注册 Controller [articleinfo.articleinfo]
[2018-01-07T22:34:54.212] [INFO] app - 注册 Controller [describe.describe]
[2018-01-07T22:34:54.214] [INFO] app - 注册 Controller [home]
[2018-01-07T22:34:54.215] [INFO] app - 注册 Controller [server.server]
[2018-01-07T22:34:54.297] [INFO] app - 注册 Router [articleinfo]
[2018-01-07T22:34:54.301] [INFO] app - 注册 Router [describe]
[2018-01-07T22:34:54.303] [INFO] app - 注册 Router [index]
[2018-01-07T22:34:54.304] [INFO] app - 注册 Router [server]
[2018-01-07T22:34:55.731] [INFO] app - 正在启动项目 模式: build
[2018-01-07T22:34:55.908] [INFO] app - 连接数据库 [mysql -h 127.0.0.1 -u root -D gdtv_cms]
[2018-01-07T22:34:56.095] [INFO] app - 连接数据库 [sqlite -h gdtvshopr1.mysql.rds.aliyuncs.com -u gdtvroot -D gdtvshop]
[2018-01-07T22:34:56.097] [INFO] app - 连接数据库 [sqlite -h gdtvcmsdb.mysql.rds.aliyuncs.com -u gdtvbalance -D gdtv_balance]
[2018-01-07T22:34:56.099] [INFO] app - 注册 Helper [moment]
[2018-01-07T22:34:56.100] [INFO] app - 注册 Helper [async]
[2018-01-07T22:34:56.107] [INFO] app - 注册 Helper [lodash]
[2018-01-07T22:34:56.110] [INFO] app - 注册 Middleware [heiner_static]
[2018-01-07T22:34:56.111] [INFO] app - 注册 Middleware [heiner_query]
[2018-01-07T22:34:56.111] [INFO] app - 注册 Middleware [heiner_body]
[2018-01-07T22:34:56.111] [INFO] app - 注册 Middleware [heiner_view]
[2018-01-07T22:34:56.141] [INFO] app - 注册 Middleware [heiner_static]
[2018-01-07T22:34:56.145] [INFO] app - 注册 Middleware [heiner_query]
[2018-01-07T22:34:56.179] [INFO] app - 注册 Middleware [heiner_body]
[2018-01-07T22:34:56.214] [INFO] app - 注册 Middleware [heiner_view]
[2018-01-07T22:34:56.217] [INFO] app - 注册 Controller [articleinfo.articleinfo]
[2018-01-07T22:34:56.220] [INFO] app - 注册 Controller [describe.describe]
[2018-01-07T22:34:56.221] [INFO] app - 注册 Controller [home]
[2018-01-07T22:34:56.223] [INFO] app - 注册 Controller [server.server]
[2018-01-07T22:34:56.276] [INFO] app - 注册 Router [articleinfo]
[2018-01-07T22:34:56.279] [INFO] app - 注册 Router [describe]
[2018-01-07T22:34:56.281] [INFO] app - 注册 Router [index]
[2018-01-07T22:34:56.282] [INFO] app - 注册 Router [server]
[2018-01-07T22:34:57.208] [INFO] app - 正在启动项目 模式: build
[2018-01-07T22:34:57.363] [INFO] app - 连接数据库 [mysql -h 127.0.0.1 -u root -D gdtv_cms]
[2018-01-07T22:34:57.558] [INFO] app - 连接数据库 [sqlite -h gdtvshopr1.mysql.rds.aliyuncs.com -u gdtvroot -D gdtvshop]
[2018-01-07T22:34:57.560] [INFO] app - 连接数据库 [sqlite -h gdtvcmsdb.mysql.rds.aliyuncs.com -u gdtvbalance -D gdtv_balance]
[2018-01-07T22:34:57.563] [INFO] app - 注册 Helper [moment]
[2018-01-07T22:34:57.563] [INFO] app - 注册 Helper [async]
[2018-01-07T22:34:57.575] [INFO] app - 注册 Helper [lodash]
[2018-01-07T22:34:57.578] [INFO] app - 注册 Middleware [heiner_static]
[2018-01-07T22:34:57.579] [INFO] app - 注册 Middleware [heiner_query]
[2018-01-07T22:34:57.579] [INFO] app - 注册 Middleware [heiner_body]
[2018-01-07T22:34:57.579] [INFO] app - 注册 Middleware [heiner_view]
[2018-01-07T22:34:57.615] [INFO] app - 注册 Middleware [heiner_static]
[2018-01-07T22:34:57.620] [INFO] app - 注册 Middleware [heiner_query]
[2018-01-07T22:34:57.659] [INFO] app - 注册 Middleware [heiner_body]
[2018-01-07T22:34:57.686] [INFO] app - 注册 Middleware [heiner_view]
[2018-01-07T22:34:57.688] [INFO] app - 注册 Controller [articleinfo.articleinfo]
[2018-01-07T22:34:57.692] [INFO] app - 注册 Controller [describe.describe]
[2018-01-07T22:34:57.694] [INFO] app - 注册 Controller [home]
[2018-01-07T22:34:57.695] [INFO] app - 注册 Controller [server.server]
[2018-01-07T22:34:57.762] [INFO] app - 注册 Router [articleinfo]
[2018-01-07T22:34:57.764] [INFO] app - 注册 Router [describe]
[2018-01-07T22:34:57.766] [INFO] app - 注册 Router [index]
[2018-01-07T22:34:57.767] [INFO] app - 注册 Router [server]
[2018-01-07T22:34:58.682] [INFO] app - 正在启动项目 模式: build
[2018-01-07T22:34:58.872] [INFO] app - 连接数据库 [mysql -h 127.0.0.1 -u root -D gdtv_cms]
[2018-01-07T22:34:59.075] [INFO] app - 连接数据库 [sqlite -h gdtvshopr1.mysql.rds.aliyuncs.com -u gdtvroot -D gdtvshop]
[2018-01-07T22:34:59.078] [INFO] app - 连接数据库 [sqlite -h gdtvcmsdb.mysql.rds.aliyuncs.com -u gdtvbalance -D gdtv_balance]
[2018-01-07T22:34:59.080] [INFO] app - 注册 Helper [moment]
[2018-01-07T22:34:59.081] [INFO] app - 注册 Helper [async]
[2018-01-07T22:34:59.087] [INFO] app - 注册 Helper [lodash]
[2018-01-07T22:34:59.091] [INFO] app - 注册 Middleware [heiner_static]
[2018-01-07T22:34:59.091] [INFO] app - 注册 Middleware [heiner_query]
[2018-01-07T22:34:59.091] [INFO] app - 注册 Middleware [heiner_body]
[2018-01-07T22:34:59.091] [INFO] app - 注册 Middleware [heiner_view]
[2018-01-07T22:34:59.125] [INFO] app - 注册 Middleware [heiner_static]
[2018-01-07T22:34:59.131] [INFO] app - 注册 Middleware [heiner_query]
[2018-01-07T22:34:59.172] [INFO] app - 注册 Middleware [heiner_body]
[2018-01-07T22:34:59.205] [INFO] app - 注册 Middleware [heiner_view]
[2018-01-07T22:34:59.208] [INFO] app - 注册 Controller [articleinfo.articleinfo]
[2018-01-07T22:34:59.212] [INFO] app - 注册 Controller [describe.describe]
[2018-01-07T22:34:59.214] [INFO] app - 注册 Controller [home]
[2018-01-07T22:34:59.217] [INFO] app - 注册 Controller [server.server]
[2018-01-07T22:34:59.283] [INFO] app - 注册 Router [articleinfo]
[2018-01-07T22:34:59.286] [INFO] app - 注册 Router [describe]
[2018-01-07T22:34:59.287] [INFO] app - 注册 Router [index]
[2018-01-07T22:34:59.288] [INFO] app - 注册 Router [server]
