[2018-01-07T22:37:00.965] [INFO] app - 正在启动项目 模式: build
[2018-01-07T22:37:01.131] [INFO] app - 连接数据库 [mysql -h 127.0.0.1 -u root -D gdtv_cms]
[2018-01-07T22:37:01.298] [INFO] app - 连接数据库 [sqlite -h gdtvshopr1.mysql.rds.aliyuncs.com -u gdtvroot -D gdtvshop]
[2018-01-07T22:37:01.301] [INFO] app - 连接数据库 [sqlite -h gdtvcmsdb.mysql.rds.aliyuncs.com -u gdtvbalance -D gdtv_balance]
[2018-01-07T22:37:01.304] [INFO] app - 注册 Helper [moment]
[2018-01-07T22:37:01.304] [INFO] app - 注册 Helper [async]
[2018-01-07T22:37:01.311] [INFO] app - 注册 Helper [lodash]
[2018-01-07T22:37:01.315] [INFO] app - 注册 Middleware [heiner_static]
[2018-01-07T22:37:01.315] [INFO] app - 注册 Middleware [heiner_query]
[2018-01-07T22:37:01.315] [INFO] app - 注册 Middleware [heiner_body]
[2018-01-07T22:37:01.316] [INFO] app - 注册 Middleware [heiner_view]
[2018-01-07T22:37:01.346] [INFO] app - 注册 Middleware [heiner_static]
[2018-01-07T22:37:01.351] [INFO] app - 注册 Middleware [heiner_query]
[2018-01-07T22:37:01.383] [INFO] app - 注册 Middleware [heiner_body]
[2018-01-07T22:37:01.412] [INFO] app - 注册 Middleware [heiner_view]
[2018-01-07T22:37:01.414] [INFO] app - 注册 Controller [articleinfo.articleinfo]
[2018-01-07T22:37:01.417] [INFO] app - 注册 Controller [describe.describe]
[2018-01-07T22:37:01.419] [INFO] app - 注册 Controller [home]
[2018-01-07T22:37:01.421] [INFO] app - 注册 Controller [server.server]
[2018-01-07T22:37:01.478] [INFO] app - 注册 Router [articleinfo]
[2018-01-07T22:37:01.481] [INFO] app - 注册 Router [describe]
[2018-01-07T22:37:01.482] [INFO] app - 注册 Router [index]
[2018-01-07T22:37:01.484] [INFO] app - 注册 Router [server]
[2018-01-07T22:37:02.404] [INFO] app - 正在启动项目 模式: build
[2018-01-07T22:37:02.579] [INFO] app - 连接数据库 [mysql -h 127.0.0.1 -u root -D gdtv_cms]
[2018-01-07T22:37:02.783] [INFO] app - 连接数据库 [sqlite -h gdtvshopr1.mysql.rds.aliyuncs.com -u gdtvroot -D gdtvshop]
[2018-01-07T22:37:02.786] [INFO] app - 连接数据库 [sqlite -h gdtvcmsdb.mysql.rds.aliyuncs.com -u gdtvbalance -D gdtv_balance]
[2018-01-07T22:37:02.789] [INFO] app - 注册 Helper [moment]
[2018-01-07T22:37:02.790] [INFO] app - 注册 Helper [async]
[2018-01-07T22:37:02.797] [INFO] app - 注册 Helper [lodash]
[2018-01-07T22:37:02.801] [INFO] app - 注册 Middleware [heiner_static]
[2018-01-07T22:37:02.801] [INFO] app - 注册 Middleware [heiner_query]
[2018-01-07T22:37:02.801] [INFO] app - 注册 Middleware [heiner_body]
[2018-01-07T22:37:02.801] [INFO] app - 注册 Middleware [heiner_view]
[2018-01-07T22:37:02.834] [INFO] app - 注册 Middleware [heiner_static]
[2018-01-07T22:37:02.840] [INFO] app - 注册 Middleware [heiner_query]
[2018-01-07T22:37:02.883] [INFO] app - 注册 Middleware [heiner_body]
[2018-01-07T22:37:02.915] [INFO] app - 注册 Middleware [heiner_view]
[2018-01-07T22:37:02.918] [INFO] app - 注册 Controller [articleinfo.articleinfo]
[2018-01-07T22:37:02.922] [INFO] app - 注册 Controller [describe.describe]
[2018-01-07T22:37:02.924] [INFO] app - 注册 Controller [home]
[2018-01-07T22:37:02.926] [INFO] app - 注册 Controller [server.server]
[2018-01-07T22:37:02.994] [INFO] app - 注册 Router [articleinfo]
[2018-01-07T22:37:02.998] [INFO] app - 注册 Router [describe]
[2018-01-07T22:37:02.999] [INFO] app - 注册 Router [index]
[2018-01-07T22:37:03.000] [INFO] app - 注册 Router [server]
[2018-01-07T22:37:04.022] [INFO] app - 正在启动项目 模式: build
[2018-01-07T22:37:04.286] [INFO] app - 连接数据库 [mysql -h 127.0.0.1 -u root -D gdtv_cms]
[2018-01-07T22:37:04.645] [INFO] app - 连接数据库 [sqlite -h gdtvshopr1.mysql.rds.aliyuncs.com -u gdtvroot -D gdtvshop]
[2018-01-07T22:37:04.647] [INFO] app - 连接数据库 [sqlite -h gdtvcmsdb.mysql.rds.aliyuncs.com -u gdtvbalance -D gdtv_balance]
[2018-01-07T22:37:04.649] [INFO] app - 注册 Helper [moment]
[2018-01-07T22:37:04.650] [INFO] app - 注册 Helper [async]
[2018-01-07T22:37:04.660] [INFO] app - 注册 Helper [lodash]
[2018-01-07T22:37:04.665] [INFO] app - 注册 Middleware [heiner_static]
[2018-01-07T22:37:04.666] [INFO] app - 注册 Middleware [heiner_query]
[2018-01-07T22:37:04.666] [INFO] app - 注册 Middleware [heiner_body]
[2018-01-07T22:37:04.667] [INFO] app - 注册 Middleware [heiner_view]
[2018-01-07T22:37:04.715] [INFO] app - 注册 Middleware [heiner_static]
[2018-01-07T22:37:04.722] [INFO] app - 注册 Middleware [heiner_query]
[2018-01-07T22:37:04.767] [INFO] app - 注册 Middleware [heiner_body]
[2018-01-07T22:37:04.804] [INFO] app - 注册 Middleware [heiner_view]
[2018-01-07T22:37:04.808] [INFO] app - 注册 Controller [articleinfo.articleinfo]
[2018-01-07T22:37:04.813] [INFO] app - 注册 Controller [describe.describe]
[2018-01-07T22:37:04.815] [INFO] app - 注册 Controller [home]
[2018-01-07T22:37:04.817] [INFO] app - 注册 Controller [server.server]
[2018-01-07T22:37:04.891] [INFO] app - 注册 Router [articleinfo]
[2018-01-07T22:37:04.894] [INFO] app - 注册 Router [describe]
[2018-01-07T22:37:04.896] [INFO] app - 注册 Router [index]
[2018-01-07T22:37:04.897] [INFO] app - 注册 Router [server]
[2018-01-07T22:37:05.842] [INFO] app - 正在启动项目 模式: build
[2018-01-07T22:37:06.002] [INFO] app - 连接数据库 [mysql -h 127.0.0.1 -u root -D gdtv_cms]
[2018-01-07T22:37:06.191] [INFO] app - 连接数据库 [sqlite -h gdtvshopr1.mysql.rds.aliyuncs.com -u gdtvroot -D gdtvshop]
[2018-01-07T22:37:06.193] [INFO] app - 连接数据库 [sqlite -h gdtvcmsdb.mysql.rds.aliyuncs.com -u gdtvbalance -D gdtv_balance]
[2018-01-07T22:37:06.195] [INFO] app - 注册 Helper [moment]
[2018-01-07T22:37:06.196] [INFO] app - 注册 Helper [async]
[2018-01-07T22:37:06.205] [INFO] app - 注册 Helper [lodash]
[2018-01-07T22:37:06.210] [INFO] app - 注册 Middleware [heiner_static]
[2018-01-07T22:37:06.210] [INFO] app - 注册 Middleware [heiner_query]
[2018-01-07T22:37:06.210] [INFO] app - 注册 Middleware [heiner_body]
[2018-01-07T22:37:06.210] [INFO] app - 注册 Middleware [heiner_view]
[2018-01-07T22:37:06.245] [INFO] app - 注册 Middleware [heiner_static]
[2018-01-07T22:37:06.251] [INFO] app - 注册 Middleware [heiner_query]
[2018-01-07T22:37:06.290] [INFO] app - 注册 Middleware [heiner_body]
[2018-01-07T22:37:06.321] [INFO] app - 注册 Middleware [heiner_view]
[2018-01-07T22:37:06.324] [INFO] app - 注册 Controller [articleinfo.articleinfo]
[2018-01-07T22:37:06.327] [INFO] app - 注册 Controller [describe.describe]
[2018-01-07T22:37:06.329] [INFO] app - 注册 Controller [home]
[2018-01-07T22:37:06.331] [INFO] app - 注册 Controller [server.server]
[2018-01-07T22:37:06.395] [INFO] app - 注册 Router [articleinfo]
[2018-01-07T22:37:06.398] [INFO] app - 注册 Router [describe]
[2018-01-07T22:37:06.399] [INFO] app - 注册 Router [index]
[2018-01-07T22:37:06.400] [INFO] app - 注册 Router [server]
[2018-01-07T22:37:07.378] [INFO] app - 正在启动项目 模式: build
[2018-01-07T22:37:07.536] [INFO] app - 连接数据库 [mysql -h 127.0.0.1 -u root -D gdtv_cms]
[2018-01-07T22:37:07.750] [INFO] app - 连接数据库 [sqlite -h gdtvshopr1.mysql.rds.aliyuncs.com -u gdtvroot -D gdtvshop]
[2018-01-07T22:37:07.753] [INFO] app - 连接数据库 [sqlite -h gdtvcmsdb.mysql.rds.aliyuncs.com -u gdtvbalance -D gdtv_balance]
[2018-01-07T22:37:07.755] [INFO] app - 注册 Helper [moment]
[2018-01-07T22:37:07.756] [INFO] app - 注册 Helper [async]
[2018-01-07T22:37:07.765] [INFO] app - 注册 Helper [lodash]
[2018-01-07T22:37:07.769] [INFO] app - 注册 Middleware [heiner_static]
[2018-01-07T22:37:07.769] [INFO] app - 注册 Middleware [heiner_query]
[2018-01-07T22:37:07.769] [INFO] app - 注册 Middleware [heiner_body]
[2018-01-07T22:37:07.770] [INFO] app - 注册 Middleware [heiner_view]
[2018-01-07T22:37:07.801] [INFO] app - 注册 Middleware [heiner_static]
[2018-01-07T22:37:07.805] [INFO] app - 注册 Middleware [heiner_query]
[2018-01-07T22:37:07.845] [INFO] app - 注册 Middleware [heiner_body]
[2018-01-07T22:37:07.872] [INFO] app - 注册 Middleware [heiner_view]
[2018-01-07T22:37:07.874] [INFO] app - 注册 Controller [articleinfo.articleinfo]
[2018-01-07T22:37:07.877] [INFO] app - 注册 Controller [describe.describe]
[2018-01-07T22:37:07.879] [INFO] app - 注册 Controller [home]
[2018-01-07T22:37:07.880] [INFO] app - 注册 Controller [server.server]
[2018-01-07T22:37:07.944] [INFO] app - 注册 Router [articleinfo]
[2018-01-07T22:37:07.947] [INFO] app - 注册 Router [describe]
[2018-01-07T22:37:07.948] [INFO] app - 注册 Router [index]
[2018-01-07T22:37:07.949] [INFO] app - 注册 Router [server]
[2018-01-07T22:37:08.867] [INFO] app - 正在启动项目 模式: build
[2018-01-07T22:37:09.046] [INFO] app - 连接数据库 [mysql -h 127.0.0.1 -u root -D gdtv_cms]
[2018-01-07T22:37:09.280] [INFO] app - 连接数据库 [sqlite -h gdtvshopr1.mysql.rds.aliyuncs.com -u gdtvroot -D gdtvshop]
[2018-01-07T22:37:09.282] [INFO] app - 连接数据库 [sqlite -h gdtvcmsdb.mysql.rds.aliyuncs.com -u gdtvbalance -D gdtv_balance]
[2018-01-07T22:37:09.285] [INFO] app - 注册 Helper [moment]
[2018-01-07T22:37:09.285] [INFO] app - 注册 Helper [async]
[2018-01-07T22:37:09.293] [INFO] app - 注册 Helper [lodash]
[2018-01-07T22:37:09.297] [INFO] app - 注册 Middleware [heiner_static]
[2018-01-07T22:37:09.298] [INFO] app - 注册 Middleware [heiner_query]
[2018-01-07T22:37:09.298] [INFO] app - 注册 Middleware [heiner_body]
[2018-01-07T22:37:09.298] [INFO] app - 注册 Middleware [heiner_view]
[2018-01-07T22:37:09.333] [INFO] app - 注册 Middleware [heiner_static]
[2018-01-07T22:37:09.337] [INFO] app - 注册 Middleware [heiner_query]
[2018-01-07T22:37:09.378] [INFO] app - 注册 Middleware [heiner_body]
[2018-01-07T22:37:09.413] [INFO] app - 注册 Middleware [heiner_view]
[2018-01-07T22:37:09.416] [INFO] app - 注册 Controller [articleinfo.articleinfo]
[2018-01-07T22:37:09.419] [INFO] app - 注册 Controller [describe.describe]
[2018-01-07T22:37:09.423] [INFO] app - 注册 Controller [home]
[2018-01-07T22:37:09.427] [INFO] app - 注册 Controller [server.server]
[2018-01-07T22:37:09.510] [INFO] app - 注册 Router [articleinfo]
[2018-01-07T22:37:09.514] [INFO] app - 注册 Router [describe]
[2018-01-07T22:37:09.516] [INFO] app - 注册 Router [index]
[2018-01-07T22:37:09.517] [INFO] app - 注册 Router [server]
[2018-01-07T22:37:10.870] [INFO] app - 正在启动项目 模式: build
[2018-01-07T22:37:11.056] [INFO] app - 连接数据库 [mysql -h 127.0.0.1 -u root -D gdtv_cms]
[2018-01-07T22:37:11.249] [INFO] app - 连接数据库 [sqlite -h gdtvshopr1.mysql.rds.aliyuncs.com -u gdtvroot -D gdtvshop]
[2018-01-07T22:37:11.251] [INFO] app - 连接数据库 [sqlite -h gdtvcmsdb.mysql.rds.aliyuncs.com -u gdtvbalance -D gdtv_balance]
[2018-01-07T22:37:11.254] [INFO] app - 注册 Helper [moment]
[2018-01-07T22:37:11.254] [INFO] app - 注册 Helper [async]
[2018-01-07T22:37:11.262] [INFO] app - 注册 Helper [lodash]
[2018-01-07T22:37:11.266] [INFO] app - 注册 Middleware [heiner_static]
[2018-01-07T22:37:11.266] [INFO] app - 注册 Middleware [heiner_query]
[2018-01-07T22:37:11.267] [INFO] app - 注册 Middleware [heiner_body]
[2018-01-07T22:37:11.267] [INFO] app - 注册 Middleware [heiner_view]
[2018-01-07T22:37:11.300] [INFO] app - 注册 Middleware [heiner_static]
[2018-01-07T22:37:11.304] [INFO] app - 注册 Middleware [heiner_query]
[2018-01-07T22:37:11.338] [INFO] app - 注册 Middleware [heiner_body]
[2018-01-07T22:37:11.369] [INFO] app - 注册 Middleware [heiner_view]
[2018-01-07T22:37:11.372] [INFO] app - 注册 Controller [articleinfo.articleinfo]
[2018-01-07T22:37:11.375] [INFO] app - 注册 Controller [describe.describe]
[2018-01-07T22:37:11.377] [INFO] app - 注册 Controller [home]
[2018-01-07T22:37:11.379] [INFO] app - 注册 Controller [server.server]
[2018-01-07T22:37:11.439] [INFO] app - 注册 Router [articleinfo]
[2018-01-07T22:37:11.442] [INFO] app - 注册 Router [describe]
[2018-01-07T22:37:11.444] [INFO] app - 注册 Router [index]
[2018-01-07T22:37:11.445] [INFO] app - 注册 Router [server]
[2018-01-07T22:37:12.416] [INFO] app - 正在启动项目 模式: build
[2018-01-07T22:37:12.602] [INFO] app - 连接数据库 [mysql -h 127.0.0.1 -u root -D gdtv_cms]
[2018-01-07T22:37:12.813] [INFO] app - 连接数据库 [sqlite -h gdtvshopr1.mysql.rds.aliyuncs.com -u gdtvroot -D gdtvshop]
[2018-01-07T22:37:12.816] [INFO] app - 连接数据库 [sqlite -h gdtvcmsdb.mysql.rds.aliyuncs.com -u gdtvbalance -D gdtv_balance]
[2018-01-07T22:37:12.818] [INFO] app - 注册 Helper [moment]
[2018-01-07T22:37:12.819] [INFO] app - 注册 Helper [async]
[2018-01-07T22:37:12.826] [INFO] app - 注册 Helper [lodash]
[2018-01-07T22:37:12.830] [INFO] app - 注册 Middleware [heiner_static]
[2018-01-07T22:37:12.830] [INFO] app - 注册 Middleware [heiner_query]
[2018-01-07T22:37:12.831] [INFO] app - 注册 Middleware [heiner_body]
[2018-01-07T22:37:12.831] [INFO] app - 注册 Middleware [heiner_view]
[2018-01-07T22:37:12.861] [INFO] app - 注册 Middleware [heiner_static]
[2018-01-07T22:37:12.866] [INFO] app - 注册 Middleware [heiner_query]
[2018-01-07T22:37:12.903] [INFO] app - 注册 Middleware [heiner_body]
[2018-01-07T22:37:12.935] [INFO] app - 注册 Middleware [heiner_view]
[2018-01-07T22:37:12.938] [INFO] app - 注册 Controller [articleinfo.articleinfo]
[2018-01-07T22:37:12.942] [INFO] app - 注册 Controller [describe.describe]
[2018-01-07T22:37:12.944] [INFO] app - 注册 Controller [home]
[2018-01-07T22:37:12.946] [INFO] app - 注册 Controller [server.server]
[2018-01-07T22:37:13.009] [INFO] app - 注册 Router [articleinfo]
[2018-01-07T22:37:13.012] [INFO] app - 注册 Router [describe]
[2018-01-07T22:37:13.013] [INFO] app - 注册 Router [index]
[2018-01-07T22:37:13.015] [INFO] app - 注册 Router [server]
[2018-01-07T22:37:14.036] [INFO] app - 正在启动项目 模式: build
[2018-01-07T22:37:14.212] [INFO] app - 连接数据库 [mysql -h 127.0.0.1 -u root -D gdtv_cms]
[2018-01-07T22:37:14.435] [INFO] app - 连接数据库 [sqlite -h gdtvshopr1.mysql.rds.aliyuncs.com -u gdtvroot -D gdtvshop]
[2018-01-07T22:37:14.438] [INFO] app - 连接数据库 [sqlite -h gdtvcmsdb.mysql.rds.aliyuncs.com -u gdtvbalance -D gdtv_balance]
[2018-01-07T22:37:14.441] [INFO] app - 注册 Helper [moment]
[2018-01-07T22:37:14.441] [INFO] app - 注册 Helper [async]
[2018-01-07T22:37:14.448] [INFO] app - 注册 Helper [lodash]
[2018-01-07T22:37:14.453] [INFO] app - 注册 Middleware [heiner_static]
[2018-01-07T22:37:14.453] [INFO] app - 注册 Middleware [heiner_query]
[2018-01-07T22:37:14.453] [INFO] app - 注册 Middleware [heiner_body]
[2018-01-07T22:37:14.453] [INFO] app - 注册 Middleware [heiner_view]
[2018-01-07T22:37:14.487] [INFO] app - 注册 Middleware [heiner_static]
[2018-01-07T22:37:14.492] [INFO] app - 注册 Middleware [heiner_query]
[2018-01-07T22:37:14.533] [INFO] app - 注册 Middleware [heiner_body]
[2018-01-07T22:37:14.569] [INFO] app - 注册 Middleware [heiner_view]
[2018-01-07T22:37:14.572] [INFO] app - 注册 Controller [articleinfo.articleinfo]
[2018-01-07T22:37:14.575] [INFO] app - 注册 Controller [describe.describe]
[2018-01-07T22:37:14.578] [INFO] app - 注册 Controller [home]
[2018-01-07T22:37:14.579] [INFO] app - 注册 Controller [server.server]
[2018-01-07T22:37:14.648] [INFO] app - 注册 Router [articleinfo]
[2018-01-07T22:37:14.652] [INFO] app - 注册 Router [describe]
[2018-01-07T22:37:14.654] [INFO] app - 注册 Router [index]
[2018-01-07T22:37:14.655] [INFO] app - 注册 Router [server]
[2018-01-07T22:37:15.707] [INFO] app - 正在启动项目 模式: build
[2018-01-07T22:37:16.053] [INFO] app - 连接数据库 [mysql -h 127.0.0.1 -u root -D gdtv_cms]
[2018-01-07T22:37:16.345] [INFO] app - 连接数据库 [sqlite -h gdtvshopr1.mysql.rds.aliyuncs.com -u gdtvroot -D gdtvshop]
[2018-01-07T22:37:16.347] [INFO] app - 连接数据库 [sqlite -h gdtvcmsdb.mysql.rds.aliyuncs.com -u gdtvbalance -D gdtv_balance]
[2018-01-07T22:37:16.350] [INFO] app - 注册 Helper [moment]
[2018-01-07T22:37:16.351] [INFO] app - 注册 Helper [async]
[2018-01-07T22:37:16.361] [INFO] app - 注册 Helper [lodash]
[2018-01-07T22:37:16.366] [INFO] app - 注册 Middleware [heiner_static]
[2018-01-07T22:37:16.366] [INFO] app - 注册 Middleware [heiner_query]
[2018-01-07T22:37:16.367] [INFO] app - 注册 Middleware [heiner_body]
[2018-01-07T22:37:16.367] [INFO] app - 注册 Middleware [heiner_view]
[2018-01-07T22:37:16.410] [INFO] app - 注册 Middleware [heiner_static]
[2018-01-07T22:37:16.416] [INFO] app - 注册 Middleware [heiner_query]
[2018-01-07T22:37:16.467] [INFO] app - 注册 Middleware [heiner_body]
[2018-01-07T22:37:16.509] [INFO] app - 注册 Middleware [heiner_view]
[2018-01-07T22:37:16.513] [INFO] app - 注册 Controller [articleinfo.articleinfo]
[2018-01-07T22:37:16.517] [INFO] app - 注册 Controller [describe.describe]
[2018-01-07T22:37:16.526] [INFO] app - 注册 Controller [home]
[2018-01-07T22:37:16.530] [INFO] app - 注册 Controller [server.server]
[2018-01-07T22:37:16.614] [INFO] app - 注册 Router [articleinfo]
[2018-01-07T22:37:16.618] [INFO] app - 注册 Router [describe]
[2018-01-07T22:37:16.620] [INFO] app - 注册 Router [index]
[2018-01-07T22:37:16.622] [INFO] app - 注册 Router [server]
[2018-01-07T22:37:17.640] [INFO] app - 正在启动项目 模式: build
[2018-01-07T22:37:17.826] [INFO] app - 连接数据库 [mysql -h 127.0.0.1 -u root -D gdtv_cms]
[2018-01-07T22:37:18.014] [INFO] app - 连接数据库 [sqlite -h gdtvshopr1.mysql.rds.aliyuncs.com -u gdtvroot -D gdtvshop]
[2018-01-07T22:37:18.018] [INFO] app - 连接数据库 [sqlite -h gdtvcmsdb.mysql.rds.aliyuncs.com -u gdtvbalance -D gdtv_balance]
[2018-01-07T22:37:18.020] [INFO] app - 注册 Helper [moment]
[2018-01-07T22:37:18.021] [INFO] app - 注册 Helper [async]
[2018-01-07T22:37:18.028] [INFO] app - 注册 Helper [lodash]
[2018-01-07T22:37:18.033] [INFO] app - 注册 Middleware [heiner_static]
[2018-01-07T22:37:18.033] [INFO] app - 注册 Middleware [heiner_query]
[2018-01-07T22:37:18.033] [INFO] app - 注册 Middleware [heiner_body]
[2018-01-07T22:37:18.034] [INFO] app - 注册 Middleware [heiner_view]
[2018-01-07T22:37:18.069] [INFO] app - 注册 Middleware [heiner_static]
[2018-01-07T22:37:18.075] [INFO] app - 注册 Middleware [heiner_query]
[2018-01-07T22:37:18.114] [INFO] app - 注册 Middleware [heiner_body]
[2018-01-07T22:37:18.146] [INFO] app - 注册 Middleware [heiner_view]
[2018-01-07T22:37:18.149] [INFO] app - 注册 Controller [articleinfo.articleinfo]
[2018-01-07T22:37:18.151] [INFO] app - 注册 Controller [describe.describe]
[2018-01-07T22:37:18.153] [INFO] app - 注册 Controller [home]
[2018-01-07T22:37:18.159] [INFO] app - 注册 Controller [server.server]
[2018-01-07T22:37:18.252] [INFO] app - 注册 Router [articleinfo]
[2018-01-07T22:37:18.256] [INFO] app - 注册 Router [describe]
[2018-01-07T22:37:18.260] [INFO] app - 注册 Router [index]
[2018-01-07T22:37:18.266] [INFO] app - 注册 Router [server]
[2018-01-07T22:37:19.231] [INFO] app - 正在启动项目 模式: build
[2018-01-07T22:37:19.394] [INFO] app - 连接数据库 [mysql -h 127.0.0.1 -u root -D gdtv_cms]
[2018-01-07T22:37:19.586] [INFO] app - 连接数据库 [sqlite -h gdtvshopr1.mysql.rds.aliyuncs.com -u gdtvroot -D gdtvshop]
[2018-01-07T22:37:19.587] [INFO] app - 连接数据库 [sqlite -h gdtvcmsdb.mysql.rds.aliyuncs.com -u gdtvbalance -D gdtv_balance]
[2018-01-07T22:37:19.591] [INFO] app - 注册 Helper [moment]
[2018-01-07T22:37:19.592] [INFO] app - 注册 Helper [async]
[2018-01-07T22:37:19.598] [INFO] app - 注册 Helper [lodash]
[2018-01-07T22:37:19.603] [INFO] app - 注册 Middleware [heiner_static]
[2018-01-07T22:37:19.603] [INFO] app - 注册 Middleware [heiner_query]
[2018-01-07T22:37:19.603] [INFO] app - 注册 Middleware [heiner_body]
[2018-01-07T22:37:19.603] [INFO] app - 注册 Middleware [heiner_view]
[2018-01-07T22:37:19.636] [INFO] app - 注册 Middleware [heiner_static]
[2018-01-07T22:37:19.643] [INFO] app - 注册 Middleware [heiner_query]
[2018-01-07T22:37:19.682] [INFO] app - 注册 Middleware [heiner_body]
[2018-01-07T22:37:19.715] [INFO] app - 注册 Middleware [heiner_view]
[2018-01-07T22:37:19.718] [INFO] app - 注册 Controller [articleinfo.articleinfo]
[2018-01-07T22:37:19.720] [INFO] app - 注册 Controller [describe.describe]
[2018-01-07T22:37:19.723] [INFO] app - 注册 Controller [home]
[2018-01-07T22:37:19.725] [INFO] app - 注册 Controller [server.server]
[2018-01-07T22:37:19.784] [INFO] app - 注册 Router [articleinfo]
[2018-01-07T22:37:19.787] [INFO] app - 注册 Router [describe]
[2018-01-07T22:37:19.788] [INFO] app - 注册 Router [index]
[2018-01-07T22:37:19.789] [INFO] app - 注册 Router [server]
[2018-01-07T22:37:20.838] [INFO] app - 正在启动项目 模式: build
[2018-01-07T22:37:21.059] [INFO] app - 连接数据库 [mysql -h 127.0.0.1 -u root -D gdtv_cms]
[2018-01-07T22:37:21.401] [INFO] app - 连接数据库 [sqlite -h gdtvshopr1.mysql.rds.aliyuncs.com -u gdtvroot -D gdtvshop]
[2018-01-07T22:37:21.403] [INFO] app - 连接数据库 [sqlite -h gdtvcmsdb.mysql.rds.aliyuncs.com -u gdtvbalance -D gdtv_balance]
[2018-01-07T22:37:21.406] [INFO] app - 注册 Helper [moment]
[2018-01-07T22:37:21.407] [INFO] app - 注册 Helper [async]
[2018-01-07T22:37:21.417] [INFO] app - 注册 Helper [lodash]
[2018-01-07T22:37:21.422] [INFO] app - 注册 Middleware [heiner_static]
[2018-01-07T22:37:21.423] [INFO] app - 注册 Middleware [heiner_query]
[2018-01-07T22:37:21.423] [INFO] app - 注册 Middleware [heiner_body]
[2018-01-07T22:37:21.424] [INFO] app - 注册 Middleware [heiner_view]
[2018-01-07T22:37:21.474] [INFO] app - 注册 Middleware [heiner_static]
[2018-01-07T22:37:21.490] [INFO] app - 注册 Middleware [heiner_query]
[2018-01-07T22:37:21.549] [INFO] app - 注册 Middleware [heiner_body]
[2018-01-07T22:37:21.613] [INFO] app - 注册 Middleware [heiner_view]
[2018-01-07T22:37:21.624] [INFO] app - 注册 Controller [articleinfo.articleinfo]
[2018-01-07T22:37:21.632] [INFO] app - 注册 Controller [describe.describe]
[2018-01-07T22:37:21.649] [INFO] app - 注册 Controller [home]
[2018-01-07T22:37:21.666] [INFO] app - 注册 Controller [server.server]
[2018-01-07T22:37:21.793] [INFO] app - 注册 Router [articleinfo]
[2018-01-07T22:37:21.801] [INFO] app - 注册 Router [describe]
[2018-01-07T22:37:21.806] [INFO] app - 注册 Router [index]
[2018-01-07T22:37:21.814] [INFO] app - 注册 Router [server]
[2018-01-07T22:37:23.542] [INFO] app - 正在启动项目 模式: build
[2018-01-07T22:37:23.745] [INFO] app - 连接数据库 [mysql -h 127.0.0.1 -u root -D gdtv_cms]
[2018-01-07T22:37:23.912] [INFO] app - 连接数据库 [sqlite -h gdtvshopr1.mysql.rds.aliyuncs.com -u gdtvroot -D gdtvshop]
[2018-01-07T22:37:23.914] [INFO] app - 连接数据库 [sqlite -h gdtvcmsdb.mysql.rds.aliyuncs.com -u gdtvbalance -D gdtv_balance]
[2018-01-07T22:37:23.917] [INFO] app - 注册 Helper [moment]
[2018-01-07T22:37:23.917] [INFO] app - 注册 Helper [async]
[2018-01-07T22:37:23.927] [INFO] app - 注册 Helper [lodash]
[2018-01-07T22:37:23.931] [INFO] app - 注册 Middleware [heiner_static]
[2018-01-07T22:37:23.931] [INFO] app - 注册 Middleware [heiner_query]
[2018-01-07T22:37:23.931] [INFO] app - 注册 Middleware [heiner_body]
[2018-01-07T22:37:23.931] [INFO] app - 注册 Middleware [heiner_view]
[2018-01-07T22:37:23.961] [INFO] app - 注册 Middleware [heiner_static]
[2018-01-07T22:37:23.966] [INFO] app - 注册 Middleware [heiner_query]
[2018-01-07T22:37:23.998] [INFO] app - 注册 Middleware [heiner_body]
[2018-01-07T22:37:24.025] [INFO] app - 注册 Middleware [heiner_view]
[2018-01-07T22:37:24.027] [INFO] app - 注册 Controller [articleinfo.articleinfo]
[2018-01-07T22:37:24.030] [INFO] app - 注册 Controller [describe.describe]
[2018-01-07T22:37:24.036] [INFO] app - 注册 Controller [home]
[2018-01-07T22:37:24.037] [INFO] app - 注册 Controller [server.server]
[2018-01-07T22:37:24.090] [INFO] app - 注册 Router [articleinfo]
[2018-01-07T22:37:24.093] [INFO] app - 注册 Router [describe]
[2018-01-07T22:37:24.095] [INFO] app - 注册 Router [index]
[2018-01-07T22:37:24.096] [INFO] app - 注册 Router [server]
[2018-01-07T22:37:24.982] [INFO] app - 正在启动项目 模式: build
[2018-01-07T22:37:25.150] [INFO] app - 连接数据库 [mysql -h 127.0.0.1 -u root -D gdtv_cms]
[2018-01-07T22:37:25.337] [INFO] app - 连接数据库 [sqlite -h gdtvshopr1.mysql.rds.aliyuncs.com -u gdtvroot -D gdtvshop]
[2018-01-07T22:37:25.339] [INFO] app - 连接数据库 [sqlite -h gdtvcmsdb.mysql.rds.aliyuncs.com -u gdtvbalance -D gdtv_balance]
[2018-01-07T22:37:25.342] [INFO] app - 注册 Helper [moment]
[2018-01-07T22:37:25.343] [INFO] app - 注册 Helper [async]
[2018-01-07T22:37:25.352] [INFO] app - 注册 Helper [lodash]
[2018-01-07T22:37:25.356] [INFO] app - 注册 Middleware [heiner_static]
[2018-01-07T22:37:25.356] [INFO] app - 注册 Middleware [heiner_query]
[2018-01-07T22:37:25.357] [INFO] app - 注册 Middleware [heiner_body]
[2018-01-07T22:37:25.357] [INFO] app - 注册 Middleware [heiner_view]
[2018-01-07T22:37:25.395] [INFO] app - 注册 Middleware [heiner_static]
[2018-01-07T22:37:25.400] [INFO] app - 注册 Middleware [heiner_query]
[2018-01-07T22:37:25.442] [INFO] app - 注册 Middleware [heiner_body]
[2018-01-07T22:37:25.473] [INFO] app - 注册 Middleware [heiner_view]
[2018-01-07T22:37:25.475] [INFO] app - 注册 Controller [articleinfo.articleinfo]
[2018-01-07T22:37:25.478] [INFO] app - 注册 Controller [describe.describe]
[2018-01-07T22:37:25.480] [INFO] app - 注册 Controller [home]
[2018-01-07T22:37:25.483] [INFO] app - 注册 Controller [server.server]
[2018-01-07T22:37:25.541] [INFO] app - 注册 Router [articleinfo]
[2018-01-07T22:37:25.544] [INFO] app - 注册 Router [describe]
[2018-01-07T22:37:25.545] [INFO] app - 注册 Router [index]
[2018-01-07T22:37:25.547] [INFO] app - 注册 Router [server]
[2018-01-07T22:37:26.517] [INFO] app - 正在启动项目 模式: build
[2018-01-07T22:37:26.707] [INFO] app - 连接数据库 [mysql -h 127.0.0.1 -u root -D gdtv_cms]
[2018-01-07T22:37:26.946] [INFO] app - 连接数据库 [sqlite -h gdtvshopr1.mysql.rds.aliyuncs.com -u gdtvroot -D gdtvshop]
[2018-01-07T22:37:26.950] [INFO] app - 连接数据库 [sqlite -h gdtvcmsdb.mysql.rds.aliyuncs.com -u gdtvbalance -D gdtv_balance]
[2018-01-07T22:37:26.953] [INFO] app - 注册 Helper [moment]
[2018-01-07T22:37:26.953] [INFO] app - 注册 Helper [async]
[2018-01-07T22:37:26.964] [INFO] app - 注册 Helper [lodash]
[2018-01-07T22:37:26.969] [INFO] app - 注册 Middleware [heiner_static]
[2018-01-07T22:37:26.969] [INFO] app - 注册 Middleware [heiner_query]
[2018-01-07T22:37:26.969] [INFO] app - 注册 Middleware [heiner_body]
[2018-01-07T22:37:26.970] [INFO] app - 注册 Middleware [heiner_view]
[2018-01-07T22:37:27.018] [INFO] app - 注册 Middleware [heiner_static]
[2018-01-07T22:37:27.025] [INFO] app - 注册 Middleware [heiner_query]
[2018-01-07T22:37:27.069] [INFO] app - 注册 Middleware [heiner_body]
[2018-01-07T22:37:27.102] [INFO] app - 注册 Middleware [heiner_view]
[2018-01-07T22:37:27.105] [INFO] app - 注册 Controller [articleinfo.articleinfo]
[2018-01-07T22:37:27.110] [INFO] app - 注册 Controller [describe.describe]
[2018-01-07T22:37:27.112] [INFO] app - 注册 Controller [home]
[2018-01-07T22:37:27.113] [INFO] app - 注册 Controller [server.server]
[2018-01-07T22:37:27.194] [INFO] app - 注册 Router [articleinfo]
[2018-01-07T22:37:27.198] [INFO] app - 注册 Router [describe]
[2018-01-07T22:37:27.200] [INFO] app - 注册 Router [index]
[2018-01-07T22:37:27.201] [INFO] app - 注册 Router [server]
[2018-01-07T22:37:29.102] [INFO] app - 正在启动项目 模式: build
[2018-01-07T22:37:29.322] [INFO] app - 连接数据库 [mysql -h 127.0.0.1 -u root -D gdtv_cms]
[2018-01-07T22:37:29.639] [INFO] app - 连接数据库 [sqlite -h gdtvshopr1.mysql.rds.aliyuncs.com -u gdtvroot -D gdtvshop]
[2018-01-07T22:37:29.642] [INFO] app - 连接数据库 [sqlite -h gdtvcmsdb.mysql.rds.aliyuncs.com -u gdtvbalance -D gdtv_balance]
[2018-01-07T22:37:29.645] [INFO] app - 注册 Helper [moment]
[2018-01-07T22:37:29.646] [INFO] app - 注册 Helper [async]
[2018-01-07T22:37:29.659] [INFO] app - 注册 Helper [lodash]
[2018-01-07T22:37:29.690] [INFO] app - 注册 Middleware [heiner_static]
[2018-01-07T22:37:29.691] [INFO] app - 注册 Middleware [heiner_query]
[2018-01-07T22:37:29.691] [INFO] app - 注册 Middleware [heiner_body]
[2018-01-07T22:37:29.692] [INFO] app - 注册 Middleware [heiner_view]
[2018-01-07T22:37:29.781] [INFO] app - 注册 Middleware [heiner_static]
[2018-01-07T22:37:29.792] [INFO] app - 注册 Middleware [heiner_query]
[2018-01-07T22:37:29.867] [INFO] app - 注册 Middleware [heiner_body]
[2018-01-07T22:37:29.930] [INFO] app - 注册 Middleware [heiner_view]
[2018-01-07T22:37:29.932] [INFO] app - 注册 Controller [articleinfo.articleinfo]
[2018-01-07T22:37:29.935] [INFO] app - 注册 Controller [describe.describe]
[2018-01-07T22:37:29.939] [INFO] app - 注册 Controller [home]
[2018-01-07T22:37:29.942] [INFO] app - 注册 Controller [server.server]
[2018-01-07T22:37:30.014] [INFO] app - 注册 Router [articleinfo]
[2018-01-07T22:37:30.018] [INFO] app - 注册 Router [describe]
[2018-01-07T22:37:30.020] [INFO] app - 注册 Router [index]
[2018-01-07T22:37:30.025] [INFO] app - 注册 Router [server]
[2018-01-07T22:37:31.088] [INFO] app - 正在启动项目 模式: build
[2018-01-07T22:37:31.260] [INFO] app - 连接数据库 [mysql -h 127.0.0.1 -u root -D gdtv_cms]
[2018-01-07T22:37:31.447] [INFO] app - 连接数据库 [sqlite -h gdtvshopr1.mysql.rds.aliyuncs.com -u gdtvroot -D gdtvshop]
[2018-01-07T22:37:31.450] [INFO] app - 连接数据库 [sqlite -h gdtvcmsdb.mysql.rds.aliyuncs.com -u gdtvbalance -D gdtv_balance]
[2018-01-07T22:37:31.452] [INFO] app - 注册 Helper [moment]
[2018-01-07T22:37:31.453] [INFO] app - 注册 Helper [async]
[2018-01-07T22:37:31.459] [INFO] app - 注册 Helper [lodash]
[2018-01-07T22:37:31.464] [INFO] app - 注册 Middleware [heiner_static]
[2018-01-07T22:37:31.464] [INFO] app - 注册 Middleware [heiner_query]
[2018-01-07T22:37:31.464] [INFO] app - 注册 Middleware [heiner_body]
[2018-01-07T22:37:31.465] [INFO] app - 注册 Middleware [heiner_view]
[2018-01-07T22:37:31.502] [INFO] app - 注册 Middleware [heiner_static]
[2018-01-07T22:37:31.507] [INFO] app - 注册 Middleware [heiner_query]
[2018-01-07T22:37:31.548] [INFO] app - 注册 Middleware [heiner_body]
[2018-01-07T22:37:31.590] [INFO] app - 注册 Middleware [heiner_view]
[2018-01-07T22:37:31.593] [INFO] app - 注册 Controller [articleinfo.articleinfo]
[2018-01-07T22:37:31.596] [INFO] app - 注册 Controller [describe.describe]
[2018-01-07T22:37:31.599] [INFO] app - 注册 Controller [home]
[2018-01-07T22:37:31.601] [INFO] app - 注册 Controller [server.server]
[2018-01-07T22:37:31.680] [INFO] app - 注册 Router [articleinfo]
[2018-01-07T22:37:31.683] [INFO] app - 注册 Router [describe]
[2018-01-07T22:37:31.684] [INFO] app - 注册 Router [index]
[2018-01-07T22:37:31.685] [INFO] app - 注册 Router [server]
[2018-01-07T22:37:32.603] [INFO] app - 正在启动项目 模式: build
[2018-01-07T22:37:32.783] [INFO] app - 连接数据库 [mysql -h 127.0.0.1 -u root -D gdtv_cms]
[2018-01-07T22:37:32.963] [INFO] app - 连接数据库 [sqlite -h gdtvshopr1.mysql.rds.aliyuncs.com -u gdtvroot -D gdtvshop]
[2018-01-07T22:37:32.966] [INFO] app - 连接数据库 [sqlite -h gdtvcmsdb.mysql.rds.aliyuncs.com -u gdtvbalance -D gdtv_balance]
[2018-01-07T22:37:32.969] [INFO] app - 注册 Helper [moment]
[2018-01-07T22:37:32.969] [INFO] app - 注册 Helper [async]
[2018-01-07T22:37:32.976] [INFO] app - 注册 Helper [lodash]
[2018-01-07T22:37:32.980] [INFO] app - 注册 Middleware [heiner_static]
[2018-01-07T22:37:32.980] [INFO] app - 注册 Middleware [heiner_query]
[2018-01-07T22:37:32.981] [INFO] app - 注册 Middleware [heiner_body]
[2018-01-07T22:37:32.981] [INFO] app - 注册 Middleware [heiner_view]
[2018-01-07T22:37:33.012] [INFO] app - 注册 Middleware [heiner_static]
[2018-01-07T22:37:33.017] [INFO] app - 注册 Middleware [heiner_query]
[2018-01-07T22:37:33.060] [INFO] app - 注册 Middleware [heiner_body]
[2018-01-07T22:37:33.088] [INFO] app - 注册 Middleware [heiner_view]
[2018-01-07T22:37:33.090] [INFO] app - 注册 Controller [articleinfo.articleinfo]
[2018-01-07T22:37:33.093] [INFO] app - 注册 Controller [describe.describe]
[2018-01-07T22:37:33.095] [INFO] app - 注册 Controller [home]
[2018-01-07T22:37:33.097] [INFO] app - 注册 Controller [server.server]
[2018-01-07T22:37:33.158] [INFO] app - 注册 Router [articleinfo]
[2018-01-07T22:37:33.162] [INFO] app - 注册 Router [describe]
[2018-01-07T22:37:33.164] [INFO] app - 注册 Router [index]
[2018-01-07T22:37:33.166] [INFO] app - 注册 Router [server]
[2018-01-07T22:37:34.523] [INFO] app - 正在启动项目 模式: build
[2018-01-07T22:37:34.737] [INFO] app - 连接数据库 [mysql -h 127.0.0.1 -u root -D gdtv_cms]
[2018-01-07T22:37:34.938] [INFO] app - 连接数据库 [sqlite -h gdtvshopr1.mysql.rds.aliyuncs.com -u gdtvroot -D gdtvshop]
[2018-01-07T22:37:34.940] [INFO] app - 连接数据库 [sqlite -h gdtvcmsdb.mysql.rds.aliyuncs.com -u gdtvbalance -D gdtv_balance]
[2018-01-07T22:37:34.942] [INFO] app - 注册 Helper [moment]
[2018-01-07T22:37:34.943] [INFO] app - 注册 Helper [async]
[2018-01-07T22:37:34.949] [INFO] app - 注册 Helper [lodash]
[2018-01-07T22:37:34.952] [INFO] app - 注册 Middleware [heiner_static]
[2018-01-07T22:37:34.953] [INFO] app - 注册 Middleware [heiner_query]
[2018-01-07T22:37:34.953] [INFO] app - 注册 Middleware [heiner_body]
[2018-01-07T22:37:34.953] [INFO] app - 注册 Middleware [heiner_view]
[2018-01-07T22:37:34.984] [INFO] app - 注册 Middleware [heiner_static]
[2018-01-07T22:37:34.990] [INFO] app - 注册 Middleware [heiner_query]
[2018-01-07T22:37:35.025] [INFO] app - 注册 Middleware [heiner_body]
[2018-01-07T22:37:35.053] [INFO] app - 注册 Middleware [heiner_view]
[2018-01-07T22:37:35.055] [INFO] app - 注册 Controller [articleinfo.articleinfo]
[2018-01-07T22:37:35.058] [INFO] app - 注册 Controller [describe.describe]
[2018-01-07T22:37:35.060] [INFO] app - 注册 Controller [home]
[2018-01-07T22:37:35.061] [INFO] app - 注册 Controller [server.server]
[2018-01-07T22:37:35.123] [INFO] app - 注册 Router [articleinfo]
[2018-01-07T22:37:35.127] [INFO] app - 注册 Router [describe]
[2018-01-07T22:37:35.128] [INFO] app - 注册 Router [index]
[2018-01-07T22:37:35.130] [INFO] app - 注册 Router [server]
[2018-01-07T22:37:36.084] [INFO] app - 正在启动项目 模式: build
[2018-01-07T22:37:36.251] [INFO] app - 连接数据库 [mysql -h 127.0.0.1 -u root -D gdtv_cms]
[2018-01-07T22:37:36.446] [INFO] app - 连接数据库 [sqlite -h gdtvshopr1.mysql.rds.aliyuncs.com -u gdtvroot -D gdtvshop]
[2018-01-07T22:37:36.448] [INFO] app - 连接数据库 [sqlite -h gdtvcmsdb.mysql.rds.aliyuncs.com -u gdtvbalance -D gdtv_balance]
[2018-01-07T22:37:36.451] [INFO] app - 注册 Helper [moment]
[2018-01-07T22:37:36.451] [INFO] app - 注册 Helper [async]
[2018-01-07T22:37:36.458] [INFO] app - 注册 Helper [lodash]
[2018-01-07T22:37:36.463] [INFO] app - 注册 Middleware [heiner_static]
[2018-01-07T22:37:36.463] [INFO] app - 注册 Middleware [heiner_query]
[2018-01-07T22:37:36.463] [INFO] app - 注册 Middleware [heiner_body]
[2018-01-07T22:37:36.464] [INFO] app - 注册 Middleware [heiner_view]
[2018-01-07T22:37:36.501] [INFO] app - 注册 Middleware [heiner_static]
[2018-01-07T22:37:36.507] [INFO] app - 注册 Middleware [heiner_query]
[2018-01-07T22:37:36.548] [INFO] app - 注册 Middleware [heiner_body]
[2018-01-07T22:37:36.584] [INFO] app - 注册 Middleware [heiner_view]
[2018-01-07T22:37:36.589] [INFO] app - 注册 Controller [articleinfo.articleinfo]
[2018-01-07T22:37:36.592] [INFO] app - 注册 Controller [describe.describe]
[2018-01-07T22:37:36.594] [INFO] app - 注册 Controller [home]
[2018-01-07T22:37:36.597] [INFO] app - 注册 Controller [server.server]
[2018-01-07T22:37:36.673] [INFO] app - 注册 Router [articleinfo]
[2018-01-07T22:37:36.676] [INFO] app - 注册 Router [describe]
[2018-01-07T22:37:36.678] [INFO] app - 注册 Router [index]
[2018-01-07T22:37:36.679] [INFO] app - 注册 Router [server]
[2018-01-07T22:37:37.624] [INFO] app - 正在启动项目 模式: build
[2018-01-07T22:37:37.790] [INFO] app - 连接数据库 [mysql -h 127.0.0.1 -u root -D gdtv_cms]
[2018-01-07T22:37:37.974] [INFO] app - 连接数据库 [sqlite -h gdtvshopr1.mysql.rds.aliyuncs.com -u gdtvroot -D gdtvshop]
[2018-01-07T22:37:37.977] [INFO] app - 连接数据库 [sqlite -h gdtvcmsdb.mysql.rds.aliyuncs.com -u gdtvbalance -D gdtv_balance]
[2018-01-07T22:37:37.980] [INFO] app - 注册 Helper [moment]
[2018-01-07T22:37:37.980] [INFO] app - 注册 Helper [async]
[2018-01-07T22:37:37.988] [INFO] app - 注册 Helper [lodash]
[2018-01-07T22:37:37.991] [INFO] app - 注册 Middleware [heiner_static]
[2018-01-07T22:37:37.991] [INFO] app - 注册 Middleware [heiner_query]
[2018-01-07T22:37:37.991] [INFO] app - 注册 Middleware [heiner_body]
[2018-01-07T22:37:37.992] [INFO] app - 注册 Middleware [heiner_view]
[2018-01-07T22:37:38.022] [INFO] app - 注册 Middleware [heiner_static]
[2018-01-07T22:37:38.027] [INFO] app - 注册 Middleware [heiner_query]
[2018-01-07T22:37:38.065] [INFO] app - 注册 Middleware [heiner_body]
[2018-01-07T22:37:38.097] [INFO] app - 注册 Middleware [heiner_view]
[2018-01-07T22:37:38.099] [INFO] app - 注册 Controller [articleinfo.articleinfo]
[2018-01-07T22:37:38.102] [INFO] app - 注册 Controller [describe.describe]
[2018-01-07T22:37:38.104] [INFO] app - 注册 Controller [home]
[2018-01-07T22:37:38.107] [INFO] app - 注册 Controller [server.server]
[2018-01-07T22:37:38.190] [INFO] app - 注册 Router [articleinfo]
[2018-01-07T22:37:38.194] [INFO] app - 注册 Router [describe]
[2018-01-07T22:37:38.196] [INFO] app - 注册 Router [index]
[2018-01-07T22:37:38.197] [INFO] app - 注册 Router [server]
[2018-01-07T22:37:39.230] [INFO] app - 正在启动项目 模式: build
[2018-01-07T22:37:39.439] [INFO] app - 连接数据库 [mysql -h 127.0.0.1 -u root -D gdtv_cms]
[2018-01-07T22:37:39.746] [INFO] app - 连接数据库 [sqlite -h gdtvshopr1.mysql.rds.aliyuncs.com -u gdtvroot -D gdtvshop]
[2018-01-07T22:37:39.748] [INFO] app - 连接数据库 [sqlite -h gdtvcmsdb.mysql.rds.aliyuncs.com -u gdtvbalance -D gdtv_balance]
[2018-01-07T22:37:39.752] [INFO] app - 注册 Helper [moment]
[2018-01-07T22:37:39.753] [INFO] app - 注册 Helper [async]
[2018-01-07T22:37:39.763] [INFO] app - 注册 Helper [lodash]
[2018-01-07T22:37:39.768] [INFO] app - 注册 Middleware [heiner_static]
[2018-01-07T22:37:39.768] [INFO] app - 注册 Middleware [heiner_query]
[2018-01-07T22:37:39.769] [INFO] app - 注册 Middleware [heiner_body]
[2018-01-07T22:37:39.769] [INFO] app - 注册 Middleware [heiner_view]
[2018-01-07T22:37:39.823] [INFO] app - 注册 Middleware [heiner_static]
[2018-01-07T22:37:39.832] [INFO] app - 注册 Middleware [heiner_query]
[2018-01-07T22:37:39.894] [INFO] app - 注册 Middleware [heiner_body]
[2018-01-07T22:37:39.950] [INFO] app - 注册 Middleware [heiner_view]
[2018-01-07T22:37:39.957] [INFO] app - 注册 Controller [articleinfo.articleinfo]
[2018-01-07T22:37:39.961] [INFO] app - 注册 Controller [describe.describe]
[2018-01-07T22:37:39.974] [INFO] app - 注册 Controller [home]
[2018-01-07T22:37:39.977] [INFO] app - 注册 Controller [server.server]
[2018-01-07T22:37:40.071] [INFO] app - 注册 Router [articleinfo]
[2018-01-07T22:37:40.075] [INFO] app - 注册 Router [describe]
[2018-01-07T22:37:40.077] [INFO] app - 注册 Router [index]
[2018-01-07T22:37:40.078] [INFO] app - 注册 Router [server]
[2018-01-07T22:37:41.473] [INFO] app - 正在启动项目 模式: build
[2018-01-07T22:37:41.745] [INFO] app - 连接数据库 [mysql -h 127.0.0.1 -u root -D gdtv_cms]
[2018-01-07T22:37:42.001] [INFO] app - 连接数据库 [sqlite -h gdtvshopr1.mysql.rds.aliyuncs.com -u gdtvroot -D gdtvshop]
[2018-01-07T22:37:42.003] [INFO] app - 连接数据库 [sqlite -h gdtvcmsdb.mysql.rds.aliyuncs.com -u gdtvbalance -D gdtv_balance]
[2018-01-07T22:37:42.006] [INFO] app - 注册 Helper [moment]
[2018-01-07T22:37:42.007] [INFO] app - 注册 Helper [async]
[2018-01-07T22:37:42.018] [INFO] app - 注册 Helper [lodash]
[2018-01-07T22:37:42.022] [INFO] app - 注册 Middleware [heiner_static]
[2018-01-07T22:37:42.023] [INFO] app - 注册 Middleware [heiner_query]
[2018-01-07T22:37:42.023] [INFO] app - 注册 Middleware [heiner_body]
[2018-01-07T22:37:42.023] [INFO] app - 注册 Middleware [heiner_view]
[2018-01-07T22:37:42.069] [INFO] app - 注册 Middleware [heiner_static]
[2018-01-07T22:37:42.075] [INFO] app - 注册 Middleware [heiner_query]
[2018-01-07T22:37:42.121] [INFO] app - 注册 Middleware [heiner_body]
[2018-01-07T22:37:42.157] [INFO] app - 注册 Middleware [heiner_view]
[2018-01-07T22:37:42.161] [INFO] app - 注册 Controller [articleinfo.articleinfo]
[2018-01-07T22:37:42.165] [INFO] app - 注册 Controller [describe.describe]
[2018-01-07T22:37:42.168] [INFO] app - 注册 Controller [home]
[2018-01-07T22:37:42.170] [INFO] app - 注册 Controller [server.server]
[2018-01-07T22:37:42.272] [INFO] app - 注册 Router [articleinfo]
[2018-01-07T22:37:42.276] [INFO] app - 注册 Router [describe]
[2018-01-07T22:37:42.278] [INFO] app - 注册 Router [index]
[2018-01-07T22:37:42.279] [INFO] app - 注册 Router [server]
[2018-01-07T22:37:43.439] [INFO] app - 正在启动项目 模式: build
[2018-01-07T22:37:43.674] [INFO] app - 连接数据库 [mysql -h 127.0.0.1 -u root -D gdtv_cms]
[2018-01-07T22:37:44.017] [INFO] app - 连接数据库 [sqlite -h gdtvshopr1.mysql.rds.aliyuncs.com -u gdtvroot -D gdtvshop]
[2018-01-07T22:37:44.020] [INFO] app - 连接数据库 [sqlite -h gdtvcmsdb.mysql.rds.aliyuncs.com -u gdtvbalance -D gdtv_balance]
[2018-01-07T22:37:44.023] [INFO] app - 注册 Helper [moment]
[2018-01-07T22:37:44.023] [INFO] app - 注册 Helper [async]
[2018-01-07T22:37:44.033] [INFO] app - 注册 Helper [lodash]
[2018-01-07T22:37:44.038] [INFO] app - 注册 Middleware [heiner_static]
[2018-01-07T22:37:44.038] [INFO] app - 注册 Middleware [heiner_query]
[2018-01-07T22:37:44.038] [INFO] app - 注册 Middleware [heiner_body]
[2018-01-07T22:37:44.039] [INFO] app - 注册 Middleware [heiner_view]
[2018-01-07T22:37:44.076] [INFO] app - 注册 Middleware [heiner_static]
[2018-01-07T22:37:44.082] [INFO] app - 注册 Middleware [heiner_query]
[2018-01-07T22:37:44.127] [INFO] app - 注册 Middleware [heiner_body]
[2018-01-07T22:37:44.165] [INFO] app - 注册 Middleware [heiner_view]
[2018-01-07T22:37:44.169] [INFO] app - 注册 Controller [articleinfo.articleinfo]
[2018-01-07T22:37:44.172] [INFO] app - 注册 Controller [describe.describe]
[2018-01-07T22:37:44.173] [INFO] app - 注册 Controller [home]
[2018-01-07T22:37:44.175] [INFO] app - 注册 Controller [server.server]
[2018-01-07T22:37:44.234] [INFO] app - 注册 Router [articleinfo]
[2018-01-07T22:37:44.237] [INFO] app - 注册 Router [describe]
[2018-01-07T22:37:44.238] [INFO] app - 注册 Router [index]
[2018-01-07T22:37:44.239] [INFO] app - 注册 Router [server]
[2018-01-07T22:37:45.371] [INFO] app - 正在启动项目 模式: build
[2018-01-07T22:37:45.636] [INFO] app - 连接数据库 [mysql -h 127.0.0.1 -u root -D gdtv_cms]
[2018-01-07T22:37:45.945] [INFO] app - 连接数据库 [sqlite -h gdtvshopr1.mysql.rds.aliyuncs.com -u gdtvroot -D gdtvshop]
[2018-01-07T22:37:45.947] [INFO] app - 连接数据库 [sqlite -h gdtvcmsdb.mysql.rds.aliyuncs.com -u gdtvbalance -D gdtv_balance]
[2018-01-07T22:37:45.950] [INFO] app - 注册 Helper [moment]
[2018-01-07T22:37:45.951] [INFO] app - 注册 Helper [async]
[2018-01-07T22:37:45.962] [INFO] app - 注册 Helper [lodash]
[2018-01-07T22:37:45.968] [INFO] app - 注册 Middleware [heiner_static]
[2018-01-07T22:37:45.968] [INFO] app - 注册 Middleware [heiner_query]
[2018-01-07T22:37:45.969] [INFO] app - 注册 Middleware [heiner_body]
[2018-01-07T22:37:45.969] [INFO] app - 注册 Middleware [heiner_view]
[2018-01-07T22:37:46.016] [INFO] app - 注册 Middleware [heiner_static]
[2018-01-07T22:37:46.022] [INFO] app - 注册 Middleware [heiner_query]
[2018-01-07T22:37:46.087] [INFO] app - 注册 Middleware [heiner_body]
[2018-01-07T22:37:46.141] [INFO] app - 注册 Middleware [heiner_view]
[2018-01-07T22:37:46.145] [INFO] app - 注册 Controller [articleinfo.articleinfo]
[2018-01-07T22:37:46.150] [INFO] app - 注册 Controller [describe.describe]
[2018-01-07T22:37:46.153] [INFO] app - 注册 Controller [home]
[2018-01-07T22:37:46.156] [INFO] app - 注册 Controller [server.server]
[2018-01-07T22:37:46.241] [INFO] app - 注册 Router [articleinfo]
[2018-01-07T22:37:46.244] [INFO] app - 注册 Router [describe]
[2018-01-07T22:37:46.245] [INFO] app - 注册 Router [index]
[2018-01-07T22:37:46.247] [INFO] app - 注册 Router [server]
[2018-01-07T22:37:47.153] [INFO] app - 正在启动项目 模式: build
[2018-01-07T22:37:47.303] [INFO] app - 连接数据库 [mysql -h 127.0.0.1 -u root -D gdtv_cms]
[2018-01-07T22:37:47.473] [INFO] app - 连接数据库 [sqlite -h gdtvshopr1.mysql.rds.aliyuncs.com -u gdtvroot -D gdtvshop]
[2018-01-07T22:37:47.475] [INFO] app - 连接数据库 [sqlite -h gdtvcmsdb.mysql.rds.aliyuncs.com -u gdtvbalance -D gdtv_balance]
[2018-01-07T22:37:47.477] [INFO] app - 注册 Helper [moment]
[2018-01-07T22:37:47.478] [INFO] app - 注册 Helper [async]
[2018-01-07T22:37:47.485] [INFO] app - 注册 Helper [lodash]
[2018-01-07T22:37:47.489] [INFO] app - 注册 Middleware [heiner_static]
[2018-01-07T22:37:47.489] [INFO] app - 注册 Middleware [heiner_query]
[2018-01-07T22:37:47.489] [INFO] app - 注册 Middleware [heiner_body]
[2018-01-07T22:37:47.489] [INFO] app - 注册 Middleware [heiner_view]
[2018-01-07T22:37:47.521] [INFO] app - 注册 Middleware [heiner_static]
[2018-01-07T22:37:47.526] [INFO] app - 注册 Middleware [heiner_query]
[2018-01-07T22:37:47.564] [INFO] app - 注册 Middleware [heiner_body]
[2018-01-07T22:37:47.595] [INFO] app - 注册 Middleware [heiner_view]
[2018-01-07T22:37:47.597] [INFO] app - 注册 Controller [articleinfo.articleinfo]
[2018-01-07T22:37:47.600] [INFO] app - 注册 Controller [describe.describe]
[2018-01-07T22:37:47.601] [INFO] app - 注册 Controller [home]
[2018-01-07T22:37:47.603] [INFO] app - 注册 Controller [server.server]
[2018-01-07T22:37:47.658] [INFO] app - 注册 Router [articleinfo]
[2018-01-07T22:37:47.660] [INFO] app - 注册 Router [describe]
[2018-01-07T22:37:47.662] [INFO] app - 注册 Router [index]
[2018-01-07T22:37:47.663] [INFO] app - 注册 Router [server]
[2018-01-07T22:37:48.666] [INFO] app - 正在启动项目 模式: build
[2018-01-07T22:37:48.860] [INFO] app - 连接数据库 [mysql -h 127.0.0.1 -u root -D gdtv_cms]
[2018-01-07T22:37:49.093] [INFO] app - 连接数据库 [sqlite -h gdtvshopr1.mysql.rds.aliyuncs.com -u gdtvroot -D gdtvshop]
[2018-01-07T22:37:49.096] [INFO] app - 连接数据库 [sqlite -h gdtvcmsdb.mysql.rds.aliyuncs.com -u gdtvbalance -D gdtv_balance]
[2018-01-07T22:37:49.099] [INFO] app - 注册 Helper [moment]
[2018-01-07T22:37:49.100] [INFO] app - 注册 Helper [async]
[2018-01-07T22:37:49.107] [INFO] app - 注册 Helper [lodash]
[2018-01-07T22:37:49.110] [INFO] app - 注册 Middleware [heiner_static]
[2018-01-07T22:37:49.110] [INFO] app - 注册 Middleware [heiner_query]
[2018-01-07T22:37:49.111] [INFO] app - 注册 Middleware [heiner_body]
[2018-01-07T22:37:49.111] [INFO] app - 注册 Middleware [heiner_view]
[2018-01-07T22:37:49.147] [INFO] app - 注册 Middleware [heiner_static]
[2018-01-07T22:37:49.153] [INFO] app - 注册 Middleware [heiner_query]
[2018-01-07T22:37:49.190] [INFO] app - 注册 Middleware [heiner_body]
[2018-01-07T22:37:49.219] [INFO] app - 注册 Middleware [heiner_view]
[2018-01-07T22:37:49.221] [INFO] app - 注册 Controller [articleinfo.articleinfo]
[2018-01-07T22:37:49.224] [INFO] app - 注册 Controller [describe.describe]
[2018-01-07T22:37:49.226] [INFO] app - 注册 Controller [home]
[2018-01-07T22:37:49.228] [INFO] app - 注册 Controller [server.server]
[2018-01-07T22:37:49.283] [INFO] app - 注册 Router [articleinfo]
[2018-01-07T22:37:49.286] [INFO] app - 注册 Router [describe]
[2018-01-07T22:37:49.287] [INFO] app - 注册 Router [index]
[2018-01-07T22:37:49.289] [INFO] app - 注册 Router [server]
[2018-01-07T22:37:50.184] [INFO] app - 正在启动项目 模式: build
[2018-01-07T22:37:50.371] [INFO] app - 连接数据库 [mysql -h 127.0.0.1 -u root -D gdtv_cms]
[2018-01-07T22:37:50.704] [INFO] app - 连接数据库 [sqlite -h gdtvshopr1.mysql.rds.aliyuncs.com -u gdtvroot -D gdtvshop]
[2018-01-07T22:37:50.707] [INFO] app - 连接数据库 [sqlite -h gdtvcmsdb.mysql.rds.aliyuncs.com -u gdtvbalance -D gdtv_balance]
[2018-01-07T22:37:50.710] [INFO] app - 注册 Helper [moment]
[2018-01-07T22:37:50.711] [INFO] app - 注册 Helper [async]
[2018-01-07T22:37:50.722] [INFO] app - 注册 Helper [lodash]
[2018-01-07T22:37:50.727] [INFO] app - 注册 Middleware [heiner_static]
[2018-01-07T22:37:50.727] [INFO] app - 注册 Middleware [heiner_query]
[2018-01-07T22:37:50.727] [INFO] app - 注册 Middleware [heiner_body]
[2018-01-07T22:37:50.728] [INFO] app - 注册 Middleware [heiner_view]
[2018-01-07T22:37:50.779] [INFO] app - 注册 Middleware [heiner_static]
[2018-01-07T22:37:50.785] [INFO] app - 注册 Middleware [heiner_query]
[2018-01-07T22:37:50.832] [INFO] app - 注册 Middleware [heiner_body]
[2018-01-07T22:37:50.866] [INFO] app - 注册 Middleware [heiner_view]
[2018-01-07T22:37:50.870] [INFO] app - 注册 Controller [articleinfo.articleinfo]
[2018-01-07T22:37:50.873] [INFO] app - 注册 Controller [describe.describe]
[2018-01-07T22:37:50.876] [INFO] app - 注册 Controller [home]
[2018-01-07T22:37:50.878] [INFO] app - 注册 Controller [server.server]
[2018-01-07T22:37:50.957] [INFO] app - 注册 Router [articleinfo]
[2018-01-07T22:37:50.960] [INFO] app - 注册 Router [describe]
[2018-01-07T22:37:50.962] [INFO] app - 注册 Router [index]
[2018-01-07T22:37:50.963] [INFO] app - 注册 Router [server]
[2018-01-07T22:37:52.171] [INFO] app - 正在启动项目 模式: build
[2018-01-07T22:37:52.370] [INFO] app - 连接数据库 [mysql -h 127.0.0.1 -u root -D gdtv_cms]
[2018-01-07T22:37:52.574] [INFO] app - 连接数据库 [sqlite -h gdtvshopr1.mysql.rds.aliyuncs.com -u gdtvroot -D gdtvshop]
[2018-01-07T22:37:52.576] [INFO] app - 连接数据库 [sqlite -h gdtvcmsdb.mysql.rds.aliyuncs.com -u gdtvbalance -D gdtv_balance]
[2018-01-07T22:37:52.578] [INFO] app - 注册 Helper [moment]
[2018-01-07T22:37:52.578] [INFO] app - 注册 Helper [async]
[2018-01-07T22:37:52.585] [INFO] app - 注册 Helper [lodash]
[2018-01-07T22:37:52.588] [INFO] app - 注册 Middleware [heiner_static]
[2018-01-07T22:37:52.588] [INFO] app - 注册 Middleware [heiner_query]
[2018-01-07T22:37:52.589] [INFO] app - 注册 Middleware [heiner_body]
[2018-01-07T22:37:52.589] [INFO] app - 注册 Middleware [heiner_view]
[2018-01-07T22:37:52.623] [INFO] app - 注册 Middleware [heiner_static]
[2018-01-07T22:37:52.628] [INFO] app - 注册 Middleware [heiner_query]
[2018-01-07T22:37:52.673] [INFO] app - 注册 Middleware [heiner_body]
[2018-01-07T22:37:52.707] [INFO] app - 注册 Middleware [heiner_view]
[2018-01-07T22:37:52.711] [INFO] app - 注册 Controller [articleinfo.articleinfo]
[2018-01-07T22:37:52.714] [INFO] app - 注册 Controller [describe.describe]
[2018-01-07T22:37:52.717] [INFO] app - 注册 Controller [home]
[2018-01-07T22:37:52.719] [INFO] app - 注册 Controller [server.server]
[2018-01-07T22:37:52.796] [INFO] app - 注册 Router [articleinfo]
[2018-01-07T22:37:52.800] [INFO] app - 注册 Router [describe]
[2018-01-07T22:37:52.801] [INFO] app - 注册 Router [index]
[2018-01-07T22:37:52.802] [INFO] app - 注册 Router [server]
[2018-01-07T22:37:53.738] [INFO] app - 正在启动项目 模式: build
[2018-01-07T22:37:53.901] [INFO] app - 连接数据库 [mysql -h 127.0.0.1 -u root -D gdtv_cms]
[2018-01-07T22:37:54.089] [INFO] app - 连接数据库 [sqlite -h gdtvshopr1.mysql.rds.aliyuncs.com -u gdtvroot -D gdtvshop]
[2018-01-07T22:37:54.091] [INFO] app - 连接数据库 [sqlite -h gdtvcmsdb.mysql.rds.aliyuncs.com -u gdtvbalance -D gdtv_balance]
[2018-01-07T22:37:54.094] [INFO] app - 注册 Helper [moment]
[2018-01-07T22:37:54.095] [INFO] app - 注册 Helper [async]
[2018-01-07T22:37:54.101] [INFO] app - 注册 Helper [lodash]
[2018-01-07T22:37:54.105] [INFO] app - 注册 Middleware [heiner_static]
[2018-01-07T22:37:54.105] [INFO] app - 注册 Middleware [heiner_query]
[2018-01-07T22:37:54.106] [INFO] app - 注册 Middleware [heiner_body]
[2018-01-07T22:37:54.107] [INFO] app - 注册 Middleware [heiner_view]
[2018-01-07T22:37:54.141] [INFO] app - 注册 Middleware [heiner_static]
[2018-01-07T22:37:54.149] [INFO] app - 注册 Middleware [heiner_query]
[2018-01-07T22:37:54.190] [INFO] app - 注册 Middleware [heiner_body]
[2018-01-07T22:37:54.219] [INFO] app - 注册 Middleware [heiner_view]
[2018-01-07T22:37:54.222] [INFO] app - 注册 Controller [articleinfo.articleinfo]
[2018-01-07T22:37:54.225] [INFO] app - 注册 Controller [describe.describe]
[2018-01-07T22:37:54.227] [INFO] app - 注册 Controller [home]
[2018-01-07T22:37:54.228] [INFO] app - 注册 Controller [server.server]
[2018-01-07T22:37:54.289] [INFO] app - 注册 Router [articleinfo]
[2018-01-07T22:37:54.293] [INFO] app - 注册 Router [describe]
[2018-01-07T22:37:54.294] [INFO] app - 注册 Router [index]
[2018-01-07T22:37:54.296] [INFO] app - 注册 Router [server]
[2018-01-07T22:37:55.316] [INFO] app - 正在启动项目 模式: build
[2018-01-07T22:37:55.502] [INFO] app - 连接数据库 [mysql -h 127.0.0.1 -u root -D gdtv_cms]
[2018-01-07T22:37:55.715] [INFO] app - 连接数据库 [sqlite -h gdtvshopr1.mysql.rds.aliyuncs.com -u gdtvroot -D gdtvshop]
[2018-01-07T22:37:55.717] [INFO] app - 连接数据库 [sqlite -h gdtvcmsdb.mysql.rds.aliyuncs.com -u gdtvbalance -D gdtv_balance]
[2018-01-07T22:37:55.720] [INFO] app - 注册 Helper [moment]
[2018-01-07T22:37:55.720] [INFO] app - 注册 Helper [async]
[2018-01-07T22:37:55.727] [INFO] app - 注册 Helper [lodash]
[2018-01-07T22:37:55.731] [INFO] app - 注册 Middleware [heiner_static]
[2018-01-07T22:37:55.732] [INFO] app - 注册 Middleware [heiner_query]
[2018-01-07T22:37:55.732] [INFO] app - 注册 Middleware [heiner_body]
[2018-01-07T22:37:55.732] [INFO] app - 注册 Middleware [heiner_view]
[2018-01-07T22:37:55.767] [INFO] app - 注册 Middleware [heiner_static]
[2018-01-07T22:37:55.773] [INFO] app - 注册 Middleware [heiner_query]
[2018-01-07T22:37:55.814] [INFO] app - 注册 Middleware [heiner_body]
[2018-01-07T22:37:55.847] [INFO] app - 注册 Middleware [heiner_view]
[2018-01-07T22:37:55.849] [INFO] app - 注册 Controller [articleinfo.articleinfo]
[2018-01-07T22:37:55.852] [INFO] app - 注册 Controller [describe.describe]
[2018-01-07T22:37:55.854] [INFO] app - 注册 Controller [home]
[2018-01-07T22:37:55.856] [INFO] app - 注册 Controller [server.server]
[2018-01-07T22:37:55.913] [INFO] app - 注册 Router [articleinfo]
[2018-01-07T22:37:55.915] [INFO] app - 注册 Router [describe]
[2018-01-07T22:37:55.917] [INFO] app - 注册 Router [index]
[2018-01-07T22:37:55.918] [INFO] app - 注册 Router [server]
[2018-01-07T22:37:56.977] [INFO] app - 正在启动项目 模式: build
[2018-01-07T22:37:57.204] [INFO] app - 连接数据库 [mysql -h 127.0.0.1 -u root -D gdtv_cms]
[2018-01-07T22:37:57.487] [INFO] app - 连接数据库 [sqlite -h gdtvshopr1.mysql.rds.aliyuncs.com -u gdtvroot -D gdtvshop]
[2018-01-07T22:37:57.490] [INFO] app - 连接数据库 [sqlite -h gdtvcmsdb.mysql.rds.aliyuncs.com -u gdtvbalance -D gdtv_balance]
[2018-01-07T22:37:57.493] [INFO] app - 注册 Helper [moment]
[2018-01-07T22:37:57.494] [INFO] app - 注册 Helper [async]
[2018-01-07T22:37:57.504] [INFO] app - 注册 Helper [lodash]
[2018-01-07T22:37:57.509] [INFO] app - 注册 Middleware [heiner_static]
[2018-01-07T22:37:57.510] [INFO] app - 注册 Middleware [heiner_query]
[2018-01-07T22:37:57.510] [INFO] app - 注册 Middleware [heiner_body]
[2018-01-07T22:37:57.511] [INFO] app - 注册 Middleware [heiner_view]
[2018-01-07T22:37:57.560] [INFO] app - 注册 Middleware [heiner_static]
[2018-01-07T22:37:57.575] [INFO] app - 注册 Middleware [heiner_query]
[2018-01-07T22:37:57.628] [INFO] app - 注册 Middleware [heiner_body]
[2018-01-07T22:37:57.670] [INFO] app - 注册 Middleware [heiner_view]
[2018-01-07T22:37:57.672] [INFO] app - 注册 Controller [articleinfo.articleinfo]
[2018-01-07T22:37:57.675] [INFO] app - 注册 Controller [describe.describe]
[2018-01-07T22:37:57.678] [INFO] app - 注册 Controller [home]
[2018-01-07T22:37:57.680] [INFO] app - 注册 Controller [server.server]
[2018-01-07T22:37:57.754] [INFO] app - 注册 Router [articleinfo]
[2018-01-07T22:37:57.758] [INFO] app - 注册 Router [describe]
[2018-01-07T22:37:57.759] [INFO] app - 注册 Router [index]
[2018-01-07T22:37:57.761] [INFO] app - 注册 Router [server]
[2018-01-07T22:37:58.636] [INFO] app - 正在启动项目 模式: build
[2018-01-07T22:37:58.796] [INFO] app - 连接数据库 [mysql -h 127.0.0.1 -u root -D gdtv_cms]
[2018-01-07T22:37:58.969] [INFO] app - 连接数据库 [sqlite -h gdtvshopr1.mysql.rds.aliyuncs.com -u gdtvroot -D gdtvshop]
[2018-01-07T22:37:58.971] [INFO] app - 连接数据库 [sqlite -h gdtvcmsdb.mysql.rds.aliyuncs.com -u gdtvbalance -D gdtv_balance]
[2018-01-07T22:37:58.973] [INFO] app - 注册 Helper [moment]
[2018-01-07T22:37:58.973] [INFO] app - 注册 Helper [async]
[2018-01-07T22:37:58.980] [INFO] app - 注册 Helper [lodash]
[2018-01-07T22:37:58.983] [INFO] app - 注册 Middleware [heiner_static]
[2018-01-07T22:37:58.983] [INFO] app - 注册 Middleware [heiner_query]
[2018-01-07T22:37:58.984] [INFO] app - 注册 Middleware [heiner_body]
[2018-01-07T22:37:58.984] [INFO] app - 注册 Middleware [heiner_view]
[2018-01-07T22:37:59.011] [INFO] app - 注册 Middleware [heiner_static]
[2018-01-07T22:37:59.017] [INFO] app - 注册 Middleware [heiner_query]
[2018-01-07T22:37:59.051] [INFO] app - 注册 Middleware [heiner_body]
[2018-01-07T22:37:59.080] [INFO] app - 注册 Middleware [heiner_view]
[2018-01-07T22:37:59.084] [INFO] app - 注册 Controller [articleinfo.articleinfo]
[2018-01-07T22:37:59.087] [INFO] app - 注册 Controller [describe.describe]
[2018-01-07T22:37:59.089] [INFO] app - 注册 Controller [home]
[2018-01-07T22:37:59.090] [INFO] app - 注册 Controller [server.server]
[2018-01-07T22:37:59.154] [INFO] app - 注册 Router [articleinfo]
[2018-01-07T22:37:59.157] [INFO] app - 注册 Router [describe]
[2018-01-07T22:37:59.159] [INFO] app - 注册 Router [index]
[2018-01-07T22:37:59.160] [INFO] app - 注册 Router [server]
