[2018-01-07T22:35:00.213] [INFO] app - 正在启动项目 模式: build
[2018-01-07T22:35:00.433] [INFO] app - 连接数据库 [mysql -h 127.0.0.1 -u root -D gdtv_cms]
[2018-01-07T22:35:00.721] [INFO] app - 连接数据库 [sqlite -h gdtvshopr1.mysql.rds.aliyuncs.com -u gdtvroot -D gdtvshop]
[2018-01-07T22:35:00.724] [INFO] app - 连接数据库 [sqlite -h gdtvcmsdb.mysql.rds.aliyuncs.com -u gdtvbalance -D gdtv_balance]
[2018-01-07T22:35:00.728] [INFO] app - 注册 Helper [moment]
[2018-01-07T22:35:00.728] [INFO] app - 注册 Helper [async]
[2018-01-07T22:35:00.740] [INFO] app - 注册 Helper [lodash]
[2018-01-07T22:35:00.745] [INFO] app - 注册 Middleware [heiner_static]
[2018-01-07T22:35:00.746] [INFO] app - 注册 Middleware [heiner_query]
[2018-01-07T22:35:00.746] [INFO] app - 注册 Middleware [heiner_body]
[2018-01-07T22:35:00.746] [INFO] app - 注册 Middleware [heiner_view]
[2018-01-07T22:35:00.797] [INFO] app - 注册 Middleware [heiner_static]
[2018-01-07T22:35:00.806] [INFO] app - 注册 Middleware [heiner_query]
[2018-01-07T22:35:00.862] [INFO] app - 注册 Middleware [heiner_body]
[2018-01-07T22:35:00.904] [INFO] app - 注册 Middleware [heiner_view]
[2018-01-07T22:35:00.909] [INFO] app - 注册 Controller [articleinfo.articleinfo]
[2018-01-07T22:35:00.915] [INFO] app - 注册 Controller [describe.describe]
[2018-01-07T22:35:00.918] [INFO] app - 注册 Controller [home]
[2018-01-07T22:35:00.921] [INFO] app - 注册 Controller [server.server]
[2018-01-07T22:35:01.006] [INFO] app - 注册 Router [articleinfo]
[2018-01-07T22:35:01.010] [INFO] app - 注册 Router [describe]
[2018-01-07T22:35:01.012] [INFO] app - 注册 Router [index]
[2018-01-07T22:35:01.013] [INFO] app - 注册 Router [server]
[2018-01-07T22:35:01.928] [INFO] app - 正在启动项目 模式: build
[2018-01-07T22:35:02.077] [INFO] app - 连接数据库 [mysql -h 127.0.0.1 -u root -D gdtv_cms]
[2018-01-07T22:35:02.255] [INFO] app - 连接数据库 [sqlite -h gdtvshopr1.mysql.rds.aliyuncs.com -u gdtvroot -D gdtvshop]
[2018-01-07T22:35:02.257] [INFO] app - 连接数据库 [sqlite -h gdtvcmsdb.mysql.rds.aliyuncs.com -u gdtvbalance -D gdtv_balance]
[2018-01-07T22:35:02.259] [INFO] app - 注册 Helper [moment]
[2018-01-07T22:35:02.260] [INFO] app - 注册 Helper [async]
[2018-01-07T22:35:02.269] [INFO] app - 注册 Helper [lodash]
[2018-01-07T22:35:02.272] [INFO] app - 注册 Middleware [heiner_static]
[2018-01-07T22:35:02.273] [INFO] app - 注册 Middleware [heiner_query]
[2018-01-07T22:35:02.273] [INFO] app - 注册 Middleware [heiner_body]
[2018-01-07T22:35:02.273] [INFO] app - 注册 Middleware [heiner_view]
[2018-01-07T22:35:02.305] [INFO] app - 注册 Middleware [heiner_static]
[2018-01-07T22:35:02.310] [INFO] app - 注册 Middleware [heiner_query]
[2018-01-07T22:35:02.347] [INFO] app - 注册 Middleware [heiner_body]
[2018-01-07T22:35:02.373] [INFO] app - 注册 Middleware [heiner_view]
[2018-01-07T22:35:02.376] [INFO] app - 注册 Controller [articleinfo.articleinfo]
[2018-01-07T22:35:02.378] [INFO] app - 注册 Controller [describe.describe]
[2018-01-07T22:35:02.381] [INFO] app - 注册 Controller [home]
[2018-01-07T22:35:02.383] [INFO] app - 注册 Controller [server.server]
[2018-01-07T22:35:02.447] [INFO] app - 注册 Router [articleinfo]
[2018-01-07T22:35:02.450] [INFO] app - 注册 Router [describe]
[2018-01-07T22:35:02.451] [INFO] app - 注册 Router [index]
[2018-01-07T22:35:02.452] [INFO] app - 注册 Router [server]
[2018-01-07T22:35:03.478] [INFO] app - 正在启动项目 模式: build
[2018-01-07T22:35:03.650] [INFO] app - 连接数据库 [mysql -h 127.0.0.1 -u root -D gdtv_cms]
[2018-01-07T22:35:03.845] [INFO] app - 连接数据库 [sqlite -h gdtvshopr1.mysql.rds.aliyuncs.com -u gdtvroot -D gdtvshop]
[2018-01-07T22:35:03.847] [INFO] app - 连接数据库 [sqlite -h gdtvcmsdb.mysql.rds.aliyuncs.com -u gdtvbalance -D gdtv_balance]
[2018-01-07T22:35:03.849] [INFO] app - 注册 Helper [moment]
[2018-01-07T22:35:03.850] [INFO] app - 注册 Helper [async]
[2018-01-07T22:35:03.857] [INFO] app - 注册 Helper [lodash]
[2018-01-07T22:35:03.861] [INFO] app - 注册 Middleware [heiner_static]
[2018-01-07T22:35:03.861] [INFO] app - 注册 Middleware [heiner_query]
[2018-01-07T22:35:03.861] [INFO] app - 注册 Middleware [heiner_body]
[2018-01-07T22:35:03.861] [INFO] app - 注册 Middleware [heiner_view]
[2018-01-07T22:35:03.894] [INFO] app - 注册 Middleware [heiner_static]
[2018-01-07T22:35:03.900] [INFO] app - 注册 Middleware [heiner_query]
[2018-01-07T22:35:03.936] [INFO] app - 注册 Middleware [heiner_body]
[2018-01-07T22:35:03.964] [INFO] app - 注册 Middleware [heiner_view]
[2018-01-07T22:35:03.967] [INFO] app - 注册 Controller [articleinfo.articleinfo]
[2018-01-07T22:35:03.969] [INFO] app - 注册 Controller [describe.describe]
[2018-01-07T22:35:03.971] [INFO] app - 注册 Controller [home]
[2018-01-07T22:35:03.973] [INFO] app - 注册 Controller [server.server]
[2018-01-07T22:35:04.034] [INFO] app - 注册 Router [articleinfo]
[2018-01-07T22:35:04.037] [INFO] app - 注册 Router [describe]
[2018-01-07T22:35:04.038] [INFO] app - 注册 Router [index]
[2018-01-07T22:35:04.039] [INFO] app - 注册 Router [server]
[2018-01-07T22:35:05.001] [INFO] app - 正在启动项目 模式: build
[2018-01-07T22:35:05.160] [INFO] app - 连接数据库 [mysql -h 127.0.0.1 -u root -D gdtv_cms]
[2018-01-07T22:35:05.348] [INFO] app - 连接数据库 [sqlite -h gdtvshopr1.mysql.rds.aliyuncs.com -u gdtvroot -D gdtvshop]
[2018-01-07T22:35:05.351] [INFO] app - 连接数据库 [sqlite -h gdtvcmsdb.mysql.rds.aliyuncs.com -u gdtvbalance -D gdtv_balance]
[2018-01-07T22:35:05.354] [INFO] app - 注册 Helper [moment]
[2018-01-07T22:35:05.355] [INFO] app - 注册 Helper [async]
[2018-01-07T22:35:05.363] [INFO] app - 注册 Helper [lodash]
[2018-01-07T22:35:05.366] [INFO] app - 注册 Middleware [heiner_static]
[2018-01-07T22:35:05.367] [INFO] app - 注册 Middleware [heiner_query]
[2018-01-07T22:35:05.367] [INFO] app - 注册 Middleware [heiner_body]
[2018-01-07T22:35:05.367] [INFO] app - 注册 Middleware [heiner_view]
[2018-01-07T22:35:05.405] [INFO] app - 注册 Middleware [heiner_static]
[2018-01-07T22:35:05.411] [INFO] app - 注册 Middleware [heiner_query]
[2018-01-07T22:35:05.449] [INFO] app - 注册 Middleware [heiner_body]
[2018-01-07T22:35:05.479] [INFO] app - 注册 Middleware [heiner_view]
[2018-01-07T22:35:05.482] [INFO] app - 注册 Controller [articleinfo.articleinfo]
[2018-01-07T22:35:05.486] [INFO] app - 注册 Controller [describe.describe]
[2018-01-07T22:35:05.488] [INFO] app - 注册 Controller [home]
[2018-01-07T22:35:05.490] [INFO] app - 注册 Controller [server.server]
[2018-01-07T22:35:05.547] [INFO] app - 注册 Router [articleinfo]
[2018-01-07T22:35:05.549] [INFO] app - 注册 Router [describe]
[2018-01-07T22:35:05.551] [INFO] app - 注册 Router [index]
[2018-01-07T22:35:05.552] [INFO] app - 注册 Router [server]
[2018-01-07T22:35:07.023] [INFO] app - 正在启动项目 模式: build
[2018-01-07T22:35:07.213] [INFO] app - 连接数据库 [mysql -h 127.0.0.1 -u root -D gdtv_cms]
[2018-01-07T22:35:07.396] [INFO] app - 连接数据库 [sqlite -h gdtvshopr1.mysql.rds.aliyuncs.com -u gdtvroot -D gdtvshop]
[2018-01-07T22:35:07.398] [INFO] app - 连接数据库 [sqlite -h gdtvcmsdb.mysql.rds.aliyuncs.com -u gdtvbalance -D gdtv_balance]
[2018-01-07T22:35:07.401] [INFO] app - 注册 Helper [moment]
[2018-01-07T22:35:07.401] [INFO] app - 注册 Helper [async]
[2018-01-07T22:35:07.409] [INFO] app - 注册 Helper [lodash]
[2018-01-07T22:35:07.413] [INFO] app - 注册 Middleware [heiner_static]
[2018-01-07T22:35:07.414] [INFO] app - 注册 Middleware [heiner_query]
[2018-01-07T22:35:07.414] [INFO] app - 注册 Middleware [heiner_body]
[2018-01-07T22:35:07.414] [INFO] app - 注册 Middleware [heiner_view]
[2018-01-07T22:35:07.449] [INFO] app - 注册 Middleware [heiner_static]
[2018-01-07T22:35:07.455] [INFO] app - 注册 Middleware [heiner_query]
[2018-01-07T22:35:07.489] [INFO] app - 注册 Middleware [heiner_body]
[2018-01-07T22:35:07.525] [INFO] app - 注册 Middleware [heiner_view]
[2018-01-07T22:35:07.527] [INFO] app - 注册 Controller [articleinfo.articleinfo]
[2018-01-07T22:35:07.530] [INFO] app - 注册 Controller [describe.describe]
[2018-01-07T22:35:07.532] [INFO] app - 注册 Controller [home]
[2018-01-07T22:35:07.533] [INFO] app - 注册 Controller [server.server]
[2018-01-07T22:35:07.589] [INFO] app - 注册 Router [articleinfo]
[2018-01-07T22:35:07.592] [INFO] app - 注册 Router [describe]
[2018-01-07T22:35:07.593] [INFO] app - 注册 Router [index]
[2018-01-07T22:35:07.594] [INFO] app - 注册 Router [server]
[2018-01-07T22:35:08.507] [INFO] app - 正在启动项目 模式: build
[2018-01-07T22:35:08.684] [INFO] app - 连接数据库 [mysql -h 127.0.0.1 -u root -D gdtv_cms]
[2018-01-07T22:35:08.881] [INFO] app - 连接数据库 [sqlite -h gdtvshopr1.mysql.rds.aliyuncs.com -u gdtvroot -D gdtvshop]
[2018-01-07T22:35:08.885] [INFO] app - 连接数据库 [sqlite -h gdtvcmsdb.mysql.rds.aliyuncs.com -u gdtvbalance -D gdtv_balance]
[2018-01-07T22:35:08.888] [INFO] app - 注册 Helper [moment]
[2018-01-07T22:35:08.889] [INFO] app - 注册 Helper [async]
[2018-01-07T22:35:08.896] [INFO] app - 注册 Helper [lodash]
[2018-01-07T22:35:08.900] [INFO] app - 注册 Middleware [heiner_static]
[2018-01-07T22:35:08.901] [INFO] app - 注册 Middleware [heiner_query]
[2018-01-07T22:35:08.901] [INFO] app - 注册 Middleware [heiner_body]
[2018-01-07T22:35:08.901] [INFO] app - 注册 Middleware [heiner_view]
[2018-01-07T22:35:08.939] [INFO] app - 注册 Middleware [heiner_static]
[2018-01-07T22:35:08.944] [INFO] app - 注册 Middleware [heiner_query]
[2018-01-07T22:35:08.985] [INFO] app - 注册 Middleware [heiner_body]
[2018-01-07T22:35:09.018] [INFO] app - 注册 Middleware [heiner_view]
[2018-01-07T22:35:09.022] [INFO] app - 注册 Controller [articleinfo.articleinfo]
[2018-01-07T22:35:09.025] [INFO] app - 注册 Controller [describe.describe]
[2018-01-07T22:35:09.027] [INFO] app - 注册 Controller [home]
[2018-01-07T22:35:09.030] [INFO] app - 注册 Controller [server.server]
[2018-01-07T22:35:09.099] [INFO] app - 注册 Router [articleinfo]
[2018-01-07T22:35:09.102] [INFO] app - 注册 Router [describe]
[2018-01-07T22:35:09.103] [INFO] app - 注册 Router [index]
[2018-01-07T22:35:09.106] [INFO] app - 注册 Router [server]
[2018-01-07T22:35:10.073] [INFO] app - 正在启动项目 模式: build
[2018-01-07T22:35:10.222] [INFO] app - 连接数据库 [mysql -h 127.0.0.1 -u root -D gdtv_cms]
[2018-01-07T22:35:10.402] [INFO] app - 连接数据库 [sqlite -h gdtvshopr1.mysql.rds.aliyuncs.com -u gdtvroot -D gdtvshop]
[2018-01-07T22:35:10.405] [INFO] app - 连接数据库 [sqlite -h gdtvcmsdb.mysql.rds.aliyuncs.com -u gdtvbalance -D gdtv_balance]
[2018-01-07T22:35:10.407] [INFO] app - 注册 Helper [moment]
[2018-01-07T22:35:10.407] [INFO] app - 注册 Helper [async]
[2018-01-07T22:35:10.414] [INFO] app - 注册 Helper [lodash]
[2018-01-07T22:35:10.417] [INFO] app - 注册 Middleware [heiner_static]
[2018-01-07T22:35:10.418] [INFO] app - 注册 Middleware [heiner_query]
[2018-01-07T22:35:10.418] [INFO] app - 注册 Middleware [heiner_body]
[2018-01-07T22:35:10.418] [INFO] app - 注册 Middleware [heiner_view]
[2018-01-07T22:35:10.454] [INFO] app - 注册 Middleware [heiner_static]
[2018-01-07T22:35:10.458] [INFO] app - 注册 Middleware [heiner_query]
[2018-01-07T22:35:10.498] [INFO] app - 注册 Middleware [heiner_body]
[2018-01-07T22:35:10.523] [INFO] app - 注册 Middleware [heiner_view]
[2018-01-07T22:35:10.526] [INFO] app - 注册 Controller [articleinfo.articleinfo]
[2018-01-07T22:35:10.528] [INFO] app - 注册 Controller [describe.describe]
[2018-01-07T22:35:10.530] [INFO] app - 注册 Controller [home]
[2018-01-07T22:35:10.532] [INFO] app - 注册 Controller [server.server]
[2018-01-07T22:35:10.604] [INFO] app - 注册 Router [articleinfo]
[2018-01-07T22:35:10.607] [INFO] app - 注册 Router [describe]
[2018-01-07T22:35:10.609] [INFO] app - 注册 Router [index]
[2018-01-07T22:35:10.610] [INFO] app - 注册 Router [server]
[2018-01-07T22:35:11.475] [INFO] app - 正在启动项目 模式: build
[2018-01-07T22:35:11.633] [INFO] app - 连接数据库 [mysql -h 127.0.0.1 -u root -D gdtv_cms]
[2018-01-07T22:35:11.807] [INFO] app - 连接数据库 [sqlite -h gdtvshopr1.mysql.rds.aliyuncs.com -u gdtvroot -D gdtvshop]
[2018-01-07T22:35:11.809] [INFO] app - 连接数据库 [sqlite -h gdtvcmsdb.mysql.rds.aliyuncs.com -u gdtvbalance -D gdtv_balance]
[2018-01-07T22:35:11.811] [INFO] app - 注册 Helper [moment]
[2018-01-07T22:35:11.811] [INFO] app - 注册 Helper [async]
[2018-01-07T22:35:11.820] [INFO] app - 注册 Helper [lodash]
[2018-01-07T22:35:11.824] [INFO] app - 注册 Middleware [heiner_static]
[2018-01-07T22:35:11.825] [INFO] app - 注册 Middleware [heiner_query]
[2018-01-07T22:35:11.825] [INFO] app - 注册 Middleware [heiner_body]
[2018-01-07T22:35:11.825] [INFO] app - 注册 Middleware [heiner_view]
[2018-01-07T22:35:11.863] [INFO] app - 注册 Middleware [heiner_static]
[2018-01-07T22:35:11.870] [INFO] app - 注册 Middleware [heiner_query]
[2018-01-07T22:35:11.945] [INFO] app - 注册 Middleware [heiner_body]
[2018-01-07T22:35:11.991] [INFO] app - 注册 Middleware [heiner_view]
[2018-01-07T22:35:11.995] [INFO] app - 注册 Controller [articleinfo.articleinfo]
[2018-01-07T22:35:11.999] [INFO] app - 注册 Controller [describe.describe]
[2018-01-07T22:35:12.003] [INFO] app - 注册 Controller [home]
[2018-01-07T22:35:12.005] [INFO] app - 注册 Controller [server.server]
[2018-01-07T22:35:12.089] [INFO] app - 注册 Router [articleinfo]
[2018-01-07T22:35:12.093] [INFO] app - 注册 Router [describe]
[2018-01-07T22:35:12.095] [INFO] app - 注册 Router [index]
[2018-01-07T22:35:12.096] [INFO] app - 注册 Router [server]
[2018-01-07T22:35:13.333] [INFO] app - 正在启动项目 模式: build
[2018-01-07T22:35:13.520] [INFO] app - 连接数据库 [mysql -h 127.0.0.1 -u root -D gdtv_cms]
[2018-01-07T22:35:13.706] [INFO] app - 连接数据库 [sqlite -h gdtvshopr1.mysql.rds.aliyuncs.com -u gdtvroot -D gdtvshop]
[2018-01-07T22:35:13.709] [INFO] app - 连接数据库 [sqlite -h gdtvcmsdb.mysql.rds.aliyuncs.com -u gdtvbalance -D gdtv_balance]
[2018-01-07T22:35:13.712] [INFO] app - 注册 Helper [moment]
[2018-01-07T22:35:13.713] [INFO] app - 注册 Helper [async]
[2018-01-07T22:35:13.719] [INFO] app - 注册 Helper [lodash]
[2018-01-07T22:35:13.723] [INFO] app - 注册 Middleware [heiner_static]
[2018-01-07T22:35:13.724] [INFO] app - 注册 Middleware [heiner_query]
[2018-01-07T22:35:13.724] [INFO] app - 注册 Middleware [heiner_body]
[2018-01-07T22:35:13.724] [INFO] app - 注册 Middleware [heiner_view]
[2018-01-07T22:35:13.762] [INFO] app - 注册 Middleware [heiner_static]
[2018-01-07T22:35:13.767] [INFO] app - 注册 Middleware [heiner_query]
[2018-01-07T22:35:13.808] [INFO] app - 注册 Middleware [heiner_body]
[2018-01-07T22:35:13.835] [INFO] app - 注册 Middleware [heiner_view]
[2018-01-07T22:35:13.838] [INFO] app - 注册 Controller [articleinfo.articleinfo]
[2018-01-07T22:35:13.840] [INFO] app - 注册 Controller [describe.describe]
[2018-01-07T22:35:13.843] [INFO] app - 注册 Controller [home]
[2018-01-07T22:35:13.844] [INFO] app - 注册 Controller [server.server]
[2018-01-07T22:35:13.901] [INFO] app - 注册 Router [articleinfo]
[2018-01-07T22:35:13.904] [INFO] app - 注册 Router [describe]
[2018-01-07T22:35:13.905] [INFO] app - 注册 Router [index]
[2018-01-07T22:35:13.907] [INFO] app - 注册 Router [server]
[2018-01-07T22:35:14.797] [INFO] app - 正在启动项目 模式: build
[2018-01-07T22:35:14.946] [INFO] app - 连接数据库 [mysql -h 127.0.0.1 -u root -D gdtv_cms]
[2018-01-07T22:35:15.136] [INFO] app - 连接数据库 [sqlite -h gdtvshopr1.mysql.rds.aliyuncs.com -u gdtvroot -D gdtvshop]
[2018-01-07T22:35:15.139] [INFO] app - 连接数据库 [sqlite -h gdtvcmsdb.mysql.rds.aliyuncs.com -u gdtvbalance -D gdtv_balance]
[2018-01-07T22:35:15.141] [INFO] app - 注册 Helper [moment]
[2018-01-07T22:35:15.142] [INFO] app - 注册 Helper [async]
[2018-01-07T22:35:15.149] [INFO] app - 注册 Helper [lodash]
[2018-01-07T22:35:15.153] [INFO] app - 注册 Middleware [heiner_static]
[2018-01-07T22:35:15.153] [INFO] app - 注册 Middleware [heiner_query]
[2018-01-07T22:35:15.153] [INFO] app - 注册 Middleware [heiner_body]
[2018-01-07T22:35:15.153] [INFO] app - 注册 Middleware [heiner_view]
[2018-01-07T22:35:15.181] [INFO] app - 注册 Middleware [heiner_static]
[2018-01-07T22:35:15.186] [INFO] app - 注册 Middleware [heiner_query]
[2018-01-07T22:35:15.228] [INFO] app - 注册 Middleware [heiner_body]
[2018-01-07T22:35:15.258] [INFO] app - 注册 Middleware [heiner_view]
[2018-01-07T22:35:15.261] [INFO] app - 注册 Controller [articleinfo.articleinfo]
[2018-01-07T22:35:15.265] [INFO] app - 注册 Controller [describe.describe]
[2018-01-07T22:35:15.266] [INFO] app - 注册 Controller [home]
[2018-01-07T22:35:15.268] [INFO] app - 注册 Controller [server.server]
[2018-01-07T22:35:15.323] [INFO] app - 注册 Router [articleinfo]
[2018-01-07T22:35:15.326] [INFO] app - 注册 Router [describe]
[2018-01-07T22:35:15.328] [INFO] app - 注册 Router [index]
[2018-01-07T22:35:15.329] [INFO] app - 注册 Router [server]
[2018-01-07T22:35:16.262] [INFO] app - 正在启动项目 模式: build
[2018-01-07T22:35:16.413] [INFO] app - 连接数据库 [mysql -h 127.0.0.1 -u root -D gdtv_cms]
[2018-01-07T22:35:16.597] [INFO] app - 连接数据库 [sqlite -h gdtvshopr1.mysql.rds.aliyuncs.com -u gdtvroot -D gdtvshop]
[2018-01-07T22:35:16.599] [INFO] app - 连接数据库 [sqlite -h gdtvcmsdb.mysql.rds.aliyuncs.com -u gdtvbalance -D gdtv_balance]
[2018-01-07T22:35:16.601] [INFO] app - 注册 Helper [moment]
[2018-01-07T22:35:16.602] [INFO] app - 注册 Helper [async]
[2018-01-07T22:35:16.610] [INFO] app - 注册 Helper [lodash]
[2018-01-07T22:35:16.614] [INFO] app - 注册 Middleware [heiner_static]
[2018-01-07T22:35:16.614] [INFO] app - 注册 Middleware [heiner_query]
[2018-01-07T22:35:16.614] [INFO] app - 注册 Middleware [heiner_body]
[2018-01-07T22:35:16.615] [INFO] app - 注册 Middleware [heiner_view]
[2018-01-07T22:35:16.656] [INFO] app - 注册 Middleware [heiner_static]
[2018-01-07T22:35:16.663] [INFO] app - 注册 Middleware [heiner_query]
[2018-01-07T22:35:16.701] [INFO] app - 注册 Middleware [heiner_body]
[2018-01-07T22:35:16.735] [INFO] app - 注册 Middleware [heiner_view]
[2018-01-07T22:35:16.738] [INFO] app - 注册 Controller [articleinfo.articleinfo]
[2018-01-07T22:35:16.740] [INFO] app - 注册 Controller [describe.describe]
[2018-01-07T22:35:16.742] [INFO] app - 注册 Controller [home]
[2018-01-07T22:35:16.743] [INFO] app - 注册 Controller [server.server]
[2018-01-07T22:35:16.805] [INFO] app - 注册 Router [articleinfo]
[2018-01-07T22:35:16.808] [INFO] app - 注册 Router [describe]
[2018-01-07T22:35:16.809] [INFO] app - 注册 Router [index]
[2018-01-07T22:35:16.810] [INFO] app - 注册 Router [server]
[2018-01-07T22:35:17.740] [INFO] app - 正在启动项目 模式: build
[2018-01-07T22:35:17.961] [INFO] app - 连接数据库 [mysql -h 127.0.0.1 -u root -D gdtv_cms]
[2018-01-07T22:35:18.315] [INFO] app - 连接数据库 [sqlite -h gdtvshopr1.mysql.rds.aliyuncs.com -u gdtvroot -D gdtvshop]
[2018-01-07T22:35:18.317] [INFO] app - 连接数据库 [sqlite -h gdtvcmsdb.mysql.rds.aliyuncs.com -u gdtvbalance -D gdtv_balance]
[2018-01-07T22:35:18.320] [INFO] app - 注册 Helper [moment]
[2018-01-07T22:35:18.321] [INFO] app - 注册 Helper [async]
[2018-01-07T22:35:18.331] [INFO] app - 注册 Helper [lodash]
[2018-01-07T22:35:18.336] [INFO] app - 注册 Middleware [heiner_static]
[2018-01-07T22:35:18.336] [INFO] app - 注册 Middleware [heiner_query]
[2018-01-07T22:35:18.336] [INFO] app - 注册 Middleware [heiner_body]
[2018-01-07T22:35:18.337] [INFO] app - 注册 Middleware [heiner_view]
[2018-01-07T22:35:18.397] [INFO] app - 注册 Middleware [heiner_static]
[2018-01-07T22:35:18.407] [INFO] app - 注册 Middleware [heiner_query]
[2018-01-07T22:35:18.464] [INFO] app - 注册 Middleware [heiner_body]
[2018-01-07T22:35:18.501] [INFO] app - 注册 Middleware [heiner_view]
[2018-01-07T22:35:18.504] [INFO] app - 注册 Controller [articleinfo.articleinfo]
[2018-01-07T22:35:18.508] [INFO] app - 注册 Controller [describe.describe]
[2018-01-07T22:35:18.510] [INFO] app - 注册 Controller [home]
[2018-01-07T22:35:18.516] [INFO] app - 注册 Controller [server.server]
[2018-01-07T22:35:18.597] [INFO] app - 注册 Router [articleinfo]
[2018-01-07T22:35:18.600] [INFO] app - 注册 Router [describe]
[2018-01-07T22:35:18.601] [INFO] app - 注册 Router [index]
[2018-01-07T22:35:18.603] [INFO] app - 注册 Router [server]
[2018-01-07T22:35:19.510] [INFO] app - 正在启动项目 模式: build
[2018-01-07T22:35:19.675] [INFO] app - 连接数据库 [mysql -h 127.0.0.1 -u root -D gdtv_cms]
[2018-01-07T22:35:19.865] [INFO] app - 连接数据库 [sqlite -h gdtvshopr1.mysql.rds.aliyuncs.com -u gdtvroot -D gdtvshop]
[2018-01-07T22:35:19.867] [INFO] app - 连接数据库 [sqlite -h gdtvcmsdb.mysql.rds.aliyuncs.com -u gdtvbalance -D gdtv_balance]
[2018-01-07T22:35:19.869] [INFO] app - 注册 Helper [moment]
[2018-01-07T22:35:19.870] [INFO] app - 注册 Helper [async]
[2018-01-07T22:35:19.877] [INFO] app - 注册 Helper [lodash]
[2018-01-07T22:35:19.881] [INFO] app - 注册 Middleware [heiner_static]
[2018-01-07T22:35:19.882] [INFO] app - 注册 Middleware [heiner_query]
[2018-01-07T22:35:19.882] [INFO] app - 注册 Middleware [heiner_body]
[2018-01-07T22:35:19.882] [INFO] app - 注册 Middleware [heiner_view]
[2018-01-07T22:35:19.914] [INFO] app - 注册 Middleware [heiner_static]
[2018-01-07T22:35:19.919] [INFO] app - 注册 Middleware [heiner_query]
[2018-01-07T22:35:19.961] [INFO] app - 注册 Middleware [heiner_body]
[2018-01-07T22:35:19.991] [INFO] app - 注册 Middleware [heiner_view]
[2018-01-07T22:35:19.994] [INFO] app - 注册 Controller [articleinfo.articleinfo]
[2018-01-07T22:35:19.998] [INFO] app - 注册 Controller [describe.describe]
[2018-01-07T22:35:19.999] [INFO] app - 注册 Controller [home]
[2018-01-07T22:35:20.001] [INFO] app - 注册 Controller [server.server]
[2018-01-07T22:35:20.062] [INFO] app - 注册 Router [articleinfo]
[2018-01-07T22:35:20.065] [INFO] app - 注册 Router [describe]
[2018-01-07T22:35:20.067] [INFO] app - 注册 Router [index]
[2018-01-07T22:35:20.068] [INFO] app - 注册 Router [server]
[2018-01-07T22:35:21.045] [INFO] app - 正在启动项目 模式: build
[2018-01-07T22:35:21.202] [INFO] app - 连接数据库 [mysql -h 127.0.0.1 -u root -D gdtv_cms]
[2018-01-07T22:35:21.381] [INFO] app - 连接数据库 [sqlite -h gdtvshopr1.mysql.rds.aliyuncs.com -u gdtvroot -D gdtvshop]
[2018-01-07T22:35:21.383] [INFO] app - 连接数据库 [sqlite -h gdtvcmsdb.mysql.rds.aliyuncs.com -u gdtvbalance -D gdtv_balance]
[2018-01-07T22:35:21.385] [INFO] app - 注册 Helper [moment]
[2018-01-07T22:35:21.386] [INFO] app - 注册 Helper [async]
[2018-01-07T22:35:21.393] [INFO] app - 注册 Helper [lodash]
[2018-01-07T22:35:21.397] [INFO] app - 注册 Middleware [heiner_static]
[2018-01-07T22:35:21.397] [INFO] app - 注册 Middleware [heiner_query]
[2018-01-07T22:35:21.397] [INFO] app - 注册 Middleware [heiner_body]
[2018-01-07T22:35:21.397] [INFO] app - 注册 Middleware [heiner_view]
[2018-01-07T22:35:21.432] [INFO] app - 注册 Middleware [heiner_static]
[2018-01-07T22:35:21.438] [INFO] app - 注册 Middleware [heiner_query]
[2018-01-07T22:35:21.475] [INFO] app - 注册 Middleware [heiner_body]
[2018-01-07T22:35:21.506] [INFO] app - 注册 Middleware [heiner_view]
[2018-01-07T22:35:21.508] [INFO] app - 注册 Controller [articleinfo.articleinfo]
[2018-01-07T22:35:21.512] [INFO] app - 注册 Controller [describe.describe]
[2018-01-07T22:35:21.515] [INFO] app - 注册 Controller [home]
[2018-01-07T22:35:21.517] [INFO] app - 注册 Controller [server.server]
[2018-01-07T22:35:21.586] [INFO] app - 注册 Router [articleinfo]
[2018-01-07T22:35:21.590] [INFO] app - 注册 Router [describe]
[2018-01-07T22:35:21.592] [INFO] app - 注册 Router [index]
[2018-01-07T22:35:21.593] [INFO] app - 注册 Router [server]
[2018-01-07T22:35:22.514] [INFO] app - 正在启动项目 模式: build
[2018-01-07T22:35:22.680] [INFO] app - 连接数据库 [mysql -h 127.0.0.1 -u root -D gdtv_cms]
[2018-01-07T22:35:22.864] [INFO] app - 连接数据库 [sqlite -h gdtvshopr1.mysql.rds.aliyuncs.com -u gdtvroot -D gdtvshop]
[2018-01-07T22:35:22.866] [INFO] app - 连接数据库 [sqlite -h gdtvcmsdb.mysql.rds.aliyuncs.com -u gdtvbalance -D gdtv_balance]
[2018-01-07T22:35:22.868] [INFO] app - 注册 Helper [moment]
[2018-01-07T22:35:22.869] [INFO] app - 注册 Helper [async]
[2018-01-07T22:35:22.875] [INFO] app - 注册 Helper [lodash]
[2018-01-07T22:35:22.879] [INFO] app - 注册 Middleware [heiner_static]
[2018-01-07T22:35:22.879] [INFO] app - 注册 Middleware [heiner_query]
[2018-01-07T22:35:22.879] [INFO] app - 注册 Middleware [heiner_body]
[2018-01-07T22:35:22.880] [INFO] app - 注册 Middleware [heiner_view]
[2018-01-07T22:35:22.915] [INFO] app - 注册 Middleware [heiner_static]
[2018-01-07T22:35:22.920] [INFO] app - 注册 Middleware [heiner_query]
[2018-01-07T22:35:22.991] [INFO] app - 注册 Middleware [heiner_body]
[2018-01-07T22:35:23.046] [INFO] app - 注册 Middleware [heiner_view]
[2018-01-07T22:35:23.050] [INFO] app - 注册 Controller [articleinfo.articleinfo]
[2018-01-07T22:35:23.054] [INFO] app - 注册 Controller [describe.describe]
[2018-01-07T22:35:23.059] [INFO] app - 注册 Controller [home]
[2018-01-07T22:35:23.061] [INFO] app - 注册 Controller [server.server]
[2018-01-07T22:35:23.136] [INFO] app - 注册 Router [articleinfo]
[2018-01-07T22:35:23.143] [INFO] app - 注册 Router [describe]
[2018-01-07T22:35:23.145] [INFO] app - 注册 Router [index]
[2018-01-07T22:35:23.146] [INFO] app - 注册 Router [server]
[2018-01-07T22:35:24.336] [INFO] app - 正在启动项目 模式: build
[2018-01-07T22:35:24.583] [INFO] app - 连接数据库 [mysql -h 127.0.0.1 -u root -D gdtv_cms]
[2018-01-07T22:35:24.833] [INFO] app - 连接数据库 [sqlite -h gdtvshopr1.mysql.rds.aliyuncs.com -u gdtvroot -D gdtvshop]
[2018-01-07T22:35:24.834] [INFO] app - 连接数据库 [sqlite -h gdtvcmsdb.mysql.rds.aliyuncs.com -u gdtvbalance -D gdtv_balance]
[2018-01-07T22:35:24.837] [INFO] app - 注册 Helper [moment]
[2018-01-07T22:35:24.838] [INFO] app - 注册 Helper [async]
[2018-01-07T22:35:24.847] [INFO] app - 注册 Helper [lodash]
[2018-01-07T22:35:24.851] [INFO] app - 注册 Middleware [heiner_static]
[2018-01-07T22:35:24.852] [INFO] app - 注册 Middleware [heiner_query]
[2018-01-07T22:35:24.852] [INFO] app - 注册 Middleware [heiner_body]
[2018-01-07T22:35:24.852] [INFO] app - 注册 Middleware [heiner_view]
[2018-01-07T22:35:24.891] [INFO] app - 注册 Middleware [heiner_static]
[2018-01-07T22:35:24.895] [INFO] app - 注册 Middleware [heiner_query]
[2018-01-07T22:35:24.935] [INFO] app - 注册 Middleware [heiner_body]
[2018-01-07T22:35:24.964] [INFO] app - 注册 Middleware [heiner_view]
[2018-01-07T22:35:24.968] [INFO] app - 注册 Controller [articleinfo.articleinfo]
[2018-01-07T22:35:24.970] [INFO] app - 注册 Controller [describe.describe]
[2018-01-07T22:35:24.975] [INFO] app - 注册 Controller [home]
[2018-01-07T22:35:24.977] [INFO] app - 注册 Controller [server.server]
[2018-01-07T22:35:25.036] [INFO] app - 注册 Router [articleinfo]
[2018-01-07T22:35:25.039] [INFO] app - 注册 Router [describe]
[2018-01-07T22:35:25.040] [INFO] app - 注册 Router [index]
[2018-01-07T22:35:25.042] [INFO] app - 注册 Router [server]
[2018-01-07T22:35:25.897] [INFO] app - 正在启动项目 模式: build
[2018-01-07T22:35:26.050] [INFO] app - 连接数据库 [mysql -h 127.0.0.1 -u root -D gdtv_cms]
[2018-01-07T22:35:26.214] [INFO] app - 连接数据库 [sqlite -h gdtvshopr1.mysql.rds.aliyuncs.com -u gdtvroot -D gdtvshop]
[2018-01-07T22:35:26.216] [INFO] app - 连接数据库 [sqlite -h gdtvcmsdb.mysql.rds.aliyuncs.com -u gdtvbalance -D gdtv_balance]
[2018-01-07T22:35:26.219] [INFO] app - 注册 Helper [moment]
[2018-01-07T22:35:26.219] [INFO] app - 注册 Helper [async]
[2018-01-07T22:35:26.226] [INFO] app - 注册 Helper [lodash]
[2018-01-07T22:35:26.230] [INFO] app - 注册 Middleware [heiner_static]
[2018-01-07T22:35:26.230] [INFO] app - 注册 Middleware [heiner_query]
[2018-01-07T22:35:26.231] [INFO] app - 注册 Middleware [heiner_body]
[2018-01-07T22:35:26.231] [INFO] app - 注册 Middleware [heiner_view]
[2018-01-07T22:35:26.263] [INFO] app - 注册 Middleware [heiner_static]
[2018-01-07T22:35:26.267] [INFO] app - 注册 Middleware [heiner_query]
[2018-01-07T22:35:26.299] [INFO] app - 注册 Middleware [heiner_body]
[2018-01-07T22:35:26.327] [INFO] app - 注册 Middleware [heiner_view]
[2018-01-07T22:35:26.331] [INFO] app - 注册 Controller [articleinfo.articleinfo]
[2018-01-07T22:35:26.335] [INFO] app - 注册 Controller [describe.describe]
[2018-01-07T22:35:26.336] [INFO] app - 注册 Controller [home]
[2018-01-07T22:35:26.338] [INFO] app - 注册 Controller [server.server]
[2018-01-07T22:35:26.396] [INFO] app - 注册 Router [articleinfo]
[2018-01-07T22:35:26.398] [INFO] app - 注册 Router [describe]
[2018-01-07T22:35:26.400] [INFO] app - 注册 Router [index]
[2018-01-07T22:35:26.401] [INFO] app - 注册 Router [server]
[2018-01-07T22:35:27.288] [INFO] app - 正在启动项目 模式: build
[2018-01-07T22:35:27.436] [INFO] app - 连接数据库 [mysql -h 127.0.0.1 -u root -D gdtv_cms]
[2018-01-07T22:35:27.611] [INFO] app - 连接数据库 [sqlite -h gdtvshopr1.mysql.rds.aliyuncs.com -u gdtvroot -D gdtvshop]
[2018-01-07T22:35:27.613] [INFO] app - 连接数据库 [sqlite -h gdtvcmsdb.mysql.rds.aliyuncs.com -u gdtvbalance -D gdtv_balance]
[2018-01-07T22:35:27.615] [INFO] app - 注册 Helper [moment]
[2018-01-07T22:35:27.616] [INFO] app - 注册 Helper [async]
[2018-01-07T22:35:27.622] [INFO] app - 注册 Helper [lodash]
[2018-01-07T22:35:27.626] [INFO] app - 注册 Middleware [heiner_static]
[2018-01-07T22:35:27.626] [INFO] app - 注册 Middleware [heiner_query]
[2018-01-07T22:35:27.626] [INFO] app - 注册 Middleware [heiner_body]
[2018-01-07T22:35:27.626] [INFO] app - 注册 Middleware [heiner_view]
[2018-01-07T22:35:27.658] [INFO] app - 注册 Middleware [heiner_static]
[2018-01-07T22:35:27.663] [INFO] app - 注册 Middleware [heiner_query]
[2018-01-07T22:35:27.696] [INFO] app - 注册 Middleware [heiner_body]
[2018-01-07T22:35:27.732] [INFO] app - 注册 Middleware [heiner_view]
[2018-01-07T22:35:27.735] [INFO] app - 注册 Controller [articleinfo.articleinfo]
[2018-01-07T22:35:27.738] [INFO] app - 注册 Controller [describe.describe]
[2018-01-07T22:35:27.740] [INFO] app - 注册 Controller [home]
[2018-01-07T22:35:27.742] [INFO] app - 注册 Controller [server.server]
[2018-01-07T22:35:27.796] [INFO] app - 注册 Router [articleinfo]
[2018-01-07T22:35:27.798] [INFO] app - 注册 Router [describe]
[2018-01-07T22:35:27.799] [INFO] app - 注册 Router [index]
[2018-01-07T22:35:27.801] [INFO] app - 注册 Router [server]
[2018-01-07T22:35:28.706] [INFO] app - 正在启动项目 模式: build
[2018-01-07T22:35:28.855] [INFO] app - 连接数据库 [mysql -h 127.0.0.1 -u root -D gdtv_cms]
[2018-01-07T22:35:29.043] [INFO] app - 连接数据库 [sqlite -h gdtvshopr1.mysql.rds.aliyuncs.com -u gdtvroot -D gdtvshop]
[2018-01-07T22:35:29.045] [INFO] app - 连接数据库 [sqlite -h gdtvcmsdb.mysql.rds.aliyuncs.com -u gdtvbalance -D gdtv_balance]
[2018-01-07T22:35:29.048] [INFO] app - 注册 Helper [moment]
[2018-01-07T22:35:29.048] [INFO] app - 注册 Helper [async]
[2018-01-07T22:35:29.056] [INFO] app - 注册 Helper [lodash]
[2018-01-07T22:35:29.060] [INFO] app - 注册 Middleware [heiner_static]
[2018-01-07T22:35:29.061] [INFO] app - 注册 Middleware [heiner_query]
[2018-01-07T22:35:29.061] [INFO] app - 注册 Middleware [heiner_body]
[2018-01-07T22:35:29.061] [INFO] app - 注册 Middleware [heiner_view]
[2018-01-07T22:35:29.101] [INFO] app - 注册 Middleware [heiner_static]
[2018-01-07T22:35:29.108] [INFO] app - 注册 Middleware [heiner_query]
[2018-01-07T22:35:29.144] [INFO] app - 注册 Middleware [heiner_body]
[2018-01-07T22:35:29.170] [INFO] app - 注册 Middleware [heiner_view]
[2018-01-07T22:35:29.173] [INFO] app - 注册 Controller [articleinfo.articleinfo]
[2018-01-07T22:35:29.177] [INFO] app - 注册 Controller [describe.describe]
[2018-01-07T22:35:29.180] [INFO] app - 注册 Controller [home]
[2018-01-07T22:35:29.185] [INFO] app - 注册 Controller [server.server]
[2018-01-07T22:35:29.286] [INFO] app - 注册 Router [articleinfo]
[2018-01-07T22:35:29.290] [INFO] app - 注册 Router [describe]
[2018-01-07T22:35:29.292] [INFO] app - 注册 Router [index]
[2018-01-07T22:35:29.294] [INFO] app - 注册 Router [server]
[2018-01-07T22:35:30.835] [INFO] app - 正在启动项目 模式: build
[2018-01-07T22:35:31.037] [INFO] app - 连接数据库 [mysql -h 127.0.0.1 -u root -D gdtv_cms]
[2018-01-07T22:35:31.239] [INFO] app - 连接数据库 [sqlite -h gdtvshopr1.mysql.rds.aliyuncs.com -u gdtvroot -D gdtvshop]
[2018-01-07T22:35:31.241] [INFO] app - 连接数据库 [sqlite -h gdtvcmsdb.mysql.rds.aliyuncs.com -u gdtvbalance -D gdtv_balance]
[2018-01-07T22:35:31.244] [INFO] app - 注册 Helper [moment]
[2018-01-07T22:35:31.244] [INFO] app - 注册 Helper [async]
[2018-01-07T22:35:31.255] [INFO] app - 注册 Helper [lodash]
[2018-01-07T22:35:31.259] [INFO] app - 注册 Middleware [heiner_static]
[2018-01-07T22:35:31.259] [INFO] app - 注册 Middleware [heiner_query]
[2018-01-07T22:35:31.259] [INFO] app - 注册 Middleware [heiner_body]
[2018-01-07T22:35:31.259] [INFO] app - 注册 Middleware [heiner_view]
[2018-01-07T22:35:31.301] [INFO] app - 注册 Middleware [heiner_static]
[2018-01-07T22:35:31.306] [INFO] app - 注册 Middleware [heiner_query]
[2018-01-07T22:35:31.348] [INFO] app - 注册 Middleware [heiner_body]
[2018-01-07T22:35:31.375] [INFO] app - 注册 Middleware [heiner_view]
[2018-01-07T22:35:31.378] [INFO] app - 注册 Controller [articleinfo.articleinfo]
[2018-01-07T22:35:31.381] [INFO] app - 注册 Controller [describe.describe]
[2018-01-07T22:35:31.386] [INFO] app - 注册 Controller [home]
[2018-01-07T22:35:31.388] [INFO] app - 注册 Controller [server.server]
[2018-01-07T22:35:31.446] [INFO] app - 注册 Router [articleinfo]
[2018-01-07T22:35:31.449] [INFO] app - 注册 Router [describe]
[2018-01-07T22:35:31.450] [INFO] app - 注册 Router [index]
[2018-01-07T22:35:31.452] [INFO] app - 注册 Router [server]
[2018-01-07T22:35:32.455] [INFO] app - 正在启动项目 模式: build
[2018-01-07T22:35:32.656] [INFO] app - 连接数据库 [mysql -h 127.0.0.1 -u root -D gdtv_cms]
[2018-01-07T22:35:32.863] [INFO] app - 连接数据库 [sqlite -h gdtvshopr1.mysql.rds.aliyuncs.com -u gdtvroot -D gdtvshop]
[2018-01-07T22:35:32.866] [INFO] app - 连接数据库 [sqlite -h gdtvcmsdb.mysql.rds.aliyuncs.com -u gdtvbalance -D gdtv_balance]
[2018-01-07T22:35:32.868] [INFO] app - 注册 Helper [moment]
[2018-01-07T22:35:32.869] [INFO] app - 注册 Helper [async]
[2018-01-07T22:35:32.875] [INFO] app - 注册 Helper [lodash]
[2018-01-07T22:35:32.880] [INFO] app - 注册 Middleware [heiner_static]
[2018-01-07T22:35:32.880] [INFO] app - 注册 Middleware [heiner_query]
[2018-01-07T22:35:32.880] [INFO] app - 注册 Middleware [heiner_body]
[2018-01-07T22:35:32.880] [INFO] app - 注册 Middleware [heiner_view]
[2018-01-07T22:35:32.911] [INFO] app - 注册 Middleware [heiner_static]
[2018-01-07T22:35:32.915] [INFO] app - 注册 Middleware [heiner_query]
[2018-01-07T22:35:32.958] [INFO] app - 注册 Middleware [heiner_body]
[2018-01-07T22:35:32.999] [INFO] app - 注册 Middleware [heiner_view]
[2018-01-07T22:35:33.002] [INFO] app - 注册 Controller [articleinfo.articleinfo]
[2018-01-07T22:35:33.005] [INFO] app - 注册 Controller [describe.describe]
[2018-01-07T22:35:33.008] [INFO] app - 注册 Controller [home]
[2018-01-07T22:35:33.010] [INFO] app - 注册 Controller [server.server]
[2018-01-07T22:35:33.085] [INFO] app - 注册 Router [articleinfo]
[2018-01-07T22:35:33.088] [INFO] app - 注册 Router [describe]
[2018-01-07T22:35:33.090] [INFO] app - 注册 Router [index]
[2018-01-07T22:35:33.091] [INFO] app - 注册 Router [server]
[2018-01-07T22:35:34.124] [INFO] app - 正在启动项目 模式: build
[2018-01-07T22:35:34.285] [INFO] app - 连接数据库 [mysql -h 127.0.0.1 -u root -D gdtv_cms]
[2018-01-07T22:35:34.481] [INFO] app - 连接数据库 [sqlite -h gdtvshopr1.mysql.rds.aliyuncs.com -u gdtvroot -D gdtvshop]
[2018-01-07T22:35:34.484] [INFO] app - 连接数据库 [sqlite -h gdtvcmsdb.mysql.rds.aliyuncs.com -u gdtvbalance -D gdtv_balance]
[2018-01-07T22:35:34.488] [INFO] app - 注册 Helper [moment]
[2018-01-07T22:35:34.489] [INFO] app - 注册 Helper [async]
[2018-01-07T22:35:34.499] [INFO] app - 注册 Helper [lodash]
[2018-01-07T22:35:34.504] [INFO] app - 注册 Middleware [heiner_static]
[2018-01-07T22:35:34.504] [INFO] app - 注册 Middleware [heiner_query]
[2018-01-07T22:35:34.506] [INFO] app - 注册 Middleware [heiner_body]
[2018-01-07T22:35:34.507] [INFO] app - 注册 Middleware [heiner_view]
[2018-01-07T22:35:34.545] [INFO] app - 注册 Middleware [heiner_static]
[2018-01-07T22:35:34.549] [INFO] app - 注册 Middleware [heiner_query]
[2018-01-07T22:35:34.606] [INFO] app - 注册 Middleware [heiner_body]
[2018-01-07T22:35:34.645] [INFO] app - 注册 Middleware [heiner_view]
[2018-01-07T22:35:34.648] [INFO] app - 注册 Controller [articleinfo.articleinfo]
[2018-01-07T22:35:34.654] [INFO] app - 注册 Controller [describe.describe]
[2018-01-07T22:35:34.656] [INFO] app - 注册 Controller [home]
[2018-01-07T22:35:34.658] [INFO] app - 注册 Controller [server.server]
[2018-01-07T22:35:34.731] [INFO] app - 注册 Router [articleinfo]
[2018-01-07T22:35:34.734] [INFO] app - 注册 Router [describe]
[2018-01-07T22:35:34.736] [INFO] app - 注册 Router [index]
[2018-01-07T22:35:34.738] [INFO] app - 注册 Router [server]
[2018-01-07T22:35:35.965] [INFO] app - 正在启动项目 模式: build
[2018-01-07T22:35:36.185] [INFO] app - 连接数据库 [mysql -h 127.0.0.1 -u root -D gdtv_cms]
[2018-01-07T22:35:36.427] [INFO] app - 连接数据库 [sqlite -h gdtvshopr1.mysql.rds.aliyuncs.com -u gdtvroot -D gdtvshop]
[2018-01-07T22:35:36.428] [INFO] app - 连接数据库 [sqlite -h gdtvcmsdb.mysql.rds.aliyuncs.com -u gdtvbalance -D gdtv_balance]
[2018-01-07T22:35:36.431] [INFO] app - 注册 Helper [moment]
[2018-01-07T22:35:36.431] [INFO] app - 注册 Helper [async]
[2018-01-07T22:35:36.441] [INFO] app - 注册 Helper [lodash]
[2018-01-07T22:35:36.445] [INFO] app - 注册 Middleware [heiner_static]
[2018-01-07T22:35:36.445] [INFO] app - 注册 Middleware [heiner_query]
[2018-01-07T22:35:36.445] [INFO] app - 注册 Middleware [heiner_body]
[2018-01-07T22:35:36.445] [INFO] app - 注册 Middleware [heiner_view]
[2018-01-07T22:35:36.487] [INFO] app - 注册 Middleware [heiner_static]
[2018-01-07T22:35:36.492] [INFO] app - 注册 Middleware [heiner_query]
[2018-01-07T22:35:36.526] [INFO] app - 注册 Middleware [heiner_body]
[2018-01-07T22:35:36.555] [INFO] app - 注册 Middleware [heiner_view]
[2018-01-07T22:35:36.557] [INFO] app - 注册 Controller [articleinfo.articleinfo]
[2018-01-07T22:35:36.560] [INFO] app - 注册 Controller [describe.describe]
[2018-01-07T22:35:36.573] [INFO] app - 注册 Controller [home]
[2018-01-07T22:35:36.574] [INFO] app - 注册 Controller [server.server]
[2018-01-07T22:35:36.639] [INFO] app - 注册 Router [articleinfo]
[2018-01-07T22:35:36.642] [INFO] app - 注册 Router [describe]
[2018-01-07T22:35:36.644] [INFO] app - 注册 Router [index]
[2018-01-07T22:35:36.645] [INFO] app - 注册 Router [server]
[2018-01-07T22:35:37.553] [INFO] app - 正在启动项目 模式: build
[2018-01-07T22:35:37.714] [INFO] app - 连接数据库 [mysql -h 127.0.0.1 -u root -D gdtv_cms]
[2018-01-07T22:35:37.888] [INFO] app - 连接数据库 [sqlite -h gdtvshopr1.mysql.rds.aliyuncs.com -u gdtvroot -D gdtvshop]
[2018-01-07T22:35:37.890] [INFO] app - 连接数据库 [sqlite -h gdtvcmsdb.mysql.rds.aliyuncs.com -u gdtvbalance -D gdtv_balance]
[2018-01-07T22:35:37.892] [INFO] app - 注册 Helper [moment]
[2018-01-07T22:35:37.893] [INFO] app - 注册 Helper [async]
[2018-01-07T22:35:37.899] [INFO] app - 注册 Helper [lodash]
[2018-01-07T22:35:37.902] [INFO] app - 注册 Middleware [heiner_static]
[2018-01-07T22:35:37.903] [INFO] app - 注册 Middleware [heiner_query]
[2018-01-07T22:35:37.903] [INFO] app - 注册 Middleware [heiner_body]
[2018-01-07T22:35:37.903] [INFO] app - 注册 Middleware [heiner_view]
[2018-01-07T22:35:37.931] [INFO] app - 注册 Middleware [heiner_static]
[2018-01-07T22:35:37.935] [INFO] app - 注册 Middleware [heiner_query]
[2018-01-07T22:35:37.968] [INFO] app - 注册 Middleware [heiner_body]
[2018-01-07T22:35:37.995] [INFO] app - 注册 Middleware [heiner_view]
[2018-01-07T22:35:37.998] [INFO] app - 注册 Controller [articleinfo.articleinfo]
[2018-01-07T22:35:38.001] [INFO] app - 注册 Controller [describe.describe]
[2018-01-07T22:35:38.003] [INFO] app - 注册 Controller [home]
[2018-01-07T22:35:38.004] [INFO] app - 注册 Controller [server.server]
[2018-01-07T22:35:38.056] [INFO] app - 注册 Router [articleinfo]
[2018-01-07T22:35:38.059] [INFO] app - 注册 Router [describe]
[2018-01-07T22:35:38.061] [INFO] app - 注册 Router [index]
[2018-01-07T22:35:38.062] [INFO] app - 注册 Router [server]
[2018-01-07T22:35:38.939] [INFO] app - 正在启动项目 模式: build
[2018-01-07T22:35:39.090] [INFO] app - 连接数据库 [mysql -h 127.0.0.1 -u root -D gdtv_cms]
[2018-01-07T22:35:39.255] [INFO] app - 连接数据库 [sqlite -h gdtvshopr1.mysql.rds.aliyuncs.com -u gdtvroot -D gdtvshop]
[2018-01-07T22:35:39.257] [INFO] app - 连接数据库 [sqlite -h gdtvcmsdb.mysql.rds.aliyuncs.com -u gdtvbalance -D gdtv_balance]
[2018-01-07T22:35:39.259] [INFO] app - 注册 Helper [moment]
[2018-01-07T22:35:39.260] [INFO] app - 注册 Helper [async]
[2018-01-07T22:35:39.270] [INFO] app - 注册 Helper [lodash]
[2018-01-07T22:35:39.274] [INFO] app - 注册 Middleware [heiner_static]
[2018-01-07T22:35:39.275] [INFO] app - 注册 Middleware [heiner_query]
[2018-01-07T22:35:39.275] [INFO] app - 注册 Middleware [heiner_body]
[2018-01-07T22:35:39.275] [INFO] app - 注册 Middleware [heiner_view]
[2018-01-07T22:35:39.314] [INFO] app - 注册 Middleware [heiner_static]
[2018-01-07T22:35:39.319] [INFO] app - 注册 Middleware [heiner_query]
[2018-01-07T22:35:39.352] [INFO] app - 注册 Middleware [heiner_body]
[2018-01-07T22:35:39.384] [INFO] app - 注册 Middleware [heiner_view]
[2018-01-07T22:35:39.387] [INFO] app - 注册 Controller [articleinfo.articleinfo]
[2018-01-07T22:35:39.390] [INFO] app - 注册 Controller [describe.describe]
[2018-01-07T22:35:39.392] [INFO] app - 注册 Controller [home]
[2018-01-07T22:35:39.394] [INFO] app - 注册 Controller [server.server]
[2018-01-07T22:35:39.463] [INFO] app - 注册 Router [articleinfo]
[2018-01-07T22:35:39.465] [INFO] app - 注册 Router [describe]
[2018-01-07T22:35:39.467] [INFO] app - 注册 Router [index]
[2018-01-07T22:35:39.468] [INFO] app - 注册 Router [server]
[2018-01-07T22:35:40.449] [INFO] app - 正在启动项目 模式: build
[2018-01-07T22:35:40.639] [INFO] app - 连接数据库 [mysql -h 127.0.0.1 -u root -D gdtv_cms]
[2018-01-07T22:35:40.825] [INFO] app - 连接数据库 [sqlite -h gdtvshopr1.mysql.rds.aliyuncs.com -u gdtvroot -D gdtvshop]
[2018-01-07T22:35:40.828] [INFO] app - 连接数据库 [sqlite -h gdtvcmsdb.mysql.rds.aliyuncs.com -u gdtvbalance -D gdtv_balance]
[2018-01-07T22:35:40.831] [INFO] app - 注册 Helper [moment]
[2018-01-07T22:35:40.831] [INFO] app - 注册 Helper [async]
[2018-01-07T22:35:40.837] [INFO] app - 注册 Helper [lodash]
[2018-01-07T22:35:40.841] [INFO] app - 注册 Middleware [heiner_static]
[2018-01-07T22:35:40.841] [INFO] app - 注册 Middleware [heiner_query]
[2018-01-07T22:35:40.841] [INFO] app - 注册 Middleware [heiner_body]
[2018-01-07T22:35:40.842] [INFO] app - 注册 Middleware [heiner_view]
[2018-01-07T22:35:40.877] [INFO] app - 注册 Middleware [heiner_static]
[2018-01-07T22:35:40.882] [INFO] app - 注册 Middleware [heiner_query]
[2018-01-07T22:35:40.923] [INFO] app - 注册 Middleware [heiner_body]
[2018-01-07T22:35:40.972] [INFO] app - 注册 Middleware [heiner_view]
[2018-01-07T22:35:40.976] [INFO] app - 注册 Controller [articleinfo.articleinfo]
[2018-01-07T22:35:40.985] [INFO] app - 注册 Controller [describe.describe]
[2018-01-07T22:35:40.989] [INFO] app - 注册 Controller [home]
[2018-01-07T22:35:40.992] [INFO] app - 注册 Controller [server.server]
[2018-01-07T22:35:41.078] [INFO] app - 注册 Router [articleinfo]
[2018-01-07T22:35:41.082] [INFO] app - 注册 Router [describe]
[2018-01-07T22:35:41.084] [INFO] app - 注册 Router [index]
[2018-01-07T22:35:41.085] [INFO] app - 注册 Router [server]
[2018-01-07T22:35:42.387] [INFO] app - 正在启动项目 模式: build
[2018-01-07T22:35:42.574] [INFO] app - 连接数据库 [mysql -h 127.0.0.1 -u root -D gdtv_cms]
[2018-01-07T22:35:42.758] [INFO] app - 连接数据库 [sqlite -h gdtvshopr1.mysql.rds.aliyuncs.com -u gdtvroot -D gdtvshop]
[2018-01-07T22:35:42.760] [INFO] app - 连接数据库 [sqlite -h gdtvcmsdb.mysql.rds.aliyuncs.com -u gdtvbalance -D gdtv_balance]
[2018-01-07T22:35:42.763] [INFO] app - 注册 Helper [moment]
[2018-01-07T22:35:42.764] [INFO] app - 注册 Helper [async]
[2018-01-07T22:35:42.771] [INFO] app - 注册 Helper [lodash]
[2018-01-07T22:35:42.775] [INFO] app - 注册 Middleware [heiner_static]
[2018-01-07T22:35:42.776] [INFO] app - 注册 Middleware [heiner_query]
[2018-01-07T22:35:42.776] [INFO] app - 注册 Middleware [heiner_body]
[2018-01-07T22:35:42.776] [INFO] app - 注册 Middleware [heiner_view]
[2018-01-07T22:35:42.815] [INFO] app - 注册 Middleware [heiner_static]
[2018-01-07T22:35:42.819] [INFO] app - 注册 Middleware [heiner_query]
[2018-01-07T22:35:42.855] [INFO] app - 注册 Middleware [heiner_body]
[2018-01-07T22:35:42.884] [INFO] app - 注册 Middleware [heiner_view]
[2018-01-07T22:35:42.886] [INFO] app - 注册 Controller [articleinfo.articleinfo]
[2018-01-07T22:35:42.889] [INFO] app - 注册 Controller [describe.describe]
[2018-01-07T22:35:42.893] [INFO] app - 注册 Controller [home]
[2018-01-07T22:35:42.895] [INFO] app - 注册 Controller [server.server]
[2018-01-07T22:35:42.954] [INFO] app - 注册 Router [articleinfo]
[2018-01-07T22:35:42.957] [INFO] app - 注册 Router [describe]
[2018-01-07T22:35:42.958] [INFO] app - 注册 Router [index]
[2018-01-07T22:35:42.960] [INFO] app - 注册 Router [server]
[2018-01-07T22:35:43.840] [INFO] app - 正在启动项目 模式: build
[2018-01-07T22:35:43.991] [INFO] app - 连接数据库 [mysql -h 127.0.0.1 -u root -D gdtv_cms]
[2018-01-07T22:35:44.157] [INFO] app - 连接数据库 [sqlite -h gdtvshopr1.mysql.rds.aliyuncs.com -u gdtvroot -D gdtvshop]
[2018-01-07T22:35:44.159] [INFO] app - 连接数据库 [sqlite -h gdtvcmsdb.mysql.rds.aliyuncs.com -u gdtvbalance -D gdtv_balance]
[2018-01-07T22:35:44.162] [INFO] app - 注册 Helper [moment]
[2018-01-07T22:35:44.162] [INFO] app - 注册 Helper [async]
[2018-01-07T22:35:44.169] [INFO] app - 注册 Helper [lodash]
[2018-01-07T22:35:44.173] [INFO] app - 注册 Middleware [heiner_static]
[2018-01-07T22:35:44.174] [INFO] app - 注册 Middleware [heiner_query]
[2018-01-07T22:35:44.174] [INFO] app - 注册 Middleware [heiner_body]
[2018-01-07T22:35:44.174] [INFO] app - 注册 Middleware [heiner_view]
[2018-01-07T22:35:44.202] [INFO] app - 注册 Middleware [heiner_static]
[2018-01-07T22:35:44.206] [INFO] app - 注册 Middleware [heiner_query]
[2018-01-07T22:35:44.244] [INFO] app - 注册 Middleware [heiner_body]
[2018-01-07T22:35:44.277] [INFO] app - 注册 Middleware [heiner_view]
[2018-01-07T22:35:44.280] [INFO] app - 注册 Controller [articleinfo.articleinfo]
[2018-01-07T22:35:44.283] [INFO] app - 注册 Controller [describe.describe]
[2018-01-07T22:35:44.284] [INFO] app - 注册 Controller [home]
[2018-01-07T22:35:44.287] [INFO] app - 注册 Controller [server.server]
[2018-01-07T22:35:44.341] [INFO] app - 注册 Router [articleinfo]
[2018-01-07T22:35:44.343] [INFO] app - 注册 Router [describe]
[2018-01-07T22:35:44.345] [INFO] app - 注册 Router [index]
[2018-01-07T22:35:44.346] [INFO] app - 注册 Router [server]
[2018-01-07T22:35:45.264] [INFO] app - 正在启动项目 模式: build
[2018-01-07T22:35:45.416] [INFO] app - 连接数据库 [mysql -h 127.0.0.1 -u root -D gdtv_cms]
[2018-01-07T22:35:45.594] [INFO] app - 连接数据库 [sqlite -h gdtvshopr1.mysql.rds.aliyuncs.com -u gdtvroot -D gdtvshop]
[2018-01-07T22:35:45.596] [INFO] app - 连接数据库 [sqlite -h gdtvcmsdb.mysql.rds.aliyuncs.com -u gdtvbalance -D gdtv_balance]
[2018-01-07T22:35:45.598] [INFO] app - 注册 Helper [moment]
[2018-01-07T22:35:45.599] [INFO] app - 注册 Helper [async]
[2018-01-07T22:35:45.605] [INFO] app - 注册 Helper [lodash]
[2018-01-07T22:35:45.609] [INFO] app - 注册 Middleware [heiner_static]
[2018-01-07T22:35:45.609] [INFO] app - 注册 Middleware [heiner_query]
[2018-01-07T22:35:45.609] [INFO] app - 注册 Middleware [heiner_body]
[2018-01-07T22:35:45.609] [INFO] app - 注册 Middleware [heiner_view]
[2018-01-07T22:35:45.641] [INFO] app - 注册 Middleware [heiner_static]
[2018-01-07T22:35:45.647] [INFO] app - 注册 Middleware [heiner_query]
[2018-01-07T22:35:45.686] [INFO] app - 注册 Middleware [heiner_body]
[2018-01-07T22:35:45.714] [INFO] app - 注册 Middleware [heiner_view]
[2018-01-07T22:35:45.716] [INFO] app - 注册 Controller [articleinfo.articleinfo]
[2018-01-07T22:35:45.719] [INFO] app - 注册 Controller [describe.describe]
[2018-01-07T22:35:45.721] [INFO] app - 注册 Controller [home]
[2018-01-07T22:35:45.722] [INFO] app - 注册 Controller [server.server]
[2018-01-07T22:35:45.784] [INFO] app - 注册 Router [articleinfo]
[2018-01-07T22:35:45.787] [INFO] app - 注册 Router [describe]
[2018-01-07T22:35:45.788] [INFO] app - 注册 Router [index]
[2018-01-07T22:35:45.790] [INFO] app - 注册 Router [server]
[2018-01-07T22:35:46.692] [INFO] app - 正在启动项目 模式: build
[2018-01-07T22:35:46.896] [INFO] app - 连接数据库 [mysql -h 127.0.0.1 -u root -D gdtv_cms]
[2018-01-07T22:35:47.222] [INFO] app - 连接数据库 [sqlite -h gdtvshopr1.mysql.rds.aliyuncs.com -u gdtvroot -D gdtvshop]
[2018-01-07T22:35:47.225] [INFO] app - 连接数据库 [sqlite -h gdtvcmsdb.mysql.rds.aliyuncs.com -u gdtvbalance -D gdtv_balance]
[2018-01-07T22:35:47.228] [INFO] app - 注册 Helper [moment]
[2018-01-07T22:35:47.229] [INFO] app - 注册 Helper [async]
[2018-01-07T22:35:47.239] [INFO] app - 注册 Helper [lodash]
[2018-01-07T22:35:47.244] [INFO] app - 注册 Middleware [heiner_static]
[2018-01-07T22:35:47.245] [INFO] app - 注册 Middleware [heiner_query]
[2018-01-07T22:35:47.245] [INFO] app - 注册 Middleware [heiner_body]
[2018-01-07T22:35:47.246] [INFO] app - 注册 Middleware [heiner_view]
[2018-01-07T22:35:47.337] [INFO] app - 注册 Middleware [heiner_static]
[2018-01-07T22:35:47.358] [INFO] app - 注册 Middleware [heiner_query]
[2018-01-07T22:35:47.466] [INFO] app - 注册 Middleware [heiner_body]
[2018-01-07T22:35:47.531] [INFO] app - 注册 Middleware [heiner_view]
[2018-01-07T22:35:47.534] [INFO] app - 注册 Controller [articleinfo.articleinfo]
[2018-01-07T22:35:47.538] [INFO] app - 注册 Controller [describe.describe]
[2018-01-07T22:35:47.541] [INFO] app - 注册 Controller [home]
[2018-01-07T22:35:47.543] [INFO] app - 注册 Controller [server.server]
[2018-01-07T22:35:47.671] [INFO] app - 注册 Router [articleinfo]
[2018-01-07T22:35:47.675] [INFO] app - 注册 Router [describe]
[2018-01-07T22:35:47.677] [INFO] app - 注册 Router [index]
[2018-01-07T22:35:47.678] [INFO] app - 注册 Router [server]
[2018-01-07T22:35:48.806] [INFO] app - 正在启动项目 模式: build
[2018-01-07T22:35:48.963] [INFO] app - 连接数据库 [mysql -h 127.0.0.1 -u root -D gdtv_cms]
[2018-01-07T22:35:49.140] [INFO] app - 连接数据库 [sqlite -h gdtvshopr1.mysql.rds.aliyuncs.com -u gdtvroot -D gdtvshop]
[2018-01-07T22:35:49.142] [INFO] app - 连接数据库 [sqlite -h gdtvcmsdb.mysql.rds.aliyuncs.com -u gdtvbalance -D gdtv_balance]
[2018-01-07T22:35:49.145] [INFO] app - 注册 Helper [moment]
[2018-01-07T22:35:49.145] [INFO] app - 注册 Helper [async]
[2018-01-07T22:35:49.151] [INFO] app - 注册 Helper [lodash]
[2018-01-07T22:35:49.155] [INFO] app - 注册 Middleware [heiner_static]
[2018-01-07T22:35:49.155] [INFO] app - 注册 Middleware [heiner_query]
[2018-01-07T22:35:49.155] [INFO] app - 注册 Middleware [heiner_body]
[2018-01-07T22:35:49.156] [INFO] app - 注册 Middleware [heiner_view]
[2018-01-07T22:35:49.187] [INFO] app - 注册 Middleware [heiner_static]
[2018-01-07T22:35:49.192] [INFO] app - 注册 Middleware [heiner_query]
[2018-01-07T22:35:49.224] [INFO] app - 注册 Middleware [heiner_body]
[2018-01-07T22:35:49.253] [INFO] app - 注册 Middleware [heiner_view]
[2018-01-07T22:35:49.256] [INFO] app - 注册 Controller [articleinfo.articleinfo]
[2018-01-07T22:35:49.258] [INFO] app - 注册 Controller [describe.describe]
[2018-01-07T22:35:49.264] [INFO] app - 注册 Controller [home]
[2018-01-07T22:35:49.265] [INFO] app - 注册 Controller [server.server]
[2018-01-07T22:35:49.325] [INFO] app - 注册 Router [articleinfo]
[2018-01-07T22:35:49.329] [INFO] app - 注册 Router [describe]
[2018-01-07T22:35:49.330] [INFO] app - 注册 Router [index]
[2018-01-07T22:35:49.331] [INFO] app - 注册 Router [server]
[2018-01-07T22:35:50.168] [INFO] app - 正在启动项目 模式: build
[2018-01-07T22:35:50.327] [INFO] app - 连接数据库 [mysql -h 127.0.0.1 -u root -D gdtv_cms]
[2018-01-07T22:35:50.525] [INFO] app - 连接数据库 [sqlite -h gdtvshopr1.mysql.rds.aliyuncs.com -u gdtvroot -D gdtvshop]
[2018-01-07T22:35:50.528] [INFO] app - 连接数据库 [sqlite -h gdtvcmsdb.mysql.rds.aliyuncs.com -u gdtvbalance -D gdtv_balance]
[2018-01-07T22:35:50.530] [INFO] app - 注册 Helper [moment]
[2018-01-07T22:35:50.531] [INFO] app - 注册 Helper [async]
[2018-01-07T22:35:50.539] [INFO] app - 注册 Helper [lodash]
[2018-01-07T22:35:50.542] [INFO] app - 注册 Middleware [heiner_static]
[2018-01-07T22:35:50.542] [INFO] app - 注册 Middleware [heiner_query]
[2018-01-07T22:35:50.543] [INFO] app - 注册 Middleware [heiner_body]
[2018-01-07T22:35:50.543] [INFO] app - 注册 Middleware [heiner_view]
[2018-01-07T22:35:50.577] [INFO] app - 注册 Middleware [heiner_static]
[2018-01-07T22:35:50.581] [INFO] app - 注册 Middleware [heiner_query]
[2018-01-07T22:35:50.615] [INFO] app - 注册 Middleware [heiner_body]
[2018-01-07T22:35:50.645] [INFO] app - 注册 Middleware [heiner_view]
[2018-01-07T22:35:50.647] [INFO] app - 注册 Controller [articleinfo.articleinfo]
[2018-01-07T22:35:50.650] [INFO] app - 注册 Controller [describe.describe]
[2018-01-07T22:35:50.655] [INFO] app - 注册 Controller [home]
[2018-01-07T22:35:50.656] [INFO] app - 注册 Controller [server.server]
[2018-01-07T22:35:50.714] [INFO] app - 注册 Router [articleinfo]
[2018-01-07T22:35:50.716] [INFO] app - 注册 Router [describe]
[2018-01-07T22:35:50.718] [INFO] app - 注册 Router [index]
[2018-01-07T22:35:50.719] [INFO] app - 注册 Router [server]
[2018-01-07T22:35:51.594] [INFO] app - 正在启动项目 模式: build
[2018-01-07T22:35:51.761] [INFO] app - 连接数据库 [mysql -h 127.0.0.1 -u root -D gdtv_cms]
[2018-01-07T22:35:51.933] [INFO] app - 连接数据库 [sqlite -h gdtvshopr1.mysql.rds.aliyuncs.com -u gdtvroot -D gdtvshop]
[2018-01-07T22:35:51.935] [INFO] app - 连接数据库 [sqlite -h gdtvcmsdb.mysql.rds.aliyuncs.com -u gdtvbalance -D gdtv_balance]
[2018-01-07T22:35:51.937] [INFO] app - 注册 Helper [moment]
[2018-01-07T22:35:51.938] [INFO] app - 注册 Helper [async]
[2018-01-07T22:35:51.944] [INFO] app - 注册 Helper [lodash]
[2018-01-07T22:35:51.947] [INFO] app - 注册 Middleware [heiner_static]
[2018-01-07T22:35:51.948] [INFO] app - 注册 Middleware [heiner_query]
[2018-01-07T22:35:51.948] [INFO] app - 注册 Middleware [heiner_body]
[2018-01-07T22:35:51.948] [INFO] app - 注册 Middleware [heiner_view]
[2018-01-07T22:35:51.982] [INFO] app - 注册 Middleware [heiner_static]
[2018-01-07T22:35:51.987] [INFO] app - 注册 Middleware [heiner_query]
[2018-01-07T22:35:52.020] [INFO] app - 注册 Middleware [heiner_body]
[2018-01-07T22:35:52.048] [INFO] app - 注册 Middleware [heiner_view]
[2018-01-07T22:35:52.050] [INFO] app - 注册 Controller [articleinfo.articleinfo]
[2018-01-07T22:35:52.053] [INFO] app - 注册 Controller [describe.describe]
[2018-01-07T22:35:52.058] [INFO] app - 注册 Controller [home]
[2018-01-07T22:35:52.059] [INFO] app - 注册 Controller [server.server]
[2018-01-07T22:35:52.110] [INFO] app - 注册 Router [articleinfo]
[2018-01-07T22:35:52.113] [INFO] app - 注册 Router [describe]
[2018-01-07T22:35:52.114] [INFO] app - 注册 Router [index]
[2018-01-07T22:35:52.116] [INFO] app - 注册 Router [server]
[2018-01-07T22:35:53.206] [INFO] app - 正在启动项目 模式: build
[2018-01-07T22:35:53.521] [INFO] app - 连接数据库 [mysql -h 127.0.0.1 -u root -D gdtv_cms]
[2018-01-07T22:35:53.935] [INFO] app - 连接数据库 [sqlite -h gdtvshopr1.mysql.rds.aliyuncs.com -u gdtvroot -D gdtvshop]
[2018-01-07T22:35:53.937] [INFO] app - 连接数据库 [sqlite -h gdtvcmsdb.mysql.rds.aliyuncs.com -u gdtvbalance -D gdtv_balance]
[2018-01-07T22:35:53.940] [INFO] app - 注册 Helper [moment]
[2018-01-07T22:35:53.941] [INFO] app - 注册 Helper [async]
[2018-01-07T22:35:53.951] [INFO] app - 注册 Helper [lodash]
[2018-01-07T22:35:53.956] [INFO] app - 注册 Middleware [heiner_static]
[2018-01-07T22:35:53.956] [INFO] app - 注册 Middleware [heiner_query]
[2018-01-07T22:35:53.956] [INFO] app - 注册 Middleware [heiner_body]
[2018-01-07T22:35:53.956] [INFO] app - 注册 Middleware [heiner_view]
[2018-01-07T22:35:54.006] [INFO] app - 注册 Middleware [heiner_static]
[2018-01-07T22:35:54.014] [INFO] app - 注册 Middleware [heiner_query]
[2018-01-07T22:35:54.068] [INFO] app - 注册 Middleware [heiner_body]
[2018-01-07T22:35:54.110] [INFO] app - 注册 Middleware [heiner_view]
[2018-01-07T22:35:54.114] [INFO] app - 注册 Controller [articleinfo.articleinfo]
[2018-01-07T22:35:54.118] [INFO] app - 注册 Controller [describe.describe]
[2018-01-07T22:35:54.122] [INFO] app - 注册 Controller [home]
[2018-01-07T22:35:54.124] [INFO] app - 注册 Controller [server.server]
[2018-01-07T22:35:54.205] [INFO] app - 注册 Router [articleinfo]
[2018-01-07T22:35:54.209] [INFO] app - 注册 Router [describe]
[2018-01-07T22:35:54.211] [INFO] app - 注册 Router [index]
[2018-01-07T22:35:54.212] [INFO] app - 注册 Router [server]
[2018-01-07T22:35:55.109] [INFO] app - 正在启动项目 模式: build
[2018-01-07T22:35:55.259] [INFO] app - 连接数据库 [mysql -h 127.0.0.1 -u root -D gdtv_cms]
[2018-01-07T22:35:55.433] [INFO] app - 连接数据库 [sqlite -h gdtvshopr1.mysql.rds.aliyuncs.com -u gdtvroot -D gdtvshop]
[2018-01-07T22:35:55.435] [INFO] app - 连接数据库 [sqlite -h gdtvcmsdb.mysql.rds.aliyuncs.com -u gdtvbalance -D gdtv_balance]
[2018-01-07T22:35:55.438] [INFO] app - 注册 Helper [moment]
[2018-01-07T22:35:55.438] [INFO] app - 注册 Helper [async]
[2018-01-07T22:35:55.445] [INFO] app - 注册 Helper [lodash]
[2018-01-07T22:35:55.449] [INFO] app - 注册 Middleware [heiner_static]
[2018-01-07T22:35:55.449] [INFO] app - 注册 Middleware [heiner_query]
[2018-01-07T22:35:55.450] [INFO] app - 注册 Middleware [heiner_body]
[2018-01-07T22:35:55.450] [INFO] app - 注册 Middleware [heiner_view]
[2018-01-07T22:35:55.482] [INFO] app - 注册 Middleware [heiner_static]
[2018-01-07T22:35:55.487] [INFO] app - 注册 Middleware [heiner_query]
[2018-01-07T22:35:55.521] [INFO] app - 注册 Middleware [heiner_body]
[2018-01-07T22:35:55.553] [INFO] app - 注册 Middleware [heiner_view]
[2018-01-07T22:35:55.556] [INFO] app - 注册 Controller [articleinfo.articleinfo]
[2018-01-07T22:35:55.559] [INFO] app - 注册 Controller [describe.describe]
[2018-01-07T22:35:55.561] [INFO] app - 注册 Controller [home]
[2018-01-07T22:35:55.568] [INFO] app - 注册 Controller [server.server]
[2018-01-07T22:35:55.636] [INFO] app - 注册 Router [articleinfo]
[2018-01-07T22:35:55.640] [INFO] app - 注册 Router [describe]
[2018-01-07T22:35:55.641] [INFO] app - 注册 Router [index]
[2018-01-07T22:35:55.643] [INFO] app - 注册 Router [server]
[2018-01-07T22:35:56.540] [INFO] app - 正在启动项目 模式: build
[2018-01-07T22:35:56.721] [INFO] app - 连接数据库 [mysql -h 127.0.0.1 -u root -D gdtv_cms]
[2018-01-07T22:35:56.907] [INFO] app - 连接数据库 [sqlite -h gdtvshopr1.mysql.rds.aliyuncs.com -u gdtvroot -D gdtvshop]
[2018-01-07T22:35:56.908] [INFO] app - 连接数据库 [sqlite -h gdtvcmsdb.mysql.rds.aliyuncs.com -u gdtvbalance -D gdtv_balance]
[2018-01-07T22:35:56.911] [INFO] app - 注册 Helper [moment]
[2018-01-07T22:35:56.911] [INFO] app - 注册 Helper [async]
[2018-01-07T22:35:56.918] [INFO] app - 注册 Helper [lodash]
[2018-01-07T22:35:56.922] [INFO] app - 注册 Middleware [heiner_static]
[2018-01-07T22:35:56.923] [INFO] app - 注册 Middleware [heiner_query]
[2018-01-07T22:35:56.923] [INFO] app - 注册 Middleware [heiner_body]
[2018-01-07T22:35:56.923] [INFO] app - 注册 Middleware [heiner_view]
[2018-01-07T22:35:56.959] [INFO] app - 注册 Middleware [heiner_static]
[2018-01-07T22:35:56.965] [INFO] app - 注册 Middleware [heiner_query]
[2018-01-07T22:35:57.001] [INFO] app - 注册 Middleware [heiner_body]
[2018-01-07T22:35:57.031] [INFO] app - 注册 Middleware [heiner_view]
[2018-01-07T22:35:57.034] [INFO] app - 注册 Controller [articleinfo.articleinfo]
[2018-01-07T22:35:57.036] [INFO] app - 注册 Controller [describe.describe]
[2018-01-07T22:35:57.038] [INFO] app - 注册 Controller [home]
[2018-01-07T22:35:57.040] [INFO] app - 注册 Controller [server.server]
[2018-01-07T22:35:57.096] [INFO] app - 注册 Router [articleinfo]
[2018-01-07T22:35:57.099] [INFO] app - 注册 Router [describe]
[2018-01-07T22:35:57.100] [INFO] app - 注册 Router [index]
[2018-01-07T22:35:57.101] [INFO] app - 注册 Router [server]
[2018-01-07T22:35:58.020] [INFO] app - 正在启动项目 模式: build
[2018-01-07T22:35:58.179] [INFO] app - 连接数据库 [mysql -h 127.0.0.1 -u root -D gdtv_cms]
[2018-01-07T22:35:58.367] [INFO] app - 连接数据库 [sqlite -h gdtvshopr1.mysql.rds.aliyuncs.com -u gdtvroot -D gdtvshop]
[2018-01-07T22:35:58.369] [INFO] app - 连接数据库 [sqlite -h gdtvcmsdb.mysql.rds.aliyuncs.com -u gdtvbalance -D gdtv_balance]
[2018-01-07T22:35:58.372] [INFO] app - 注册 Helper [moment]
[2018-01-07T22:35:58.373] [INFO] app - 注册 Helper [async]
[2018-01-07T22:35:58.380] [INFO] app - 注册 Helper [lodash]
[2018-01-07T22:35:58.385] [INFO] app - 注册 Middleware [heiner_static]
[2018-01-07T22:35:58.385] [INFO] app - 注册 Middleware [heiner_query]
[2018-01-07T22:35:58.385] [INFO] app - 注册 Middleware [heiner_body]
[2018-01-07T22:35:58.385] [INFO] app - 注册 Middleware [heiner_view]
[2018-01-07T22:35:58.421] [INFO] app - 注册 Middleware [heiner_static]
[2018-01-07T22:35:58.427] [INFO] app - 注册 Middleware [heiner_query]
[2018-01-07T22:35:58.469] [INFO] app - 注册 Middleware [heiner_body]
[2018-01-07T22:35:58.502] [INFO] app - 注册 Middleware [heiner_view]
[2018-01-07T22:35:58.505] [INFO] app - 注册 Controller [articleinfo.articleinfo]
[2018-01-07T22:35:58.509] [INFO] app - 注册 Controller [describe.describe]
[2018-01-07T22:35:58.511] [INFO] app - 注册 Controller [home]
[2018-01-07T22:35:58.513] [INFO] app - 注册 Controller [server.server]
[2018-01-07T22:35:58.579] [INFO] app - 注册 Router [articleinfo]
[2018-01-07T22:35:58.582] [INFO] app - 注册 Router [describe]
[2018-01-07T22:35:58.584] [INFO] app - 注册 Router [index]
[2018-01-07T22:35:58.585] [INFO] app - 注册 Router [server]
