[2018-01-07T22:36:00.087] [INFO] app - 正在启动项目 模式: build
[2018-01-07T22:36:00.264] [INFO] app - 连接数据库 [mysql -h 127.0.0.1 -u root -D gdtv_cms]
[2018-01-07T22:36:00.446] [INFO] app - 连接数据库 [sqlite -h gdtvshopr1.mysql.rds.aliyuncs.com -u gdtvroot -D gdtvshop]
[2018-01-07T22:36:00.448] [INFO] app - 连接数据库 [sqlite -h gdtvcmsdb.mysql.rds.aliyuncs.com -u gdtvbalance -D gdtv_balance]
[2018-01-07T22:36:00.450] [INFO] app - 注册 Helper [moment]
[2018-01-07T22:36:00.451] [INFO] app - 注册 Helper [async]
[2018-01-07T22:36:00.458] [INFO] app - 注册 Helper [lodash]
[2018-01-07T22:36:00.461] [INFO] app - 注册 Middleware [heiner_static]
[2018-01-07T22:36:00.461] [INFO] app - 注册 Middleware [heiner_query]
[2018-01-07T22:36:00.461] [INFO] app - 注册 Middleware [heiner_body]
[2018-01-07T22:36:00.462] [INFO] app - 注册 Middleware [heiner_view]
[2018-01-07T22:36:00.493] [INFO] app - 注册 Middleware [heiner_static]
[2018-01-07T22:36:00.499] [INFO] app - 注册 Middleware [heiner_query]
[2018-01-07T22:36:00.532] [INFO] app - 注册 Middleware [heiner_body]
[2018-01-07T22:36:00.563] [INFO] app - 注册 Middleware [heiner_view]
[2018-01-07T22:36:00.567] [INFO] app - 注册 Controller [articleinfo.articleinfo]
[2018-01-07T22:36:00.569] [INFO] app - 注册 Controller [describe.describe]
[2018-01-07T22:36:00.574] [INFO] app - 注册 Controller [home]
[2018-01-07T22:36:00.576] [INFO] app - 注册 Controller [server.server]
[2018-01-07T22:36:00.627] [INFO] app - 注册 Router [articleinfo]
[2018-01-07T22:36:00.630] [INFO] app - 注册 Router [describe]
[2018-01-07T22:36:00.631] [INFO] app - 注册 Router [index]
[2018-01-07T22:36:00.633] [INFO] app - 注册 Router [server]
[2018-01-07T22:36:01.503] [INFO] app - 正在启动项目 模式: build
[2018-01-07T22:36:01.662] [INFO] app - 连接数据库 [mysql -h 127.0.0.1 -u root -D gdtv_cms]
[2018-01-07T22:36:01.836] [INFO] app - 连接数据库 [sqlite -h gdtvshopr1.mysql.rds.aliyuncs.com -u gdtvroot -D gdtvshop]
[2018-01-07T22:36:01.837] [INFO] app - 连接数据库 [sqlite -h gdtvcmsdb.mysql.rds.aliyuncs.com -u gdtvbalance -D gdtv_balance]
[2018-01-07T22:36:01.840] [INFO] app - 注册 Helper [moment]
[2018-01-07T22:36:01.840] [INFO] app - 注册 Helper [async]
[2018-01-07T22:36:01.849] [INFO] app - 注册 Helper [lodash]
[2018-01-07T22:36:01.852] [INFO] app - 注册 Middleware [heiner_static]
[2018-01-07T22:36:01.853] [INFO] app - 注册 Middleware [heiner_query]
[2018-01-07T22:36:01.853] [INFO] app - 注册 Middleware [heiner_body]
[2018-01-07T22:36:01.853] [INFO] app - 注册 Middleware [heiner_view]
[2018-01-07T22:36:01.881] [INFO] app - 注册 Middleware [heiner_static]
[2018-01-07T22:36:01.885] [INFO] app - 注册 Middleware [heiner_query]
[2018-01-07T22:36:01.920] [INFO] app - 注册 Middleware [heiner_body]
[2018-01-07T22:36:01.955] [INFO] app - 注册 Middleware [heiner_view]
[2018-01-07T22:36:01.958] [INFO] app - 注册 Controller [articleinfo.articleinfo]
[2018-01-07T22:36:01.962] [INFO] app - 注册 Controller [describe.describe]
[2018-01-07T22:36:01.963] [INFO] app - 注册 Controller [home]
[2018-01-07T22:36:01.965] [INFO] app - 注册 Controller [server.server]
[2018-01-07T22:36:02.026] [INFO] app - 注册 Router [articleinfo]
[2018-01-07T22:36:02.029] [INFO] app - 注册 Router [describe]
[2018-01-07T22:36:02.030] [INFO] app - 注册 Router [index]
[2018-01-07T22:36:02.031] [INFO] app - 注册 Router [server]
[2018-01-07T22:36:02.941] [INFO] app - 正在启动项目 模式: build
[2018-01-07T22:36:03.095] [INFO] app - 连接数据库 [mysql -h 127.0.0.1 -u root -D gdtv_cms]
[2018-01-07T22:36:03.260] [INFO] app - 连接数据库 [sqlite -h gdtvshopr1.mysql.rds.aliyuncs.com -u gdtvroot -D gdtvshop]
[2018-01-07T22:36:03.262] [INFO] app - 连接数据库 [sqlite -h gdtvcmsdb.mysql.rds.aliyuncs.com -u gdtvbalance -D gdtv_balance]
[2018-01-07T22:36:03.264] [INFO] app - 注册 Helper [moment]
[2018-01-07T22:36:03.264] [INFO] app - 注册 Helper [async]
[2018-01-07T22:36:03.275] [INFO] app - 注册 Helper [lodash]
[2018-01-07T22:36:03.279] [INFO] app - 注册 Middleware [heiner_static]
[2018-01-07T22:36:03.279] [INFO] app - 注册 Middleware [heiner_query]
[2018-01-07T22:36:03.279] [INFO] app - 注册 Middleware [heiner_body]
[2018-01-07T22:36:03.279] [INFO] app - 注册 Middleware [heiner_view]
[2018-01-07T22:36:03.313] [INFO] app - 注册 Middleware [heiner_static]
[2018-01-07T22:36:03.317] [INFO] app - 注册 Middleware [heiner_query]
[2018-01-07T22:36:03.352] [INFO] app - 注册 Middleware [heiner_body]
[2018-01-07T22:36:03.383] [INFO] app - 注册 Middleware [heiner_view]
[2018-01-07T22:36:03.385] [INFO] app - 注册 Controller [articleinfo.articleinfo]
[2018-01-07T22:36:03.389] [INFO] app - 注册 Controller [describe.describe]
[2018-01-07T22:36:03.391] [INFO] app - 注册 Controller [home]
[2018-01-07T22:36:03.392] [INFO] app - 注册 Controller [server.server]
[2018-01-07T22:36:03.446] [INFO] app - 注册 Router [articleinfo]
[2018-01-07T22:36:03.448] [INFO] app - 注册 Router [describe]
[2018-01-07T22:36:03.450] [INFO] app - 注册 Router [index]
[2018-01-07T22:36:03.451] [INFO] app - 注册 Router [server]
[2018-01-07T22:36:04.390] [INFO] app - 正在启动项目 模式: build
[2018-01-07T22:36:04.539] [INFO] app - 连接数据库 [mysql -h 127.0.0.1 -u root -D gdtv_cms]
[2018-01-07T22:36:04.725] [INFO] app - 连接数据库 [sqlite -h gdtvshopr1.mysql.rds.aliyuncs.com -u gdtvroot -D gdtvshop]
[2018-01-07T22:36:04.727] [INFO] app - 连接数据库 [sqlite -h gdtvcmsdb.mysql.rds.aliyuncs.com -u gdtvbalance -D gdtv_balance]
[2018-01-07T22:36:04.730] [INFO] app - 注册 Helper [moment]
[2018-01-07T22:36:04.730] [INFO] app - 注册 Helper [async]
[2018-01-07T22:36:04.738] [INFO] app - 注册 Helper [lodash]
[2018-01-07T22:36:04.742] [INFO] app - 注册 Middleware [heiner_static]
[2018-01-07T22:36:04.743] [INFO] app - 注册 Middleware [heiner_query]
[2018-01-07T22:36:04.743] [INFO] app - 注册 Middleware [heiner_body]
[2018-01-07T22:36:04.743] [INFO] app - 注册 Middleware [heiner_view]
[2018-01-07T22:36:04.803] [INFO] app - 注册 Middleware [heiner_static]
[2018-01-07T22:36:04.812] [INFO] app - 注册 Middleware [heiner_query]
[2018-01-07T22:36:04.867] [INFO] app - 注册 Middleware [heiner_body]
[2018-01-07T22:36:04.908] [INFO] app - 注册 Middleware [heiner_view]
[2018-01-07T22:36:04.911] [INFO] app - 注册 Controller [articleinfo.articleinfo]
[2018-01-07T22:36:04.916] [INFO] app - 注册 Controller [describe.describe]
[2018-01-07T22:36:04.919] [INFO] app - 注册 Controller [home]
[2018-01-07T22:36:04.926] [INFO] app - 注册 Controller [server.server]
[2018-01-07T22:36:05.012] [INFO] app - 注册 Router [articleinfo]
[2018-01-07T22:36:05.017] [INFO] app - 注册 Router [describe]
[2018-01-07T22:36:05.019] [INFO] app - 注册 Router [index]
[2018-01-07T22:36:05.021] [INFO] app - 注册 Router [server]
[2018-01-07T22:36:06.257] [INFO] app - 正在启动项目 模式: build
[2018-01-07T22:36:06.444] [INFO] app - 连接数据库 [mysql -h 127.0.0.1 -u root -D gdtv_cms]
[2018-01-07T22:36:06.680] [INFO] app - 连接数据库 [sqlite -h gdtvshopr1.mysql.rds.aliyuncs.com -u gdtvroot -D gdtvshop]
[2018-01-07T22:36:06.682] [INFO] app - 连接数据库 [sqlite -h gdtvcmsdb.mysql.rds.aliyuncs.com -u gdtvbalance -D gdtv_balance]
[2018-01-07T22:36:06.685] [INFO] app - 注册 Helper [moment]
[2018-01-07T22:36:06.685] [INFO] app - 注册 Helper [async]
[2018-01-07T22:36:06.694] [INFO] app - 注册 Helper [lodash]
[2018-01-07T22:36:06.702] [INFO] app - 注册 Middleware [heiner_static]
[2018-01-07T22:36:06.703] [INFO] app - 注册 Middleware [heiner_query]
[2018-01-07T22:36:06.703] [INFO] app - 注册 Middleware [heiner_body]
[2018-01-07T22:36:06.703] [INFO] app - 注册 Middleware [heiner_view]
[2018-01-07T22:36:06.745] [INFO] app - 注册 Middleware [heiner_static]
[2018-01-07T22:36:06.751] [INFO] app - 注册 Middleware [heiner_query]
[2018-01-07T22:36:06.791] [INFO] app - 注册 Middleware [heiner_body]
[2018-01-07T22:36:06.823] [INFO] app - 注册 Middleware [heiner_view]
[2018-01-07T22:36:06.828] [INFO] app - 注册 Controller [articleinfo.articleinfo]
[2018-01-07T22:36:06.831] [INFO] app - 注册 Controller [describe.describe]
[2018-01-07T22:36:06.833] [INFO] app - 注册 Controller [home]
[2018-01-07T22:36:06.835] [INFO] app - 注册 Controller [server.server]
[2018-01-07T22:36:06.902] [INFO] app - 注册 Router [articleinfo]
[2018-01-07T22:36:06.905] [INFO] app - 注册 Router [describe]
[2018-01-07T22:36:06.907] [INFO] app - 注册 Router [index]
[2018-01-07T22:36:06.908] [INFO] app - 注册 Router [server]
[2018-01-07T22:36:07.951] [INFO] app - 正在启动项目 模式: build
[2018-01-07T22:36:08.186] [INFO] app - 连接数据库 [mysql -h 127.0.0.1 -u root -D gdtv_cms]
[2018-01-07T22:36:08.434] [INFO] app - 连接数据库 [sqlite -h gdtvshopr1.mysql.rds.aliyuncs.com -u gdtvroot -D gdtvshop]
[2018-01-07T22:36:08.436] [INFO] app - 连接数据库 [sqlite -h gdtvcmsdb.mysql.rds.aliyuncs.com -u gdtvbalance -D gdtv_balance]
[2018-01-07T22:36:08.439] [INFO] app - 注册 Helper [moment]
[2018-01-07T22:36:08.439] [INFO] app - 注册 Helper [async]
[2018-01-07T22:36:08.450] [INFO] app - 注册 Helper [lodash]
[2018-01-07T22:36:08.455] [INFO] app - 注册 Middleware [heiner_static]
[2018-01-07T22:36:08.456] [INFO] app - 注册 Middleware [heiner_query]
[2018-01-07T22:36:08.456] [INFO] app - 注册 Middleware [heiner_body]
[2018-01-07T22:36:08.456] [INFO] app - 注册 Middleware [heiner_view]
[2018-01-07T22:36:08.502] [INFO] app - 注册 Middleware [heiner_static]
[2018-01-07T22:36:08.509] [INFO] app - 注册 Middleware [heiner_query]
[2018-01-07T22:36:08.552] [INFO] app - 注册 Middleware [heiner_body]
[2018-01-07T22:36:08.591] [INFO] app - 注册 Middleware [heiner_view]
[2018-01-07T22:36:08.595] [INFO] app - 注册 Controller [articleinfo.articleinfo]
[2018-01-07T22:36:08.598] [INFO] app - 注册 Controller [describe.describe]
[2018-01-07T22:36:08.600] [INFO] app - 注册 Controller [home]
[2018-01-07T22:36:08.602] [INFO] app - 注册 Controller [server.server]
[2018-01-07T22:36:08.677] [INFO] app - 注册 Router [articleinfo]
[2018-01-07T22:36:08.680] [INFO] app - 注册 Router [describe]
[2018-01-07T22:36:08.682] [INFO] app - 注册 Router [index]
[2018-01-07T22:36:08.683] [INFO] app - 注册 Router [server]
[2018-01-07T22:36:09.773] [INFO] app - 正在启动项目 模式: build
[2018-01-07T22:36:09.940] [INFO] app - 连接数据库 [mysql -h 127.0.0.1 -u root -D gdtv_cms]
[2018-01-07T22:36:10.119] [INFO] app - 连接数据库 [sqlite -h gdtvshopr1.mysql.rds.aliyuncs.com -u gdtvroot -D gdtvshop]
[2018-01-07T22:36:10.121] [INFO] app - 连接数据库 [sqlite -h gdtvcmsdb.mysql.rds.aliyuncs.com -u gdtvbalance -D gdtv_balance]
[2018-01-07T22:36:10.124] [INFO] app - 注册 Helper [moment]
[2018-01-07T22:36:10.124] [INFO] app - 注册 Helper [async]
[2018-01-07T22:36:10.130] [INFO] app - 注册 Helper [lodash]
[2018-01-07T22:36:10.134] [INFO] app - 注册 Middleware [heiner_static]
[2018-01-07T22:36:10.134] [INFO] app - 注册 Middleware [heiner_query]
[2018-01-07T22:36:10.135] [INFO] app - 注册 Middleware [heiner_body]
[2018-01-07T22:36:10.135] [INFO] app - 注册 Middleware [heiner_view]
[2018-01-07T22:36:10.168] [INFO] app - 注册 Middleware [heiner_static]
[2018-01-07T22:36:10.172] [INFO] app - 注册 Middleware [heiner_query]
[2018-01-07T22:36:10.205] [INFO] app - 注册 Middleware [heiner_body]
[2018-01-07T22:36:10.238] [INFO] app - 注册 Middleware [heiner_view]
[2018-01-07T22:36:10.240] [INFO] app - 注册 Controller [articleinfo.articleinfo]
[2018-01-07T22:36:10.243] [INFO] app - 注册 Controller [describe.describe]
[2018-01-07T22:36:10.245] [INFO] app - 注册 Controller [home]
[2018-01-07T22:36:10.246] [INFO] app - 注册 Controller [server.server]
[2018-01-07T22:36:10.307] [INFO] app - 注册 Router [articleinfo]
[2018-01-07T22:36:10.311] [INFO] app - 注册 Router [describe]
[2018-01-07T22:36:10.313] [INFO] app - 注册 Router [index]
[2018-01-07T22:36:10.315] [INFO] app - 注册 Router [server]
[2018-01-07T22:36:11.784] [INFO] app - 正在启动项目 模式: build
[2018-01-07T22:36:11.963] [INFO] app - 连接数据库 [mysql -h 127.0.0.1 -u root -D gdtv_cms]
[2018-01-07T22:36:12.151] [INFO] app - 连接数据库 [sqlite -h gdtvshopr1.mysql.rds.aliyuncs.com -u gdtvroot -D gdtvshop]
[2018-01-07T22:36:12.153] [INFO] app - 连接数据库 [sqlite -h gdtvcmsdb.mysql.rds.aliyuncs.com -u gdtvbalance -D gdtv_balance]
[2018-01-07T22:36:12.155] [INFO] app - 注册 Helper [moment]
[2018-01-07T22:36:12.156] [INFO] app - 注册 Helper [async]
[2018-01-07T22:36:12.162] [INFO] app - 注册 Helper [lodash]
[2018-01-07T22:36:12.166] [INFO] app - 注册 Middleware [heiner_static]
[2018-01-07T22:36:12.166] [INFO] app - 注册 Middleware [heiner_query]
[2018-01-07T22:36:12.166] [INFO] app - 注册 Middleware [heiner_body]
[2018-01-07T22:36:12.167] [INFO] app - 注册 Middleware [heiner_view]
[2018-01-07T22:36:12.201] [INFO] app - 注册 Middleware [heiner_static]
[2018-01-07T22:36:12.207] [INFO] app - 注册 Middleware [heiner_query]
[2018-01-07T22:36:12.253] [INFO] app - 注册 Middleware [heiner_body]
[2018-01-07T22:36:12.293] [INFO] app - 注册 Middleware [heiner_view]
[2018-01-07T22:36:12.301] [INFO] app - 注册 Controller [articleinfo.articleinfo]
[2018-01-07T22:36:12.304] [INFO] app - 注册 Controller [describe.describe]
[2018-01-07T22:36:12.306] [INFO] app - 注册 Controller [home]
[2018-01-07T22:36:12.309] [INFO] app - 注册 Controller [server.server]
[2018-01-07T22:36:12.371] [INFO] app - 注册 Router [articleinfo]
[2018-01-07T22:36:12.373] [INFO] app - 注册 Router [describe]
[2018-01-07T22:36:12.375] [INFO] app - 注册 Router [index]
[2018-01-07T22:36:12.376] [INFO] app - 注册 Router [server]
[2018-01-07T22:36:13.329] [INFO] app - 正在启动项目 模式: build
[2018-01-07T22:36:13.479] [INFO] app - 连接数据库 [mysql -h 127.0.0.1 -u root -D gdtv_cms]
[2018-01-07T22:36:13.675] [INFO] app - 连接数据库 [sqlite -h gdtvshopr1.mysql.rds.aliyuncs.com -u gdtvroot -D gdtvshop]
[2018-01-07T22:36:13.678] [INFO] app - 连接数据库 [sqlite -h gdtvcmsdb.mysql.rds.aliyuncs.com -u gdtvbalance -D gdtv_balance]
[2018-01-07T22:36:13.681] [INFO] app - 注册 Helper [moment]
[2018-01-07T22:36:13.681] [INFO] app - 注册 Helper [async]
[2018-01-07T22:36:13.689] [INFO] app - 注册 Helper [lodash]
[2018-01-07T22:36:13.694] [INFO] app - 注册 Middleware [heiner_static]
[2018-01-07T22:36:13.694] [INFO] app - 注册 Middleware [heiner_query]
[2018-01-07T22:36:13.694] [INFO] app - 注册 Middleware [heiner_body]
[2018-01-07T22:36:13.695] [INFO] app - 注册 Middleware [heiner_view]
[2018-01-07T22:36:13.730] [INFO] app - 注册 Middleware [heiner_static]
[2018-01-07T22:36:13.736] [INFO] app - 注册 Middleware [heiner_query]
[2018-01-07T22:36:13.770] [INFO] app - 注册 Middleware [heiner_body]
[2018-01-07T22:36:13.797] [INFO] app - 注册 Middleware [heiner_view]
[2018-01-07T22:36:13.799] [INFO] app - 注册 Controller [articleinfo.articleinfo]
[2018-01-07T22:36:13.803] [INFO] app - 注册 Controller [describe.describe]
[2018-01-07T22:36:13.809] [INFO] app - 注册 Controller [home]
[2018-01-07T22:36:13.812] [INFO] app - 注册 Controller [server.server]
[2018-01-07T22:36:13.876] [INFO] app - 注册 Router [articleinfo]
[2018-01-07T22:36:13.878] [INFO] app - 注册 Router [describe]
[2018-01-07T22:36:13.880] [INFO] app - 注册 Router [index]
[2018-01-07T22:36:13.881] [INFO] app - 注册 Router [server]
[2018-01-07T22:36:14.843] [INFO] app - 正在启动项目 模式: build
[2018-01-07T22:36:15.012] [INFO] app - 连接数据库 [mysql -h 127.0.0.1 -u root -D gdtv_cms]
[2018-01-07T22:36:15.235] [INFO] app - 连接数据库 [sqlite -h gdtvshopr1.mysql.rds.aliyuncs.com -u gdtvroot -D gdtvshop]
[2018-01-07T22:36:15.238] [INFO] app - 连接数据库 [sqlite -h gdtvcmsdb.mysql.rds.aliyuncs.com -u gdtvbalance -D gdtv_balance]
[2018-01-07T22:36:15.240] [INFO] app - 注册 Helper [moment]
[2018-01-07T22:36:15.240] [INFO] app - 注册 Helper [async]
[2018-01-07T22:36:15.247] [INFO] app - 注册 Helper [lodash]
[2018-01-07T22:36:15.250] [INFO] app - 注册 Middleware [heiner_static]
[2018-01-07T22:36:15.250] [INFO] app - 注册 Middleware [heiner_query]
[2018-01-07T22:36:15.250] [INFO] app - 注册 Middleware [heiner_body]
[2018-01-07T22:36:15.251] [INFO] app - 注册 Middleware [heiner_view]
[2018-01-07T22:36:15.281] [INFO] app - 注册 Middleware [heiner_static]
[2018-01-07T22:36:15.285] [INFO] app - 注册 Middleware [heiner_query]
[2018-01-07T22:36:15.338] [INFO] app - 注册 Middleware [heiner_body]
[2018-01-07T22:36:15.365] [INFO] app - 注册 Middleware [heiner_view]
[2018-01-07T22:36:15.368] [INFO] app - 注册 Controller [articleinfo.articleinfo]
[2018-01-07T22:36:15.373] [INFO] app - 注册 Controller [describe.describe]
[2018-01-07T22:36:15.384] [INFO] app - 注册 Controller [home]
[2018-01-07T22:36:15.392] [INFO] app - 注册 Controller [server.server]
[2018-01-07T22:36:15.452] [INFO] app - 注册 Router [articleinfo]
[2018-01-07T22:36:15.455] [INFO] app - 注册 Router [describe]
[2018-01-07T22:36:15.456] [INFO] app - 注册 Router [index]
[2018-01-07T22:36:15.457] [INFO] app - 注册 Router [server]
[2018-01-07T22:36:16.370] [INFO] app - 正在启动项目 模式: build
[2018-01-07T22:36:16.734] [INFO] app - 连接数据库 [mysql -h 127.0.0.1 -u root -D gdtv_cms]
[2018-01-07T22:36:17.050] [INFO] app - 连接数据库 [sqlite -h gdtvshopr1.mysql.rds.aliyuncs.com -u gdtvroot -D gdtvshop]
[2018-01-07T22:36:17.053] [INFO] app - 连接数据库 [sqlite -h gdtvcmsdb.mysql.rds.aliyuncs.com -u gdtvbalance -D gdtv_balance]
[2018-01-07T22:36:17.055] [INFO] app - 注册 Helper [moment]
[2018-01-07T22:36:17.056] [INFO] app - 注册 Helper [async]
[2018-01-07T22:36:17.066] [INFO] app - 注册 Helper [lodash]
[2018-01-07T22:36:17.071] [INFO] app - 注册 Middleware [heiner_static]
[2018-01-07T22:36:17.071] [INFO] app - 注册 Middleware [heiner_query]
[2018-01-07T22:36:17.071] [INFO] app - 注册 Middleware [heiner_body]
[2018-01-07T22:36:17.072] [INFO] app - 注册 Middleware [heiner_view]
[2018-01-07T22:36:17.145] [INFO] app - 注册 Middleware [heiner_static]
[2018-01-07T22:36:17.155] [INFO] app - 注册 Middleware [heiner_query]
[2018-01-07T22:36:17.221] [INFO] app - 注册 Middleware [heiner_body]
[2018-01-07T22:36:17.275] [INFO] app - 注册 Middleware [heiner_view]
[2018-01-07T22:36:17.282] [INFO] app - 注册 Controller [articleinfo.articleinfo]
[2018-01-07T22:36:17.288] [INFO] app - 注册 Controller [describe.describe]
[2018-01-07T22:36:17.291] [INFO] app - 注册 Controller [home]
[2018-01-07T22:36:17.295] [INFO] app - 注册 Controller [server.server]
[2018-01-07T22:36:17.375] [INFO] app - 注册 Router [articleinfo]
[2018-01-07T22:36:17.378] [INFO] app - 注册 Router [describe]
[2018-01-07T22:36:17.380] [INFO] app - 注册 Router [index]
[2018-01-07T22:36:17.382] [INFO] app - 注册 Router [server]
[2018-01-07T22:36:18.312] [INFO] app - 正在启动项目 模式: build
[2018-01-07T22:36:18.485] [INFO] app - 连接数据库 [mysql -h 127.0.0.1 -u root -D gdtv_cms]
[2018-01-07T22:36:18.690] [INFO] app - 连接数据库 [sqlite -h gdtvshopr1.mysql.rds.aliyuncs.com -u gdtvroot -D gdtvshop]
[2018-01-07T22:36:18.692] [INFO] app - 连接数据库 [sqlite -h gdtvcmsdb.mysql.rds.aliyuncs.com -u gdtvbalance -D gdtv_balance]
[2018-01-07T22:36:18.695] [INFO] app - 注册 Helper [moment]
[2018-01-07T22:36:18.695] [INFO] app - 注册 Helper [async]
[2018-01-07T22:36:18.707] [INFO] app - 注册 Helper [lodash]
[2018-01-07T22:36:18.710] [INFO] app - 注册 Middleware [heiner_static]
[2018-01-07T22:36:18.710] [INFO] app - 注册 Middleware [heiner_query]
[2018-01-07T22:36:18.711] [INFO] app - 注册 Middleware [heiner_body]
[2018-01-07T22:36:18.711] [INFO] app - 注册 Middleware [heiner_view]
[2018-01-07T22:36:18.747] [INFO] app - 注册 Middleware [heiner_static]
[2018-01-07T22:36:18.754] [INFO] app - 注册 Middleware [heiner_query]
[2018-01-07T22:36:18.797] [INFO] app - 注册 Middleware [heiner_body]
[2018-01-07T22:36:18.832] [INFO] app - 注册 Middleware [heiner_view]
[2018-01-07T22:36:18.835] [INFO] app - 注册 Controller [articleinfo.articleinfo]
[2018-01-07T22:36:18.838] [INFO] app - 注册 Controller [describe.describe]
[2018-01-07T22:36:18.841] [INFO] app - 注册 Controller [home]
[2018-01-07T22:36:18.842] [INFO] app - 注册 Controller [server.server]
[2018-01-07T22:36:18.896] [INFO] app - 注册 Router [articleinfo]
[2018-01-07T22:36:18.899] [INFO] app - 注册 Router [describe]
[2018-01-07T22:36:18.900] [INFO] app - 注册 Router [index]
[2018-01-07T22:36:18.901] [INFO] app - 注册 Router [server]
[2018-01-07T22:36:19.923] [INFO] app - 正在启动项目 模式: build
[2018-01-07T22:36:20.091] [INFO] app - 连接数据库 [mysql -h 127.0.0.1 -u root -D gdtv_cms]
[2018-01-07T22:36:20.278] [INFO] app - 连接数据库 [sqlite -h gdtvshopr1.mysql.rds.aliyuncs.com -u gdtvroot -D gdtvshop]
[2018-01-07T22:36:20.281] [INFO] app - 连接数据库 [sqlite -h gdtvcmsdb.mysql.rds.aliyuncs.com -u gdtvbalance -D gdtv_balance]
[2018-01-07T22:36:20.283] [INFO] app - 注册 Helper [moment]
[2018-01-07T22:36:20.284] [INFO] app - 注册 Helper [async]
[2018-01-07T22:36:20.293] [INFO] app - 注册 Helper [lodash]
[2018-01-07T22:36:20.298] [INFO] app - 注册 Middleware [heiner_static]
[2018-01-07T22:36:20.299] [INFO] app - 注册 Middleware [heiner_query]
[2018-01-07T22:36:20.299] [INFO] app - 注册 Middleware [heiner_body]
[2018-01-07T22:36:20.299] [INFO] app - 注册 Middleware [heiner_view]
[2018-01-07T22:36:20.339] [INFO] app - 注册 Middleware [heiner_static]
[2018-01-07T22:36:20.345] [INFO] app - 注册 Middleware [heiner_query]
[2018-01-07T22:36:20.408] [INFO] app - 注册 Middleware [heiner_body]
[2018-01-07T22:36:20.452] [INFO] app - 注册 Middleware [heiner_view]
[2018-01-07T22:36:20.455] [INFO] app - 注册 Controller [articleinfo.articleinfo]
[2018-01-07T22:36:20.459] [INFO] app - 注册 Controller [describe.describe]
[2018-01-07T22:36:20.461] [INFO] app - 注册 Controller [home]
[2018-01-07T22:36:20.463] [INFO] app - 注册 Controller [server.server]
[2018-01-07T22:36:20.538] [INFO] app - 注册 Router [articleinfo]
[2018-01-07T22:36:20.541] [INFO] app - 注册 Router [describe]
[2018-01-07T22:36:20.543] [INFO] app - 注册 Router [index]
[2018-01-07T22:36:20.544] [INFO] app - 注册 Router [server]
[2018-01-07T22:36:21.510] [INFO] app - 正在启动项目 模式: build
[2018-01-07T22:36:21.719] [INFO] app - 连接数据库 [mysql -h 127.0.0.1 -u root -D gdtv_cms]
[2018-01-07T22:36:21.906] [INFO] app - 连接数据库 [sqlite -h gdtvshopr1.mysql.rds.aliyuncs.com -u gdtvroot -D gdtvshop]
[2018-01-07T22:36:21.909] [INFO] app - 连接数据库 [sqlite -h gdtvcmsdb.mysql.rds.aliyuncs.com -u gdtvbalance -D gdtv_balance]
[2018-01-07T22:36:21.911] [INFO] app - 注册 Helper [moment]
[2018-01-07T22:36:21.912] [INFO] app - 注册 Helper [async]
[2018-01-07T22:36:21.921] [INFO] app - 注册 Helper [lodash]
[2018-01-07T22:36:21.924] [INFO] app - 注册 Middleware [heiner_static]
[2018-01-07T22:36:21.924] [INFO] app - 注册 Middleware [heiner_query]
[2018-01-07T22:36:21.924] [INFO] app - 注册 Middleware [heiner_body]
[2018-01-07T22:36:21.925] [INFO] app - 注册 Middleware [heiner_view]
[2018-01-07T22:36:21.956] [INFO] app - 注册 Middleware [heiner_static]
[2018-01-07T22:36:21.961] [INFO] app - 注册 Middleware [heiner_query]
[2018-01-07T22:36:21.995] [INFO] app - 注册 Middleware [heiner_body]
[2018-01-07T22:36:22.023] [INFO] app - 注册 Middleware [heiner_view]
[2018-01-07T22:36:22.026] [INFO] app - 注册 Controller [articleinfo.articleinfo]
[2018-01-07T22:36:22.029] [INFO] app - 注册 Controller [describe.describe]
[2018-01-07T22:36:22.035] [INFO] app - 注册 Controller [home]
[2018-01-07T22:36:22.037] [INFO] app - 注册 Controller [server.server]
[2018-01-07T22:36:22.094] [INFO] app - 注册 Router [articleinfo]
[2018-01-07T22:36:22.097] [INFO] app - 注册 Router [describe]
[2018-01-07T22:36:22.098] [INFO] app - 注册 Router [index]
[2018-01-07T22:36:22.099] [INFO] app - 注册 Router [server]
[2018-01-07T22:36:23.452] [INFO] app - 正在启动项目 模式: build
[2018-01-07T22:36:23.647] [INFO] app - 连接数据库 [mysql -h 127.0.0.1 -u root -D gdtv_cms]
[2018-01-07T22:36:23.843] [INFO] app - 连接数据库 [sqlite -h gdtvshopr1.mysql.rds.aliyuncs.com -u gdtvroot -D gdtvshop]
[2018-01-07T22:36:23.845] [INFO] app - 连接数据库 [sqlite -h gdtvcmsdb.mysql.rds.aliyuncs.com -u gdtvbalance -D gdtv_balance]
[2018-01-07T22:36:23.848] [INFO] app - 注册 Helper [moment]
[2018-01-07T22:36:23.848] [INFO] app - 注册 Helper [async]
[2018-01-07T22:36:23.857] [INFO] app - 注册 Helper [lodash]
[2018-01-07T22:36:23.861] [INFO] app - 注册 Middleware [heiner_static]
[2018-01-07T22:36:23.861] [INFO] app - 注册 Middleware [heiner_query]
[2018-01-07T22:36:23.862] [INFO] app - 注册 Middleware [heiner_body]
[2018-01-07T22:36:23.862] [INFO] app - 注册 Middleware [heiner_view]
[2018-01-07T22:36:23.898] [INFO] app - 注册 Middleware [heiner_static]
[2018-01-07T22:36:23.904] [INFO] app - 注册 Middleware [heiner_query]
[2018-01-07T22:36:23.945] [INFO] app - 注册 Middleware [heiner_body]
[2018-01-07T22:36:23.979] [INFO] app - 注册 Middleware [heiner_view]
[2018-01-07T22:36:23.982] [INFO] app - 注册 Controller [articleinfo.articleinfo]
[2018-01-07T22:36:23.984] [INFO] app - 注册 Controller [describe.describe]
[2018-01-07T22:36:23.986] [INFO] app - 注册 Controller [home]
[2018-01-07T22:36:23.989] [INFO] app - 注册 Controller [server.server]
[2018-01-07T22:36:24.061] [INFO] app - 注册 Router [articleinfo]
[2018-01-07T22:36:24.065] [INFO] app - 注册 Router [describe]
[2018-01-07T22:36:24.067] [INFO] app - 注册 Router [index]
[2018-01-07T22:36:24.068] [INFO] app - 注册 Router [server]
[2018-01-07T22:36:25.062] [INFO] app - 正在启动项目 模式: build
[2018-01-07T22:36:25.222] [INFO] app - 连接数据库 [mysql -h 127.0.0.1 -u root -D gdtv_cms]
[2018-01-07T22:36:25.407] [INFO] app - 连接数据库 [sqlite -h gdtvshopr1.mysql.rds.aliyuncs.com -u gdtvroot -D gdtvshop]
[2018-01-07T22:36:25.409] [INFO] app - 连接数据库 [sqlite -h gdtvcmsdb.mysql.rds.aliyuncs.com -u gdtvbalance -D gdtv_balance]
[2018-01-07T22:36:25.412] [INFO] app - 注册 Helper [moment]
[2018-01-07T22:36:25.412] [INFO] app - 注册 Helper [async]
[2018-01-07T22:36:25.418] [INFO] app - 注册 Helper [lodash]
[2018-01-07T22:36:25.423] [INFO] app - 注册 Middleware [heiner_static]
[2018-01-07T22:36:25.423] [INFO] app - 注册 Middleware [heiner_query]
[2018-01-07T22:36:25.423] [INFO] app - 注册 Middleware [heiner_body]
[2018-01-07T22:36:25.424] [INFO] app - 注册 Middleware [heiner_view]
[2018-01-07T22:36:25.465] [INFO] app - 注册 Middleware [heiner_static]
[2018-01-07T22:36:25.470] [INFO] app - 注册 Middleware [heiner_query]
[2018-01-07T22:36:25.504] [INFO] app - 注册 Middleware [heiner_body]
[2018-01-07T22:36:25.540] [INFO] app - 注册 Middleware [heiner_view]
[2018-01-07T22:36:25.543] [INFO] app - 注册 Controller [articleinfo.articleinfo]
[2018-01-07T22:36:25.545] [INFO] app - 注册 Controller [describe.describe]
[2018-01-07T22:36:25.548] [INFO] app - 注册 Controller [home]
[2018-01-07T22:36:25.549] [INFO] app - 注册 Controller [server.server]
[2018-01-07T22:36:25.617] [INFO] app - 注册 Router [articleinfo]
[2018-01-07T22:36:25.619] [INFO] app - 注册 Router [describe]
[2018-01-07T22:36:25.620] [INFO] app - 注册 Router [index]
[2018-01-07T22:36:25.622] [INFO] app - 注册 Router [server]
[2018-01-07T22:36:26.515] [INFO] app - 正在启动项目 模式: build
[2018-01-07T22:36:26.683] [INFO] app - 连接数据库 [mysql -h 127.0.0.1 -u root -D gdtv_cms]
[2018-01-07T22:36:26.860] [INFO] app - 连接数据库 [sqlite -h gdtvshopr1.mysql.rds.aliyuncs.com -u gdtvroot -D gdtvshop]
[2018-01-07T22:36:26.863] [INFO] app - 连接数据库 [sqlite -h gdtvcmsdb.mysql.rds.aliyuncs.com -u gdtvbalance -D gdtv_balance]
[2018-01-07T22:36:26.866] [INFO] app - 注册 Helper [moment]
[2018-01-07T22:36:26.866] [INFO] app - 注册 Helper [async]
[2018-01-07T22:36:26.874] [INFO] app - 注册 Helper [lodash]
[2018-01-07T22:36:26.879] [INFO] app - 注册 Middleware [heiner_static]
[2018-01-07T22:36:26.879] [INFO] app - 注册 Middleware [heiner_query]
[2018-01-07T22:36:26.879] [INFO] app - 注册 Middleware [heiner_body]
[2018-01-07T22:36:26.880] [INFO] app - 注册 Middleware [heiner_view]
[2018-01-07T22:36:26.915] [INFO] app - 注册 Middleware [heiner_static]
[2018-01-07T22:36:26.921] [INFO] app - 注册 Middleware [heiner_query]
[2018-01-07T22:36:26.958] [INFO] app - 注册 Middleware [heiner_body]
[2018-01-07T22:36:26.989] [INFO] app - 注册 Middleware [heiner_view]
[2018-01-07T22:36:26.991] [INFO] app - 注册 Controller [articleinfo.articleinfo]
[2018-01-07T22:36:26.995] [INFO] app - 注册 Controller [describe.describe]
[2018-01-07T22:36:26.996] [INFO] app - 注册 Controller [home]
[2018-01-07T22:36:26.998] [INFO] app - 注册 Controller [server.server]
[2018-01-07T22:36:27.059] [INFO] app - 注册 Router [articleinfo]
[2018-01-07T22:36:27.063] [INFO] app - 注册 Router [describe]
[2018-01-07T22:36:27.064] [INFO] app - 注册 Router [index]
[2018-01-07T22:36:27.065] [INFO] app - 注册 Router [server]
[2018-01-07T22:36:27.951] [INFO] app - 正在启动项目 模式: build
[2018-01-07T22:36:28.115] [INFO] app - 连接数据库 [mysql -h 127.0.0.1 -u root -D gdtv_cms]
[2018-01-07T22:36:28.379] [INFO] app - 连接数据库 [sqlite -h gdtvshopr1.mysql.rds.aliyuncs.com -u gdtvroot -D gdtvshop]
[2018-01-07T22:36:28.383] [INFO] app - 连接数据库 [sqlite -h gdtvcmsdb.mysql.rds.aliyuncs.com -u gdtvbalance -D gdtv_balance]
[2018-01-07T22:36:28.386] [INFO] app - 注册 Helper [moment]
[2018-01-07T22:36:28.386] [INFO] app - 注册 Helper [async]
[2018-01-07T22:36:28.396] [INFO] app - 注册 Helper [lodash]
[2018-01-07T22:36:28.401] [INFO] app - 注册 Middleware [heiner_static]
[2018-01-07T22:36:28.401] [INFO] app - 注册 Middleware [heiner_query]
[2018-01-07T22:36:28.402] [INFO] app - 注册 Middleware [heiner_body]
[2018-01-07T22:36:28.402] [INFO] app - 注册 Middleware [heiner_view]
[2018-01-07T22:36:28.457] [INFO] app - 注册 Middleware [heiner_static]
[2018-01-07T22:36:28.467] [INFO] app - 注册 Middleware [heiner_query]
[2018-01-07T22:36:28.527] [INFO] app - 注册 Middleware [heiner_body]
[2018-01-07T22:36:28.581] [INFO] app - 注册 Middleware [heiner_view]
[2018-01-07T22:36:28.587] [INFO] app - 注册 Controller [articleinfo.articleinfo]
[2018-01-07T22:36:28.597] [INFO] app - 注册 Controller [describe.describe]
[2018-01-07T22:36:28.600] [INFO] app - 注册 Controller [home]
[2018-01-07T22:36:28.602] [INFO] app - 注册 Controller [server.server]
[2018-01-07T22:36:28.696] [INFO] app - 注册 Router [articleinfo]
[2018-01-07T22:36:28.701] [INFO] app - 注册 Router [describe]
[2018-01-07T22:36:29.978] [INFO] app - 正在启动项目 模式: build
[2018-01-07T22:36:30.181] [INFO] app - 连接数据库 [mysql -h 127.0.0.1 -u root -D gdtv_cms]
[2018-01-07T22:36:30.371] [INFO] app - 连接数据库 [sqlite -h gdtvshopr1.mysql.rds.aliyuncs.com -u gdtvroot -D gdtvshop]
[2018-01-07T22:36:30.374] [INFO] app - 连接数据库 [sqlite -h gdtvcmsdb.mysql.rds.aliyuncs.com -u gdtvbalance -D gdtv_balance]
[2018-01-07T22:36:30.376] [INFO] app - 注册 Helper [moment]
[2018-01-07T22:36:30.377] [INFO] app - 注册 Helper [async]
[2018-01-07T22:36:30.384] [INFO] app - 注册 Helper [lodash]
[2018-01-07T22:36:30.388] [INFO] app - 注册 Middleware [heiner_static]
[2018-01-07T22:36:30.389] [INFO] app - 注册 Middleware [heiner_query]
[2018-01-07T22:36:30.389] [INFO] app - 注册 Middleware [heiner_body]
[2018-01-07T22:36:30.389] [INFO] app - 注册 Middleware [heiner_view]
[2018-01-07T22:36:30.422] [INFO] app - 注册 Middleware [heiner_static]
[2018-01-07T22:36:30.427] [INFO] app - 注册 Middleware [heiner_query]
[2018-01-07T22:36:30.474] [INFO] app - 注册 Middleware [heiner_body]
[2018-01-07T22:36:30.503] [INFO] app - 注册 Middleware [heiner_view]
[2018-01-07T22:36:30.506] [INFO] app - 注册 Controller [articleinfo.articleinfo]
[2018-01-07T22:36:30.508] [INFO] app - 注册 Controller [describe.describe]
[2018-01-07T22:36:30.514] [INFO] app - 注册 Controller [home]
[2018-01-07T22:36:30.515] [INFO] app - 注册 Controller [server.server]
[2018-01-07T22:36:30.581] [INFO] app - 注册 Router [articleinfo]
[2018-01-07T22:36:30.584] [INFO] app - 注册 Router [describe]
[2018-01-07T22:36:30.585] [INFO] app - 注册 Router [index]
[2018-01-07T22:36:30.586] [INFO] app - 注册 Router [server]
[2018-01-07T22:36:31.460] [INFO] app - 正在启动项目 模式: build
[2018-01-07T22:36:31.674] [INFO] app - 连接数据库 [mysql -h 127.0.0.1 -u root -D gdtv_cms]
[2018-01-07T22:36:31.904] [INFO] app - 连接数据库 [sqlite -h gdtvshopr1.mysql.rds.aliyuncs.com -u gdtvroot -D gdtvshop]
[2018-01-07T22:36:31.907] [INFO] app - 连接数据库 [sqlite -h gdtvcmsdb.mysql.rds.aliyuncs.com -u gdtvbalance -D gdtv_balance]
[2018-01-07T22:36:31.909] [INFO] app - 注册 Helper [moment]
[2018-01-07T22:36:31.909] [INFO] app - 注册 Helper [async]
[2018-01-07T22:36:31.916] [INFO] app - 注册 Helper [lodash]
[2018-01-07T22:36:31.921] [INFO] app - 注册 Middleware [heiner_static]
[2018-01-07T22:36:31.921] [INFO] app - 注册 Middleware [heiner_query]
[2018-01-07T22:36:31.921] [INFO] app - 注册 Middleware [heiner_body]
[2018-01-07T22:36:31.921] [INFO] app - 注册 Middleware [heiner_view]
[2018-01-07T22:36:31.955] [INFO] app - 注册 Middleware [heiner_static]
[2018-01-07T22:36:31.959] [INFO] app - 注册 Middleware [heiner_query]
[2018-01-07T22:36:31.995] [INFO] app - 注册 Middleware [heiner_body]
[2018-01-07T22:36:32.023] [INFO] app - 注册 Middleware [heiner_view]
[2018-01-07T22:36:32.026] [INFO] app - 注册 Controller [articleinfo.articleinfo]
[2018-01-07T22:36:32.029] [INFO] app - 注册 Controller [describe.describe]
[2018-01-07T22:36:32.031] [INFO] app - 注册 Controller [home]
[2018-01-07T22:36:32.032] [INFO] app - 注册 Controller [server.server]
[2018-01-07T22:36:32.103] [INFO] app - 注册 Router [articleinfo]
[2018-01-07T22:36:32.106] [INFO] app - 注册 Router [describe]
[2018-01-07T22:36:32.107] [INFO] app - 注册 Router [index]
[2018-01-07T22:36:32.108] [INFO] app - 注册 Router [server]
[2018-01-07T22:36:33.109] [INFO] app - 正在启动项目 模式: build
[2018-01-07T22:36:33.277] [INFO] app - 连接数据库 [mysql -h 127.0.0.1 -u root -D gdtv_cms]
[2018-01-07T22:36:33.482] [INFO] app - 连接数据库 [sqlite -h gdtvshopr1.mysql.rds.aliyuncs.com -u gdtvroot -D gdtvshop]
[2018-01-07T22:36:33.485] [INFO] app - 连接数据库 [sqlite -h gdtvcmsdb.mysql.rds.aliyuncs.com -u gdtvbalance -D gdtv_balance]
[2018-01-07T22:36:33.488] [INFO] app - 注册 Helper [moment]
[2018-01-07T22:36:33.489] [INFO] app - 注册 Helper [async]
[2018-01-07T22:36:33.498] [INFO] app - 注册 Helper [lodash]
[2018-01-07T22:36:33.501] [INFO] app - 注册 Middleware [heiner_static]
[2018-01-07T22:36:33.502] [INFO] app - 注册 Middleware [heiner_query]
[2018-01-07T22:36:33.502] [INFO] app - 注册 Middleware [heiner_body]
[2018-01-07T22:36:33.502] [INFO] app - 注册 Middleware [heiner_view]
[2018-01-07T22:36:33.533] [INFO] app - 注册 Middleware [heiner_static]
[2018-01-07T22:36:33.537] [INFO] app - 注册 Middleware [heiner_query]
[2018-01-07T22:36:33.576] [INFO] app - 注册 Middleware [heiner_body]
[2018-01-07T22:36:33.606] [INFO] app - 注册 Middleware [heiner_view]
[2018-01-07T22:36:33.609] [INFO] app - 注册 Controller [articleinfo.articleinfo]
[2018-01-07T22:36:33.612] [INFO] app - 注册 Controller [describe.describe]
[2018-01-07T22:36:33.614] [INFO] app - 注册 Controller [home]
[2018-01-07T22:36:33.615] [INFO] app - 注册 Controller [server.server]
[2018-01-07T22:36:33.675] [INFO] app - 注册 Router [articleinfo]
[2018-01-07T22:36:33.678] [INFO] app - 注册 Router [describe]
[2018-01-07T22:36:33.680] [INFO] app - 注册 Router [index]
[2018-01-07T22:36:33.681] [INFO] app - 注册 Router [server]
[2018-01-07T22:36:35.774] [INFO] app - 正在启动项目 模式: build
[2018-01-07T22:36:36.028] [INFO] app - 连接数据库 [mysql -h 127.0.0.1 -u root -D gdtv_cms]
[2018-01-07T22:36:36.460] [INFO] app - 连接数据库 [sqlite -h gdtvshopr1.mysql.rds.aliyuncs.com -u gdtvroot -D gdtvshop]
[2018-01-07T22:36:36.462] [INFO] app - 连接数据库 [sqlite -h gdtvcmsdb.mysql.rds.aliyuncs.com -u gdtvbalance -D gdtv_balance]
[2018-01-07T22:36:36.465] [INFO] app - 注册 Helper [moment]
[2018-01-07T22:36:36.466] [INFO] app - 注册 Helper [async]
[2018-01-07T22:36:36.477] [INFO] app - 注册 Helper [lodash]
[2018-01-07T22:36:36.484] [INFO] app - 注册 Middleware [heiner_static]
[2018-01-07T22:36:36.485] [INFO] app - 注册 Middleware [heiner_query]
[2018-01-07T22:36:36.486] [INFO] app - 注册 Middleware [heiner_body]
[2018-01-07T22:36:36.486] [INFO] app - 注册 Middleware [heiner_view]
[2018-01-07T22:36:36.539] [INFO] app - 注册 Middleware [heiner_static]
[2018-01-07T22:36:36.546] [INFO] app - 注册 Middleware [heiner_query]
[2018-01-07T22:36:36.624] [INFO] app - 注册 Middleware [heiner_body]
[2018-01-07T22:36:36.692] [INFO] app - 注册 Middleware [heiner_view]
[2018-01-07T22:36:36.697] [INFO] app - 注册 Controller [articleinfo.articleinfo]
[2018-01-07T22:36:36.709] [INFO] app - 注册 Controller [describe.describe]
[2018-01-07T22:36:36.712] [INFO] app - 注册 Controller [home]
[2018-01-07T22:36:36.714] [INFO] app - 注册 Controller [server.server]
[2018-01-07T22:36:36.788] [INFO] app - 注册 Router [articleinfo]
[2018-01-07T22:36:36.790] [INFO] app - 注册 Router [describe]
[2018-01-07T22:36:36.792] [INFO] app - 注册 Router [index]
[2018-01-07T22:36:36.793] [INFO] app - 注册 Router [server]
[2018-01-07T22:36:38.126] [INFO] app - 正在启动项目 模式: build
[2018-01-07T22:36:38.368] [INFO] app - 连接数据库 [mysql -h 127.0.0.1 -u root -D gdtv_cms]
[2018-01-07T22:36:38.609] [INFO] app - 连接数据库 [sqlite -h gdtvshopr1.mysql.rds.aliyuncs.com -u gdtvroot -D gdtvshop]
[2018-01-07T22:36:38.611] [INFO] app - 连接数据库 [sqlite -h gdtvcmsdb.mysql.rds.aliyuncs.com -u gdtvbalance -D gdtv_balance]
[2018-01-07T22:36:38.614] [INFO] app - 注册 Helper [moment]
[2018-01-07T22:36:38.615] [INFO] app - 注册 Helper [async]
[2018-01-07T22:36:38.623] [INFO] app - 注册 Helper [lodash]
[2018-01-07T22:36:38.627] [INFO] app - 注册 Middleware [heiner_static]
[2018-01-07T22:36:38.627] [INFO] app - 注册 Middleware [heiner_query]
[2018-01-07T22:36:38.628] [INFO] app - 注册 Middleware [heiner_body]
[2018-01-07T22:36:38.628] [INFO] app - 注册 Middleware [heiner_view]
[2018-01-07T22:36:38.668] [INFO] app - 注册 Middleware [heiner_static]
[2018-01-07T22:36:38.675] [INFO] app - 注册 Middleware [heiner_query]
[2018-01-07T22:36:38.730] [INFO] app - 注册 Middleware [heiner_body]
[2018-01-07T22:36:38.772] [INFO] app - 注册 Middleware [heiner_view]
[2018-01-07T22:36:38.775] [INFO] app - 注册 Controller [articleinfo.articleinfo]
[2018-01-07T22:36:38.779] [INFO] app - 注册 Controller [describe.describe]
[2018-01-07T22:36:38.782] [INFO] app - 注册 Controller [home]
[2018-01-07T22:36:38.785] [INFO] app - 注册 Controller [server.server]
[2018-01-07T22:36:38.853] [INFO] app - 注册 Router [articleinfo]
[2018-01-07T22:36:38.855] [INFO] app - 注册 Router [describe]
[2018-01-07T22:36:38.857] [INFO] app - 注册 Router [index]
[2018-01-07T22:36:38.858] [INFO] app - 注册 Router [server]
[2018-01-07T22:36:39.908] [INFO] app - 正在启动项目 模式: build
[2018-01-07T22:36:40.078] [INFO] app - 连接数据库 [mysql -h 127.0.0.1 -u root -D gdtv_cms]
[2018-01-07T22:36:40.289] [INFO] app - 连接数据库 [sqlite -h gdtvshopr1.mysql.rds.aliyuncs.com -u gdtvroot -D gdtvshop]
[2018-01-07T22:36:40.292] [INFO] app - 连接数据库 [sqlite -h gdtvcmsdb.mysql.rds.aliyuncs.com -u gdtvbalance -D gdtv_balance]
[2018-01-07T22:36:40.295] [INFO] app - 注册 Helper [moment]
[2018-01-07T22:36:40.296] [INFO] app - 注册 Helper [async]
[2018-01-07T22:36:40.303] [INFO] app - 注册 Helper [lodash]
[2018-01-07T22:36:40.308] [INFO] app - 注册 Middleware [heiner_static]
[2018-01-07T22:36:40.309] [INFO] app - 注册 Middleware [heiner_query]
[2018-01-07T22:36:40.309] [INFO] app - 注册 Middleware [heiner_body]
[2018-01-07T22:36:40.310] [INFO] app - 注册 Middleware [heiner_view]
[2018-01-07T22:36:40.371] [INFO] app - 注册 Middleware [heiner_static]
[2018-01-07T22:36:40.379] [INFO] app - 注册 Middleware [heiner_query]
[2018-01-07T22:36:40.438] [INFO] app - 注册 Middleware [heiner_body]
[2018-01-07T22:36:40.485] [INFO] app - 注册 Middleware [heiner_view]
[2018-01-07T22:36:40.489] [INFO] app - 注册 Controller [articleinfo.articleinfo]
[2018-01-07T22:36:40.493] [INFO] app - 注册 Controller [describe.describe]
[2018-01-07T22:36:40.497] [INFO] app - 注册 Controller [home]
[2018-01-07T22:36:40.501] [INFO] app - 注册 Controller [server.server]
[2018-01-07T22:36:40.603] [INFO] app - 注册 Router [articleinfo]
[2018-01-07T22:36:40.607] [INFO] app - 注册 Router [describe]
[2018-01-07T22:36:40.609] [INFO] app - 注册 Router [index]
[2018-01-07T22:36:40.610] [INFO] app - 注册 Router [server]
[2018-01-07T22:36:41.867] [INFO] app - 正在启动项目 模式: build
[2018-01-07T22:36:42.053] [INFO] app - 连接数据库 [mysql -h 127.0.0.1 -u root -D gdtv_cms]
[2018-01-07T22:36:42.236] [INFO] app - 连接数据库 [sqlite -h gdtvshopr1.mysql.rds.aliyuncs.com -u gdtvroot -D gdtvshop]
[2018-01-07T22:36:42.238] [INFO] app - 连接数据库 [sqlite -h gdtvcmsdb.mysql.rds.aliyuncs.com -u gdtvbalance -D gdtv_balance]
[2018-01-07T22:36:42.240] [INFO] app - 注册 Helper [moment]
[2018-01-07T22:36:42.241] [INFO] app - 注册 Helper [async]
[2018-01-07T22:36:42.247] [INFO] app - 注册 Helper [lodash]
[2018-01-07T22:36:42.251] [INFO] app - 注册 Middleware [heiner_static]
[2018-01-07T22:36:42.251] [INFO] app - 注册 Middleware [heiner_query]
[2018-01-07T22:36:42.251] [INFO] app - 注册 Middleware [heiner_body]
[2018-01-07T22:36:42.252] [INFO] app - 注册 Middleware [heiner_view]
[2018-01-07T22:36:42.287] [INFO] app - 注册 Middleware [heiner_static]
[2018-01-07T22:36:42.291] [INFO] app - 注册 Middleware [heiner_query]
[2018-01-07T22:36:42.328] [INFO] app - 注册 Middleware [heiner_body]
[2018-01-07T22:36:42.356] [INFO] app - 注册 Middleware [heiner_view]
[2018-01-07T22:36:42.359] [INFO] app - 注册 Controller [articleinfo.articleinfo]
[2018-01-07T22:36:42.362] [INFO] app - 注册 Controller [describe.describe]
[2018-01-07T22:36:42.364] [INFO] app - 注册 Controller [home]
[2018-01-07T22:36:42.366] [INFO] app - 注册 Controller [server.server]
[2018-01-07T22:36:42.428] [INFO] app - 注册 Router [articleinfo]
[2018-01-07T22:36:42.432] [INFO] app - 注册 Router [describe]
[2018-01-07T22:36:42.433] [INFO] app - 注册 Router [index]
[2018-01-07T22:36:42.435] [INFO] app - 注册 Router [server]
[2018-01-07T22:36:43.318] [INFO] app - 正在启动项目 模式: build
[2018-01-07T22:36:43.503] [INFO] app - 连接数据库 [mysql -h 127.0.0.1 -u root -D gdtv_cms]
[2018-01-07T22:36:43.723] [INFO] app - 连接数据库 [sqlite -h gdtvshopr1.mysql.rds.aliyuncs.com -u gdtvroot -D gdtvshop]
[2018-01-07T22:36:43.725] [INFO] app - 连接数据库 [sqlite -h gdtvcmsdb.mysql.rds.aliyuncs.com -u gdtvbalance -D gdtv_balance]
[2018-01-07T22:36:43.728] [INFO] app - 注册 Helper [moment]
[2018-01-07T22:36:43.728] [INFO] app - 注册 Helper [async]
[2018-01-07T22:36:43.737] [INFO] app - 注册 Helper [lodash]
[2018-01-07T22:36:43.743] [INFO] app - 注册 Middleware [heiner_static]
[2018-01-07T22:36:43.744] [INFO] app - 注册 Middleware [heiner_query]
[2018-01-07T22:36:43.744] [INFO] app - 注册 Middleware [heiner_body]
[2018-01-07T22:36:43.744] [INFO] app - 注册 Middleware [heiner_view]
[2018-01-07T22:36:43.808] [INFO] app - 注册 Middleware [heiner_static]
[2018-01-07T22:36:43.821] [INFO] app - 注册 Middleware [heiner_query]
[2018-01-07T22:36:43.902] [INFO] app - 注册 Middleware [heiner_body]
[2018-01-07T22:36:43.965] [INFO] app - 注册 Middleware [heiner_view]
[2018-01-07T22:36:43.974] [INFO] app - 注册 Controller [articleinfo.articleinfo]
[2018-01-07T22:36:43.980] [INFO] app - 注册 Controller [describe.describe]
[2018-01-07T22:36:43.990] [INFO] app - 注册 Controller [home]
[2018-01-07T22:36:43.993] [INFO] app - 注册 Controller [server.server]
[2018-01-07T22:36:44.085] [INFO] app - 注册 Router [articleinfo]
[2018-01-07T22:36:44.088] [INFO] app - 注册 Router [describe]
[2018-01-07T22:36:44.090] [INFO] app - 注册 Router [index]
[2018-01-07T22:36:44.092] [INFO] app - 注册 Router [server]
[2018-01-07T22:36:45.082] [INFO] app - 正在启动项目 模式: build
[2018-01-07T22:36:45.234] [INFO] app - 连接数据库 [mysql -h 127.0.0.1 -u root -D gdtv_cms]
[2018-01-07T22:36:45.409] [INFO] app - 连接数据库 [sqlite -h gdtvshopr1.mysql.rds.aliyuncs.com -u gdtvroot -D gdtvshop]
[2018-01-07T22:36:45.412] [INFO] app - 连接数据库 [sqlite -h gdtvcmsdb.mysql.rds.aliyuncs.com -u gdtvbalance -D gdtv_balance]
[2018-01-07T22:36:45.414] [INFO] app - 注册 Helper [moment]
[2018-01-07T22:36:45.415] [INFO] app - 注册 Helper [async]
[2018-01-07T22:36:45.424] [INFO] app - 注册 Helper [lodash]
[2018-01-07T22:36:45.429] [INFO] app - 注册 Middleware [heiner_static]
[2018-01-07T22:36:45.429] [INFO] app - 注册 Middleware [heiner_query]
[2018-01-07T22:36:45.429] [INFO] app - 注册 Middleware [heiner_body]
[2018-01-07T22:36:45.430] [INFO] app - 注册 Middleware [heiner_view]
[2018-01-07T22:36:45.461] [INFO] app - 注册 Middleware [heiner_static]
[2018-01-07T22:36:45.465] [INFO] app - 注册 Middleware [heiner_query]
[2018-01-07T22:36:45.501] [INFO] app - 注册 Middleware [heiner_body]
[2018-01-07T22:36:45.531] [INFO] app - 注册 Middleware [heiner_view]
[2018-01-07T22:36:45.534] [INFO] app - 注册 Controller [articleinfo.articleinfo]
[2018-01-07T22:36:45.536] [INFO] app - 注册 Controller [describe.describe]
[2018-01-07T22:36:45.539] [INFO] app - 注册 Controller [home]
[2018-01-07T22:36:45.540] [INFO] app - 注册 Controller [server.server]
[2018-01-07T22:36:45.604] [INFO] app - 注册 Router [articleinfo]
[2018-01-07T22:36:45.607] [INFO] app - 注册 Router [describe]
[2018-01-07T22:36:45.608] [INFO] app - 注册 Router [index]
[2018-01-07T22:36:45.609] [INFO] app - 注册 Router [server]
[2018-01-07T22:36:46.872] [INFO] app - 正在启动项目 模式: build
[2018-01-07T22:36:47.116] [INFO] app - 连接数据库 [mysql -h 127.0.0.1 -u root -D gdtv_cms]
[2018-01-07T22:36:47.376] [INFO] app - 连接数据库 [sqlite -h gdtvshopr1.mysql.rds.aliyuncs.com -u gdtvroot -D gdtvshop]
[2018-01-07T22:36:47.379] [INFO] app - 连接数据库 [sqlite -h gdtvcmsdb.mysql.rds.aliyuncs.com -u gdtvbalance -D gdtv_balance]
[2018-01-07T22:36:47.382] [INFO] app - 注册 Helper [moment]
[2018-01-07T22:36:47.382] [INFO] app - 注册 Helper [async]
[2018-01-07T22:36:47.392] [INFO] app - 注册 Helper [lodash]
[2018-01-07T22:36:47.397] [INFO] app - 注册 Middleware [heiner_static]
[2018-01-07T22:36:47.398] [INFO] app - 注册 Middleware [heiner_query]
[2018-01-07T22:36:47.398] [INFO] app - 注册 Middleware [heiner_body]
[2018-01-07T22:36:47.398] [INFO] app - 注册 Middleware [heiner_view]
[2018-01-07T22:36:47.444] [INFO] app - 注册 Middleware [heiner_static]
[2018-01-07T22:36:47.450] [INFO] app - 注册 Middleware [heiner_query]
[2018-01-07T22:36:47.486] [INFO] app - 注册 Middleware [heiner_body]
[2018-01-07T22:36:47.513] [INFO] app - 注册 Middleware [heiner_view]
[2018-01-07T22:36:47.517] [INFO] app - 注册 Controller [articleinfo.articleinfo]
[2018-01-07T22:36:47.520] [INFO] app - 注册 Controller [describe.describe]
[2018-01-07T22:36:47.521] [INFO] app - 注册 Controller [home]
[2018-01-07T22:36:47.523] [INFO] app - 注册 Controller [server.server]
[2018-01-07T22:36:47.598] [INFO] app - 注册 Router [articleinfo]
[2018-01-07T22:36:47.600] [INFO] app - 注册 Router [describe]
[2018-01-07T22:36:47.602] [INFO] app - 注册 Router [index]
[2018-01-07T22:36:47.603] [INFO] app - 注册 Router [server]
[2018-01-07T22:36:48.522] [INFO] app - 正在启动项目 模式: build
[2018-01-07T22:36:48.685] [INFO] app - 连接数据库 [mysql -h 127.0.0.1 -u root -D gdtv_cms]
[2018-01-07T22:36:48.879] [INFO] app - 连接数据库 [sqlite -h gdtvshopr1.mysql.rds.aliyuncs.com -u gdtvroot -D gdtvshop]
[2018-01-07T22:36:48.881] [INFO] app - 连接数据库 [sqlite -h gdtvcmsdb.mysql.rds.aliyuncs.com -u gdtvbalance -D gdtv_balance]
[2018-01-07T22:36:48.883] [INFO] app - 注册 Helper [moment]
[2018-01-07T22:36:48.884] [INFO] app - 注册 Helper [async]
[2018-01-07T22:36:48.891] [INFO] app - 注册 Helper [lodash]
[2018-01-07T22:36:48.895] [INFO] app - 注册 Middleware [heiner_static]
[2018-01-07T22:36:48.895] [INFO] app - 注册 Middleware [heiner_query]
[2018-01-07T22:36:48.896] [INFO] app - 注册 Middleware [heiner_body]
[2018-01-07T22:36:48.896] [INFO] app - 注册 Middleware [heiner_view]
[2018-01-07T22:36:48.929] [INFO] app - 注册 Middleware [heiner_static]
[2018-01-07T22:36:48.935] [INFO] app - 注册 Middleware [heiner_query]
[2018-01-07T22:36:48.969] [INFO] app - 注册 Middleware [heiner_body]
[2018-01-07T22:36:48.994] [INFO] app - 注册 Middleware [heiner_view]
[2018-01-07T22:36:48.997] [INFO] app - 注册 Controller [articleinfo.articleinfo]
[2018-01-07T22:36:49.000] [INFO] app - 注册 Controller [describe.describe]
[2018-01-07T22:36:49.002] [INFO] app - 注册 Controller [home]
[2018-01-07T22:36:49.004] [INFO] app - 注册 Controller [server.server]
[2018-01-07T22:36:49.069] [INFO] app - 注册 Router [articleinfo]
[2018-01-07T22:36:49.072] [INFO] app - 注册 Router [describe]
[2018-01-07T22:36:49.074] [INFO] app - 注册 Router [index]
[2018-01-07T22:36:49.075] [INFO] app - 注册 Router [server]
[2018-01-07T22:36:50.009] [INFO] app - 正在启动项目 模式: build
[2018-01-07T22:36:50.178] [INFO] app - 连接数据库 [mysql -h 127.0.0.1 -u root -D gdtv_cms]
[2018-01-07T22:36:50.405] [INFO] app - 连接数据库 [sqlite -h gdtvshopr1.mysql.rds.aliyuncs.com -u gdtvroot -D gdtvshop]
[2018-01-07T22:36:50.409] [INFO] app - 连接数据库 [sqlite -h gdtvcmsdb.mysql.rds.aliyuncs.com -u gdtvbalance -D gdtv_balance]
[2018-01-07T22:36:50.412] [INFO] app - 注册 Helper [moment]
[2018-01-07T22:36:50.412] [INFO] app - 注册 Helper [async]
[2018-01-07T22:36:50.422] [INFO] app - 注册 Helper [lodash]
[2018-01-07T22:36:50.427] [INFO] app - 注册 Middleware [heiner_static]
[2018-01-07T22:36:50.428] [INFO] app - 注册 Middleware [heiner_query]
[2018-01-07T22:36:50.428] [INFO] app - 注册 Middleware [heiner_body]
[2018-01-07T22:36:50.428] [INFO] app - 注册 Middleware [heiner_view]
[2018-01-07T22:36:50.481] [INFO] app - 注册 Middleware [heiner_static]
[2018-01-07T22:36:50.487] [INFO] app - 注册 Middleware [heiner_query]
[2018-01-07T22:36:50.536] [INFO] app - 注册 Middleware [heiner_body]
[2018-01-07T22:36:50.580] [INFO] app - 注册 Middleware [heiner_view]
[2018-01-07T22:36:50.583] [INFO] app - 注册 Controller [articleinfo.articleinfo]
[2018-01-07T22:36:50.586] [INFO] app - 注册 Controller [describe.describe]
[2018-01-07T22:36:50.589] [INFO] app - 注册 Controller [home]
[2018-01-07T22:36:50.592] [INFO] app - 注册 Controller [server.server]
[2018-01-07T22:36:50.666] [INFO] app - 注册 Router [articleinfo]
[2018-01-07T22:36:50.669] [INFO] app - 注册 Router [describe]
[2018-01-07T22:36:50.671] [INFO] app - 注册 Router [index]
[2018-01-07T22:36:50.672] [INFO] app - 注册 Router [server]
[2018-01-07T22:36:51.656] [INFO] app - 正在启动项目 模式: build
[2018-01-07T22:36:51.888] [INFO] app - 连接数据库 [mysql -h 127.0.0.1 -u root -D gdtv_cms]
[2018-01-07T22:36:52.304] [INFO] app - 连接数据库 [sqlite -h gdtvshopr1.mysql.rds.aliyuncs.com -u gdtvroot -D gdtvshop]
[2018-01-07T22:36:52.306] [INFO] app - 连接数据库 [sqlite -h gdtvcmsdb.mysql.rds.aliyuncs.com -u gdtvbalance -D gdtv_balance]
[2018-01-07T22:36:52.310] [INFO] app - 注册 Helper [moment]
[2018-01-07T22:36:52.310] [INFO] app - 注册 Helper [async]
[2018-01-07T22:36:52.322] [INFO] app - 注册 Helper [lodash]
[2018-01-07T22:36:52.327] [INFO] app - 注册 Middleware [heiner_static]
[2018-01-07T22:36:52.328] [INFO] app - 注册 Middleware [heiner_query]
[2018-01-07T22:36:52.328] [INFO] app - 注册 Middleware [heiner_body]
[2018-01-07T22:36:52.329] [INFO] app - 注册 Middleware [heiner_view]
[2018-01-07T22:36:52.408] [INFO] app - 注册 Middleware [heiner_static]
[2018-01-07T22:36:52.415] [INFO] app - 注册 Middleware [heiner_query]
[2018-01-07T22:36:52.494] [INFO] app - 注册 Middleware [heiner_body]
[2018-01-07T22:36:52.559] [INFO] app - 注册 Middleware [heiner_view]
[2018-01-07T22:36:52.572] [INFO] app - 注册 Controller [articleinfo.articleinfo]
[2018-01-07T22:36:52.589] [INFO] app - 注册 Controller [describe.describe]
[2018-01-07T22:36:52.593] [INFO] app - 注册 Controller [home]
[2018-01-07T22:36:52.603] [INFO] app - 注册 Controller [server.server]
[2018-01-07T22:36:52.747] [INFO] app - 注册 Router [articleinfo]
[2018-01-07T22:36:52.752] [INFO] app - 注册 Router [describe]
[2018-01-07T22:36:52.754] [INFO] app - 注册 Router [index]
[2018-01-07T22:36:52.756] [INFO] app - 注册 Router [server]
[2018-01-07T22:36:54.043] [INFO] app - 正在启动项目 模式: build
[2018-01-07T22:36:54.244] [INFO] app - 连接数据库 [mysql -h 127.0.0.1 -u root -D gdtv_cms]
[2018-01-07T22:36:54.438] [INFO] app - 连接数据库 [sqlite -h gdtvshopr1.mysql.rds.aliyuncs.com -u gdtvroot -D gdtvshop]
[2018-01-07T22:36:54.440] [INFO] app - 连接数据库 [sqlite -h gdtvcmsdb.mysql.rds.aliyuncs.com -u gdtvbalance -D gdtv_balance]
[2018-01-07T22:36:54.442] [INFO] app - 注册 Helper [moment]
[2018-01-07T22:36:54.443] [INFO] app - 注册 Helper [async]
[2018-01-07T22:36:54.452] [INFO] app - 注册 Helper [lodash]
[2018-01-07T22:36:54.456] [INFO] app - 注册 Middleware [heiner_static]
[2018-01-07T22:36:54.456] [INFO] app - 注册 Middleware [heiner_query]
[2018-01-07T22:36:54.456] [INFO] app - 注册 Middleware [heiner_body]
[2018-01-07T22:36:54.457] [INFO] app - 注册 Middleware [heiner_view]
[2018-01-07T22:36:54.488] [INFO] app - 注册 Middleware [heiner_static]
[2018-01-07T22:36:54.492] [INFO] app - 注册 Middleware [heiner_query]
[2018-01-07T22:36:54.536] [INFO] app - 注册 Middleware [heiner_body]
[2018-01-07T22:36:54.582] [INFO] app - 注册 Middleware [heiner_view]
[2018-01-07T22:36:54.586] [INFO] app - 注册 Controller [articleinfo.articleinfo]
[2018-01-07T22:36:54.589] [INFO] app - 注册 Controller [describe.describe]
[2018-01-07T22:36:54.592] [INFO] app - 注册 Controller [home]
[2018-01-07T22:36:54.594] [INFO] app - 注册 Controller [server.server]
[2018-01-07T22:36:54.657] [INFO] app - 注册 Router [articleinfo]
[2018-01-07T22:36:54.660] [INFO] app - 注册 Router [describe]
[2018-01-07T22:36:54.662] [INFO] app - 注册 Router [index]
[2018-01-07T22:36:54.663] [INFO] app - 注册 Router [server]
[2018-01-07T22:36:55.558] [INFO] app - 正在启动项目 模式: build
[2018-01-07T22:36:55.735] [INFO] app - 连接数据库 [mysql -h 127.0.0.1 -u root -D gdtv_cms]
[2018-01-07T22:36:55.914] [INFO] app - 连接数据库 [sqlite -h gdtvshopr1.mysql.rds.aliyuncs.com -u gdtvroot -D gdtvshop]
[2018-01-07T22:36:55.916] [INFO] app - 连接数据库 [sqlite -h gdtvcmsdb.mysql.rds.aliyuncs.com -u gdtvbalance -D gdtv_balance]
[2018-01-07T22:36:55.918] [INFO] app - 注册 Helper [moment]
[2018-01-07T22:36:55.919] [INFO] app - 注册 Helper [async]
[2018-01-07T22:36:55.926] [INFO] app - 注册 Helper [lodash]
[2018-01-07T22:36:55.931] [INFO] app - 注册 Middleware [heiner_static]
[2018-01-07T22:36:55.932] [INFO] app - 注册 Middleware [heiner_query]
[2018-01-07T22:36:55.932] [INFO] app - 注册 Middleware [heiner_body]
[2018-01-07T22:36:55.932] [INFO] app - 注册 Middleware [heiner_view]
[2018-01-07T22:36:55.964] [INFO] app - 注册 Middleware [heiner_static]
[2018-01-07T22:36:55.970] [INFO] app - 注册 Middleware [heiner_query]
[2018-01-07T22:36:56.009] [INFO] app - 注册 Middleware [heiner_body]
[2018-01-07T22:36:56.036] [INFO] app - 注册 Middleware [heiner_view]
[2018-01-07T22:36:56.038] [INFO] app - 注册 Controller [articleinfo.articleinfo]
[2018-01-07T22:36:56.042] [INFO] app - 注册 Controller [describe.describe]
[2018-01-07T22:36:56.044] [INFO] app - 注册 Controller [home]
[2018-01-07T22:36:56.046] [INFO] app - 注册 Controller [server.server]
[2018-01-07T22:36:56.105] [INFO] app - 注册 Router [articleinfo]
[2018-01-07T22:36:56.109] [INFO] app - 注册 Router [describe]
[2018-01-07T22:36:56.110] [INFO] app - 注册 Router [index]
[2018-01-07T22:36:56.112] [INFO] app - 注册 Router [server]
[2018-01-07T22:36:57.099] [INFO] app - 正在启动项目 模式: build
[2018-01-07T22:36:57.258] [INFO] app - 连接数据库 [mysql -h 127.0.0.1 -u root -D gdtv_cms]
[2018-01-07T22:36:57.480] [INFO] app - 连接数据库 [sqlite -h gdtvshopr1.mysql.rds.aliyuncs.com -u gdtvroot -D gdtvshop]
[2018-01-07T22:36:57.485] [INFO] app - 连接数据库 [sqlite -h gdtvcmsdb.mysql.rds.aliyuncs.com -u gdtvbalance -D gdtv_balance]
[2018-01-07T22:36:57.487] [INFO] app - 注册 Helper [moment]
[2018-01-07T22:36:57.488] [INFO] app - 注册 Helper [async]
[2018-01-07T22:36:57.494] [INFO] app - 注册 Helper [lodash]
[2018-01-07T22:36:57.502] [INFO] app - 注册 Middleware [heiner_static]
[2018-01-07T22:36:57.502] [INFO] app - 注册 Middleware [heiner_query]
[2018-01-07T22:36:57.503] [INFO] app - 注册 Middleware [heiner_body]
[2018-01-07T22:36:57.503] [INFO] app - 注册 Middleware [heiner_view]
[2018-01-07T22:36:57.545] [INFO] app - 注册 Middleware [heiner_static]
[2018-01-07T22:36:57.551] [INFO] app - 注册 Middleware [heiner_query]
[2018-01-07T22:36:57.611] [INFO] app - 注册 Middleware [heiner_body]
[2018-01-07T22:36:57.653] [INFO] app - 注册 Middleware [heiner_view]
[2018-01-07T22:36:57.658] [INFO] app - 注册 Controller [articleinfo.articleinfo]
[2018-01-07T22:36:57.663] [INFO] app - 注册 Controller [describe.describe]
[2018-01-07T22:36:57.665] [INFO] app - 注册 Controller [home]
[2018-01-07T22:36:57.667] [INFO] app - 注册 Controller [server.server]
[2018-01-07T22:36:57.753] [INFO] app - 注册 Router [articleinfo]
[2018-01-07T22:36:57.757] [INFO] app - 注册 Router [describe]
[2018-01-07T22:36:57.758] [INFO] app - 注册 Router [index]
[2018-01-07T22:36:57.760] [INFO] app - 注册 Router [server]
[2018-01-07T22:36:59.385] [INFO] app - 正在启动项目 模式: build
[2018-01-07T22:36:59.590] [INFO] app - 连接数据库 [mysql -h 127.0.0.1 -u root -D gdtv_cms]
[2018-01-07T22:36:59.807] [INFO] app - 连接数据库 [sqlite -h gdtvshopr1.mysql.rds.aliyuncs.com -u gdtvroot -D gdtvshop]
[2018-01-07T22:36:59.809] [INFO] app - 连接数据库 [sqlite -h gdtvcmsdb.mysql.rds.aliyuncs.com -u gdtvbalance -D gdtv_balance]
[2018-01-07T22:36:59.811] [INFO] app - 注册 Helper [moment]
[2018-01-07T22:36:59.812] [INFO] app - 注册 Helper [async]
[2018-01-07T22:36:59.818] [INFO] app - 注册 Helper [lodash]
[2018-01-07T22:36:59.822] [INFO] app - 注册 Middleware [heiner_static]
[2018-01-07T22:36:59.822] [INFO] app - 注册 Middleware [heiner_query]
[2018-01-07T22:36:59.822] [INFO] app - 注册 Middleware [heiner_body]
[2018-01-07T22:36:59.822] [INFO] app - 注册 Middleware [heiner_view]
[2018-01-07T22:36:59.858] [INFO] app - 注册 Middleware [heiner_static]
[2018-01-07T22:36:59.862] [INFO] app - 注册 Middleware [heiner_query]
[2018-01-07T22:36:59.894] [INFO] app - 注册 Middleware [heiner_body]
[2018-01-07T22:36:59.920] [INFO] app - 注册 Middleware [heiner_view]
[2018-01-07T22:36:59.922] [INFO] app - 注册 Controller [articleinfo.articleinfo]
[2018-01-07T22:36:59.925] [INFO] app - 注册 Controller [describe.describe]
[2018-01-07T22:36:59.927] [INFO] app - 注册 Controller [home]
[2018-01-07T22:36:59.928] [INFO] app - 注册 Controller [server.server]
[2018-01-07T22:36:59.980] [INFO] app - 注册 Router [articleinfo]
[2018-01-07T22:36:59.983] [INFO] app - 注册 Router [describe]
[2018-01-07T22:36:59.984] [INFO] app - 注册 Router [index]
[2018-01-07T22:36:59.986] [INFO] app - 注册 Router [server]
