[2018-01-07T22:39:00.481] [INFO] app - 正在启动项目 模式: build
[2018-01-07T22:39:00.664] [INFO] app - 连接数据库 [mysql -h 127.0.0.1 -u root -D gdtv_cms]
[2018-01-07T22:39:00.832] [INFO] app - 连接数据库 [sqlite -h gdtvshopr1.mysql.rds.aliyuncs.com -u gdtvroot -D gdtvshop]
[2018-01-07T22:39:00.834] [INFO] app - 连接数据库 [sqlite -h gdtvcmsdb.mysql.rds.aliyuncs.com -u gdtvbalance -D gdtv_balance]
[2018-01-07T22:39:00.836] [INFO] app - 注册 Helper [moment]
[2018-01-07T22:39:00.837] [INFO] app - 注册 Helper [async]
[2018-01-07T22:39:00.843] [INFO] app - 注册 Helper [lodash]
[2018-01-07T22:39:00.847] [INFO] app - 注册 Middleware [heiner_static]
[2018-01-07T22:39:00.847] [INFO] app - 注册 Middleware [heiner_query]
[2018-01-07T22:39:00.848] [INFO] app - 注册 Middleware [heiner_body]
[2018-01-07T22:39:00.848] [INFO] app - 注册 Middleware [heiner_view]
[2018-01-07T22:39:00.877] [INFO] app - 注册 Middleware [heiner_static]
[2018-01-07T22:39:00.881] [INFO] app - 注册 Middleware [heiner_query]
[2018-01-07T22:39:00.913] [INFO] app - 注册 Middleware [heiner_body]
[2018-01-07T22:39:00.938] [INFO] app - 注册 Middleware [heiner_view]
[2018-01-07T22:39:00.940] [INFO] app - 注册 Controller [articleinfo.articleinfo]
[2018-01-07T22:39:00.943] [INFO] app - 注册 Controller [describe.describe]
[2018-01-07T22:39:00.945] [INFO] app - 注册 Controller [home]
[2018-01-07T22:39:00.947] [INFO] app - 注册 Controller [server.server]
[2018-01-07T22:39:01.001] [INFO] app - 注册 Router [articleinfo]
[2018-01-07T22:39:01.004] [INFO] app - 注册 Router [describe]
[2018-01-07T22:39:01.005] [INFO] app - 注册 Router [index]
[2018-01-07T22:39:01.006] [INFO] app - 注册 Router [server]
[2018-01-07T22:39:01.919] [INFO] app - 正在启动项目 模式: build
[2018-01-07T22:39:02.086] [INFO] app - 连接数据库 [mysql -h 127.0.0.1 -u root -D gdtv_cms]
[2018-01-07T22:39:02.280] [INFO] app - 连接数据库 [sqlite -h gdtvshopr1.mysql.rds.aliyuncs.com -u gdtvroot -D gdtvshop]
[2018-01-07T22:39:02.282] [INFO] app - 连接数据库 [sqlite -h gdtvcmsdb.mysql.rds.aliyuncs.com -u gdtvbalance -D gdtv_balance]
[2018-01-07T22:39:02.285] [INFO] app - 注册 Helper [moment]
[2018-01-07T22:39:02.285] [INFO] app - 注册 Helper [async]
[2018-01-07T22:39:02.292] [INFO] app - 注册 Helper [lodash]
[2018-01-07T22:39:02.297] [INFO] app - 注册 Middleware [heiner_static]
[2018-01-07T22:39:02.297] [INFO] app - 注册 Middleware [heiner_query]
[2018-01-07T22:39:02.298] [INFO] app - 注册 Middleware [heiner_body]
[2018-01-07T22:39:02.298] [INFO] app - 注册 Middleware [heiner_view]
[2018-01-07T22:39:02.332] [INFO] app - 注册 Middleware [heiner_static]
[2018-01-07T22:39:02.337] [INFO] app - 注册 Middleware [heiner_query]
[2018-01-07T22:39:02.380] [INFO] app - 注册 Middleware [heiner_body]
[2018-01-07T22:39:02.410] [INFO] app - 注册 Middleware [heiner_view]
[2018-01-07T22:39:02.413] [INFO] app - 注册 Controller [articleinfo.articleinfo]
[2018-01-07T22:39:02.416] [INFO] app - 注册 Controller [describe.describe]
[2018-01-07T22:39:02.422] [INFO] app - 注册 Controller [home]
[2018-01-07T22:39:02.423] [INFO] app - 注册 Controller [server.server]
[2018-01-07T22:39:02.485] [INFO] app - 注册 Router [articleinfo]
[2018-01-07T22:39:02.488] [INFO] app - 注册 Router [describe]
[2018-01-07T22:39:02.489] [INFO] app - 注册 Router [index]
[2018-01-07T22:39:02.490] [INFO] app - 注册 Router [server]
[2018-01-07T22:39:03.484] [INFO] app - 正在启动项目 模式: build
[2018-01-07T22:39:03.658] [INFO] app - 连接数据库 [mysql -h 127.0.0.1 -u root -D gdtv_cms]
[2018-01-07T22:39:03.901] [INFO] app - 连接数据库 [sqlite -h gdtvshopr1.mysql.rds.aliyuncs.com -u gdtvroot -D gdtvshop]
[2018-01-07T22:39:03.905] [INFO] app - 连接数据库 [sqlite -h gdtvcmsdb.mysql.rds.aliyuncs.com -u gdtvbalance -D gdtv_balance]
[2018-01-07T22:39:03.907] [INFO] app - 注册 Helper [moment]
[2018-01-07T22:39:03.908] [INFO] app - 注册 Helper [async]
[2018-01-07T22:39:03.916] [INFO] app - 注册 Helper [lodash]
[2018-01-07T22:39:03.922] [INFO] app - 注册 Middleware [heiner_static]
[2018-01-07T22:39:03.923] [INFO] app - 注册 Middleware [heiner_query]
[2018-01-07T22:39:03.923] [INFO] app - 注册 Middleware [heiner_body]
[2018-01-07T22:39:03.923] [INFO] app - 注册 Middleware [heiner_view]
[2018-01-07T22:39:03.969] [INFO] app - 注册 Middleware [heiner_static]
[2018-01-07T22:39:03.975] [INFO] app - 注册 Middleware [heiner_query]
[2018-01-07T22:39:04.023] [INFO] app - 注册 Middleware [heiner_body]
[2018-01-07T22:39:04.065] [INFO] app - 注册 Middleware [heiner_view]
[2018-01-07T22:39:04.073] [INFO] app - 注册 Controller [articleinfo.articleinfo]
[2018-01-07T22:39:04.076] [INFO] app - 注册 Controller [describe.describe]
[2018-01-07T22:39:04.080] [INFO] app - 注册 Controller [home]
[2018-01-07T22:39:04.083] [INFO] app - 注册 Controller [server.server]
[2018-01-07T22:39:04.159] [INFO] app - 注册 Router [articleinfo]
[2018-01-07T22:39:04.162] [INFO] app - 注册 Router [describe]
[2018-01-07T22:39:04.164] [INFO] app - 注册 Router [index]
[2018-01-07T22:39:04.166] [INFO] app - 注册 Router [server]
[2018-01-07T22:39:05.254] [INFO] app - 正在启动项目 模式: build
[2018-01-07T22:39:05.554] [INFO] app - 连接数据库 [mysql -h 127.0.0.1 -u root -D gdtv_cms]
[2018-01-07T22:39:05.930] [INFO] app - 连接数据库 [sqlite -h gdtvshopr1.mysql.rds.aliyuncs.com -u gdtvroot -D gdtvshop]
[2018-01-07T22:39:05.933] [INFO] app - 连接数据库 [sqlite -h gdtvcmsdb.mysql.rds.aliyuncs.com -u gdtvbalance -D gdtv_balance]
[2018-01-07T22:39:05.936] [INFO] app - 注册 Helper [moment]
[2018-01-07T22:39:05.937] [INFO] app - 注册 Helper [async]
[2018-01-07T22:39:05.947] [INFO] app - 注册 Helper [lodash]
[2018-01-07T22:39:05.953] [INFO] app - 注册 Middleware [heiner_static]
[2018-01-07T22:39:05.953] [INFO] app - 注册 Middleware [heiner_query]
[2018-01-07T22:39:05.953] [INFO] app - 注册 Middleware [heiner_body]
[2018-01-07T22:39:05.954] [INFO] app - 注册 Middleware [heiner_view]
[2018-01-07T22:39:06.022] [INFO] app - 注册 Middleware [heiner_static]
[2018-01-07T22:39:06.032] [INFO] app - 注册 Middleware [heiner_query]
[2018-01-07T22:39:06.109] [INFO] app - 注册 Middleware [heiner_body]
[2018-01-07T22:39:06.150] [INFO] app - 注册 Middleware [heiner_view]
[2018-01-07T22:39:06.154] [INFO] app - 注册 Controller [articleinfo.articleinfo]
[2018-01-07T22:39:06.157] [INFO] app - 注册 Controller [describe.describe]
[2018-01-07T22:39:06.159] [INFO] app - 注册 Controller [home]
[2018-01-07T22:39:06.161] [INFO] app - 注册 Controller [server.server]
[2018-01-07T22:39:06.242] [INFO] app - 注册 Router [articleinfo]
[2018-01-07T22:39:06.246] [INFO] app - 注册 Router [describe]
[2018-01-07T22:39:06.248] [INFO] app - 注册 Router [index]
[2018-01-07T22:39:06.249] [INFO] app - 注册 Router [server]
[2018-01-07T22:39:07.289] [INFO] app - 正在启动项目 模式: build
[2018-01-07T22:39:07.508] [INFO] app - 连接数据库 [mysql -h 127.0.0.1 -u root -D gdtv_cms]
[2018-01-07T22:39:07.747] [INFO] app - 连接数据库 [sqlite -h gdtvshopr1.mysql.rds.aliyuncs.com -u gdtvroot -D gdtvshop]
[2018-01-07T22:39:07.749] [INFO] app - 连接数据库 [sqlite -h gdtvcmsdb.mysql.rds.aliyuncs.com -u gdtvbalance -D gdtv_balance]
[2018-01-07T22:39:07.751] [INFO] app - 注册 Helper [moment]
[2018-01-07T22:39:07.752] [INFO] app - 注册 Helper [async]
[2018-01-07T22:39:07.758] [INFO] app - 注册 Helper [lodash]
[2018-01-07T22:39:07.763] [INFO] app - 注册 Middleware [heiner_static]
[2018-01-07T22:39:07.763] [INFO] app - 注册 Middleware [heiner_query]
[2018-01-07T22:39:07.763] [INFO] app - 注册 Middleware [heiner_body]
[2018-01-07T22:39:07.764] [INFO] app - 注册 Middleware [heiner_view]
[2018-01-07T22:39:07.798] [INFO] app - 注册 Middleware [heiner_static]
[2018-01-07T22:39:07.804] [INFO] app - 注册 Middleware [heiner_query]
[2018-01-07T22:39:07.849] [INFO] app - 注册 Middleware [heiner_body]
[2018-01-07T22:39:07.881] [INFO] app - 注册 Middleware [heiner_view]
[2018-01-07T22:39:07.884] [INFO] app - 注册 Controller [articleinfo.articleinfo]
[2018-01-07T22:39:07.887] [INFO] app - 注册 Controller [describe.describe]
[2018-01-07T22:39:07.889] [INFO] app - 注册 Controller [home]
[2018-01-07T22:39:07.890] [INFO] app - 注册 Controller [server.server]
[2018-01-07T22:39:07.951] [INFO] app - 注册 Router [articleinfo]
[2018-01-07T22:39:07.954] [INFO] app - 注册 Router [describe]
[2018-01-07T22:39:07.955] [INFO] app - 注册 Router [index]
[2018-01-07T22:39:07.956] [INFO] app - 注册 Router [server]
[2018-01-07T22:39:08.868] [INFO] app - 正在启动项目 模式: build
[2018-01-07T22:39:09.018] [INFO] app - 连接数据库 [mysql -h 127.0.0.1 -u root -D gdtv_cms]
[2018-01-07T22:39:09.231] [INFO] app - 连接数据库 [sqlite -h gdtvshopr1.mysql.rds.aliyuncs.com -u gdtvroot -D gdtvshop]
[2018-01-07T22:39:09.233] [INFO] app - 连接数据库 [sqlite -h gdtvcmsdb.mysql.rds.aliyuncs.com -u gdtvbalance -D gdtv_balance]
[2018-01-07T22:39:09.236] [INFO] app - 注册 Helper [moment]
[2018-01-07T22:39:09.237] [INFO] app - 注册 Helper [async]
[2018-01-07T22:39:09.247] [INFO] app - 注册 Helper [lodash]
[2018-01-07T22:39:09.252] [INFO] app - 注册 Middleware [heiner_static]
[2018-01-07T22:39:09.253] [INFO] app - 注册 Middleware [heiner_query]
[2018-01-07T22:39:09.253] [INFO] app - 注册 Middleware [heiner_body]
[2018-01-07T22:39:09.253] [INFO] app - 注册 Middleware [heiner_view]
[2018-01-07T22:39:09.290] [INFO] app - 注册 Middleware [heiner_static]
[2018-01-07T22:39:09.301] [INFO] app - 注册 Middleware [heiner_query]
[2018-01-07T22:39:09.349] [INFO] app - 注册 Middleware [heiner_body]
[2018-01-07T22:39:09.386] [INFO] app - 注册 Middleware [heiner_view]
[2018-01-07T22:39:09.389] [INFO] app - 注册 Controller [articleinfo.articleinfo]
[2018-01-07T22:39:09.397] [INFO] app - 注册 Controller [describe.describe]
[2018-01-07T22:39:09.401] [INFO] app - 注册 Controller [home]
[2018-01-07T22:39:09.403] [INFO] app - 注册 Controller [server.server]
[2018-01-07T22:39:09.492] [INFO] app - 注册 Router [articleinfo]
[2018-01-07T22:39:09.501] [INFO] app - 注册 Router [describe]
[2018-01-07T22:39:09.502] [INFO] app - 注册 Router [index]
[2018-01-07T22:39:09.503] [INFO] app - 注册 Router [server]
[2018-01-07T22:39:10.776] [INFO] app - 正在启动项目 模式: build
[2018-01-07T22:39:10.954] [INFO] app - 连接数据库 [mysql -h 127.0.0.1 -u root -D gdtv_cms]
[2018-01-07T22:39:11.167] [INFO] app - 连接数据库 [sqlite -h gdtvshopr1.mysql.rds.aliyuncs.com -u gdtvroot -D gdtvshop]
[2018-01-07T22:39:11.169] [INFO] app - 连接数据库 [sqlite -h gdtvcmsdb.mysql.rds.aliyuncs.com -u gdtvbalance -D gdtv_balance]
[2018-01-07T22:39:11.172] [INFO] app - 注册 Helper [moment]
[2018-01-07T22:39:11.172] [INFO] app - 注册 Helper [async]
[2018-01-07T22:39:11.182] [INFO] app - 注册 Helper [lodash]
[2018-01-07T22:39:11.187] [INFO] app - 注册 Middleware [heiner_static]
[2018-01-07T22:39:11.187] [INFO] app - 注册 Middleware [heiner_query]
[2018-01-07T22:39:11.188] [INFO] app - 注册 Middleware [heiner_body]
[2018-01-07T22:39:11.188] [INFO] app - 注册 Middleware [heiner_view]
[2018-01-07T22:39:11.227] [INFO] app - 注册 Middleware [heiner_static]
[2018-01-07T22:39:11.233] [INFO] app - 注册 Middleware [heiner_query]
[2018-01-07T22:39:11.289] [INFO] app - 注册 Middleware [heiner_body]
[2018-01-07T22:39:11.336] [INFO] app - 注册 Middleware [heiner_view]
[2018-01-07T22:39:11.340] [INFO] app - 注册 Controller [articleinfo.articleinfo]
[2018-01-07T22:39:11.347] [INFO] app - 注册 Controller [describe.describe]
[2018-01-07T22:39:11.351] [INFO] app - 注册 Controller [home]
[2018-01-07T22:39:11.354] [INFO] app - 注册 Controller [server.server]
[2018-01-07T22:39:11.458] [INFO] app - 注册 Router [articleinfo]
[2018-01-07T22:39:11.462] [INFO] app - 注册 Router [describe]
[2018-01-07T22:39:11.464] [INFO] app - 注册 Router [index]
[2018-01-07T22:39:11.467] [INFO] app - 注册 Router [server]
[2018-01-07T22:39:12.467] [INFO] app - 正在启动项目 模式: build
[2018-01-07T22:39:12.643] [INFO] app - 连接数据库 [mysql -h 127.0.0.1 -u root -D gdtv_cms]
[2018-01-07T22:39:12.821] [INFO] app - 连接数据库 [sqlite -h gdtvshopr1.mysql.rds.aliyuncs.com -u gdtvroot -D gdtvshop]
[2018-01-07T22:39:12.822] [INFO] app - 连接数据库 [sqlite -h gdtvcmsdb.mysql.rds.aliyuncs.com -u gdtvbalance -D gdtv_balance]
[2018-01-07T22:39:12.826] [INFO] app - 注册 Helper [moment]
[2018-01-07T22:39:12.826] [INFO] app - 注册 Helper [async]
[2018-01-07T22:39:12.833] [INFO] app - 注册 Helper [lodash]
[2018-01-07T22:39:12.837] [INFO] app - 注册 Middleware [heiner_static]
[2018-01-07T22:39:12.837] [INFO] app - 注册 Middleware [heiner_query]
[2018-01-07T22:39:12.837] [INFO] app - 注册 Middleware [heiner_body]
[2018-01-07T22:39:12.837] [INFO] app - 注册 Middleware [heiner_view]
[2018-01-07T22:39:12.871] [INFO] app - 注册 Middleware [heiner_static]
[2018-01-07T22:39:12.876] [INFO] app - 注册 Middleware [heiner_query]
[2018-01-07T22:39:12.919] [INFO] app - 注册 Middleware [heiner_body]
[2018-01-07T22:39:12.949] [INFO] app - 注册 Middleware [heiner_view]
[2018-01-07T22:39:12.953] [INFO] app - 注册 Controller [articleinfo.articleinfo]
[2018-01-07T22:39:12.955] [INFO] app - 注册 Controller [describe.describe]
[2018-01-07T22:39:12.957] [INFO] app - 注册 Controller [home]
[2018-01-07T22:39:12.959] [INFO] app - 注册 Controller [server.server]
[2018-01-07T22:39:13.019] [INFO] app - 注册 Router [articleinfo]
[2018-01-07T22:39:13.022] [INFO] app - 注册 Router [describe]
[2018-01-07T22:39:13.023] [INFO] app - 注册 Router [index]
[2018-01-07T22:39:13.025] [INFO] app - 注册 Router [server]
[2018-01-07T22:39:14.047] [INFO] app - 正在启动项目 模式: build
[2018-01-07T22:39:14.211] [INFO] app - 连接数据库 [mysql -h 127.0.0.1 -u root -D gdtv_cms]
[2018-01-07T22:39:14.399] [INFO] app - 连接数据库 [sqlite -h gdtvshopr1.mysql.rds.aliyuncs.com -u gdtvroot -D gdtvshop]
[2018-01-07T22:39:14.402] [INFO] app - 连接数据库 [sqlite -h gdtvcmsdb.mysql.rds.aliyuncs.com -u gdtvbalance -D gdtv_balance]
[2018-01-07T22:39:14.404] [INFO] app - 注册 Helper [moment]
[2018-01-07T22:39:14.405] [INFO] app - 注册 Helper [async]
[2018-01-07T22:39:14.412] [INFO] app - 注册 Helper [lodash]
[2018-01-07T22:39:14.416] [INFO] app - 注册 Middleware [heiner_static]
[2018-01-07T22:39:14.416] [INFO] app - 注册 Middleware [heiner_query]
[2018-01-07T22:39:14.416] [INFO] app - 注册 Middleware [heiner_body]
[2018-01-07T22:39:14.416] [INFO] app - 注册 Middleware [heiner_view]
[2018-01-07T22:39:14.455] [INFO] app - 注册 Middleware [heiner_static]
[2018-01-07T22:39:14.459] [INFO] app - 注册 Middleware [heiner_query]
[2018-01-07T22:39:14.501] [INFO] app - 注册 Middleware [heiner_body]
[2018-01-07T22:39:14.532] [INFO] app - 注册 Middleware [heiner_view]
[2018-01-07T22:39:14.534] [INFO] app - 注册 Controller [articleinfo.articleinfo]
[2018-01-07T22:39:14.537] [INFO] app - 注册 Controller [describe.describe]
[2018-01-07T22:39:14.539] [INFO] app - 注册 Controller [home]
[2018-01-07T22:39:14.540] [INFO] app - 注册 Controller [server.server]
[2018-01-07T22:39:14.608] [INFO] app - 注册 Router [articleinfo]
[2018-01-07T22:39:14.612] [INFO] app - 注册 Router [describe]
[2018-01-07T22:39:14.613] [INFO] app - 注册 Router [index]
[2018-01-07T22:39:14.615] [INFO] app - 注册 Router [server]
[2018-01-07T22:39:15.588] [INFO] app - 正在启动项目 模式: build
[2018-01-07T22:39:15.789] [INFO] app - 连接数据库 [mysql -h 127.0.0.1 -u root -D gdtv_cms]
[2018-01-07T22:39:15.987] [INFO] app - 连接数据库 [sqlite -h gdtvshopr1.mysql.rds.aliyuncs.com -u gdtvroot -D gdtvshop]
[2018-01-07T22:39:15.990] [INFO] app - 连接数据库 [sqlite -h gdtvcmsdb.mysql.rds.aliyuncs.com -u gdtvbalance -D gdtv_balance]
[2018-01-07T22:39:15.994] [INFO] app - 注册 Helper [moment]
[2018-01-07T22:39:15.994] [INFO] app - 注册 Helper [async]
[2018-01-07T22:39:16.003] [INFO] app - 注册 Helper [lodash]
[2018-01-07T22:39:16.007] [INFO] app - 注册 Middleware [heiner_static]
[2018-01-07T22:39:16.008] [INFO] app - 注册 Middleware [heiner_query]
[2018-01-07T22:39:16.008] [INFO] app - 注册 Middleware [heiner_body]
[2018-01-07T22:39:16.008] [INFO] app - 注册 Middleware [heiner_view]
[2018-01-07T22:39:16.044] [INFO] app - 注册 Middleware [heiner_static]
[2018-01-07T22:39:16.048] [INFO] app - 注册 Middleware [heiner_query]
[2018-01-07T22:39:16.089] [INFO] app - 注册 Middleware [heiner_body]
[2018-01-07T22:39:16.118] [INFO] app - 注册 Middleware [heiner_view]
[2018-01-07T22:39:16.122] [INFO] app - 注册 Controller [articleinfo.articleinfo]
[2018-01-07T22:39:16.125] [INFO] app - 注册 Controller [describe.describe]
[2018-01-07T22:39:16.129] [INFO] app - 注册 Controller [home]
[2018-01-07T22:39:16.131] [INFO] app - 注册 Controller [server.server]
[2018-01-07T22:39:16.182] [INFO] app - 注册 Router [articleinfo]
[2018-01-07T22:39:16.186] [INFO] app - 注册 Router [describe]
[2018-01-07T22:39:16.188] [INFO] app - 注册 Router [index]
[2018-01-07T22:39:16.189] [INFO] app - 注册 Router [server]
[2018-01-07T22:39:17.335] [INFO] app - 正在启动项目 模式: build
[2018-01-07T22:39:17.595] [INFO] app - 连接数据库 [mysql -h 127.0.0.1 -u root -D gdtv_cms]
[2018-01-07T22:39:17.819] [INFO] app - 连接数据库 [sqlite -h gdtvshopr1.mysql.rds.aliyuncs.com -u gdtvroot -D gdtvshop]
[2018-01-07T22:39:17.820] [INFO] app - 连接数据库 [sqlite -h gdtvcmsdb.mysql.rds.aliyuncs.com -u gdtvbalance -D gdtv_balance]
[2018-01-07T22:39:17.823] [INFO] app - 注册 Helper [moment]
[2018-01-07T22:39:17.823] [INFO] app - 注册 Helper [async]
[2018-01-07T22:39:17.835] [INFO] app - 注册 Helper [lodash]
[2018-01-07T22:39:17.839] [INFO] app - 注册 Middleware [heiner_static]
[2018-01-07T22:39:17.840] [INFO] app - 注册 Middleware [heiner_query]
[2018-01-07T22:39:17.840] [INFO] app - 注册 Middleware [heiner_body]
[2018-01-07T22:39:17.840] [INFO] app - 注册 Middleware [heiner_view]
[2018-01-07T22:39:17.871] [INFO] app - 注册 Middleware [heiner_static]
[2018-01-07T22:39:17.875] [INFO] app - 注册 Middleware [heiner_query]
[2018-01-07T22:39:17.912] [INFO] app - 注册 Middleware [heiner_body]
[2018-01-07T22:39:17.944] [INFO] app - 注册 Middleware [heiner_view]
[2018-01-07T22:39:17.946] [INFO] app - 注册 Controller [articleinfo.articleinfo]
[2018-01-07T22:39:17.949] [INFO] app - 注册 Controller [describe.describe]
[2018-01-07T22:39:17.954] [INFO] app - 注册 Controller [home]
[2018-01-07T22:39:17.955] [INFO] app - 注册 Controller [server.server]
[2018-01-07T22:39:18.011] [INFO] app - 注册 Router [articleinfo]
[2018-01-07T22:39:18.015] [INFO] app - 注册 Router [describe]
[2018-01-07T22:39:18.016] [INFO] app - 注册 Router [index]
[2018-01-07T22:39:18.018] [INFO] app - 注册 Router [server]
[2018-01-07T22:39:18.920] [INFO] app - 正在启动项目 模式: build
[2018-01-07T22:39:19.079] [INFO] app - 连接数据库 [mysql -h 127.0.0.1 -u root -D gdtv_cms]
[2018-01-07T22:39:19.303] [INFO] app - 连接数据库 [sqlite -h gdtvshopr1.mysql.rds.aliyuncs.com -u gdtvroot -D gdtvshop]
[2018-01-07T22:39:19.305] [INFO] app - 连接数据库 [sqlite -h gdtvcmsdb.mysql.rds.aliyuncs.com -u gdtvbalance -D gdtv_balance]
[2018-01-07T22:39:19.310] [INFO] app - 注册 Helper [moment]
[2018-01-07T22:39:19.310] [INFO] app - 注册 Helper [async]
[2018-01-07T22:39:19.321] [INFO] app - 注册 Helper [lodash]
[2018-01-07T22:39:19.326] [INFO] app - 注册 Middleware [heiner_static]
[2018-01-07T22:39:19.326] [INFO] app - 注册 Middleware [heiner_query]
[2018-01-07T22:39:19.326] [INFO] app - 注册 Middleware [heiner_body]
[2018-01-07T22:39:19.326] [INFO] app - 注册 Middleware [heiner_view]
[2018-01-07T22:39:19.371] [INFO] app - 注册 Middleware [heiner_static]
[2018-01-07T22:39:19.377] [INFO] app - 注册 Middleware [heiner_query]
[2018-01-07T22:39:19.431] [INFO] app - 注册 Middleware [heiner_body]
[2018-01-07T22:39:19.463] [INFO] app - 注册 Middleware [heiner_view]
[2018-01-07T22:39:19.470] [INFO] app - 注册 Controller [articleinfo.articleinfo]
[2018-01-07T22:39:19.473] [INFO] app - 注册 Controller [describe.describe]
[2018-01-07T22:39:19.475] [INFO] app - 注册 Controller [home]
[2018-01-07T22:39:19.476] [INFO] app - 注册 Controller [server.server]
[2018-01-07T22:39:19.539] [INFO] app - 注册 Router [articleinfo]
[2018-01-07T22:39:19.542] [INFO] app - 注册 Router [describe]
[2018-01-07T22:39:19.544] [INFO] app - 注册 Router [index]
[2018-01-07T22:39:19.545] [INFO] app - 注册 Router [server]
[2018-01-07T22:39:20.698] [INFO] app - 正在启动项目 模式: build
[2018-01-07T22:39:20.914] [INFO] app - 连接数据库 [mysql -h 127.0.0.1 -u root -D gdtv_cms]
[2018-01-07T22:39:21.155] [INFO] app - 连接数据库 [sqlite -h gdtvshopr1.mysql.rds.aliyuncs.com -u gdtvroot -D gdtvshop]
[2018-01-07T22:39:21.157] [INFO] app - 连接数据库 [sqlite -h gdtvcmsdb.mysql.rds.aliyuncs.com -u gdtvbalance -D gdtv_balance]
[2018-01-07T22:39:21.160] [INFO] app - 注册 Helper [moment]
[2018-01-07T22:39:21.161] [INFO] app - 注册 Helper [async]
[2018-01-07T22:39:21.170] [INFO] app - 注册 Helper [lodash]
[2018-01-07T22:39:21.175] [INFO] app - 注册 Middleware [heiner_static]
[2018-01-07T22:39:21.175] [INFO] app - 注册 Middleware [heiner_query]
[2018-01-07T22:39:21.175] [INFO] app - 注册 Middleware [heiner_body]
[2018-01-07T22:39:21.176] [INFO] app - 注册 Middleware [heiner_view]
[2018-01-07T22:39:21.215] [INFO] app - 注册 Middleware [heiner_static]
[2018-01-07T22:39:21.226] [INFO] app - 注册 Middleware [heiner_query]
[2018-01-07T22:39:21.272] [INFO] app - 注册 Middleware [heiner_body]
[2018-01-07T22:39:21.306] [INFO] app - 注册 Middleware [heiner_view]
[2018-01-07T22:39:21.310] [INFO] app - 注册 Controller [articleinfo.articleinfo]
[2018-01-07T22:39:21.314] [INFO] app - 注册 Controller [describe.describe]
[2018-01-07T22:39:21.321] [INFO] app - 注册 Controller [home]
[2018-01-07T22:39:21.326] [INFO] app - 注册 Controller [server.server]
[2018-01-07T22:39:21.429] [INFO] app - 注册 Router [articleinfo]
[2018-01-07T22:39:21.438] [INFO] app - 注册 Router [describe]
[2018-01-07T22:39:21.440] [INFO] app - 注册 Router [index]
[2018-01-07T22:39:21.443] [INFO] app - 注册 Router [server]
[2018-01-07T22:39:22.434] [INFO] app - 正在启动项目 模式: build
[2018-01-07T22:39:22.644] [INFO] app - 连接数据库 [mysql -h 127.0.0.1 -u root -D gdtv_cms]
[2018-01-07T22:39:22.962] [INFO] app - 连接数据库 [sqlite -h gdtvshopr1.mysql.rds.aliyuncs.com -u gdtvroot -D gdtvshop]
[2018-01-07T22:39:22.967] [INFO] app - 连接数据库 [sqlite -h gdtvcmsdb.mysql.rds.aliyuncs.com -u gdtvbalance -D gdtv_balance]
[2018-01-07T22:39:22.971] [INFO] app - 注册 Helper [moment]
[2018-01-07T22:39:22.971] [INFO] app - 注册 Helper [async]
[2018-01-07T22:39:22.981] [INFO] app - 注册 Helper [lodash]
[2018-01-07T22:39:22.986] [INFO] app - 注册 Middleware [heiner_static]
[2018-01-07T22:39:22.987] [INFO] app - 注册 Middleware [heiner_query]
[2018-01-07T22:39:22.987] [INFO] app - 注册 Middleware [heiner_body]
[2018-01-07T22:39:22.987] [INFO] app - 注册 Middleware [heiner_view]
[2018-01-07T22:39:23.036] [INFO] app - 注册 Middleware [heiner_static]
[2018-01-07T22:39:23.046] [INFO] app - 注册 Middleware [heiner_query]
[2018-01-07T22:39:23.110] [INFO] app - 注册 Middleware [heiner_body]
[2018-01-07T22:39:23.158] [INFO] app - 注册 Middleware [heiner_view]
[2018-01-07T22:39:23.162] [INFO] app - 注册 Controller [articleinfo.articleinfo]
[2018-01-07T22:39:23.167] [INFO] app - 注册 Controller [describe.describe]
[2018-01-07T22:39:23.170] [INFO] app - 注册 Controller [home]
[2018-01-07T22:39:23.174] [INFO] app - 注册 Controller [server.server]
[2018-01-07T22:39:23.254] [INFO] app - 注册 Router [articleinfo]
[2018-01-07T22:39:23.258] [INFO] app - 注册 Router [describe]
[2018-01-07T22:39:23.260] [INFO] app - 注册 Router [index]
[2018-01-07T22:39:23.261] [INFO] app - 注册 Router [server]
[2018-01-07T22:39:24.192] [INFO] app - 正在启动项目 模式: build
[2018-01-07T22:39:24.347] [INFO] app - 连接数据库 [mysql -h 127.0.0.1 -u root -D gdtv_cms]
[2018-01-07T22:39:24.537] [INFO] app - 连接数据库 [sqlite -h gdtvshopr1.mysql.rds.aliyuncs.com -u gdtvroot -D gdtvshop]
[2018-01-07T22:39:24.539] [INFO] app - 连接数据库 [sqlite -h gdtvcmsdb.mysql.rds.aliyuncs.com -u gdtvbalance -D gdtv_balance]
[2018-01-07T22:39:24.541] [INFO] app - 注册 Helper [moment]
[2018-01-07T22:39:24.542] [INFO] app - 注册 Helper [async]
[2018-01-07T22:39:24.548] [INFO] app - 注册 Helper [lodash]
[2018-01-07T22:39:24.552] [INFO] app - 注册 Middleware [heiner_static]
[2018-01-07T22:39:24.552] [INFO] app - 注册 Middleware [heiner_query]
[2018-01-07T22:39:24.552] [INFO] app - 注册 Middleware [heiner_body]
[2018-01-07T22:39:24.553] [INFO] app - 注册 Middleware [heiner_view]
[2018-01-07T22:39:24.587] [INFO] app - 注册 Middleware [heiner_static]
[2018-01-07T22:39:24.593] [INFO] app - 注册 Middleware [heiner_query]
[2018-01-07T22:39:24.630] [INFO] app - 注册 Middleware [heiner_body]
[2018-01-07T22:39:24.661] [INFO] app - 注册 Middleware [heiner_view]
[2018-01-07T22:39:24.663] [INFO] app - 注册 Controller [articleinfo.articleinfo]
[2018-01-07T22:39:24.666] [INFO] app - 注册 Controller [describe.describe]
[2018-01-07T22:39:24.668] [INFO] app - 注册 Controller [home]
[2018-01-07T22:39:24.670] [INFO] app - 注册 Controller [server.server]
[2018-01-07T22:39:24.734] [INFO] app - 注册 Router [articleinfo]
[2018-01-07T22:39:24.737] [INFO] app - 注册 Router [describe]
[2018-01-07T22:39:24.738] [INFO] app - 注册 Router [index]
[2018-01-07T22:39:24.740] [INFO] app - 注册 Router [server]
[2018-01-07T22:39:25.688] [INFO] app - 正在启动项目 模式: build
[2018-01-07T22:39:25.897] [INFO] app - 连接数据库 [mysql -h 127.0.0.1 -u root -D gdtv_cms]
[2018-01-07T22:39:26.115] [INFO] app - 连接数据库 [sqlite -h gdtvshopr1.mysql.rds.aliyuncs.com -u gdtvroot -D gdtvshop]
[2018-01-07T22:39:26.119] [INFO] app - 连接数据库 [sqlite -h gdtvcmsdb.mysql.rds.aliyuncs.com -u gdtvbalance -D gdtv_balance]
[2018-01-07T22:39:26.121] [INFO] app - 注册 Helper [moment]
[2018-01-07T22:39:26.122] [INFO] app - 注册 Helper [async]
[2018-01-07T22:39:26.129] [INFO] app - 注册 Helper [lodash]
[2018-01-07T22:39:26.133] [INFO] app - 注册 Middleware [heiner_static]
[2018-01-07T22:39:26.133] [INFO] app - 注册 Middleware [heiner_query]
[2018-01-07T22:39:26.133] [INFO] app - 注册 Middleware [heiner_body]
[2018-01-07T22:39:26.133] [INFO] app - 注册 Middleware [heiner_view]
[2018-01-07T22:39:26.167] [INFO] app - 注册 Middleware [heiner_static]
[2018-01-07T22:39:26.174] [INFO] app - 注册 Middleware [heiner_query]
[2018-01-07T22:39:26.219] [INFO] app - 注册 Middleware [heiner_body]
[2018-01-07T22:39:26.255] [INFO] app - 注册 Middleware [heiner_view]
[2018-01-07T22:39:26.258] [INFO] app - 注册 Controller [articleinfo.articleinfo]
[2018-01-07T22:39:26.261] [INFO] app - 注册 Controller [describe.describe]
[2018-01-07T22:39:26.263] [INFO] app - 注册 Controller [home]
[2018-01-07T22:39:26.265] [INFO] app - 注册 Controller [server.server]
[2018-01-07T22:39:26.339] [INFO] app - 注册 Router [articleinfo]
[2018-01-07T22:39:26.342] [INFO] app - 注册 Router [describe]
[2018-01-07T22:39:26.344] [INFO] app - 注册 Router [index]
[2018-01-07T22:39:26.345] [INFO] app - 注册 Router [server]
[2018-01-07T22:39:27.510] [INFO] app - 正在启动项目 模式: build
[2018-01-07T22:39:27.710] [INFO] app - 连接数据库 [mysql -h 127.0.0.1 -u root -D gdtv_cms]
[2018-01-07T22:39:27.898] [INFO] app - 连接数据库 [sqlite -h gdtvshopr1.mysql.rds.aliyuncs.com -u gdtvroot -D gdtvshop]
[2018-01-07T22:39:27.900] [INFO] app - 连接数据库 [sqlite -h gdtvcmsdb.mysql.rds.aliyuncs.com -u gdtvbalance -D gdtv_balance]
[2018-01-07T22:39:27.902] [INFO] app - 注册 Helper [moment]
[2018-01-07T22:39:27.903] [INFO] app - 注册 Helper [async]
[2018-01-07T22:39:27.909] [INFO] app - 注册 Helper [lodash]
[2018-01-07T22:39:27.913] [INFO] app - 注册 Middleware [heiner_static]
[2018-01-07T22:39:27.914] [INFO] app - 注册 Middleware [heiner_query]
[2018-01-07T22:39:27.914] [INFO] app - 注册 Middleware [heiner_body]
[2018-01-07T22:39:27.914] [INFO] app - 注册 Middleware [heiner_view]
[2018-01-07T22:39:27.947] [INFO] app - 注册 Middleware [heiner_static]
[2018-01-07T22:39:27.951] [INFO] app - 注册 Middleware [heiner_query]
[2018-01-07T22:39:27.985] [INFO] app - 注册 Middleware [heiner_body]
[2018-01-07T22:39:28.012] [INFO] app - 注册 Middleware [heiner_view]
[2018-01-07T22:39:28.016] [INFO] app - 注册 Controller [articleinfo.articleinfo]
[2018-01-07T22:39:28.018] [INFO] app - 注册 Controller [describe.describe]
[2018-01-07T22:39:28.021] [INFO] app - 注册 Controller [home]
[2018-01-07T22:39:28.023] [INFO] app - 注册 Controller [server.server]
[2018-01-07T22:39:28.093] [INFO] app - 注册 Router [articleinfo]
[2018-01-07T22:39:28.096] [INFO] app - 注册 Router [describe]
[2018-01-07T22:39:28.098] [INFO] app - 注册 Router [index]
[2018-01-07T22:39:28.099] [INFO] app - 注册 Router [server]
[2018-01-07T22:39:29.544] [INFO] app - 正在启动项目 模式: build
[2018-01-07T22:39:29.739] [INFO] app - 连接数据库 [mysql -h 127.0.0.1 -u root -D gdtv_cms]
[2018-01-07T22:39:29.929] [INFO] app - 连接数据库 [sqlite -h gdtvshopr1.mysql.rds.aliyuncs.com -u gdtvroot -D gdtvshop]
[2018-01-07T22:39:29.931] [INFO] app - 连接数据库 [sqlite -h gdtvcmsdb.mysql.rds.aliyuncs.com -u gdtvbalance -D gdtv_balance]
[2018-01-07T22:39:29.934] [INFO] app - 注册 Helper [moment]
[2018-01-07T22:39:29.935] [INFO] app - 注册 Helper [async]
[2018-01-07T22:39:29.944] [INFO] app - 注册 Helper [lodash]
[2018-01-07T22:39:29.948] [INFO] app - 注册 Middleware [heiner_static]
[2018-01-07T22:39:29.948] [INFO] app - 注册 Middleware [heiner_query]
[2018-01-07T22:39:29.948] [INFO] app - 注册 Middleware [heiner_body]
[2018-01-07T22:39:29.949] [INFO] app - 注册 Middleware [heiner_view]
[2018-01-07T22:39:29.983] [INFO] app - 注册 Middleware [heiner_static]
[2018-01-07T22:39:29.987] [INFO] app - 注册 Middleware [heiner_query]
[2018-01-07T22:39:30.029] [INFO] app - 注册 Middleware [heiner_body]
[2018-01-07T22:39:30.059] [INFO] app - 注册 Middleware [heiner_view]
[2018-01-07T22:39:30.062] [INFO] app - 注册 Controller [articleinfo.articleinfo]
[2018-01-07T22:39:30.064] [INFO] app - 注册 Controller [describe.describe]
[2018-01-07T22:39:30.066] [INFO] app - 注册 Controller [home]
[2018-01-07T22:39:30.067] [INFO] app - 注册 Controller [server.server]
[2018-01-07T22:39:30.127] [INFO] app - 注册 Router [articleinfo]
[2018-01-07T22:39:30.130] [INFO] app - 注册 Router [describe]
[2018-01-07T22:39:30.131] [INFO] app - 注册 Router [index]
[2018-01-07T22:39:30.132] [INFO] app - 注册 Router [server]
[2018-01-07T22:39:31.024] [INFO] app - 正在启动项目 模式: build
[2018-01-07T22:39:31.182] [INFO] app - 连接数据库 [mysql -h 127.0.0.1 -u root -D gdtv_cms]
[2018-01-07T22:39:31.361] [INFO] app - 连接数据库 [sqlite -h gdtvshopr1.mysql.rds.aliyuncs.com -u gdtvroot -D gdtvshop]
[2018-01-07T22:39:31.363] [INFO] app - 连接数据库 [sqlite -h gdtvcmsdb.mysql.rds.aliyuncs.com -u gdtvbalance -D gdtv_balance]
[2018-01-07T22:39:31.365] [INFO] app - 注册 Helper [moment]
[2018-01-07T22:39:31.366] [INFO] app - 注册 Helper [async]
[2018-01-07T22:39:31.373] [INFO] app - 注册 Helper [lodash]
[2018-01-07T22:39:31.377] [INFO] app - 注册 Middleware [heiner_static]
[2018-01-07T22:39:31.377] [INFO] app - 注册 Middleware [heiner_query]
[2018-01-07T22:39:31.377] [INFO] app - 注册 Middleware [heiner_body]
[2018-01-07T22:39:31.377] [INFO] app - 注册 Middleware [heiner_view]
[2018-01-07T22:39:31.412] [INFO] app - 注册 Middleware [heiner_static]
[2018-01-07T22:39:31.417] [INFO] app - 注册 Middleware [heiner_query]
[2018-01-07T22:39:31.455] [INFO] app - 注册 Middleware [heiner_body]
[2018-01-07T22:39:31.486] [INFO] app - 注册 Middleware [heiner_view]
[2018-01-07T22:39:31.490] [INFO] app - 注册 Controller [articleinfo.articleinfo]
[2018-01-07T22:39:31.492] [INFO] app - 注册 Controller [describe.describe]
[2018-01-07T22:39:31.494] [INFO] app - 注册 Controller [home]
[2018-01-07T22:39:31.497] [INFO] app - 注册 Controller [server.server]
[2018-01-07T22:39:31.558] [INFO] app - 注册 Router [articleinfo]
[2018-01-07T22:39:31.561] [INFO] app - 注册 Router [describe]
[2018-01-07T22:39:31.568] [INFO] app - 注册 Router [index]
[2018-01-07T22:39:31.569] [INFO] app - 注册 Router [server]
[2018-01-07T22:39:32.573] [INFO] app - 正在启动项目 模式: build
[2018-01-07T22:39:32.776] [INFO] app - 连接数据库 [mysql -h 127.0.0.1 -u root -D gdtv_cms]
[2018-01-07T22:39:33.002] [INFO] app - 连接数据库 [sqlite -h gdtvshopr1.mysql.rds.aliyuncs.com -u gdtvroot -D gdtvshop]
[2018-01-07T22:39:33.005] [INFO] app - 连接数据库 [sqlite -h gdtvcmsdb.mysql.rds.aliyuncs.com -u gdtvbalance -D gdtv_balance]
[2018-01-07T22:39:33.007] [INFO] app - 注册 Helper [moment]
[2018-01-07T22:39:33.008] [INFO] app - 注册 Helper [async]
[2018-01-07T22:39:33.017] [INFO] app - 注册 Helper [lodash]
[2018-01-07T22:39:33.021] [INFO] app - 注册 Middleware [heiner_static]
[2018-01-07T22:39:33.021] [INFO] app - 注册 Middleware [heiner_query]
[2018-01-07T22:39:33.021] [INFO] app - 注册 Middleware [heiner_body]
[2018-01-07T22:39:33.022] [INFO] app - 注册 Middleware [heiner_view]
[2018-01-07T22:39:33.052] [INFO] app - 注册 Middleware [heiner_static]
[2018-01-07T22:39:33.057] [INFO] app - 注册 Middleware [heiner_query]
[2018-01-07T22:39:33.089] [INFO] app - 注册 Middleware [heiner_body]
[2018-01-07T22:39:33.121] [INFO] app - 注册 Middleware [heiner_view]
[2018-01-07T22:39:33.125] [INFO] app - 注册 Controller [articleinfo.articleinfo]
[2018-01-07T22:39:33.127] [INFO] app - 注册 Controller [describe.describe]
[2018-01-07T22:39:33.129] [INFO] app - 注册 Controller [home]
[2018-01-07T22:39:33.131] [INFO] app - 注册 Controller [server.server]
[2018-01-07T22:39:33.207] [INFO] app - 注册 Router [articleinfo]
[2018-01-07T22:39:33.211] [INFO] app - 注册 Router [describe]
[2018-01-07T22:39:33.212] [INFO] app - 注册 Router [index]
[2018-01-07T22:39:33.214] [INFO] app - 注册 Router [server]
[2018-01-07T22:39:34.177] [INFO] app - 正在启动项目 模式: build
[2018-01-07T22:39:34.424] [INFO] app - 连接数据库 [mysql -h 127.0.0.1 -u root -D gdtv_cms]
[2018-01-07T22:39:34.747] [INFO] app - 连接数据库 [sqlite -h gdtvshopr1.mysql.rds.aliyuncs.com -u gdtvroot -D gdtvshop]
[2018-01-07T22:39:34.749] [INFO] app - 连接数据库 [sqlite -h gdtvcmsdb.mysql.rds.aliyuncs.com -u gdtvbalance -D gdtv_balance]
[2018-01-07T22:39:34.753] [INFO] app - 注册 Helper [moment]
[2018-01-07T22:39:34.754] [INFO] app - 注册 Helper [async]
[2018-01-07T22:39:34.764] [INFO] app - 注册 Helper [lodash]
[2018-01-07T22:39:34.769] [INFO] app - 注册 Middleware [heiner_static]
[2018-01-07T22:39:34.770] [INFO] app - 注册 Middleware [heiner_query]
[2018-01-07T22:39:34.770] [INFO] app - 注册 Middleware [heiner_body]
[2018-01-07T22:39:34.770] [INFO] app - 注册 Middleware [heiner_view]
[2018-01-07T22:39:34.819] [INFO] app - 注册 Middleware [heiner_static]
[2018-01-07T22:39:34.827] [INFO] app - 注册 Middleware [heiner_query]
[2018-01-07T22:39:34.882] [INFO] app - 注册 Middleware [heiner_body]
[2018-01-07T22:39:34.925] [INFO] app - 注册 Middleware [heiner_view]
[2018-01-07T22:39:34.928] [INFO] app - 注册 Controller [articleinfo.articleinfo]
[2018-01-07T22:39:34.933] [INFO] app - 注册 Controller [describe.describe]
[2018-01-07T22:39:34.936] [INFO] app - 注册 Controller [home]
[2018-01-07T22:39:34.939] [INFO] app - 注册 Controller [server.server]
[2018-01-07T22:39:35.017] [INFO] app - 注册 Router [articleinfo]
[2018-01-07T22:39:35.020] [INFO] app - 注册 Router [describe]
[2018-01-07T22:39:35.022] [INFO] app - 注册 Router [index]
[2018-01-07T22:39:35.023] [INFO] app - 注册 Router [server]
[2018-01-07T22:39:35.957] [INFO] app - 正在启动项目 模式: build
[2018-01-07T22:39:36.123] [INFO] app - 连接数据库 [mysql -h 127.0.0.1 -u root -D gdtv_cms]
[2018-01-07T22:39:36.321] [INFO] app - 连接数据库 [sqlite -h gdtvshopr1.mysql.rds.aliyuncs.com -u gdtvroot -D gdtvshop]
[2018-01-07T22:39:36.324] [INFO] app - 连接数据库 [sqlite -h gdtvcmsdb.mysql.rds.aliyuncs.com -u gdtvbalance -D gdtv_balance]
[2018-01-07T22:39:36.327] [INFO] app - 注册 Helper [moment]
[2018-01-07T22:39:36.327] [INFO] app - 注册 Helper [async]
[2018-01-07T22:39:36.334] [INFO] app - 注册 Helper [lodash]
[2018-01-07T22:39:36.338] [INFO] app - 注册 Middleware [heiner_static]
[2018-01-07T22:39:36.338] [INFO] app - 注册 Middleware [heiner_query]
[2018-01-07T22:39:36.338] [INFO] app - 注册 Middleware [heiner_body]
[2018-01-07T22:39:36.339] [INFO] app - 注册 Middleware [heiner_view]
[2018-01-07T22:39:36.376] [INFO] app - 注册 Middleware [heiner_static]
[2018-01-07T22:39:36.382] [INFO] app - 注册 Middleware [heiner_query]
[2018-01-07T22:39:36.423] [INFO] app - 注册 Middleware [heiner_body]
[2018-01-07T22:39:36.454] [INFO] app - 注册 Middleware [heiner_view]
[2018-01-07T22:39:36.458] [INFO] app - 注册 Controller [articleinfo.articleinfo]
[2018-01-07T22:39:36.461] [INFO] app - 注册 Controller [describe.describe]
[2018-01-07T22:39:36.463] [INFO] app - 注册 Controller [home]
[2018-01-07T22:39:36.464] [INFO] app - 注册 Controller [server.server]
[2018-01-07T22:39:36.535] [INFO] app - 注册 Router [articleinfo]
[2018-01-07T22:39:36.539] [INFO] app - 注册 Router [describe]
[2018-01-07T22:39:36.541] [INFO] app - 注册 Router [index]
[2018-01-07T22:39:36.542] [INFO] app - 注册 Router [server]
[2018-01-07T22:39:37.494] [INFO] app - 正在启动项目 模式: build
[2018-01-07T22:39:37.659] [INFO] app - 连接数据库 [mysql -h 127.0.0.1 -u root -D gdtv_cms]
[2018-01-07T22:39:37.867] [INFO] app - 连接数据库 [sqlite -h gdtvshopr1.mysql.rds.aliyuncs.com -u gdtvroot -D gdtvshop]
[2018-01-07T22:39:37.871] [INFO] app - 连接数据库 [sqlite -h gdtvcmsdb.mysql.rds.aliyuncs.com -u gdtvbalance -D gdtv_balance]
[2018-01-07T22:39:37.874] [INFO] app - 注册 Helper [moment]
[2018-01-07T22:39:37.874] [INFO] app - 注册 Helper [async]
[2018-01-07T22:39:37.881] [INFO] app - 注册 Helper [lodash]
[2018-01-07T22:39:37.884] [INFO] app - 注册 Middleware [heiner_static]
[2018-01-07T22:39:37.884] [INFO] app - 注册 Middleware [heiner_query]
[2018-01-07T22:39:37.885] [INFO] app - 注册 Middleware [heiner_body]
[2018-01-07T22:39:37.885] [INFO] app - 注册 Middleware [heiner_view]
[2018-01-07T22:39:37.917] [INFO] app - 注册 Middleware [heiner_static]
[2018-01-07T22:39:37.922] [INFO] app - 注册 Middleware [heiner_query]
[2018-01-07T22:39:37.966] [INFO] app - 注册 Middleware [heiner_body]
[2018-01-07T22:39:38.008] [INFO] app - 注册 Middleware [heiner_view]
[2018-01-07T22:39:38.011] [INFO] app - 注册 Controller [articleinfo.articleinfo]
[2018-01-07T22:39:38.015] [INFO] app - 注册 Controller [describe.describe]
[2018-01-07T22:39:38.017] [INFO] app - 注册 Controller [home]
[2018-01-07T22:39:38.020] [INFO] app - 注册 Controller [server.server]
[2018-01-07T22:39:38.095] [INFO] app - 注册 Router [articleinfo]
[2018-01-07T22:39:38.099] [INFO] app - 注册 Router [describe]
[2018-01-07T22:39:38.101] [INFO] app - 注册 Router [index]
[2018-01-07T22:39:38.102] [INFO] app - 注册 Router [server]
[2018-01-07T22:39:39.140] [INFO] app - 正在启动项目 模式: build
[2018-01-07T22:39:39.347] [INFO] app - 连接数据库 [mysql -h 127.0.0.1 -u root -D gdtv_cms]
[2018-01-07T22:39:39.570] [INFO] app - 连接数据库 [sqlite -h gdtvshopr1.mysql.rds.aliyuncs.com -u gdtvroot -D gdtvshop]
[2018-01-07T22:39:39.574] [INFO] app - 连接数据库 [sqlite -h gdtvcmsdb.mysql.rds.aliyuncs.com -u gdtvbalance -D gdtv_balance]
[2018-01-07T22:39:39.577] [INFO] app - 注册 Helper [moment]
[2018-01-07T22:39:39.578] [INFO] app - 注册 Helper [async]
[2018-01-07T22:39:39.584] [INFO] app - 注册 Helper [lodash]
[2018-01-07T22:39:39.589] [INFO] app - 注册 Middleware [heiner_static]
[2018-01-07T22:39:39.589] [INFO] app - 注册 Middleware [heiner_query]
[2018-01-07T22:39:39.590] [INFO] app - 注册 Middleware [heiner_body]
[2018-01-07T22:39:39.590] [INFO] app - 注册 Middleware [heiner_view]
[2018-01-07T22:39:39.629] [INFO] app - 注册 Middleware [heiner_static]
[2018-01-07T22:39:39.633] [INFO] app - 注册 Middleware [heiner_query]
[2018-01-07T22:39:39.680] [INFO] app - 注册 Middleware [heiner_body]
[2018-01-07T22:39:39.722] [INFO] app - 注册 Middleware [heiner_view]
[2018-01-07T22:39:39.725] [INFO] app - 注册 Controller [articleinfo.articleinfo]
[2018-01-07T22:39:39.728] [INFO] app - 注册 Controller [describe.describe]
[2018-01-07T22:39:39.730] [INFO] app - 注册 Controller [home]
[2018-01-07T22:39:39.732] [INFO] app - 注册 Controller [server.server]
[2018-01-07T22:39:39.800] [INFO] app - 注册 Router [articleinfo]
[2018-01-07T22:39:39.802] [INFO] app - 注册 Router [describe]
[2018-01-07T22:39:39.804] [INFO] app - 注册 Router [index]
[2018-01-07T22:39:39.805] [INFO] app - 注册 Router [server]
[2018-01-07T22:39:40.947] [INFO] app - 正在启动项目 模式: build
[2018-01-07T22:39:41.120] [INFO] app - 连接数据库 [mysql -h 127.0.0.1 -u root -D gdtv_cms]
[2018-01-07T22:39:41.313] [INFO] app - 连接数据库 [sqlite -h gdtvshopr1.mysql.rds.aliyuncs.com -u gdtvroot -D gdtvshop]
[2018-01-07T22:39:41.316] [INFO] app - 连接数据库 [sqlite -h gdtvcmsdb.mysql.rds.aliyuncs.com -u gdtvbalance -D gdtv_balance]
[2018-01-07T22:39:41.318] [INFO] app - 注册 Helper [moment]
[2018-01-07T22:39:41.319] [INFO] app - 注册 Helper [async]
[2018-01-07T22:39:41.325] [INFO] app - 注册 Helper [lodash]
[2018-01-07T22:39:41.329] [INFO] app - 注册 Middleware [heiner_static]
[2018-01-07T22:39:41.329] [INFO] app - 注册 Middleware [heiner_query]
[2018-01-07T22:39:41.329] [INFO] app - 注册 Middleware [heiner_body]
[2018-01-07T22:39:41.330] [INFO] app - 注册 Middleware [heiner_view]
[2018-01-07T22:39:41.365] [INFO] app - 注册 Middleware [heiner_static]
[2018-01-07T22:39:41.370] [INFO] app - 注册 Middleware [heiner_query]
[2018-01-07T22:39:41.409] [INFO] app - 注册 Middleware [heiner_body]
[2018-01-07T22:39:41.441] [INFO] app - 注册 Middleware [heiner_view]
[2018-01-07T22:39:41.444] [INFO] app - 注册 Controller [articleinfo.articleinfo]
[2018-01-07T22:39:41.447] [INFO] app - 注册 Controller [describe.describe]
[2018-01-07T22:39:41.449] [INFO] app - 注册 Controller [home]
[2018-01-07T22:39:41.451] [INFO] app - 注册 Controller [server.server]
[2018-01-07T22:39:41.517] [INFO] app - 注册 Router [articleinfo]
[2018-01-07T22:39:41.520] [INFO] app - 注册 Router [describe]
[2018-01-07T22:39:41.521] [INFO] app - 注册 Router [index]
[2018-01-07T22:39:41.523] [INFO] app - 注册 Router [server]
[2018-01-07T22:39:42.531] [INFO] app - 正在启动项目 模式: build
[2018-01-07T22:39:42.714] [INFO] app - 连接数据库 [mysql -h 127.0.0.1 -u root -D gdtv_cms]
[2018-01-07T22:39:42.906] [INFO] app - 连接数据库 [sqlite -h gdtvshopr1.mysql.rds.aliyuncs.com -u gdtvroot -D gdtvshop]
[2018-01-07T22:39:42.909] [INFO] app - 连接数据库 [sqlite -h gdtvcmsdb.mysql.rds.aliyuncs.com -u gdtvbalance -D gdtv_balance]
[2018-01-07T22:39:42.911] [INFO] app - 注册 Helper [moment]
[2018-01-07T22:39:42.911] [INFO] app - 注册 Helper [async]
[2018-01-07T22:39:42.918] [INFO] app - 注册 Helper [lodash]
[2018-01-07T22:39:42.923] [INFO] app - 注册 Middleware [heiner_static]
[2018-01-07T22:39:42.923] [INFO] app - 注册 Middleware [heiner_query]
[2018-01-07T22:39:42.923] [INFO] app - 注册 Middleware [heiner_body]
[2018-01-07T22:39:42.924] [INFO] app - 注册 Middleware [heiner_view]
[2018-01-07T22:39:42.955] [INFO] app - 注册 Middleware [heiner_static]
[2018-01-07T22:39:42.961] [INFO] app - 注册 Middleware [heiner_query]
[2018-01-07T22:39:43.003] [INFO] app - 注册 Middleware [heiner_body]
[2018-01-07T22:39:43.031] [INFO] app - 注册 Middleware [heiner_view]
[2018-01-07T22:39:43.035] [INFO] app - 注册 Controller [articleinfo.articleinfo]
[2018-01-07T22:39:43.038] [INFO] app - 注册 Controller [describe.describe]
[2018-01-07T22:39:43.040] [INFO] app - 注册 Controller [home]
[2018-01-07T22:39:43.042] [INFO] app - 注册 Controller [server.server]
[2018-01-07T22:39:43.102] [INFO] app - 注册 Router [articleinfo]
[2018-01-07T22:39:43.105] [INFO] app - 注册 Router [describe]
[2018-01-07T22:39:43.107] [INFO] app - 注册 Router [index]
[2018-01-07T22:39:43.108] [INFO] app - 注册 Router [server]
[2018-01-07T22:39:44.135] [INFO] app - 正在启动项目 模式: build
[2018-01-07T22:39:44.318] [INFO] app - 连接数据库 [mysql -h 127.0.0.1 -u root -D gdtv_cms]
[2018-01-07T22:39:44.513] [INFO] app - 连接数据库 [sqlite -h gdtvshopr1.mysql.rds.aliyuncs.com -u gdtvroot -D gdtvshop]
[2018-01-07T22:39:44.516] [INFO] app - 连接数据库 [sqlite -h gdtvcmsdb.mysql.rds.aliyuncs.com -u gdtvbalance -D gdtv_balance]
[2018-01-07T22:39:44.519] [INFO] app - 注册 Helper [moment]
[2018-01-07T22:39:44.519] [INFO] app - 注册 Helper [async]
[2018-01-07T22:39:44.528] [INFO] app - 注册 Helper [lodash]
[2018-01-07T22:39:44.532] [INFO] app - 注册 Middleware [heiner_static]
[2018-01-07T22:39:44.532] [INFO] app - 注册 Middleware [heiner_query]
[2018-01-07T22:39:44.532] [INFO] app - 注册 Middleware [heiner_body]
[2018-01-07T22:39:44.532] [INFO] app - 注册 Middleware [heiner_view]
[2018-01-07T22:39:44.567] [INFO] app - 注册 Middleware [heiner_static]
[2018-01-07T22:39:44.573] [INFO] app - 注册 Middleware [heiner_query]
[2018-01-07T22:39:44.611] [INFO] app - 注册 Middleware [heiner_body]
[2018-01-07T22:39:44.645] [INFO] app - 注册 Middleware [heiner_view]
[2018-01-07T22:39:44.648] [INFO] app - 注册 Controller [articleinfo.articleinfo]
[2018-01-07T22:39:44.652] [INFO] app - 注册 Controller [describe.describe]
[2018-01-07T22:39:44.655] [INFO] app - 注册 Controller [home]
[2018-01-07T22:39:44.656] [INFO] app - 注册 Controller [server.server]
[2018-01-07T22:39:44.726] [INFO] app - 注册 Router [articleinfo]
[2018-01-07T22:39:44.728] [INFO] app - 注册 Router [describe]
[2018-01-07T22:39:44.730] [INFO] app - 注册 Router [index]
[2018-01-07T22:39:44.732] [INFO] app - 注册 Router [server]
[2018-01-07T22:39:45.633] [INFO] app - 正在启动项目 模式: build
[2018-01-07T22:39:45.857] [INFO] app - 连接数据库 [mysql -h 127.0.0.1 -u root -D gdtv_cms]
[2018-01-07T22:39:46.140] [INFO] app - 连接数据库 [sqlite -h gdtvshopr1.mysql.rds.aliyuncs.com -u gdtvroot -D gdtvshop]
[2018-01-07T22:39:46.144] [INFO] app - 连接数据库 [sqlite -h gdtvcmsdb.mysql.rds.aliyuncs.com -u gdtvbalance -D gdtv_balance]
[2018-01-07T22:39:46.147] [INFO] app - 注册 Helper [moment]
[2018-01-07T22:39:46.147] [INFO] app - 注册 Helper [async]
[2018-01-07T22:39:46.158] [INFO] app - 注册 Helper [lodash]
[2018-01-07T22:39:46.163] [INFO] app - 注册 Middleware [heiner_static]
[2018-01-07T22:39:46.163] [INFO] app - 注册 Middleware [heiner_query]
[2018-01-07T22:39:46.164] [INFO] app - 注册 Middleware [heiner_body]
[2018-01-07T22:39:46.165] [INFO] app - 注册 Middleware [heiner_view]
[2018-01-07T22:39:46.214] [INFO] app - 注册 Middleware [heiner_static]
[2018-01-07T22:39:46.220] [INFO] app - 注册 Middleware [heiner_query]
[2018-01-07T22:39:46.276] [INFO] app - 注册 Middleware [heiner_body]
[2018-01-07T22:39:46.316] [INFO] app - 注册 Middleware [heiner_view]
[2018-01-07T22:39:46.320] [INFO] app - 注册 Controller [articleinfo.articleinfo]
[2018-01-07T22:39:46.322] [INFO] app - 注册 Controller [describe.describe]
[2018-01-07T22:39:46.325] [INFO] app - 注册 Controller [home]
[2018-01-07T22:39:46.327] [INFO] app - 注册 Controller [server.server]
[2018-01-07T22:39:46.406] [INFO] app - 注册 Router [articleinfo]
[2018-01-07T22:39:46.410] [INFO] app - 注册 Router [describe]
[2018-01-07T22:39:46.411] [INFO] app - 注册 Router [index]
[2018-01-07T22:39:46.412] [INFO] app - 注册 Router [server]
[2018-01-07T22:39:47.352] [INFO] app - 正在启动项目 模式: build
[2018-01-07T22:39:47.510] [INFO] app - 连接数据库 [mysql -h 127.0.0.1 -u root -D gdtv_cms]
[2018-01-07T22:39:47.714] [INFO] app - 连接数据库 [sqlite -h gdtvshopr1.mysql.rds.aliyuncs.com -u gdtvroot -D gdtvshop]
[2018-01-07T22:39:47.716] [INFO] app - 连接数据库 [sqlite -h gdtvcmsdb.mysql.rds.aliyuncs.com -u gdtvbalance -D gdtv_balance]
[2018-01-07T22:39:47.720] [INFO] app - 注册 Helper [moment]
[2018-01-07T22:39:47.720] [INFO] app - 注册 Helper [async]
[2018-01-07T22:39:47.727] [INFO] app - 注册 Helper [lodash]
[2018-01-07T22:39:47.731] [INFO] app - 注册 Middleware [heiner_static]
[2018-01-07T22:39:47.732] [INFO] app - 注册 Middleware [heiner_query]
[2018-01-07T22:39:47.732] [INFO] app - 注册 Middleware [heiner_body]
[2018-01-07T22:39:47.732] [INFO] app - 注册 Middleware [heiner_view]
[2018-01-07T22:39:47.763] [INFO] app - 注册 Middleware [heiner_static]
[2018-01-07T22:39:47.770] [INFO] app - 注册 Middleware [heiner_query]
[2018-01-07T22:39:47.803] [INFO] app - 注册 Middleware [heiner_body]
[2018-01-07T22:39:47.832] [INFO] app - 注册 Middleware [heiner_view]
[2018-01-07T22:39:47.835] [INFO] app - 注册 Controller [articleinfo.articleinfo]
[2018-01-07T22:39:47.838] [INFO] app - 注册 Controller [describe.describe]
[2018-01-07T22:39:47.840] [INFO] app - 注册 Controller [home]
[2018-01-07T22:39:47.842] [INFO] app - 注册 Controller [server.server]
[2018-01-07T22:39:47.904] [INFO] app - 注册 Router [articleinfo]
[2018-01-07T22:39:47.907] [INFO] app - 注册 Router [describe]
[2018-01-07T22:39:47.909] [INFO] app - 注册 Router [index]
[2018-01-07T22:39:47.910] [INFO] app - 注册 Router [server]
[2018-01-07T22:39:48.823] [INFO] app - 正在启动项目 模式: build
[2018-01-07T22:39:48.979] [INFO] app - 连接数据库 [mysql -h 127.0.0.1 -u root -D gdtv_cms]
[2018-01-07T22:39:49.164] [INFO] app - 连接数据库 [sqlite -h gdtvshopr1.mysql.rds.aliyuncs.com -u gdtvroot -D gdtvshop]
[2018-01-07T22:39:49.166] [INFO] app - 连接数据库 [sqlite -h gdtvcmsdb.mysql.rds.aliyuncs.com -u gdtvbalance -D gdtv_balance]
[2018-01-07T22:39:49.169] [INFO] app - 注册 Helper [moment]
[2018-01-07T22:39:49.170] [INFO] app - 注册 Helper [async]
[2018-01-07T22:39:49.176] [INFO] app - 注册 Helper [lodash]
[2018-01-07T22:39:49.180] [INFO] app - 注册 Middleware [heiner_static]
[2018-01-07T22:39:49.180] [INFO] app - 注册 Middleware [heiner_query]
[2018-01-07T22:39:49.180] [INFO] app - 注册 Middleware [heiner_body]
[2018-01-07T22:39:49.181] [INFO] app - 注册 Middleware [heiner_view]
[2018-01-07T22:39:49.213] [INFO] app - 注册 Middleware [heiner_static]
[2018-01-07T22:39:49.224] [INFO] app - 注册 Middleware [heiner_query]
[2018-01-07T22:39:49.268] [INFO] app - 注册 Middleware [heiner_body]
[2018-01-07T22:39:49.303] [INFO] app - 注册 Middleware [heiner_view]
[2018-01-07T22:39:49.307] [INFO] app - 注册 Controller [articleinfo.articleinfo]
[2018-01-07T22:39:49.311] [INFO] app - 注册 Controller [describe.describe]
[2018-01-07T22:39:49.314] [INFO] app - 注册 Controller [home]
[2018-01-07T22:39:49.316] [INFO] app - 注册 Controller [server.server]
[2018-01-07T22:39:49.383] [INFO] app - 注册 Router [articleinfo]
[2018-01-07T22:39:49.387] [INFO] app - 注册 Router [describe]
[2018-01-07T22:39:49.388] [INFO] app - 注册 Router [index]
[2018-01-07T22:39:49.390] [INFO] app - 注册 Router [server]
[2018-01-07T22:39:50.400] [INFO] app - 正在启动项目 模式: build
[2018-01-07T22:39:50.600] [INFO] app - 连接数据库 [mysql -h 127.0.0.1 -u root -D gdtv_cms]
[2018-01-07T22:39:50.817] [INFO] app - 连接数据库 [sqlite -h gdtvshopr1.mysql.rds.aliyuncs.com -u gdtvroot -D gdtvshop]
[2018-01-07T22:39:50.820] [INFO] app - 连接数据库 [sqlite -h gdtvcmsdb.mysql.rds.aliyuncs.com -u gdtvbalance -D gdtv_balance]
[2018-01-07T22:39:50.822] [INFO] app - 注册 Helper [moment]
[2018-01-07T22:39:50.822] [INFO] app - 注册 Helper [async]
[2018-01-07T22:39:50.830] [INFO] app - 注册 Helper [lodash]
[2018-01-07T22:39:50.834] [INFO] app - 注册 Middleware [heiner_static]
[2018-01-07T22:39:50.834] [INFO] app - 注册 Middleware [heiner_query]
[2018-01-07T22:39:50.834] [INFO] app - 注册 Middleware [heiner_body]
[2018-01-07T22:39:50.835] [INFO] app - 注册 Middleware [heiner_view]
[2018-01-07T22:39:50.867] [INFO] app - 注册 Middleware [heiner_static]
[2018-01-07T22:39:50.872] [INFO] app - 注册 Middleware [heiner_query]
[2018-01-07T22:39:50.907] [INFO] app - 注册 Middleware [heiner_body]
[2018-01-07T22:39:50.940] [INFO] app - 注册 Middleware [heiner_view]
[2018-01-07T22:39:50.942] [INFO] app - 注册 Controller [articleinfo.articleinfo]
[2018-01-07T22:39:50.945] [INFO] app - 注册 Controller [describe.describe]
[2018-01-07T22:39:50.947] [INFO] app - 注册 Controller [home]
[2018-01-07T22:39:50.949] [INFO] app - 注册 Controller [server.server]
[2018-01-07T22:39:51.015] [INFO] app - 注册 Router [articleinfo]
[2018-01-07T22:39:51.019] [INFO] app - 注册 Router [describe]
[2018-01-07T22:39:51.020] [INFO] app - 注册 Router [index]
[2018-01-07T22:39:51.022] [INFO] app - 注册 Router [server]
[2018-01-07T22:39:52.483] [INFO] app - 正在启动项目 模式: build
[2018-01-07T22:39:52.720] [INFO] app - 连接数据库 [mysql -h 127.0.0.1 -u root -D gdtv_cms]
[2018-01-07T22:39:52.935] [INFO] app - 连接数据库 [sqlite -h gdtvshopr1.mysql.rds.aliyuncs.com -u gdtvroot -D gdtvshop]
[2018-01-07T22:39:52.937] [INFO] app - 连接数据库 [sqlite -h gdtvcmsdb.mysql.rds.aliyuncs.com -u gdtvbalance -D gdtv_balance]
[2018-01-07T22:39:52.940] [INFO] app - 注册 Helper [moment]
[2018-01-07T22:39:52.940] [INFO] app - 注册 Helper [async]
[2018-01-07T22:39:52.948] [INFO] app - 注册 Helper [lodash]
[2018-01-07T22:39:52.953] [INFO] app - 注册 Middleware [heiner_static]
[2018-01-07T22:39:52.953] [INFO] app - 注册 Middleware [heiner_query]
[2018-01-07T22:39:52.953] [INFO] app - 注册 Middleware [heiner_body]
[2018-01-07T22:39:52.953] [INFO] app - 注册 Middleware [heiner_view]
[2018-01-07T22:39:52.985] [INFO] app - 注册 Middleware [heiner_static]
[2018-01-07T22:39:52.990] [INFO] app - 注册 Middleware [heiner_query]
[2018-01-07T22:39:53.023] [INFO] app - 注册 Middleware [heiner_body]
[2018-01-07T22:39:53.054] [INFO] app - 注册 Middleware [heiner_view]
[2018-01-07T22:39:53.062] [INFO] app - 注册 Controller [articleinfo.articleinfo]
[2018-01-07T22:39:53.065] [INFO] app - 注册 Controller [describe.describe]
[2018-01-07T22:39:53.068] [INFO] app - 注册 Controller [home]
[2018-01-07T22:39:53.069] [INFO] app - 注册 Controller [server.server]
[2018-01-07T22:39:53.121] [INFO] app - 注册 Router [articleinfo]
[2018-01-07T22:39:53.124] [INFO] app - 注册 Router [describe]
[2018-01-07T22:39:53.126] [INFO] app - 注册 Router [index]
[2018-01-07T22:39:53.127] [INFO] app - 注册 Router [server]
[2018-01-07T22:39:54.261] [INFO] app - 正在启动项目 模式: build
[2018-01-07T22:39:54.535] [INFO] app - 连接数据库 [mysql -h 127.0.0.1 -u root -D gdtv_cms]
[2018-01-07T22:39:54.805] [INFO] app - 连接数据库 [sqlite -h gdtvshopr1.mysql.rds.aliyuncs.com -u gdtvroot -D gdtvshop]
[2018-01-07T22:39:54.807] [INFO] app - 连接数据库 [sqlite -h gdtvcmsdb.mysql.rds.aliyuncs.com -u gdtvbalance -D gdtv_balance]
[2018-01-07T22:39:54.810] [INFO] app - 注册 Helper [moment]
[2018-01-07T22:39:54.811] [INFO] app - 注册 Helper [async]
[2018-01-07T22:39:54.820] [INFO] app - 注册 Helper [lodash]
[2018-01-07T22:39:54.825] [INFO] app - 注册 Middleware [heiner_static]
[2018-01-07T22:39:54.825] [INFO] app - 注册 Middleware [heiner_query]
[2018-01-07T22:39:54.825] [INFO] app - 注册 Middleware [heiner_body]
[2018-01-07T22:39:54.826] [INFO] app - 注册 Middleware [heiner_view]
[2018-01-07T22:39:54.870] [INFO] app - 注册 Middleware [heiner_static]
[2018-01-07T22:39:54.875] [INFO] app - 注册 Middleware [heiner_query]
[2018-01-07T22:39:54.932] [INFO] app - 注册 Middleware [heiner_body]
[2018-01-07T22:39:54.969] [INFO] app - 注册 Middleware [heiner_view]
[2018-01-07T22:39:54.974] [INFO] app - 注册 Controller [articleinfo.articleinfo]
[2018-01-07T22:39:54.979] [INFO] app - 注册 Controller [describe.describe]
[2018-01-07T22:39:54.982] [INFO] app - 注册 Controller [home]
[2018-01-07T22:39:54.986] [INFO] app - 注册 Controller [server.server]
[2018-01-07T22:39:55.077] [INFO] app - 注册 Router [articleinfo]
[2018-01-07T22:39:55.081] [INFO] app - 注册 Router [describe]
[2018-01-07T22:39:55.083] [INFO] app - 注册 Router [index]
[2018-01-07T22:39:55.085] [INFO] app - 注册 Router [server]
[2018-01-07T22:39:56.230] [INFO] app - 正在启动项目 模式: build
[2018-01-07T22:39:56.452] [INFO] app - 连接数据库 [mysql -h 127.0.0.1 -u root -D gdtv_cms]
[2018-01-07T22:39:56.685] [INFO] app - 连接数据库 [sqlite -h gdtvshopr1.mysql.rds.aliyuncs.com -u gdtvroot -D gdtvshop]
[2018-01-07T22:39:56.688] [INFO] app - 连接数据库 [sqlite -h gdtvcmsdb.mysql.rds.aliyuncs.com -u gdtvbalance -D gdtv_balance]
[2018-01-07T22:39:56.691] [INFO] app - 注册 Helper [moment]
[2018-01-07T22:39:56.691] [INFO] app - 注册 Helper [async]
[2018-01-07T22:39:56.700] [INFO] app - 注册 Helper [lodash]
[2018-01-07T22:39:56.708] [INFO] app - 注册 Middleware [heiner_static]
[2018-01-07T22:39:56.709] [INFO] app - 注册 Middleware [heiner_query]
[2018-01-07T22:39:56.709] [INFO] app - 注册 Middleware [heiner_body]
[2018-01-07T22:39:56.709] [INFO] app - 注册 Middleware [heiner_view]
[2018-01-07T22:39:56.747] [INFO] app - 注册 Middleware [heiner_static]
[2018-01-07T22:39:56.752] [INFO] app - 注册 Middleware [heiner_query]
[2018-01-07T22:39:56.791] [INFO] app - 注册 Middleware [heiner_body]
[2018-01-07T22:39:56.821] [INFO] app - 注册 Middleware [heiner_view]
[2018-01-07T22:39:56.824] [INFO] app - 注册 Controller [articleinfo.articleinfo]
[2018-01-07T22:39:56.827] [INFO] app - 注册 Controller [describe.describe]
[2018-01-07T22:39:56.829] [INFO] app - 注册 Controller [home]
[2018-01-07T22:39:56.831] [INFO] app - 注册 Controller [server.server]
[2018-01-07T22:39:56.896] [INFO] app - 注册 Router [articleinfo]
[2018-01-07T22:39:56.899] [INFO] app - 注册 Router [describe]
[2018-01-07T22:39:56.900] [INFO] app - 注册 Router [index]
[2018-01-07T22:39:56.902] [INFO] app - 注册 Router [server]
[2018-01-07T22:39:58.133] [INFO] app - 正在启动项目 模式: build
[2018-01-07T22:39:58.374] [INFO] app - 连接数据库 [mysql -h 127.0.0.1 -u root -D gdtv_cms]
[2018-01-07T22:39:58.579] [INFO] app - 连接数据库 [sqlite -h gdtvshopr1.mysql.rds.aliyuncs.com -u gdtvroot -D gdtvshop]
[2018-01-07T22:39:58.580] [INFO] app - 连接数据库 [sqlite -h gdtvcmsdb.mysql.rds.aliyuncs.com -u gdtvbalance -D gdtv_balance]
[2018-01-07T22:39:58.583] [INFO] app - 注册 Helper [moment]
[2018-01-07T22:39:58.584] [INFO] app - 注册 Helper [async]
[2018-01-07T22:39:58.592] [INFO] app - 注册 Helper [lodash]
[2018-01-07T22:39:58.596] [INFO] app - 注册 Middleware [heiner_static]
[2018-01-07T22:39:58.596] [INFO] app - 注册 Middleware [heiner_query]
[2018-01-07T22:39:58.597] [INFO] app - 注册 Middleware [heiner_body]
[2018-01-07T22:39:58.597] [INFO] app - 注册 Middleware [heiner_view]
[2018-01-07T22:39:58.628] [INFO] app - 注册 Middleware [heiner_static]
[2018-01-07T22:39:58.633] [INFO] app - 注册 Middleware [heiner_query]
[2018-01-07T22:39:58.670] [INFO] app - 注册 Middleware [heiner_body]
[2018-01-07T22:39:58.708] [INFO] app - 注册 Middleware [heiner_view]
[2018-01-07T22:39:58.711] [INFO] app - 注册 Controller [articleinfo.articleinfo]
[2018-01-07T22:39:58.716] [INFO] app - 注册 Controller [describe.describe]
[2018-01-07T22:39:58.718] [INFO] app - 注册 Controller [home]
[2018-01-07T22:39:58.720] [INFO] app - 注册 Controller [server.server]
[2018-01-07T22:39:58.790] [INFO] app - 注册 Router [articleinfo]
[2018-01-07T22:39:58.793] [INFO] app - 注册 Router [describe]
[2018-01-07T22:39:58.795] [INFO] app - 注册 Router [index]
[2018-01-07T22:39:58.796] [INFO] app - 注册 Router [server]
[2018-01-07T22:39:59.704] [INFO] app - 正在启动项目 模式: build
[2018-01-07T22:39:59.941] [INFO] app - 连接数据库 [mysql -h 127.0.0.1 -u root -D gdtv_cms]
