[2018-01-07T22:38:00.065] [INFO] app - 正在启动项目 模式: build
[2018-01-07T22:38:00.215] [INFO] app - 连接数据库 [mysql -h 127.0.0.1 -u root -D gdtv_cms]
[2018-01-07T22:38:00.374] [INFO] app - 连接数据库 [sqlite -h gdtvshopr1.mysql.rds.aliyuncs.com -u gdtvroot -D gdtvshop]
[2018-01-07T22:38:00.376] [INFO] app - 连接数据库 [sqlite -h gdtvcmsdb.mysql.rds.aliyuncs.com -u gdtvbalance -D gdtv_balance]
[2018-01-07T22:38:00.378] [INFO] app - 注册 Helper [moment]
[2018-01-07T22:38:00.379] [INFO] app - 注册 Helper [async]
[2018-01-07T22:38:00.385] [INFO] app - 注册 Helper [lodash]
[2018-01-07T22:38:00.389] [INFO] app - 注册 Middleware [heiner_static]
[2018-01-07T22:38:00.390] [INFO] app - 注册 Middleware [heiner_query]
[2018-01-07T22:38:00.390] [INFO] app - 注册 Middleware [heiner_body]
[2018-01-07T22:38:00.390] [INFO] app - 注册 Middleware [heiner_view]
[2018-01-07T22:38:00.418] [INFO] app - 注册 Middleware [heiner_static]
[2018-01-07T22:38:00.422] [INFO] app - 注册 Middleware [heiner_query]
[2018-01-07T22:38:00.453] [INFO] app - 注册 Middleware [heiner_body]
[2018-01-07T22:38:00.478] [INFO] app - 注册 Middleware [heiner_view]
[2018-01-07T22:38:00.481] [INFO] app - 注册 Controller [articleinfo.articleinfo]
[2018-01-07T22:38:00.484] [INFO] app - 注册 Controller [describe.describe]
[2018-01-07T22:38:00.485] [INFO] app - 注册 Controller [home]
[2018-01-07T22:38:00.487] [INFO] app - 注册 Controller [server.server]
[2018-01-07T22:38:00.539] [INFO] app - 注册 Router [articleinfo]
[2018-01-07T22:38:00.541] [INFO] app - 注册 Router [describe]
[2018-01-07T22:38:00.543] [INFO] app - 注册 Router [index]
[2018-01-07T22:38:00.544] [INFO] app - 注册 Router [server]
[2018-01-07T22:38:01.385] [INFO] app - 正在启动项目 模式: build
[2018-01-07T22:38:01.532] [INFO] app - 连接数据库 [mysql -h 127.0.0.1 -u root -D gdtv_cms]
[2018-01-07T22:38:01.720] [INFO] app - 连接数据库 [sqlite -h gdtvshopr1.mysql.rds.aliyuncs.com -u gdtvroot -D gdtvshop]
[2018-01-07T22:38:01.722] [INFO] app - 连接数据库 [sqlite -h gdtvcmsdb.mysql.rds.aliyuncs.com -u gdtvbalance -D gdtv_balance]
[2018-01-07T22:38:01.726] [INFO] app - 注册 Helper [moment]
[2018-01-07T22:38:01.726] [INFO] app - 注册 Helper [async]
[2018-01-07T22:38:01.737] [INFO] app - 注册 Helper [lodash]
[2018-01-07T22:38:01.741] [INFO] app - 注册 Middleware [heiner_static]
[2018-01-07T22:38:01.742] [INFO] app - 注册 Middleware [heiner_query]
[2018-01-07T22:38:01.742] [INFO] app - 注册 Middleware [heiner_body]
[2018-01-07T22:38:01.742] [INFO] app - 注册 Middleware [heiner_view]
[2018-01-07T22:38:01.782] [INFO] app - 注册 Middleware [heiner_static]
[2018-01-07T22:38:01.789] [INFO] app - 注册 Middleware [heiner_query]
[2018-01-07T22:38:01.833] [INFO] app - 注册 Middleware [heiner_body]
[2018-01-07T22:38:01.867] [INFO] app - 注册 Middleware [heiner_view]
[2018-01-07T22:38:01.870] [INFO] app - 注册 Controller [articleinfo.articleinfo]
[2018-01-07T22:38:01.873] [INFO] app - 注册 Controller [describe.describe]
[2018-01-07T22:38:01.875] [INFO] app - 注册 Controller [home]
[2018-01-07T22:38:01.877] [INFO] app - 注册 Controller [server.server]
[2018-01-07T22:38:01.940] [INFO] app - 注册 Router [articleinfo]
[2018-01-07T22:38:01.943] [INFO] app - 注册 Router [describe]
[2018-01-07T22:38:01.945] [INFO] app - 注册 Router [index]
[2018-01-07T22:38:01.946] [INFO] app - 注册 Router [server]
[2018-01-07T22:38:02.987] [INFO] app - 正在启动项目 模式: build
[2018-01-07T22:38:03.222] [INFO] app - 连接数据库 [mysql -h 127.0.0.1 -u root -D gdtv_cms]
[2018-01-07T22:38:03.467] [INFO] app - 连接数据库 [sqlite -h gdtvshopr1.mysql.rds.aliyuncs.com -u gdtvroot -D gdtvshop]
[2018-01-07T22:38:03.469] [INFO] app - 连接数据库 [sqlite -h gdtvcmsdb.mysql.rds.aliyuncs.com -u gdtvbalance -D gdtv_balance]
[2018-01-07T22:38:03.472] [INFO] app - 注册 Helper [moment]
[2018-01-07T22:38:03.473] [INFO] app - 注册 Helper [async]
[2018-01-07T22:38:03.482] [INFO] app - 注册 Helper [lodash]
[2018-01-07T22:38:03.485] [INFO] app - 注册 Middleware [heiner_static]
[2018-01-07T22:38:03.486] [INFO] app - 注册 Middleware [heiner_query]
[2018-01-07T22:38:03.486] [INFO] app - 注册 Middleware [heiner_body]
[2018-01-07T22:38:03.486] [INFO] app - 注册 Middleware [heiner_view]
[2018-01-07T22:38:03.519] [INFO] app - 注册 Middleware [heiner_static]
[2018-01-07T22:38:03.523] [INFO] app - 注册 Middleware [heiner_query]
[2018-01-07T22:38:03.568] [INFO] app - 注册 Middleware [heiner_body]
[2018-01-07T22:38:03.598] [INFO] app - 注册 Middleware [heiner_view]
[2018-01-07T22:38:03.600] [INFO] app - 注册 Controller [articleinfo.articleinfo]
[2018-01-07T22:38:03.603] [INFO] app - 注册 Controller [describe.describe]
[2018-01-07T22:38:03.608] [INFO] app - 注册 Controller [home]
[2018-01-07T22:38:03.610] [INFO] app - 注册 Controller [server.server]
[2018-01-07T22:38:03.673] [INFO] app - 注册 Router [articleinfo]
[2018-01-07T22:38:03.678] [INFO] app - 注册 Router [describe]
[2018-01-07T22:38:03.679] [INFO] app - 注册 Router [index]
[2018-01-07T22:38:03.681] [INFO] app - 注册 Router [server]
[2018-01-07T22:38:04.613] [INFO] app - 正在启动项目 模式: build
[2018-01-07T22:38:04.803] [INFO] app - 连接数据库 [mysql -h 127.0.0.1 -u root -D gdtv_cms]
[2018-01-07T22:38:05.007] [INFO] app - 连接数据库 [sqlite -h gdtvshopr1.mysql.rds.aliyuncs.com -u gdtvroot -D gdtvshop]
[2018-01-07T22:38:05.010] [INFO] app - 连接数据库 [sqlite -h gdtvcmsdb.mysql.rds.aliyuncs.com -u gdtvbalance -D gdtv_balance]
[2018-01-07T22:38:05.012] [INFO] app - 注册 Helper [moment]
[2018-01-07T22:38:05.013] [INFO] app - 注册 Helper [async]
[2018-01-07T22:38:05.020] [INFO] app - 注册 Helper [lodash]
[2018-01-07T22:38:05.024] [INFO] app - 注册 Middleware [heiner_static]
[2018-01-07T22:38:05.024] [INFO] app - 注册 Middleware [heiner_query]
[2018-01-07T22:38:05.025] [INFO] app - 注册 Middleware [heiner_body]
[2018-01-07T22:38:05.025] [INFO] app - 注册 Middleware [heiner_view]
[2018-01-07T22:38:05.058] [INFO] app - 注册 Middleware [heiner_static]
[2018-01-07T22:38:05.063] [INFO] app - 注册 Middleware [heiner_query]
[2018-01-07T22:38:05.101] [INFO] app - 注册 Middleware [heiner_body]
[2018-01-07T22:38:05.129] [INFO] app - 注册 Middleware [heiner_view]
[2018-01-07T22:38:05.133] [INFO] app - 注册 Controller [articleinfo.articleinfo]
[2018-01-07T22:38:05.136] [INFO] app - 注册 Controller [describe.describe]
[2018-01-07T22:38:05.138] [INFO] app - 注册 Controller [home]
[2018-01-07T22:38:05.140] [INFO] app - 注册 Controller [server.server]
[2018-01-07T22:38:05.196] [INFO] app - 注册 Router [articleinfo]
[2018-01-07T22:38:05.200] [INFO] app - 注册 Router [describe]
[2018-01-07T22:38:05.202] [INFO] app - 注册 Router [index]
[2018-01-07T22:38:05.203] [INFO] app - 注册 Router [server]
[2018-01-07T22:38:06.137] [INFO] app - 正在启动项目 模式: build
[2018-01-07T22:38:06.286] [INFO] app - 连接数据库 [mysql -h 127.0.0.1 -u root -D gdtv_cms]
[2018-01-07T22:38:06.517] [INFO] app - 连接数据库 [sqlite -h gdtvshopr1.mysql.rds.aliyuncs.com -u gdtvroot -D gdtvshop]
[2018-01-07T22:38:06.521] [INFO] app - 连接数据库 [sqlite -h gdtvcmsdb.mysql.rds.aliyuncs.com -u gdtvbalance -D gdtv_balance]
[2018-01-07T22:38:06.524] [INFO] app - 注册 Helper [moment]
[2018-01-07T22:38:06.525] [INFO] app - 注册 Helper [async]
[2018-01-07T22:38:06.535] [INFO] app - 注册 Helper [lodash]
[2018-01-07T22:38:06.540] [INFO] app - 注册 Middleware [heiner_static]
[2018-01-07T22:38:06.540] [INFO] app - 注册 Middleware [heiner_query]
[2018-01-07T22:38:06.540] [INFO] app - 注册 Middleware [heiner_body]
[2018-01-07T22:38:06.541] [INFO] app - 注册 Middleware [heiner_view]
[2018-01-07T22:38:06.615] [INFO] app - 注册 Middleware [heiner_static]
[2018-01-07T22:38:06.626] [INFO] app - 注册 Middleware [heiner_query]
[2018-01-07T22:38:06.688] [INFO] app - 注册 Middleware [heiner_body]
[2018-01-07T22:38:06.721] [INFO] app - 注册 Middleware [heiner_view]
[2018-01-07T22:38:06.724] [INFO] app - 注册 Controller [articleinfo.articleinfo]
[2018-01-07T22:38:06.727] [INFO] app - 注册 Controller [describe.describe]
[2018-01-07T22:38:06.728] [INFO] app - 注册 Controller [home]
[2018-01-07T22:38:06.733] [INFO] app - 注册 Controller [server.server]
[2018-01-07T22:38:06.791] [INFO] app - 注册 Router [articleinfo]
[2018-01-07T22:38:06.795] [INFO] app - 注册 Router [describe]
[2018-01-07T22:38:06.796] [INFO] app - 注册 Router [index]
[2018-01-07T22:38:06.797] [INFO] app - 注册 Router [server]
[2018-01-07T22:38:07.723] [INFO] app - 正在启动项目 模式: build
[2018-01-07T22:38:07.915] [INFO] app - 连接数据库 [mysql -h 127.0.0.1 -u root -D gdtv_cms]
[2018-01-07T22:38:08.104] [INFO] app - 连接数据库 [sqlite -h gdtvshopr1.mysql.rds.aliyuncs.com -u gdtvroot -D gdtvshop]
[2018-01-07T22:38:08.108] [INFO] app - 连接数据库 [sqlite -h gdtvcmsdb.mysql.rds.aliyuncs.com -u gdtvbalance -D gdtv_balance]
[2018-01-07T22:38:08.110] [INFO] app - 注册 Helper [moment]
[2018-01-07T22:38:08.111] [INFO] app - 注册 Helper [async]
[2018-01-07T22:38:08.117] [INFO] app - 注册 Helper [lodash]
[2018-01-07T22:38:08.121] [INFO] app - 注册 Middleware [heiner_static]
[2018-01-07T22:38:08.121] [INFO] app - 注册 Middleware [heiner_query]
[2018-01-07T22:38:08.121] [INFO] app - 注册 Middleware [heiner_body]
[2018-01-07T22:38:08.122] [INFO] app - 注册 Middleware [heiner_view]
[2018-01-07T22:38:08.151] [INFO] app - 注册 Middleware [heiner_static]
[2018-01-07T22:38:08.156] [INFO] app - 注册 Middleware [heiner_query]
[2018-01-07T22:38:08.192] [INFO] app - 注册 Middleware [heiner_body]
[2018-01-07T22:38:08.219] [INFO] app - 注册 Middleware [heiner_view]
[2018-01-07T22:38:08.221] [INFO] app - 注册 Controller [articleinfo.articleinfo]
[2018-01-07T22:38:08.223] [INFO] app - 注册 Controller [describe.describe]
[2018-01-07T22:38:08.225] [INFO] app - 注册 Controller [home]
[2018-01-07T22:38:08.227] [INFO] app - 注册 Controller [server.server]
[2018-01-07T22:38:08.295] [INFO] app - 注册 Router [articleinfo]
[2018-01-07T22:38:08.298] [INFO] app - 注册 Router [describe]
[2018-01-07T22:38:08.300] [INFO] app - 注册 Router [index]
[2018-01-07T22:38:08.301] [INFO] app - 注册 Router [server]
[2018-01-07T22:38:09.388] [INFO] app - 正在启动项目 模式: build
[2018-01-07T22:38:09.578] [INFO] app - 连接数据库 [mysql -h 127.0.0.1 -u root -D gdtv_cms]
[2018-01-07T22:38:09.762] [INFO] app - 连接数据库 [sqlite -h gdtvshopr1.mysql.rds.aliyuncs.com -u gdtvroot -D gdtvshop]
[2018-01-07T22:38:09.765] [INFO] app - 连接数据库 [sqlite -h gdtvcmsdb.mysql.rds.aliyuncs.com -u gdtvbalance -D gdtv_balance]
[2018-01-07T22:38:09.768] [INFO] app - 注册 Helper [moment]
[2018-01-07T22:38:09.768] [INFO] app - 注册 Helper [async]
[2018-01-07T22:38:09.775] [INFO] app - 注册 Helper [lodash]
[2018-01-07T22:38:09.785] [INFO] app - 注册 Middleware [heiner_static]
[2018-01-07T22:38:09.785] [INFO] app - 注册 Middleware [heiner_query]
[2018-01-07T22:38:09.786] [INFO] app - 注册 Middleware [heiner_body]
[2018-01-07T22:38:09.786] [INFO] app - 注册 Middleware [heiner_view]
[2018-01-07T22:38:09.831] [INFO] app - 注册 Middleware [heiner_static]
[2018-01-07T22:38:09.835] [INFO] app - 注册 Middleware [heiner_query]
[2018-01-07T22:38:09.871] [INFO] app - 注册 Middleware [heiner_body]
[2018-01-07T22:38:09.897] [INFO] app - 注册 Middleware [heiner_view]
[2018-01-07T22:38:09.899] [INFO] app - 注册 Controller [articleinfo.articleinfo]
[2018-01-07T22:38:09.902] [INFO] app - 注册 Controller [describe.describe]
[2018-01-07T22:38:09.904] [INFO] app - 注册 Controller [home]
[2018-01-07T22:38:09.906] [INFO] app - 注册 Controller [server.server]
[2018-01-07T22:38:09.966] [INFO] app - 注册 Router [articleinfo]
[2018-01-07T22:38:09.969] [INFO] app - 注册 Router [describe]
[2018-01-07T22:38:09.971] [INFO] app - 注册 Router [index]
[2018-01-07T22:38:09.973] [INFO] app - 注册 Router [server]
[2018-01-07T22:38:11.169] [INFO] app - 正在启动项目 模式: build
[2018-01-07T22:38:11.370] [INFO] app - 连接数据库 [mysql -h 127.0.0.1 -u root -D gdtv_cms]
[2018-01-07T22:38:11.573] [INFO] app - 连接数据库 [sqlite -h gdtvshopr1.mysql.rds.aliyuncs.com -u gdtvroot -D gdtvshop]
[2018-01-07T22:38:11.575] [INFO] app - 连接数据库 [sqlite -h gdtvcmsdb.mysql.rds.aliyuncs.com -u gdtvbalance -D gdtv_balance]
[2018-01-07T22:38:11.577] [INFO] app - 注册 Helper [moment]
[2018-01-07T22:38:11.578] [INFO] app - 注册 Helper [async]
[2018-01-07T22:38:11.588] [INFO] app - 注册 Helper [lodash]
[2018-01-07T22:38:11.593] [INFO] app - 注册 Middleware [heiner_static]
[2018-01-07T22:38:11.593] [INFO] app - 注册 Middleware [heiner_query]
[2018-01-07T22:38:11.593] [INFO] app - 注册 Middleware [heiner_body]
[2018-01-07T22:38:11.594] [INFO] app - 注册 Middleware [heiner_view]
[2018-01-07T22:38:11.637] [INFO] app - 注册 Middleware [heiner_static]
[2018-01-07T22:38:11.649] [INFO] app - 注册 Middleware [heiner_query]
[2018-01-07T22:38:11.705] [INFO] app - 注册 Middleware [heiner_body]
[2018-01-07T22:38:11.740] [INFO] app - 注册 Middleware [heiner_view]
[2018-01-07T22:38:11.743] [INFO] app - 注册 Controller [articleinfo.articleinfo]
[2018-01-07T22:38:11.746] [INFO] app - 注册 Controller [describe.describe]
[2018-01-07T22:38:11.748] [INFO] app - 注册 Controller [home]
[2018-01-07T22:38:11.750] [INFO] app - 注册 Controller [server.server]
[2018-01-07T22:38:11.816] [INFO] app - 注册 Router [articleinfo]
[2018-01-07T22:38:11.820] [INFO] app - 注册 Router [describe]
[2018-01-07T22:38:11.821] [INFO] app - 注册 Router [index]
[2018-01-07T22:38:11.823] [INFO] app - 注册 Router [server]
[2018-01-07T22:38:12.741] [INFO] app - 正在启动项目 模式: build
[2018-01-07T22:38:12.893] [INFO] app - 连接数据库 [mysql -h 127.0.0.1 -u root -D gdtv_cms]
[2018-01-07T22:38:13.107] [INFO] app - 连接数据库 [sqlite -h gdtvshopr1.mysql.rds.aliyuncs.com -u gdtvroot -D gdtvshop]
[2018-01-07T22:38:13.109] [INFO] app - 连接数据库 [sqlite -h gdtvcmsdb.mysql.rds.aliyuncs.com -u gdtvbalance -D gdtv_balance]
[2018-01-07T22:38:13.112] [INFO] app - 注册 Helper [moment]
[2018-01-07T22:38:13.112] [INFO] app - 注册 Helper [async]
[2018-01-07T22:38:13.121] [INFO] app - 注册 Helper [lodash]
[2018-01-07T22:38:13.126] [INFO] app - 注册 Middleware [heiner_static]
[2018-01-07T22:38:13.126] [INFO] app - 注册 Middleware [heiner_query]
[2018-01-07T22:38:13.127] [INFO] app - 注册 Middleware [heiner_body]
[2018-01-07T22:38:13.127] [INFO] app - 注册 Middleware [heiner_view]
[2018-01-07T22:38:13.170] [INFO] app - 注册 Middleware [heiner_static]
[2018-01-07T22:38:13.177] [INFO] app - 注册 Middleware [heiner_query]
[2018-01-07T22:38:13.221] [INFO] app - 注册 Middleware [heiner_body]
[2018-01-07T22:38:13.255] [INFO] app - 注册 Middleware [heiner_view]
[2018-01-07T22:38:13.258] [INFO] app - 注册 Controller [articleinfo.articleinfo]
[2018-01-07T22:38:13.262] [INFO] app - 注册 Controller [describe.describe]
[2018-01-07T22:38:13.265] [INFO] app - 注册 Controller [home]
[2018-01-07T22:38:13.267] [INFO] app - 注册 Controller [server.server]
[2018-01-07T22:38:13.348] [INFO] app - 注册 Router [articleinfo]
[2018-01-07T22:38:13.352] [INFO] app - 注册 Router [describe]
[2018-01-07T22:38:13.355] [INFO] app - 注册 Router [index]
[2018-01-07T22:38:13.357] [INFO] app - 注册 Router [server]
[2018-01-07T22:38:14.441] [INFO] app - 正在启动项目 模式: build
[2018-01-07T22:38:14.698] [INFO] app - 连接数据库 [mysql -h 127.0.0.1 -u root -D gdtv_cms]
[2018-01-07T22:38:14.906] [INFO] app - 连接数据库 [sqlite -h gdtvshopr1.mysql.rds.aliyuncs.com -u gdtvroot -D gdtvshop]
[2018-01-07T22:38:14.908] [INFO] app - 连接数据库 [sqlite -h gdtvcmsdb.mysql.rds.aliyuncs.com -u gdtvbalance -D gdtv_balance]
[2018-01-07T22:38:14.910] [INFO] app - 注册 Helper [moment]
[2018-01-07T22:38:14.911] [INFO] app - 注册 Helper [async]
[2018-01-07T22:38:14.917] [INFO] app - 注册 Helper [lodash]
[2018-01-07T22:38:14.921] [INFO] app - 注册 Middleware [heiner_static]
[2018-01-07T22:38:14.922] [INFO] app - 注册 Middleware [heiner_query]
[2018-01-07T22:38:14.922] [INFO] app - 注册 Middleware [heiner_body]
[2018-01-07T22:38:14.922] [INFO] app - 注册 Middleware [heiner_view]
[2018-01-07T22:38:14.955] [INFO] app - 注册 Middleware [heiner_static]
[2018-01-07T22:38:14.959] [INFO] app - 注册 Middleware [heiner_query]
[2018-01-07T22:38:14.993] [INFO] app - 注册 Middleware [heiner_body]
[2018-01-07T22:38:15.024] [INFO] app - 注册 Middleware [heiner_view]
[2018-01-07T22:38:15.027] [INFO] app - 注册 Controller [articleinfo.articleinfo]
[2018-01-07T22:38:15.031] [INFO] app - 注册 Controller [describe.describe]
[2018-01-07T22:38:15.033] [INFO] app - 注册 Controller [home]
[2018-01-07T22:38:15.034] [INFO] app - 注册 Controller [server.server]
[2018-01-07T22:38:15.085] [INFO] app - 注册 Router [articleinfo]
[2018-01-07T22:38:15.088] [INFO] app - 注册 Router [describe]
[2018-01-07T22:38:15.089] [INFO] app - 注册 Router [index]
[2018-01-07T22:38:15.090] [INFO] app - 注册 Router [server]
[2018-01-07T22:38:15.996] [INFO] app - 正在启动项目 模式: build
[2018-01-07T22:38:16.155] [INFO] app - 连接数据库 [mysql -h 127.0.0.1 -u root -D gdtv_cms]
[2018-01-07T22:38:16.341] [INFO] app - 连接数据库 [sqlite -h gdtvshopr1.mysql.rds.aliyuncs.com -u gdtvroot -D gdtvshop]
[2018-01-07T22:38:16.343] [INFO] app - 连接数据库 [sqlite -h gdtvcmsdb.mysql.rds.aliyuncs.com -u gdtvbalance -D gdtv_balance]
[2018-01-07T22:38:16.345] [INFO] app - 注册 Helper [moment]
[2018-01-07T22:38:16.346] [INFO] app - 注册 Helper [async]
[2018-01-07T22:38:16.357] [INFO] app - 注册 Helper [lodash]
[2018-01-07T22:38:16.362] [INFO] app - 注册 Middleware [heiner_static]
[2018-01-07T22:38:16.362] [INFO] app - 注册 Middleware [heiner_query]
[2018-01-07T22:38:16.362] [INFO] app - 注册 Middleware [heiner_body]
[2018-01-07T22:38:16.362] [INFO] app - 注册 Middleware [heiner_view]
[2018-01-07T22:38:16.394] [INFO] app - 注册 Middleware [heiner_static]
[2018-01-07T22:38:16.399] [INFO] app - 注册 Middleware [heiner_query]
[2018-01-07T22:38:16.435] [INFO] app - 注册 Middleware [heiner_body]
[2018-01-07T22:38:16.462] [INFO] app - 注册 Middleware [heiner_view]
[2018-01-07T22:38:16.465] [INFO] app - 注册 Controller [articleinfo.articleinfo]
[2018-01-07T22:38:16.469] [INFO] app - 注册 Controller [describe.describe]
[2018-01-07T22:38:16.472] [INFO] app - 注册 Controller [home]
[2018-01-07T22:38:16.474] [INFO] app - 注册 Controller [server.server]
[2018-01-07T22:38:16.530] [INFO] app - 注册 Router [articleinfo]
[2018-01-07T22:38:16.533] [INFO] app - 注册 Router [describe]
[2018-01-07T22:38:16.535] [INFO] app - 注册 Router [index]
[2018-01-07T22:38:16.536] [INFO] app - 注册 Router [server]
[2018-01-07T22:38:17.519] [INFO] app - 正在启动项目 模式: build
[2018-01-07T22:38:17.721] [INFO] app - 连接数据库 [mysql -h 127.0.0.1 -u root -D gdtv_cms]
[2018-01-07T22:38:17.910] [INFO] app - 连接数据库 [sqlite -h gdtvshopr1.mysql.rds.aliyuncs.com -u gdtvroot -D gdtvshop]
[2018-01-07T22:38:17.913] [INFO] app - 连接数据库 [sqlite -h gdtvcmsdb.mysql.rds.aliyuncs.com -u gdtvbalance -D gdtv_balance]
[2018-01-07T22:38:17.916] [INFO] app - 注册 Helper [moment]
[2018-01-07T22:38:17.917] [INFO] app - 注册 Helper [async]
[2018-01-07T22:38:17.925] [INFO] app - 注册 Helper [lodash]
[2018-01-07T22:38:17.929] [INFO] app - 注册 Middleware [heiner_static]
[2018-01-07T22:38:17.929] [INFO] app - 注册 Middleware [heiner_query]
[2018-01-07T22:38:17.929] [INFO] app - 注册 Middleware [heiner_body]
[2018-01-07T22:38:17.929] [INFO] app - 注册 Middleware [heiner_view]
[2018-01-07T22:38:17.964] [INFO] app - 注册 Middleware [heiner_static]
[2018-01-07T22:38:17.969] [INFO] app - 注册 Middleware [heiner_query]
[2018-01-07T22:38:18.008] [INFO] app - 注册 Middleware [heiner_body]
[2018-01-07T22:38:18.037] [INFO] app - 注册 Middleware [heiner_view]
[2018-01-07T22:38:18.040] [INFO] app - 注册 Controller [articleinfo.articleinfo]
[2018-01-07T22:38:18.043] [INFO] app - 注册 Controller [describe.describe]
[2018-01-07T22:38:18.049] [INFO] app - 注册 Controller [home]
[2018-01-07T22:38:18.051] [INFO] app - 注册 Controller [server.server]
[2018-01-07T22:38:18.109] [INFO] app - 注册 Router [articleinfo]
[2018-01-07T22:38:18.114] [INFO] app - 注册 Router [describe]
[2018-01-07T22:38:18.115] [INFO] app - 注册 Router [index]
[2018-01-07T22:38:18.117] [INFO] app - 注册 Router [server]
[2018-01-07T22:38:19.188] [INFO] app - 正在启动项目 模式: build
[2018-01-07T22:38:19.367] [INFO] app - 连接数据库 [mysql -h 127.0.0.1 -u root -D gdtv_cms]
[2018-01-07T22:38:19.545] [INFO] app - 连接数据库 [sqlite -h gdtvshopr1.mysql.rds.aliyuncs.com -u gdtvroot -D gdtvshop]
[2018-01-07T22:38:19.546] [INFO] app - 连接数据库 [sqlite -h gdtvcmsdb.mysql.rds.aliyuncs.com -u gdtvbalance -D gdtv_balance]
[2018-01-07T22:38:19.549] [INFO] app - 注册 Helper [moment]
[2018-01-07T22:38:19.549] [INFO] app - 注册 Helper [async]
[2018-01-07T22:38:19.556] [INFO] app - 注册 Helper [lodash]
[2018-01-07T22:38:19.559] [INFO] app - 注册 Middleware [heiner_static]
[2018-01-07T22:38:19.560] [INFO] app - 注册 Middleware [heiner_query]
[2018-01-07T22:38:19.560] [INFO] app - 注册 Middleware [heiner_body]
[2018-01-07T22:38:19.560] [INFO] app - 注册 Middleware [heiner_view]
[2018-01-07T22:38:19.602] [INFO] app - 注册 Middleware [heiner_static]
[2018-01-07T22:38:19.606] [INFO] app - 注册 Middleware [heiner_query]
[2018-01-07T22:38:19.661] [INFO] app - 注册 Middleware [heiner_body]
[2018-01-07T22:38:19.710] [INFO] app - 注册 Middleware [heiner_view]
[2018-01-07T22:38:19.713] [INFO] app - 注册 Controller [articleinfo.articleinfo]
[2018-01-07T22:38:19.716] [INFO] app - 注册 Controller [describe.describe]
[2018-01-07T22:38:19.718] [INFO] app - 注册 Controller [home]
[2018-01-07T22:38:19.721] [INFO] app - 注册 Controller [server.server]
[2018-01-07T22:38:19.795] [INFO] app - 注册 Router [articleinfo]
[2018-01-07T22:38:19.798] [INFO] app - 注册 Router [describe]
[2018-01-07T22:38:19.800] [INFO] app - 注册 Router [index]
[2018-01-07T22:38:19.801] [INFO] app - 注册 Router [server]
[2018-01-07T22:38:20.966] [INFO] app - 正在启动项目 模式: build
[2018-01-07T22:38:21.144] [INFO] app - 连接数据库 [mysql -h 127.0.0.1 -u root -D gdtv_cms]
[2018-01-07T22:38:21.326] [INFO] app - 连接数据库 [sqlite -h gdtvshopr1.mysql.rds.aliyuncs.com -u gdtvroot -D gdtvshop]
[2018-01-07T22:38:21.328] [INFO] app - 连接数据库 [sqlite -h gdtvcmsdb.mysql.rds.aliyuncs.com -u gdtvbalance -D gdtv_balance]
[2018-01-07T22:38:21.330] [INFO] app - 注册 Helper [moment]
[2018-01-07T22:38:21.331] [INFO] app - 注册 Helper [async]
[2018-01-07T22:38:21.337] [INFO] app - 注册 Helper [lodash]
[2018-01-07T22:38:21.340] [INFO] app - 注册 Middleware [heiner_static]
[2018-01-07T22:38:21.341] [INFO] app - 注册 Middleware [heiner_query]
[2018-01-07T22:38:21.341] [INFO] app - 注册 Middleware [heiner_body]
[2018-01-07T22:38:21.341] [INFO] app - 注册 Middleware [heiner_view]
[2018-01-07T22:38:21.373] [INFO] app - 注册 Middleware [heiner_static]
[2018-01-07T22:38:21.377] [INFO] app - 注册 Middleware [heiner_query]
[2018-01-07T22:38:21.414] [INFO] app - 注册 Middleware [heiner_body]
[2018-01-07T22:38:21.441] [INFO] app - 注册 Middleware [heiner_view]
[2018-01-07T22:38:21.443] [INFO] app - 注册 Controller [articleinfo.articleinfo]
[2018-01-07T22:38:21.446] [INFO] app - 注册 Controller [describe.describe]
[2018-01-07T22:38:21.448] [INFO] app - 注册 Controller [home]
[2018-01-07T22:38:21.449] [INFO] app - 注册 Controller [server.server]
[2018-01-07T22:38:21.508] [INFO] app - 注册 Router [articleinfo]
[2018-01-07T22:38:21.511] [INFO] app - 注册 Router [describe]
[2018-01-07T22:38:21.512] [INFO] app - 注册 Router [index]
[2018-01-07T22:38:21.513] [INFO] app - 注册 Router [server]
[2018-01-07T22:38:22.417] [INFO] app - 正在启动项目 模式: build
[2018-01-07T22:38:22.570] [INFO] app - 连接数据库 [mysql -h 127.0.0.1 -u root -D gdtv_cms]
[2018-01-07T22:38:22.750] [INFO] app - 连接数据库 [sqlite -h gdtvshopr1.mysql.rds.aliyuncs.com -u gdtvroot -D gdtvshop]
[2018-01-07T22:38:22.752] [INFO] app - 连接数据库 [sqlite -h gdtvcmsdb.mysql.rds.aliyuncs.com -u gdtvbalance -D gdtv_balance]
[2018-01-07T22:38:22.755] [INFO] app - 注册 Helper [moment]
[2018-01-07T22:38:22.756] [INFO] app - 注册 Helper [async]
[2018-01-07T22:38:22.764] [INFO] app - 注册 Helper [lodash]
[2018-01-07T22:38:22.768] [INFO] app - 注册 Middleware [heiner_static]
[2018-01-07T22:38:22.768] [INFO] app - 注册 Middleware [heiner_query]
[2018-01-07T22:38:22.768] [INFO] app - 注册 Middleware [heiner_body]
[2018-01-07T22:38:22.768] [INFO] app - 注册 Middleware [heiner_view]
[2018-01-07T22:38:22.801] [INFO] app - 注册 Middleware [heiner_static]
[2018-01-07T22:38:22.806] [INFO] app - 注册 Middleware [heiner_query]
[2018-01-07T22:38:22.848] [INFO] app - 注册 Middleware [heiner_body]
[2018-01-07T22:38:22.876] [INFO] app - 注册 Middleware [heiner_view]
[2018-01-07T22:38:22.878] [INFO] app - 注册 Controller [articleinfo.articleinfo]
[2018-01-07T22:38:22.881] [INFO] app - 注册 Controller [describe.describe]
[2018-01-07T22:38:22.883] [INFO] app - 注册 Controller [home]
[2018-01-07T22:38:22.884] [INFO] app - 注册 Controller [server.server]
[2018-01-07T22:38:22.949] [INFO] app - 注册 Router [articleinfo]
[2018-01-07T22:38:22.952] [INFO] app - 注册 Router [describe]
[2018-01-07T22:38:22.953] [INFO] app - 注册 Router [index]
[2018-01-07T22:38:22.955] [INFO] app - 注册 Router [server]
[2018-01-07T22:38:23.867] [INFO] app - 正在启动项目 模式: build
[2018-01-07T22:38:24.019] [INFO] app - 连接数据库 [mysql -h 127.0.0.1 -u root -D gdtv_cms]
[2018-01-07T22:38:24.212] [INFO] app - 连接数据库 [sqlite -h gdtvshopr1.mysql.rds.aliyuncs.com -u gdtvroot -D gdtvshop]
[2018-01-07T22:38:24.214] [INFO] app - 连接数据库 [sqlite -h gdtvcmsdb.mysql.rds.aliyuncs.com -u gdtvbalance -D gdtv_balance]
[2018-01-07T22:38:24.217] [INFO] app - 注册 Helper [moment]
[2018-01-07T22:38:24.218] [INFO] app - 注册 Helper [async]
[2018-01-07T22:38:24.228] [INFO] app - 注册 Helper [lodash]
[2018-01-07T22:38:24.235] [INFO] app - 注册 Middleware [heiner_static]
[2018-01-07T22:38:24.235] [INFO] app - 注册 Middleware [heiner_query]
[2018-01-07T22:38:24.236] [INFO] app - 注册 Middleware [heiner_body]
[2018-01-07T22:38:24.236] [INFO] app - 注册 Middleware [heiner_view]
[2018-01-07T22:38:24.283] [INFO] app - 注册 Middleware [heiner_static]
[2018-01-07T22:38:24.290] [INFO] app - 注册 Middleware [heiner_query]
[2018-01-07T22:38:24.346] [INFO] app - 注册 Middleware [heiner_body]
[2018-01-07T22:38:24.385] [INFO] app - 注册 Middleware [heiner_view]
[2018-01-07T22:38:24.389] [INFO] app - 注册 Controller [articleinfo.articleinfo]
[2018-01-07T22:38:24.393] [INFO] app - 注册 Controller [describe.describe]
[2018-01-07T22:38:24.395] [INFO] app - 注册 Controller [home]
[2018-01-07T22:38:24.398] [INFO] app - 注册 Controller [server.server]
[2018-01-07T22:38:24.468] [INFO] app - 注册 Router [articleinfo]
[2018-01-07T22:38:24.472] [INFO] app - 注册 Router [describe]
[2018-01-07T22:38:24.474] [INFO] app - 注册 Router [index]
[2018-01-07T22:38:24.475] [INFO] app - 注册 Router [server]
[2018-01-07T22:38:25.461] [INFO] app - 正在启动项目 模式: build
[2018-01-07T22:38:25.680] [INFO] app - 连接数据库 [mysql -h 127.0.0.1 -u root -D gdtv_cms]
[2018-01-07T22:38:25.972] [INFO] app - 连接数据库 [sqlite -h gdtvshopr1.mysql.rds.aliyuncs.com -u gdtvroot -D gdtvshop]
[2018-01-07T22:38:25.976] [INFO] app - 连接数据库 [sqlite -h gdtvcmsdb.mysql.rds.aliyuncs.com -u gdtvbalance -D gdtv_balance]
[2018-01-07T22:38:25.979] [INFO] app - 注册 Helper [moment]
[2018-01-07T22:38:25.980] [INFO] app - 注册 Helper [async]
[2018-01-07T22:38:25.991] [INFO] app - 注册 Helper [lodash]
[2018-01-07T22:38:25.996] [INFO] app - 注册 Middleware [heiner_static]
[2018-01-07T22:38:25.996] [INFO] app - 注册 Middleware [heiner_query]
[2018-01-07T22:38:25.997] [INFO] app - 注册 Middleware [heiner_body]
[2018-01-07T22:38:25.997] [INFO] app - 注册 Middleware [heiner_view]
[2018-01-07T22:38:26.040] [INFO] app - 注册 Middleware [heiner_static]
[2018-01-07T22:38:26.046] [INFO] app - 注册 Middleware [heiner_query]
[2018-01-07T22:38:26.090] [INFO] app - 注册 Middleware [heiner_body]
[2018-01-07T22:38:26.127] [INFO] app - 注册 Middleware [heiner_view]
[2018-01-07T22:38:26.130] [INFO] app - 注册 Controller [articleinfo.articleinfo]
[2018-01-07T22:38:26.134] [INFO] app - 注册 Controller [describe.describe]
[2018-01-07T22:38:26.136] [INFO] app - 注册 Controller [home]
[2018-01-07T22:38:26.139] [INFO] app - 注册 Controller [server.server]
[2018-01-07T22:38:26.214] [INFO] app - 注册 Router [articleinfo]
[2018-01-07T22:38:26.218] [INFO] app - 注册 Router [describe]
[2018-01-07T22:38:26.220] [INFO] app - 注册 Router [index]
[2018-01-07T22:38:26.221] [INFO] app - 注册 Router [server]
[2018-01-07T22:38:27.111] [INFO] app - 正在启动项目 模式: build
[2018-01-07T22:38:27.275] [INFO] app - 连接数据库 [mysql -h 127.0.0.1 -u root -D gdtv_cms]
[2018-01-07T22:38:27.458] [INFO] app - 连接数据库 [sqlite -h gdtvshopr1.mysql.rds.aliyuncs.com -u gdtvroot -D gdtvshop]
[2018-01-07T22:38:27.459] [INFO] app - 连接数据库 [sqlite -h gdtvcmsdb.mysql.rds.aliyuncs.com -u gdtvbalance -D gdtv_balance]
[2018-01-07T22:38:27.462] [INFO] app - 注册 Helper [moment]
[2018-01-07T22:38:27.463] [INFO] app - 注册 Helper [async]
[2018-01-07T22:38:27.473] [INFO] app - 注册 Helper [lodash]
[2018-01-07T22:38:27.476] [INFO] app - 注册 Middleware [heiner_static]
[2018-01-07T22:38:27.476] [INFO] app - 注册 Middleware [heiner_query]
[2018-01-07T22:38:27.477] [INFO] app - 注册 Middleware [heiner_body]
[2018-01-07T22:38:27.477] [INFO] app - 注册 Middleware [heiner_view]
[2018-01-07T22:38:27.506] [INFO] app - 注册 Middleware [heiner_static]
[2018-01-07T22:38:27.511] [INFO] app - 注册 Middleware [heiner_query]
[2018-01-07T22:38:27.549] [INFO] app - 注册 Middleware [heiner_body]
[2018-01-07T22:38:27.586] [INFO] app - 注册 Middleware [heiner_view]
[2018-01-07T22:38:27.588] [INFO] app - 注册 Controller [articleinfo.articleinfo]
[2018-01-07T22:38:27.591] [INFO] app - 注册 Controller [describe.describe]
[2018-01-07T22:38:27.593] [INFO] app - 注册 Controller [home]
[2018-01-07T22:38:27.595] [INFO] app - 注册 Controller [server.server]
[2018-01-07T22:38:27.651] [INFO] app - 注册 Router [articleinfo]
[2018-01-07T22:38:27.655] [INFO] app - 注册 Router [describe]
[2018-01-07T22:38:27.656] [INFO] app - 注册 Router [index]
[2018-01-07T22:38:27.658] [INFO] app - 注册 Router [server]
[2018-01-07T22:38:28.608] [INFO] app - 正在启动项目 模式: build
[2018-01-07T22:38:28.770] [INFO] app - 连接数据库 [mysql -h 127.0.0.1 -u root -D gdtv_cms]
[2018-01-07T22:38:28.949] [INFO] app - 连接数据库 [sqlite -h gdtvshopr1.mysql.rds.aliyuncs.com -u gdtvroot -D gdtvshop]
[2018-01-07T22:38:28.951] [INFO] app - 连接数据库 [sqlite -h gdtvcmsdb.mysql.rds.aliyuncs.com -u gdtvbalance -D gdtv_balance]
[2018-01-07T22:38:28.954] [INFO] app - 注册 Helper [moment]
[2018-01-07T22:38:28.954] [INFO] app - 注册 Helper [async]
[2018-01-07T22:38:28.961] [INFO] app - 注册 Helper [lodash]
[2018-01-07T22:38:28.966] [INFO] app - 注册 Middleware [heiner_static]
[2018-01-07T22:38:28.966] [INFO] app - 注册 Middleware [heiner_query]
[2018-01-07T22:38:28.966] [INFO] app - 注册 Middleware [heiner_body]
[2018-01-07T22:38:28.967] [INFO] app - 注册 Middleware [heiner_view]
[2018-01-07T22:38:28.997] [INFO] app - 注册 Middleware [heiner_static]
[2018-01-07T22:38:29.002] [INFO] app - 注册 Middleware [heiner_query]
[2018-01-07T22:38:29.037] [INFO] app - 注册 Middleware [heiner_body]
[2018-01-07T22:38:29.064] [INFO] app - 注册 Middleware [heiner_view]
[2018-01-07T22:38:29.067] [INFO] app - 注册 Controller [articleinfo.articleinfo]
[2018-01-07T22:38:29.071] [INFO] app - 注册 Controller [describe.describe]
[2018-01-07T22:38:29.073] [INFO] app - 注册 Controller [home]
[2018-01-07T22:38:29.075] [INFO] app - 注册 Controller [server.server]
[2018-01-07T22:38:29.141] [INFO] app - 注册 Router [articleinfo]
[2018-01-07T22:38:29.144] [INFO] app - 注册 Router [describe]
[2018-01-07T22:38:29.145] [INFO] app - 注册 Router [index]
[2018-01-07T22:38:29.146] [INFO] app - 注册 Router [server]
[2018-01-07T22:38:30.088] [INFO] app - 正在启动项目 模式: build
[2018-01-07T22:38:30.280] [INFO] app - 连接数据库 [mysql -h 127.0.0.1 -u root -D gdtv_cms]
[2018-01-07T22:38:30.495] [INFO] app - 连接数据库 [sqlite -h gdtvshopr1.mysql.rds.aliyuncs.com -u gdtvroot -D gdtvshop]
[2018-01-07T22:38:30.498] [INFO] app - 连接数据库 [sqlite -h gdtvcmsdb.mysql.rds.aliyuncs.com -u gdtvbalance -D gdtv_balance]
[2018-01-07T22:38:30.500] [INFO] app - 注册 Helper [moment]
[2018-01-07T22:38:30.500] [INFO] app - 注册 Helper [async]
[2018-01-07T22:38:30.509] [INFO] app - 注册 Helper [lodash]
[2018-01-07T22:38:30.513] [INFO] app - 注册 Middleware [heiner_static]
[2018-01-07T22:38:30.513] [INFO] app - 注册 Middleware [heiner_query]
[2018-01-07T22:38:30.514] [INFO] app - 注册 Middleware [heiner_body]
[2018-01-07T22:38:30.514] [INFO] app - 注册 Middleware [heiner_view]
[2018-01-07T22:38:30.551] [INFO] app - 注册 Middleware [heiner_static]
[2018-01-07T22:38:30.557] [INFO] app - 注册 Middleware [heiner_query]
[2018-01-07T22:38:30.600] [INFO] app - 注册 Middleware [heiner_body]
[2018-01-07T22:38:30.626] [INFO] app - 注册 Middleware [heiner_view]
[2018-01-07T22:38:30.628] [INFO] app - 注册 Controller [articleinfo.articleinfo]
[2018-01-07T22:38:30.631] [INFO] app - 注册 Controller [describe.describe]
[2018-01-07T22:38:30.632] [INFO] app - 注册 Controller [home]
[2018-01-07T22:38:30.634] [INFO] app - 注册 Controller [server.server]
[2018-01-07T22:38:30.700] [INFO] app - 注册 Router [articleinfo]
[2018-01-07T22:38:30.708] [INFO] app - 注册 Router [describe]
[2018-01-07T22:38:30.710] [INFO] app - 注册 Router [index]
[2018-01-07T22:38:30.711] [INFO] app - 注册 Router [server]
[2018-01-07T22:38:31.802] [INFO] app - 正在启动项目 模式: build
[2018-01-07T22:38:31.984] [INFO] app - 连接数据库 [mysql -h 127.0.0.1 -u root -D gdtv_cms]
[2018-01-07T22:38:32.176] [INFO] app - 连接数据库 [sqlite -h gdtvshopr1.mysql.rds.aliyuncs.com -u gdtvroot -D gdtvshop]
[2018-01-07T22:38:32.178] [INFO] app - 连接数据库 [sqlite -h gdtvcmsdb.mysql.rds.aliyuncs.com -u gdtvbalance -D gdtv_balance]
[2018-01-07T22:38:32.181] [INFO] app - 注册 Helper [moment]
[2018-01-07T22:38:32.182] [INFO] app - 注册 Helper [async]
[2018-01-07T22:38:32.190] [INFO] app - 注册 Helper [lodash]
[2018-01-07T22:38:32.193] [INFO] app - 注册 Middleware [heiner_static]
[2018-01-07T22:38:32.194] [INFO] app - 注册 Middleware [heiner_query]
[2018-01-07T22:38:32.194] [INFO] app - 注册 Middleware [heiner_body]
[2018-01-07T22:38:32.194] [INFO] app - 注册 Middleware [heiner_view]
[2018-01-07T22:38:32.228] [INFO] app - 注册 Middleware [heiner_static]
[2018-01-07T22:38:32.233] [INFO] app - 注册 Middleware [heiner_query]
[2018-01-07T22:38:32.267] [INFO] app - 注册 Middleware [heiner_body]
[2018-01-07T22:38:32.299] [INFO] app - 注册 Middleware [heiner_view]
[2018-01-07T22:38:32.302] [INFO] app - 注册 Controller [articleinfo.articleinfo]
[2018-01-07T22:38:32.305] [INFO] app - 注册 Controller [describe.describe]
[2018-01-07T22:38:32.310] [INFO] app - 注册 Controller [home]
[2018-01-07T22:38:32.312] [INFO] app - 注册 Controller [server.server]
[2018-01-07T22:38:32.368] [INFO] app - 注册 Router [articleinfo]
[2018-01-07T22:38:32.372] [INFO] app - 注册 Router [describe]
[2018-01-07T22:38:32.373] [INFO] app - 注册 Router [index]
[2018-01-07T22:38:32.375] [INFO] app - 注册 Router [server]
[2018-01-07T22:38:33.236] [INFO] app - 正在启动项目 模式: build
[2018-01-07T22:38:33.387] [INFO] app - 连接数据库 [mysql -h 127.0.0.1 -u root -D gdtv_cms]
[2018-01-07T22:38:33.564] [INFO] app - 连接数据库 [sqlite -h gdtvshopr1.mysql.rds.aliyuncs.com -u gdtvroot -D gdtvshop]
[2018-01-07T22:38:33.570] [INFO] app - 连接数据库 [sqlite -h gdtvcmsdb.mysql.rds.aliyuncs.com -u gdtvbalance -D gdtv_balance]
[2018-01-07T22:38:33.573] [INFO] app - 注册 Helper [moment]
[2018-01-07T22:38:33.573] [INFO] app - 注册 Helper [async]
[2018-01-07T22:38:33.580] [INFO] app - 注册 Helper [lodash]
[2018-01-07T22:38:33.584] [INFO] app - 注册 Middleware [heiner_static]
[2018-01-07T22:38:33.584] [INFO] app - 注册 Middleware [heiner_query]
[2018-01-07T22:38:33.584] [INFO] app - 注册 Middleware [heiner_body]
[2018-01-07T22:38:33.584] [INFO] app - 注册 Middleware [heiner_view]
[2018-01-07T22:38:33.616] [INFO] app - 注册 Middleware [heiner_static]
[2018-01-07T22:38:33.620] [INFO] app - 注册 Middleware [heiner_query]
[2018-01-07T22:38:33.659] [INFO] app - 注册 Middleware [heiner_body]
[2018-01-07T22:38:33.692] [INFO] app - 注册 Middleware [heiner_view]
[2018-01-07T22:38:33.695] [INFO] app - 注册 Controller [articleinfo.articleinfo]
[2018-01-07T22:38:33.698] [INFO] app - 注册 Controller [describe.describe]
[2018-01-07T22:38:33.709] [INFO] app - 注册 Controller [home]
[2018-01-07T22:38:33.711] [INFO] app - 注册 Controller [server.server]
[2018-01-07T22:38:33.771] [INFO] app - 注册 Router [articleinfo]
[2018-01-07T22:38:33.774] [INFO] app - 注册 Router [describe]
[2018-01-07T22:38:33.775] [INFO] app - 注册 Router [index]
[2018-01-07T22:38:33.777] [INFO] app - 注册 Router [server]
[2018-01-07T22:38:34.656] [INFO] app - 正在启动项目 模式: build
[2018-01-07T22:38:34.815] [INFO] app - 连接数据库 [mysql -h 127.0.0.1 -u root -D gdtv_cms]
[2018-01-07T22:38:34.985] [INFO] app - 连接数据库 [sqlite -h gdtvshopr1.mysql.rds.aliyuncs.com -u gdtvroot -D gdtvshop]
[2018-01-07T22:38:34.987] [INFO] app - 连接数据库 [sqlite -h gdtvcmsdb.mysql.rds.aliyuncs.com -u gdtvbalance -D gdtv_balance]
[2018-01-07T22:38:34.990] [INFO] app - 注册 Helper [moment]
[2018-01-07T22:38:34.990] [INFO] app - 注册 Helper [async]
[2018-01-07T22:38:34.996] [INFO] app - 注册 Helper [lodash]
[2018-01-07T22:38:35.000] [INFO] app - 注册 Middleware [heiner_static]
[2018-01-07T22:38:35.000] [INFO] app - 注册 Middleware [heiner_query]
[2018-01-07T22:38:35.001] [INFO] app - 注册 Middleware [heiner_body]
[2018-01-07T22:38:35.001] [INFO] app - 注册 Middleware [heiner_view]
[2018-01-07T22:38:35.034] [INFO] app - 注册 Middleware [heiner_static]
[2018-01-07T22:38:35.040] [INFO] app - 注册 Middleware [heiner_query]
[2018-01-07T22:38:35.076] [INFO] app - 注册 Middleware [heiner_body]
[2018-01-07T22:38:35.111] [INFO] app - 注册 Middleware [heiner_view]
[2018-01-07T22:38:35.114] [INFO] app - 注册 Controller [articleinfo.articleinfo]
[2018-01-07T22:38:35.118] [INFO] app - 注册 Controller [describe.describe]
[2018-01-07T22:38:35.119] [INFO] app - 注册 Controller [home]
[2018-01-07T22:38:35.121] [INFO] app - 注册 Controller [server.server]
[2018-01-07T22:38:35.187] [INFO] app - 注册 Router [articleinfo]
[2018-01-07T22:38:35.190] [INFO] app - 注册 Router [describe]
[2018-01-07T22:38:35.191] [INFO] app - 注册 Router [index]
[2018-01-07T22:38:35.192] [INFO] app - 注册 Router [server]
[2018-01-07T22:38:36.198] [INFO] app - 正在启动项目 模式: build
[2018-01-07T22:38:36.353] [INFO] app - 连接数据库 [mysql -h 127.0.0.1 -u root -D gdtv_cms]
[2018-01-07T22:38:36.539] [INFO] app - 连接数据库 [sqlite -h gdtvshopr1.mysql.rds.aliyuncs.com -u gdtvroot -D gdtvshop]
[2018-01-07T22:38:36.541] [INFO] app - 连接数据库 [sqlite -h gdtvcmsdb.mysql.rds.aliyuncs.com -u gdtvbalance -D gdtv_balance]
[2018-01-07T22:38:36.544] [INFO] app - 注册 Helper [moment]
[2018-01-07T22:38:36.545] [INFO] app - 注册 Helper [async]
[2018-01-07T22:38:36.555] [INFO] app - 注册 Helper [lodash]
[2018-01-07T22:38:36.559] [INFO] app - 注册 Middleware [heiner_static]
[2018-01-07T22:38:36.559] [INFO] app - 注册 Middleware [heiner_query]
[2018-01-07T22:38:36.560] [INFO] app - 注册 Middleware [heiner_body]
[2018-01-07T22:38:36.560] [INFO] app - 注册 Middleware [heiner_view]
[2018-01-07T22:38:36.606] [INFO] app - 注册 Middleware [heiner_static]
[2018-01-07T22:38:36.612] [INFO] app - 注册 Middleware [heiner_query]
[2018-01-07T22:38:36.659] [INFO] app - 注册 Middleware [heiner_body]
[2018-01-07T22:38:36.708] [INFO] app - 注册 Middleware [heiner_view]
[2018-01-07T22:38:36.711] [INFO] app - 注册 Controller [articleinfo.articleinfo]
[2018-01-07T22:38:36.715] [INFO] app - 注册 Controller [describe.describe]
[2018-01-07T22:38:36.718] [INFO] app - 注册 Controller [home]
[2018-01-07T22:38:36.719] [INFO] app - 注册 Controller [server.server]
[2018-01-07T22:38:36.790] [INFO] app - 注册 Router [articleinfo]
[2018-01-07T22:38:36.793] [INFO] app - 注册 Router [describe]
[2018-01-07T22:38:36.795] [INFO] app - 注册 Router [index]
[2018-01-07T22:38:36.796] [INFO] app - 注册 Router [server]
[2018-01-07T22:38:37.869] [INFO] app - 正在启动项目 模式: build
[2018-01-07T22:38:38.039] [INFO] app - 连接数据库 [mysql -h 127.0.0.1 -u root -D gdtv_cms]
[2018-01-07T22:38:38.219] [INFO] app - 连接数据库 [sqlite -h gdtvshopr1.mysql.rds.aliyuncs.com -u gdtvroot -D gdtvshop]
[2018-01-07T22:38:38.223] [INFO] app - 连接数据库 [sqlite -h gdtvcmsdb.mysql.rds.aliyuncs.com -u gdtvbalance -D gdtv_balance]
[2018-01-07T22:38:38.225] [INFO] app - 注册 Helper [moment]
[2018-01-07T22:38:38.226] [INFO] app - 注册 Helper [async]
[2018-01-07T22:38:38.236] [INFO] app - 注册 Helper [lodash]
[2018-01-07T22:38:38.241] [INFO] app - 注册 Middleware [heiner_static]
[2018-01-07T22:38:38.241] [INFO] app - 注册 Middleware [heiner_query]
[2018-01-07T22:38:38.241] [INFO] app - 注册 Middleware [heiner_body]
[2018-01-07T22:38:38.242] [INFO] app - 注册 Middleware [heiner_view]
[2018-01-07T22:38:38.272] [INFO] app - 注册 Middleware [heiner_static]
[2018-01-07T22:38:38.276] [INFO] app - 注册 Middleware [heiner_query]
[2018-01-07T22:38:38.308] [INFO] app - 注册 Middleware [heiner_body]
[2018-01-07T22:38:38.338] [INFO] app - 注册 Middleware [heiner_view]
[2018-01-07T22:38:38.340] [INFO] app - 注册 Controller [articleinfo.articleinfo]
[2018-01-07T22:38:38.344] [INFO] app - 注册 Controller [describe.describe]
[2018-01-07T22:38:38.346] [INFO] app - 注册 Controller [home]
[2018-01-07T22:38:38.347] [INFO] app - 注册 Controller [server.server]
[2018-01-07T22:38:38.407] [INFO] app - 注册 Router [articleinfo]
[2018-01-07T22:38:38.410] [INFO] app - 注册 Router [describe]
[2018-01-07T22:38:38.411] [INFO] app - 注册 Router [index]
[2018-01-07T22:38:38.412] [INFO] app - 注册 Router [server]
[2018-01-07T22:38:39.317] [INFO] app - 正在启动项目 模式: build
[2018-01-07T22:38:39.468] [INFO] app - 连接数据库 [mysql -h 127.0.0.1 -u root -D gdtv_cms]
[2018-01-07T22:38:39.643] [INFO] app - 连接数据库 [sqlite -h gdtvshopr1.mysql.rds.aliyuncs.com -u gdtvroot -D gdtvshop]
[2018-01-07T22:38:39.645] [INFO] app - 连接数据库 [sqlite -h gdtvcmsdb.mysql.rds.aliyuncs.com -u gdtvbalance -D gdtv_balance]
[2018-01-07T22:38:39.647] [INFO] app - 注册 Helper [moment]
[2018-01-07T22:38:39.647] [INFO] app - 注册 Helper [async]
[2018-01-07T22:38:39.658] [INFO] app - 注册 Helper [lodash]
[2018-01-07T22:38:39.663] [INFO] app - 注册 Middleware [heiner_static]
[2018-01-07T22:38:39.663] [INFO] app - 注册 Middleware [heiner_query]
[2018-01-07T22:38:39.663] [INFO] app - 注册 Middleware [heiner_body]
[2018-01-07T22:38:39.663] [INFO] app - 注册 Middleware [heiner_view]
[2018-01-07T22:38:39.693] [INFO] app - 注册 Middleware [heiner_static]
[2018-01-07T22:38:39.698] [INFO] app - 注册 Middleware [heiner_query]
[2018-01-07T22:38:39.738] [INFO] app - 注册 Middleware [heiner_body]
[2018-01-07T22:38:39.775] [INFO] app - 注册 Middleware [heiner_view]
[2018-01-07T22:38:39.779] [INFO] app - 注册 Controller [articleinfo.articleinfo]
[2018-01-07T22:38:39.781] [INFO] app - 注册 Controller [describe.describe]
[2018-01-07T22:38:39.783] [INFO] app - 注册 Controller [home]
[2018-01-07T22:38:39.786] [INFO] app - 注册 Controller [server.server]
[2018-01-07T22:38:39.845] [INFO] app - 注册 Router [articleinfo]
[2018-01-07T22:38:39.847] [INFO] app - 注册 Router [describe]
[2018-01-07T22:38:39.849] [INFO] app - 注册 Router [index]
[2018-01-07T22:38:39.850] [INFO] app - 注册 Router [server]
[2018-01-07T22:38:40.741] [INFO] app - 正在启动项目 模式: build
[2018-01-07T22:38:40.962] [INFO] app - 连接数据库 [mysql -h 127.0.0.1 -u root -D gdtv_cms]
[2018-01-07T22:38:41.242] [INFO] app - 连接数据库 [sqlite -h gdtvshopr1.mysql.rds.aliyuncs.com -u gdtvroot -D gdtvshop]
[2018-01-07T22:38:41.245] [INFO] app - 连接数据库 [sqlite -h gdtvcmsdb.mysql.rds.aliyuncs.com -u gdtvbalance -D gdtv_balance]
[2018-01-07T22:38:41.248] [INFO] app - 注册 Helper [moment]
[2018-01-07T22:38:41.248] [INFO] app - 注册 Helper [async]
[2018-01-07T22:38:41.257] [INFO] app - 注册 Helper [lodash]
[2018-01-07T22:38:41.261] [INFO] app - 注册 Middleware [heiner_static]
[2018-01-07T22:38:41.261] [INFO] app - 注册 Middleware [heiner_query]
[2018-01-07T22:38:41.262] [INFO] app - 注册 Middleware [heiner_body]
[2018-01-07T22:38:41.262] [INFO] app - 注册 Middleware [heiner_view]
[2018-01-07T22:38:41.301] [INFO] app - 注册 Middleware [heiner_static]
[2018-01-07T22:38:41.308] [INFO] app - 注册 Middleware [heiner_query]
[2018-01-07T22:38:41.348] [INFO] app - 注册 Middleware [heiner_body]
[2018-01-07T22:38:41.383] [INFO] app - 注册 Middleware [heiner_view]
[2018-01-07T22:38:41.387] [INFO] app - 注册 Controller [articleinfo.articleinfo]
[2018-01-07T22:38:41.391] [INFO] app - 注册 Controller [describe.describe]
[2018-01-07T22:38:41.393] [INFO] app - 注册 Controller [home]
[2018-01-07T22:38:41.395] [INFO] app - 注册 Controller [server.server]
[2018-01-07T22:38:41.472] [INFO] app - 注册 Router [articleinfo]
[2018-01-07T22:38:41.476] [INFO] app - 注册 Router [describe]
[2018-01-07T22:38:41.478] [INFO] app - 注册 Router [index]
[2018-01-07T22:38:41.479] [INFO] app - 注册 Router [server]
[2018-01-07T22:38:42.447] [INFO] app - 正在启动项目 模式: build
[2018-01-07T22:38:42.695] [INFO] app - 连接数据库 [mysql -h 127.0.0.1 -u root -D gdtv_cms]
[2018-01-07T22:38:43.019] [INFO] app - 连接数据库 [sqlite -h gdtvshopr1.mysql.rds.aliyuncs.com -u gdtvroot -D gdtvshop]
[2018-01-07T22:38:43.021] [INFO] app - 连接数据库 [sqlite -h gdtvcmsdb.mysql.rds.aliyuncs.com -u gdtvbalance -D gdtv_balance]
[2018-01-07T22:38:43.026] [INFO] app - 注册 Helper [moment]
[2018-01-07T22:38:43.028] [INFO] app - 注册 Helper [async]
[2018-01-07T22:38:43.038] [INFO] app - 注册 Helper [lodash]
[2018-01-07T22:38:43.043] [INFO] app - 注册 Middleware [heiner_static]
[2018-01-07T22:38:43.046] [INFO] app - 注册 Middleware [heiner_query]
[2018-01-07T22:38:43.046] [INFO] app - 注册 Middleware [heiner_body]
[2018-01-07T22:38:43.047] [INFO] app - 注册 Middleware [heiner_view]
[2018-01-07T22:38:43.097] [INFO] app - 注册 Middleware [heiner_static]
[2018-01-07T22:38:43.104] [INFO] app - 注册 Middleware [heiner_query]
[2018-01-07T22:38:43.151] [INFO] app - 注册 Middleware [heiner_body]
[2018-01-07T22:38:43.183] [INFO] app - 注册 Middleware [heiner_view]
[2018-01-07T22:38:43.186] [INFO] app - 注册 Controller [articleinfo.articleinfo]
[2018-01-07T22:38:43.189] [INFO] app - 注册 Controller [describe.describe]
[2018-01-07T22:38:43.191] [INFO] app - 注册 Controller [home]
[2018-01-07T22:38:43.194] [INFO] app - 注册 Controller [server.server]
[2018-01-07T22:38:43.268] [INFO] app - 注册 Router [articleinfo]
[2018-01-07T22:38:43.272] [INFO] app - 注册 Router [describe]
[2018-01-07T22:38:43.273] [INFO] app - 注册 Router [index]
[2018-01-07T22:38:43.275] [INFO] app - 注册 Router [server]
[2018-01-07T22:38:44.125] [INFO] app - 正在启动项目 模式: build
[2018-01-07T22:38:44.277] [INFO] app - 连接数据库 [mysql -h 127.0.0.1 -u root -D gdtv_cms]
[2018-01-07T22:38:44.438] [INFO] app - 连接数据库 [sqlite -h gdtvshopr1.mysql.rds.aliyuncs.com -u gdtvroot -D gdtvshop]
[2018-01-07T22:38:44.440] [INFO] app - 连接数据库 [sqlite -h gdtvcmsdb.mysql.rds.aliyuncs.com -u gdtvbalance -D gdtv_balance]
[2018-01-07T22:38:44.443] [INFO] app - 注册 Helper [moment]
[2018-01-07T22:38:44.444] [INFO] app - 注册 Helper [async]
[2018-01-07T22:38:44.450] [INFO] app - 注册 Helper [lodash]
[2018-01-07T22:38:44.454] [INFO] app - 注册 Middleware [heiner_static]
[2018-01-07T22:38:44.454] [INFO] app - 注册 Middleware [heiner_query]
[2018-01-07T22:38:44.454] [INFO] app - 注册 Middleware [heiner_body]
[2018-01-07T22:38:44.455] [INFO] app - 注册 Middleware [heiner_view]
[2018-01-07T22:38:44.486] [INFO] app - 注册 Middleware [heiner_static]
[2018-01-07T22:38:44.490] [INFO] app - 注册 Middleware [heiner_query]
[2018-01-07T22:38:44.525] [INFO] app - 注册 Middleware [heiner_body]
[2018-01-07T22:38:44.549] [INFO] app - 注册 Middleware [heiner_view]
[2018-01-07T22:38:44.553] [INFO] app - 注册 Controller [articleinfo.articleinfo]
[2018-01-07T22:38:44.556] [INFO] app - 注册 Controller [describe.describe]
[2018-01-07T22:38:44.566] [INFO] app - 注册 Controller [home]
[2018-01-07T22:38:44.568] [INFO] app - 注册 Controller [server.server]
[2018-01-07T22:38:44.623] [INFO] app - 注册 Router [articleinfo]
[2018-01-07T22:38:44.626] [INFO] app - 注册 Router [describe]
[2018-01-07T22:38:44.627] [INFO] app - 注册 Router [index]
[2018-01-07T22:38:44.628] [INFO] app - 注册 Router [server]
[2018-01-07T22:38:45.547] [INFO] app - 正在启动项目 模式: build
[2018-01-07T22:38:45.747] [INFO] app - 连接数据库 [mysql -h 127.0.0.1 -u root -D gdtv_cms]
[2018-01-07T22:38:45.975] [INFO] app - 连接数据库 [sqlite -h gdtvshopr1.mysql.rds.aliyuncs.com -u gdtvroot -D gdtvshop]
[2018-01-07T22:38:45.979] [INFO] app - 连接数据库 [sqlite -h gdtvcmsdb.mysql.rds.aliyuncs.com -u gdtvbalance -D gdtv_balance]
[2018-01-07T22:38:45.982] [INFO] app - 注册 Helper [moment]
[2018-01-07T22:38:45.982] [INFO] app - 注册 Helper [async]
[2018-01-07T22:38:45.989] [INFO] app - 注册 Helper [lodash]
[2018-01-07T22:38:45.994] [INFO] app - 注册 Middleware [heiner_static]
[2018-01-07T22:38:45.994] [INFO] app - 注册 Middleware [heiner_query]
[2018-01-07T22:38:45.994] [INFO] app - 注册 Middleware [heiner_body]
[2018-01-07T22:38:45.995] [INFO] app - 注册 Middleware [heiner_view]
[2018-01-07T22:38:46.033] [INFO] app - 注册 Middleware [heiner_static]
[2018-01-07T22:38:46.038] [INFO] app - 注册 Middleware [heiner_query]
[2018-01-07T22:38:46.078] [INFO] app - 注册 Middleware [heiner_body]
[2018-01-07T22:38:46.117] [INFO] app - 注册 Middleware [heiner_view]
[2018-01-07T22:38:46.120] [INFO] app - 注册 Controller [articleinfo.articleinfo]
[2018-01-07T22:38:46.123] [INFO] app - 注册 Controller [describe.describe]
[2018-01-07T22:38:46.125] [INFO] app - 注册 Controller [home]
[2018-01-07T22:38:46.127] [INFO] app - 注册 Controller [server.server]
[2018-01-07T22:38:46.195] [INFO] app - 注册 Router [articleinfo]
[2018-01-07T22:38:46.198] [INFO] app - 注册 Router [describe]
[2018-01-07T22:38:46.200] [INFO] app - 注册 Router [index]
[2018-01-07T22:38:46.201] [INFO] app - 注册 Router [server]
[2018-01-07T22:38:47.290] [INFO] app - 正在启动项目 模式: build
[2018-01-07T22:38:47.504] [INFO] app - 连接数据库 [mysql -h 127.0.0.1 -u root -D gdtv_cms]
[2018-01-07T22:38:47.712] [INFO] app - 连接数据库 [sqlite -h gdtvshopr1.mysql.rds.aliyuncs.com -u gdtvroot -D gdtvshop]
[2018-01-07T22:38:47.714] [INFO] app - 连接数据库 [sqlite -h gdtvcmsdb.mysql.rds.aliyuncs.com -u gdtvbalance -D gdtv_balance]
[2018-01-07T22:38:47.717] [INFO] app - 注册 Helper [moment]
[2018-01-07T22:38:47.717] [INFO] app - 注册 Helper [async]
[2018-01-07T22:38:47.724] [INFO] app - 注册 Helper [lodash]
[2018-01-07T22:38:47.728] [INFO] app - 注册 Middleware [heiner_static]
[2018-01-07T22:38:47.728] [INFO] app - 注册 Middleware [heiner_query]
[2018-01-07T22:38:47.729] [INFO] app - 注册 Middleware [heiner_body]
[2018-01-07T22:38:47.729] [INFO] app - 注册 Middleware [heiner_view]
[2018-01-07T22:38:47.770] [INFO] app - 注册 Middleware [heiner_static]
[2018-01-07T22:38:47.775] [INFO] app - 注册 Middleware [heiner_query]
[2018-01-07T22:38:47.817] [INFO] app - 注册 Middleware [heiner_body]
[2018-01-07T22:38:47.856] [INFO] app - 注册 Middleware [heiner_view]
[2018-01-07T22:38:47.859] [INFO] app - 注册 Controller [articleinfo.articleinfo]
[2018-01-07T22:38:47.863] [INFO] app - 注册 Controller [describe.describe]
[2018-01-07T22:38:47.865] [INFO] app - 注册 Controller [home]
[2018-01-07T22:38:47.868] [INFO] app - 注册 Controller [server.server]
[2018-01-07T22:38:47.949] [INFO] app - 注册 Router [articleinfo]
[2018-01-07T22:38:47.952] [INFO] app - 注册 Router [describe]
[2018-01-07T22:38:47.954] [INFO] app - 注册 Router [index]
[2018-01-07T22:38:47.956] [INFO] app - 注册 Router [server]
[2018-01-07T22:38:49.133] [INFO] app - 正在启动项目 模式: build
[2018-01-07T22:38:49.330] [INFO] app - 连接数据库 [mysql -h 127.0.0.1 -u root -D gdtv_cms]
[2018-01-07T22:38:49.540] [INFO] app - 连接数据库 [sqlite -h gdtvshopr1.mysql.rds.aliyuncs.com -u gdtvroot -D gdtvshop]
[2018-01-07T22:38:49.542] [INFO] app - 连接数据库 [sqlite -h gdtvcmsdb.mysql.rds.aliyuncs.com -u gdtvbalance -D gdtv_balance]
[2018-01-07T22:38:49.545] [INFO] app - 注册 Helper [moment]
[2018-01-07T22:38:49.545] [INFO] app - 注册 Helper [async]
[2018-01-07T22:38:49.551] [INFO] app - 注册 Helper [lodash]
[2018-01-07T22:38:49.555] [INFO] app - 注册 Middleware [heiner_static]
[2018-01-07T22:38:49.555] [INFO] app - 注册 Middleware [heiner_query]
[2018-01-07T22:38:49.555] [INFO] app - 注册 Middleware [heiner_body]
[2018-01-07T22:38:49.555] [INFO] app - 注册 Middleware [heiner_view]
[2018-01-07T22:38:49.589] [INFO] app - 注册 Middleware [heiner_static]
[2018-01-07T22:38:49.593] [INFO] app - 注册 Middleware [heiner_query]
[2018-01-07T22:38:49.633] [INFO] app - 注册 Middleware [heiner_body]
[2018-01-07T22:38:49.668] [INFO] app - 注册 Middleware [heiner_view]
[2018-01-07T22:38:49.671] [INFO] app - 注册 Controller [articleinfo.articleinfo]
[2018-01-07T22:38:49.674] [INFO] app - 注册 Controller [describe.describe]
[2018-01-07T22:38:49.677] [INFO] app - 注册 Controller [home]
[2018-01-07T22:38:49.678] [INFO] app - 注册 Controller [server.server]
[2018-01-07T22:38:49.756] [INFO] app - 注册 Router [articleinfo]
[2018-01-07T22:38:49.759] [INFO] app - 注册 Router [describe]
[2018-01-07T22:38:49.760] [INFO] app - 注册 Router [index]
[2018-01-07T22:38:49.761] [INFO] app - 注册 Router [server]
[2018-01-07T22:38:50.748] [INFO] app - 正在启动项目 模式: build
[2018-01-07T22:38:50.900] [INFO] app - 连接数据库 [mysql -h 127.0.0.1 -u root -D gdtv_cms]
[2018-01-07T22:38:51.081] [INFO] app - 连接数据库 [sqlite -h gdtvshopr1.mysql.rds.aliyuncs.com -u gdtvroot -D gdtvshop]
[2018-01-07T22:38:51.084] [INFO] app - 连接数据库 [sqlite -h gdtvcmsdb.mysql.rds.aliyuncs.com -u gdtvbalance -D gdtv_balance]
[2018-01-07T22:38:51.086] [INFO] app - 注册 Helper [moment]
[2018-01-07T22:38:51.087] [INFO] app - 注册 Helper [async]
[2018-01-07T22:38:51.093] [INFO] app - 注册 Helper [lodash]
[2018-01-07T22:38:51.098] [INFO] app - 注册 Middleware [heiner_static]
[2018-01-07T22:38:51.099] [INFO] app - 注册 Middleware [heiner_query]
[2018-01-07T22:38:51.099] [INFO] app - 注册 Middleware [heiner_body]
[2018-01-07T22:38:51.100] [INFO] app - 注册 Middleware [heiner_view]
[2018-01-07T22:38:51.136] [INFO] app - 注册 Middleware [heiner_static]
[2018-01-07T22:38:51.142] [INFO] app - 注册 Middleware [heiner_query]
[2018-01-07T22:38:51.177] [INFO] app - 注册 Middleware [heiner_body]
[2018-01-07T22:38:51.205] [INFO] app - 注册 Middleware [heiner_view]
[2018-01-07T22:38:51.207] [INFO] app - 注册 Controller [articleinfo.articleinfo]
[2018-01-07T22:38:51.210] [INFO] app - 注册 Controller [describe.describe]
[2018-01-07T22:38:51.212] [INFO] app - 注册 Controller [home]
[2018-01-07T22:38:51.213] [INFO] app - 注册 Controller [server.server]
[2018-01-07T22:38:51.269] [INFO] app - 注册 Router [articleinfo]
[2018-01-07T22:38:51.272] [INFO] app - 注册 Router [describe]
[2018-01-07T22:38:51.273] [INFO] app - 注册 Router [index]
[2018-01-07T22:38:51.275] [INFO] app - 注册 Router [server]
[2018-01-07T22:38:52.173] [INFO] app - 正在启动项目 模式: build
[2018-01-07T22:38:52.324] [INFO] app - 连接数据库 [mysql -h 127.0.0.1 -u root -D gdtv_cms]
[2018-01-07T22:38:52.545] [INFO] app - 连接数据库 [sqlite -h gdtvshopr1.mysql.rds.aliyuncs.com -u gdtvroot -D gdtvshop]
[2018-01-07T22:38:52.547] [INFO] app - 连接数据库 [sqlite -h gdtvcmsdb.mysql.rds.aliyuncs.com -u gdtvbalance -D gdtv_balance]
[2018-01-07T22:38:52.550] [INFO] app - 注册 Helper [moment]
[2018-01-07T22:38:52.551] [INFO] app - 注册 Helper [async]
[2018-01-07T22:38:52.557] [INFO] app - 注册 Helper [lodash]
[2018-01-07T22:38:52.569] [INFO] app - 注册 Middleware [heiner_static]
[2018-01-07T22:38:52.569] [INFO] app - 注册 Middleware [heiner_query]
[2018-01-07T22:38:52.569] [INFO] app - 注册 Middleware [heiner_body]
[2018-01-07T22:38:52.570] [INFO] app - 注册 Middleware [heiner_view]
[2018-01-07T22:38:52.614] [INFO] app - 注册 Middleware [heiner_static]
[2018-01-07T22:38:52.621] [INFO] app - 注册 Middleware [heiner_query]
[2018-01-07T22:38:52.685] [INFO] app - 注册 Middleware [heiner_body]
[2018-01-07T22:38:52.728] [INFO] app - 注册 Middleware [heiner_view]
[2018-01-07T22:38:52.733] [INFO] app - 注册 Controller [articleinfo.articleinfo]
[2018-01-07T22:38:52.737] [INFO] app - 注册 Controller [describe.describe]
[2018-01-07T22:38:52.740] [INFO] app - 注册 Controller [home]
[2018-01-07T22:38:52.743] [INFO] app - 注册 Controller [server.server]
[2018-01-07T22:38:52.818] [INFO] app - 注册 Router [articleinfo]
[2018-01-07T22:38:52.821] [INFO] app - 注册 Router [describe]
[2018-01-07T22:38:52.822] [INFO] app - 注册 Router [index]
[2018-01-07T22:38:52.824] [INFO] app - 注册 Router [server]
[2018-01-07T22:38:53.744] [INFO] app - 正在启动项目 模式: build
[2018-01-07T22:38:53.922] [INFO] app - 连接数据库 [mysql -h 127.0.0.1 -u root -D gdtv_cms]
[2018-01-07T22:38:54.147] [INFO] app - 连接数据库 [sqlite -h gdtvshopr1.mysql.rds.aliyuncs.com -u gdtvroot -D gdtvshop]
[2018-01-07T22:38:54.150] [INFO] app - 连接数据库 [sqlite -h gdtvcmsdb.mysql.rds.aliyuncs.com -u gdtvbalance -D gdtv_balance]
[2018-01-07T22:38:54.155] [INFO] app - 注册 Helper [moment]
[2018-01-07T22:38:54.156] [INFO] app - 注册 Helper [async]
[2018-01-07T22:38:54.167] [INFO] app - 注册 Helper [lodash]
[2018-01-07T22:38:54.172] [INFO] app - 注册 Middleware [heiner_static]
[2018-01-07T22:38:54.173] [INFO] app - 注册 Middleware [heiner_query]
[2018-01-07T22:38:54.173] [INFO] app - 注册 Middleware [heiner_body]
[2018-01-07T22:38:54.174] [INFO] app - 注册 Middleware [heiner_view]
[2018-01-07T22:38:54.224] [INFO] app - 注册 Middleware [heiner_static]
[2018-01-07T22:38:54.232] [INFO] app - 注册 Middleware [heiner_query]
[2018-01-07T22:38:54.286] [INFO] app - 注册 Middleware [heiner_body]
[2018-01-07T22:38:54.333] [INFO] app - 注册 Middleware [heiner_view]
[2018-01-07T22:38:54.339] [INFO] app - 注册 Controller [articleinfo.articleinfo]
[2018-01-07T22:38:54.344] [INFO] app - 注册 Controller [describe.describe]
[2018-01-07T22:38:54.348] [INFO] app - 注册 Controller [home]
[2018-01-07T22:38:54.350] [INFO] app - 注册 Controller [server.server]
[2018-01-07T22:38:54.436] [INFO] app - 注册 Router [articleinfo]
[2018-01-07T22:38:54.440] [INFO] app - 注册 Router [describe]
[2018-01-07T22:38:54.442] [INFO] app - 注册 Router [index]
[2018-01-07T22:38:54.444] [INFO] app - 注册 Router [server]
[2018-01-07T22:38:55.398] [INFO] app - 正在启动项目 模式: build
[2018-01-07T22:38:55.552] [INFO] app - 连接数据库 [mysql -h 127.0.0.1 -u root -D gdtv_cms]
[2018-01-07T22:38:55.769] [INFO] app - 连接数据库 [sqlite -h gdtvshopr1.mysql.rds.aliyuncs.com -u gdtvroot -D gdtvshop]
[2018-01-07T22:38:55.772] [INFO] app - 连接数据库 [sqlite -h gdtvcmsdb.mysql.rds.aliyuncs.com -u gdtvbalance -D gdtv_balance]
[2018-01-07T22:38:55.774] [INFO] app - 注册 Helper [moment]
[2018-01-07T22:38:55.775] [INFO] app - 注册 Helper [async]
[2018-01-07T22:38:55.782] [INFO] app - 注册 Helper [lodash]
[2018-01-07T22:38:55.786] [INFO] app - 注册 Middleware [heiner_static]
[2018-01-07T22:38:55.786] [INFO] app - 注册 Middleware [heiner_query]
[2018-01-07T22:38:55.787] [INFO] app - 注册 Middleware [heiner_body]
[2018-01-07T22:38:55.787] [INFO] app - 注册 Middleware [heiner_view]
[2018-01-07T22:38:55.818] [INFO] app - 注册 Middleware [heiner_static]
[2018-01-07T22:38:55.826] [INFO] app - 注册 Middleware [heiner_query]
[2018-01-07T22:38:55.862] [INFO] app - 注册 Middleware [heiner_body]
[2018-01-07T22:38:55.895] [INFO] app - 注册 Middleware [heiner_view]
[2018-01-07T22:38:55.898] [INFO] app - 注册 Controller [articleinfo.articleinfo]
[2018-01-07T22:38:55.900] [INFO] app - 注册 Controller [describe.describe]
[2018-01-07T22:38:55.902] [INFO] app - 注册 Controller [home]
[2018-01-07T22:38:55.904] [INFO] app - 注册 Controller [server.server]
[2018-01-07T22:38:55.968] [INFO] app - 注册 Router [articleinfo]
[2018-01-07T22:38:55.971] [INFO] app - 注册 Router [describe]
[2018-01-07T22:38:55.972] [INFO] app - 注册 Router [index]
[2018-01-07T22:38:55.974] [INFO] app - 注册 Router [server]
[2018-01-07T22:38:56.970] [INFO] app - 正在启动项目 模式: build
[2018-01-07T22:38:57.154] [INFO] app - 连接数据库 [mysql -h 127.0.0.1 -u root -D gdtv_cms]
[2018-01-07T22:38:57.386] [INFO] app - 连接数据库 [sqlite -h gdtvshopr1.mysql.rds.aliyuncs.com -u gdtvroot -D gdtvshop]
[2018-01-07T22:38:57.390] [INFO] app - 连接数据库 [sqlite -h gdtvcmsdb.mysql.rds.aliyuncs.com -u gdtvbalance -D gdtv_balance]
[2018-01-07T22:38:57.392] [INFO] app - 注册 Helper [moment]
[2018-01-07T22:38:57.393] [INFO] app - 注册 Helper [async]
[2018-01-07T22:38:57.402] [INFO] app - 注册 Helper [lodash]
[2018-01-07T22:38:57.406] [INFO] app - 注册 Middleware [heiner_static]
[2018-01-07T22:38:57.407] [INFO] app - 注册 Middleware [heiner_query]
[2018-01-07T22:38:57.407] [INFO] app - 注册 Middleware [heiner_body]
[2018-01-07T22:38:57.407] [INFO] app - 注册 Middleware [heiner_view]
[2018-01-07T22:38:57.450] [INFO] app - 注册 Middleware [heiner_static]
[2018-01-07T22:38:57.457] [INFO] app - 注册 Middleware [heiner_query]
[2018-01-07T22:38:57.521] [INFO] app - 注册 Middleware [heiner_body]
[2018-01-07T22:38:57.560] [INFO] app - 注册 Middleware [heiner_view]
[2018-01-07T22:38:57.563] [INFO] app - 注册 Controller [articleinfo.articleinfo]
[2018-01-07T22:38:57.575] [INFO] app - 注册 Controller [describe.describe]
[2018-01-07T22:38:57.577] [INFO] app - 注册 Controller [home]
[2018-01-07T22:38:57.580] [INFO] app - 注册 Controller [server.server]
[2018-01-07T22:38:57.673] [INFO] app - 注册 Router [articleinfo]
[2018-01-07T22:38:57.677] [INFO] app - 注册 Router [describe]
[2018-01-07T22:38:57.678] [INFO] app - 注册 Router [index]
[2018-01-07T22:38:57.680] [INFO] app - 注册 Router [server]
[2018-01-07T22:38:58.779] [INFO] app - 正在启动项目 模式: build
[2018-01-07T22:38:58.954] [INFO] app - 连接数据库 [mysql -h 127.0.0.1 -u root -D gdtv_cms]
[2018-01-07T22:38:59.147] [INFO] app - 连接数据库 [sqlite -h gdtvshopr1.mysql.rds.aliyuncs.com -u gdtvroot -D gdtvshop]
[2018-01-07T22:38:59.150] [INFO] app - 连接数据库 [sqlite -h gdtvcmsdb.mysql.rds.aliyuncs.com -u gdtvbalance -D gdtv_balance]
[2018-01-07T22:38:59.152] [INFO] app - 注册 Helper [moment]
[2018-01-07T22:38:59.153] [INFO] app - 注册 Helper [async]
[2018-01-07T22:38:59.159] [INFO] app - 注册 Helper [lodash]
[2018-01-07T22:38:59.163] [INFO] app - 注册 Middleware [heiner_static]
[2018-01-07T22:38:59.163] [INFO] app - 注册 Middleware [heiner_query]
[2018-01-07T22:38:59.164] [INFO] app - 注册 Middleware [heiner_body]
[2018-01-07T22:38:59.164] [INFO] app - 注册 Middleware [heiner_view]
[2018-01-07T22:38:59.196] [INFO] app - 注册 Middleware [heiner_static]
[2018-01-07T22:38:59.201] [INFO] app - 注册 Middleware [heiner_query]
[2018-01-07T22:38:59.236] [INFO] app - 注册 Middleware [heiner_body]
[2018-01-07T22:38:59.262] [INFO] app - 注册 Middleware [heiner_view]
[2018-01-07T22:38:59.265] [INFO] app - 注册 Controller [articleinfo.articleinfo]
[2018-01-07T22:38:59.267] [INFO] app - 注册 Controller [describe.describe]
[2018-01-07T22:38:59.269] [INFO] app - 注册 Controller [home]
[2018-01-07T22:38:59.270] [INFO] app - 注册 Controller [server.server]
[2018-01-07T22:38:59.340] [INFO] app - 注册 Router [articleinfo]
[2018-01-07T22:38:59.343] [INFO] app - 注册 Router [describe]
[2018-01-07T22:38:59.345] [INFO] app - 注册 Router [index]
[2018-01-07T22:38:59.346] [INFO] app - 注册 Router [server]
