[2018-01-07T22:41:00.130] [INFO] app - 连接数据库 [mysql -h 127.0.0.1 -u root -D gdtv_cms]
[2018-01-07T22:41:00.338] [INFO] app - 连接数据库 [sqlite -h gdtvshopr1.mysql.rds.aliyuncs.com -u gdtvroot -D gdtvshop]
[2018-01-07T22:41:00.341] [INFO] app - 连接数据库 [sqlite -h gdtvcmsdb.mysql.rds.aliyuncs.com -u gdtvbalance -D gdtv_balance]
[2018-01-07T22:41:00.343] [INFO] app - 注册 Helper [moment]
[2018-01-07T22:41:00.344] [INFO] app - 注册 Helper [async]
[2018-01-07T22:41:00.351] [INFO] app - 注册 Helper [lodash]
[2018-01-07T22:41:00.356] [INFO] app - 注册 Middleware [heiner_static]
[2018-01-07T22:41:00.356] [INFO] app - 注册 Middleware [heiner_query]
[2018-01-07T22:41:00.356] [INFO] app - 注册 Middleware [heiner_body]
[2018-01-07T22:41:00.357] [INFO] app - 注册 Middleware [heiner_view]
[2018-01-07T22:41:00.384] [INFO] app - 注册 Middleware [heiner_static]
[2018-01-07T22:41:00.389] [INFO] app - 注册 Middleware [heiner_query]
[2018-01-07T22:41:00.418] [INFO] app - 注册 Middleware [heiner_body]
[2018-01-07T22:41:00.447] [INFO] app - 注册 Middleware [heiner_view]
[2018-01-07T22:41:00.450] [INFO] app - 注册 Controller [articleinfo.articleinfo]
[2018-01-07T22:41:00.453] [INFO] app - 注册 Controller [describe.describe]
[2018-01-07T22:41:00.455] [INFO] app - 注册 Controller [home]
[2018-01-07T22:41:00.457] [INFO] app - 注册 Controller [server.server]
[2018-01-07T22:41:00.528] [INFO] app - 注册 Router [articleinfo]
[2018-01-07T22:41:00.532] [INFO] app - 注册 Router [describe]
[2018-01-07T22:41:00.534] [INFO] app - 注册 Router [index]
[2018-01-07T22:41:00.536] [INFO] app - 注册 Router [server]
[2018-01-07T22:41:01.856] [INFO] app - 正在启动项目 模式: build
[2018-01-07T22:41:02.032] [INFO] app - 连接数据库 [mysql -h 127.0.0.1 -u root -D gdtv_cms]
[2018-01-07T22:41:02.229] [INFO] app - 连接数据库 [sqlite -h gdtvshopr1.mysql.rds.aliyuncs.com -u gdtvroot -D gdtvshop]
[2018-01-07T22:41:02.233] [INFO] app - 连接数据库 [sqlite -h gdtvcmsdb.mysql.rds.aliyuncs.com -u gdtvbalance -D gdtv_balance]
[2018-01-07T22:41:02.235] [INFO] app - 注册 Helper [moment]
[2018-01-07T22:41:02.236] [INFO] app - 注册 Helper [async]
[2018-01-07T22:41:02.242] [INFO] app - 注册 Helper [lodash]
[2018-01-07T22:41:02.246] [INFO] app - 注册 Middleware [heiner_static]
[2018-01-07T22:41:02.246] [INFO] app - 注册 Middleware [heiner_query]
[2018-01-07T22:41:02.247] [INFO] app - 注册 Middleware [heiner_body]
[2018-01-07T22:41:02.247] [INFO] app - 注册 Middleware [heiner_view]
[2018-01-07T22:41:02.285] [INFO] app - 注册 Middleware [heiner_static]
[2018-01-07T22:41:02.294] [INFO] app - 注册 Middleware [heiner_query]
[2018-01-07T22:41:02.344] [INFO] app - 注册 Middleware [heiner_body]
[2018-01-07T22:41:02.374] [INFO] app - 注册 Middleware [heiner_view]
[2018-01-07T22:41:02.377] [INFO] app - 注册 Controller [articleinfo.articleinfo]
[2018-01-07T22:41:02.380] [INFO] app - 注册 Controller [describe.describe]
[2018-01-07T22:41:02.385] [INFO] app - 注册 Controller [home]
[2018-01-07T22:41:02.387] [INFO] app - 注册 Controller [server.server]
[2018-01-07T22:41:02.442] [INFO] app - 注册 Router [articleinfo]
[2018-01-07T22:41:02.445] [INFO] app - 注册 Router [describe]
[2018-01-07T22:41:02.446] [INFO] app - 注册 Router [index]
[2018-01-07T22:41:02.447] [INFO] app - 注册 Router [server]
[2018-01-07T22:41:03.366] [INFO] app - 正在启动项目 模式: build
[2018-01-07T22:41:03.516] [INFO] app - 连接数据库 [mysql -h 127.0.0.1 -u root -D gdtv_cms]
[2018-01-07T22:41:03.697] [INFO] app - 连接数据库 [sqlite -h gdtvshopr1.mysql.rds.aliyuncs.com -u gdtvroot -D gdtvshop]
[2018-01-07T22:41:03.699] [INFO] app - 连接数据库 [sqlite -h gdtvcmsdb.mysql.rds.aliyuncs.com -u gdtvbalance -D gdtv_balance]
[2018-01-07T22:41:03.705] [INFO] app - 注册 Helper [moment]
[2018-01-07T22:41:03.706] [INFO] app - 注册 Helper [async]
[2018-01-07T22:41:03.712] [INFO] app - 注册 Helper [lodash]
[2018-01-07T22:41:03.715] [INFO] app - 注册 Middleware [heiner_static]
[2018-01-07T22:41:03.716] [INFO] app - 注册 Middleware [heiner_query]
[2018-01-07T22:41:03.716] [INFO] app - 注册 Middleware [heiner_body]
[2018-01-07T22:41:03.716] [INFO] app - 注册 Middleware [heiner_view]
[2018-01-07T22:41:03.752] [INFO] app - 注册 Middleware [heiner_static]
[2018-01-07T22:41:03.758] [INFO] app - 注册 Middleware [heiner_query]
[2018-01-07T22:41:03.796] [INFO] app - 注册 Middleware [heiner_body]
[2018-01-07T22:41:03.822] [INFO] app - 注册 Middleware [heiner_view]
[2018-01-07T22:41:03.824] [INFO] app - 注册 Controller [articleinfo.articleinfo]
[2018-01-07T22:41:03.827] [INFO] app - 注册 Controller [describe.describe]
[2018-01-07T22:41:03.829] [INFO] app - 注册 Controller [home]
[2018-01-07T22:41:03.830] [INFO] app - 注册 Controller [server.server]
[2018-01-07T22:41:03.887] [INFO] app - 注册 Router [articleinfo]
[2018-01-07T22:41:03.890] [INFO] app - 注册 Router [describe]
[2018-01-07T22:41:03.891] [INFO] app - 注册 Router [index]
[2018-01-07T22:41:03.892] [INFO] app - 注册 Router [server]
[2018-01-07T22:41:04.781] [INFO] app - 正在启动项目 模式: build
[2018-01-07T22:41:04.933] [INFO] app - 连接数据库 [mysql -h 127.0.0.1 -u root -D gdtv_cms]
[2018-01-07T22:41:05.106] [INFO] app - 连接数据库 [sqlite -h gdtvshopr1.mysql.rds.aliyuncs.com -u gdtvroot -D gdtvshop]
[2018-01-07T22:41:05.107] [INFO] app - 连接数据库 [sqlite -h gdtvcmsdb.mysql.rds.aliyuncs.com -u gdtvbalance -D gdtv_balance]
[2018-01-07T22:41:05.109] [INFO] app - 注册 Helper [moment]
[2018-01-07T22:41:05.110] [INFO] app - 注册 Helper [async]
[2018-01-07T22:41:05.116] [INFO] app - 注册 Helper [lodash]
[2018-01-07T22:41:05.121] [INFO] app - 注册 Middleware [heiner_static]
[2018-01-07T22:41:05.121] [INFO] app - 注册 Middleware [heiner_query]
[2018-01-07T22:41:05.121] [INFO] app - 注册 Middleware [heiner_body]
[2018-01-07T22:41:05.122] [INFO] app - 注册 Middleware [heiner_view]
[2018-01-07T22:41:05.153] [INFO] app - 注册 Middleware [heiner_static]
[2018-01-07T22:41:05.157] [INFO] app - 注册 Middleware [heiner_query]
[2018-01-07T22:41:05.190] [INFO] app - 注册 Middleware [heiner_body]
[2018-01-07T22:41:05.217] [INFO] app - 注册 Middleware [heiner_view]
[2018-01-07T22:41:05.219] [INFO] app - 注册 Controller [articleinfo.articleinfo]
[2018-01-07T22:41:05.222] [INFO] app - 注册 Controller [describe.describe]
[2018-01-07T22:41:05.224] [INFO] app - 注册 Controller [home]
[2018-01-07T22:41:05.225] [INFO] app - 注册 Controller [server.server]
[2018-01-07T22:41:05.288] [INFO] app - 注册 Router [articleinfo]
[2018-01-07T22:41:05.291] [INFO] app - 注册 Router [describe]
[2018-01-07T22:41:05.293] [INFO] app - 注册 Router [index]
[2018-01-07T22:41:05.294] [INFO] app - 注册 Router [server]
[2018-01-07T22:41:06.239] [INFO] app - 正在启动项目 模式: build
[2018-01-07T22:41:06.430] [INFO] app - 连接数据库 [mysql -h 127.0.0.1 -u root -D gdtv_cms]
[2018-01-07T22:41:06.832] [INFO] app - 连接数据库 [sqlite -h gdtvshopr1.mysql.rds.aliyuncs.com -u gdtvroot -D gdtvshop]
[2018-01-07T22:41:06.834] [INFO] app - 连接数据库 [sqlite -h gdtvcmsdb.mysql.rds.aliyuncs.com -u gdtvbalance -D gdtv_balance]
[2018-01-07T22:41:06.837] [INFO] app - 注册 Helper [moment]
[2018-01-07T22:41:06.838] [INFO] app - 注册 Helper [async]
[2018-01-07T22:41:06.849] [INFO] app - 注册 Helper [lodash]
[2018-01-07T22:41:06.855] [INFO] app - 注册 Middleware [heiner_static]
[2018-01-07T22:41:06.856] [INFO] app - 注册 Middleware [heiner_query]
[2018-01-07T22:41:06.856] [INFO] app - 注册 Middleware [heiner_body]
[2018-01-07T22:41:06.857] [INFO] app - 注册 Middleware [heiner_view]
[2018-01-07T22:41:06.915] [INFO] app - 注册 Middleware [heiner_static]
[2018-01-07T22:41:06.924] [INFO] app - 注册 Middleware [heiner_query]
[2018-01-07T22:41:06.994] [INFO] app - 注册 Middleware [heiner_body]
[2018-01-07T22:41:07.044] [INFO] app - 注册 Middleware [heiner_view]
[2018-01-07T22:41:07.052] [INFO] app - 注册 Controller [articleinfo.articleinfo]
[2018-01-07T22:41:07.056] [INFO] app - 注册 Controller [describe.describe]
[2018-01-07T22:41:07.059] [INFO] app - 注册 Controller [home]
[2018-01-07T22:41:07.063] [INFO] app - 注册 Controller [server.server]
[2018-01-07T22:41:07.187] [INFO] app - 注册 Router [articleinfo]
[2018-01-07T22:41:07.191] [INFO] app - 注册 Router [describe]
[2018-01-07T22:41:07.193] [INFO] app - 注册 Router [index]
[2018-01-07T22:41:07.194] [INFO] app - 注册 Router [server]
[2018-01-07T22:41:08.319] [INFO] app - 正在启动项目 模式: build
[2018-01-07T22:41:08.551] [INFO] app - 连接数据库 [mysql -h 127.0.0.1 -u root -D gdtv_cms]
[2018-01-07T22:41:08.782] [INFO] app - 连接数据库 [sqlite -h gdtvshopr1.mysql.rds.aliyuncs.com -u gdtvroot -D gdtvshop]
[2018-01-07T22:41:08.785] [INFO] app - 连接数据库 [sqlite -h gdtvcmsdb.mysql.rds.aliyuncs.com -u gdtvbalance -D gdtv_balance]
[2018-01-07T22:41:08.788] [INFO] app - 注册 Helper [moment]
[2018-01-07T22:41:08.788] [INFO] app - 注册 Helper [async]
[2018-01-07T22:41:08.795] [INFO] app - 注册 Helper [lodash]
[2018-01-07T22:41:08.799] [INFO] app - 注册 Middleware [heiner_static]
[2018-01-07T22:41:08.799] [INFO] app - 注册 Middleware [heiner_query]
[2018-01-07T22:41:08.799] [INFO] app - 注册 Middleware [heiner_body]
[2018-01-07T22:41:08.800] [INFO] app - 注册 Middleware [heiner_view]
[2018-01-07T22:41:08.839] [INFO] app - 注册 Middleware [heiner_static]
[2018-01-07T22:41:08.845] [INFO] app - 注册 Middleware [heiner_query]
[2018-01-07T22:41:08.886] [INFO] app - 注册 Middleware [heiner_body]
[2018-01-07T22:41:08.919] [INFO] app - 注册 Middleware [heiner_view]
[2018-01-07T22:41:08.923] [INFO] app - 注册 Controller [articleinfo.articleinfo]
[2018-01-07T22:41:08.927] [INFO] app - 注册 Controller [describe.describe]
[2018-01-07T22:41:08.929] [INFO] app - 注册 Controller [home]
[2018-01-07T22:41:08.931] [INFO] app - 注册 Controller [server.server]
[2018-01-07T22:41:09.006] [INFO] app - 注册 Router [articleinfo]
[2018-01-07T22:41:09.009] [INFO] app - 注册 Router [describe]
[2018-01-07T22:41:09.011] [INFO] app - 注册 Router [index]
[2018-01-07T22:41:09.013] [INFO] app - 注册 Router [server]
[2018-01-07T22:41:09.905] [INFO] app - 正在启动项目 模式: build
[2018-01-07T22:41:10.057] [INFO] app - 连接数据库 [mysql -h 127.0.0.1 -u root -D gdtv_cms]
[2018-01-07T22:41:10.224] [INFO] app - 连接数据库 [sqlite -h gdtvshopr1.mysql.rds.aliyuncs.com -u gdtvroot -D gdtvshop]
[2018-01-07T22:41:10.226] [INFO] app - 连接数据库 [sqlite -h gdtvcmsdb.mysql.rds.aliyuncs.com -u gdtvbalance -D gdtv_balance]
[2018-01-07T22:41:10.229] [INFO] app - 注册 Helper [moment]
[2018-01-07T22:41:10.229] [INFO] app - 注册 Helper [async]
[2018-01-07T22:41:10.239] [INFO] app - 注册 Helper [lodash]
[2018-01-07T22:41:10.243] [INFO] app - 注册 Middleware [heiner_static]
[2018-01-07T22:41:10.243] [INFO] app - 注册 Middleware [heiner_query]
[2018-01-07T22:41:10.243] [INFO] app - 注册 Middleware [heiner_body]
[2018-01-07T22:41:10.244] [INFO] app - 注册 Middleware [heiner_view]
[2018-01-07T22:41:10.275] [INFO] app - 注册 Middleware [heiner_static]
[2018-01-07T22:41:10.280] [INFO] app - 注册 Middleware [heiner_query]
[2018-01-07T22:41:10.319] [INFO] app - 注册 Middleware [heiner_body]
[2018-01-07T22:41:10.346] [INFO] app - 注册 Middleware [heiner_view]
[2018-01-07T22:41:10.348] [INFO] app - 注册 Controller [articleinfo.articleinfo]
[2018-01-07T22:41:10.351] [INFO] app - 注册 Controller [describe.describe]
[2018-01-07T22:41:10.352] [INFO] app - 注册 Controller [home]
[2018-01-07T22:41:10.354] [INFO] app - 注册 Controller [server.server]
[2018-01-07T22:41:10.416] [INFO] app - 注册 Router [articleinfo]
[2018-01-07T22:41:10.419] [INFO] app - 注册 Router [describe]
[2018-01-07T22:41:10.421] [INFO] app - 注册 Router [index]
[2018-01-07T22:41:10.422] [INFO] app - 注册 Router [server]
[2018-01-07T22:41:11.316] [INFO] app - 正在启动项目 模式: build
[2018-01-07T22:41:11.468] [INFO] app - 连接数据库 [mysql -h 127.0.0.1 -u root -D gdtv_cms]
[2018-01-07T22:41:11.716] [INFO] app - 连接数据库 [sqlite -h gdtvshopr1.mysql.rds.aliyuncs.com -u gdtvroot -D gdtvshop]
[2018-01-07T22:41:11.721] [INFO] app - 连接数据库 [sqlite -h gdtvcmsdb.mysql.rds.aliyuncs.com -u gdtvbalance -D gdtv_balance]
[2018-01-07T22:41:11.725] [INFO] app - 注册 Helper [moment]
[2018-01-07T22:41:11.725] [INFO] app - 注册 Helper [async]
[2018-01-07T22:41:11.736] [INFO] app - 注册 Helper [lodash]
[2018-01-07T22:41:11.742] [INFO] app - 注册 Middleware [heiner_static]
[2018-01-07T22:41:11.742] [INFO] app - 注册 Middleware [heiner_query]
[2018-01-07T22:41:11.743] [INFO] app - 注册 Middleware [heiner_body]
[2018-01-07T22:41:11.743] [INFO] app - 注册 Middleware [heiner_view]
[2018-01-07T22:41:11.801] [INFO] app - 注册 Middleware [heiner_static]
[2018-01-07T22:41:11.809] [INFO] app - 注册 Middleware [heiner_query]
[2018-01-07T22:41:11.858] [INFO] app - 注册 Middleware [heiner_body]
[2018-01-07T22:41:11.891] [INFO] app - 注册 Middleware [heiner_view]
[2018-01-07T22:41:11.894] [INFO] app - 注册 Controller [articleinfo.articleinfo]
[2018-01-07T22:41:11.898] [INFO] app - 注册 Controller [describe.describe]
[2018-01-07T22:41:11.900] [INFO] app - 注册 Controller [home]
[2018-01-07T22:41:11.903] [INFO] app - 注册 Controller [server.server]
[2018-01-07T22:41:11.984] [INFO] app - 注册 Router [articleinfo]
[2018-01-07T22:41:11.987] [INFO] app - 注册 Router [describe]
[2018-01-07T22:41:11.989] [INFO] app - 注册 Router [index]
[2018-01-07T22:41:11.990] [INFO] app - 注册 Router [server]
[2018-01-07T22:41:13.128] [INFO] app - 正在启动项目 模式: build
[2018-01-07T22:41:13.321] [INFO] app - 连接数据库 [mysql -h 127.0.0.1 -u root -D gdtv_cms]
[2018-01-07T22:41:13.506] [INFO] app - 连接数据库 [sqlite -h gdtvshopr1.mysql.rds.aliyuncs.com -u gdtvroot -D gdtvshop]
[2018-01-07T22:41:13.508] [INFO] app - 连接数据库 [sqlite -h gdtvcmsdb.mysql.rds.aliyuncs.com -u gdtvbalance -D gdtv_balance]
[2018-01-07T22:41:13.511] [INFO] app - 注册 Helper [moment]
[2018-01-07T22:41:13.511] [INFO] app - 注册 Helper [async]
[2018-01-07T22:41:13.521] [INFO] app - 注册 Helper [lodash]
[2018-01-07T22:41:13.526] [INFO] app - 注册 Middleware [heiner_static]
[2018-01-07T22:41:13.526] [INFO] app - 注册 Middleware [heiner_query]
[2018-01-07T22:41:13.527] [INFO] app - 注册 Middleware [heiner_body]
[2018-01-07T22:41:13.527] [INFO] app - 注册 Middleware [heiner_view]
[2018-01-07T22:41:13.558] [INFO] app - 注册 Middleware [heiner_static]
[2018-01-07T22:41:13.563] [INFO] app - 注册 Middleware [heiner_query]
[2018-01-07T22:41:13.602] [INFO] app - 注册 Middleware [heiner_body]
[2018-01-07T22:41:13.637] [INFO] app - 注册 Middleware [heiner_view]
[2018-01-07T22:41:13.639] [INFO] app - 注册 Controller [articleinfo.articleinfo]
[2018-01-07T22:41:13.642] [INFO] app - 注册 Controller [describe.describe]
[2018-01-07T22:41:13.644] [INFO] app - 注册 Controller [home]
[2018-01-07T22:41:13.646] [INFO] app - 注册 Controller [server.server]
[2018-01-07T22:41:13.715] [INFO] app - 注册 Router [articleinfo]
[2018-01-07T22:41:13.718] [INFO] app - 注册 Router [describe]
[2018-01-07T22:41:13.719] [INFO] app - 注册 Router [index]
[2018-01-07T22:41:13.720] [INFO] app - 注册 Router [server]
[2018-01-07T22:41:14.646] [INFO] app - 正在启动项目 模式: build
[2018-01-07T22:41:14.798] [INFO] app - 连接数据库 [mysql -h 127.0.0.1 -u root -D gdtv_cms]
[2018-01-07T22:41:14.981] [INFO] app - 连接数据库 [sqlite -h gdtvshopr1.mysql.rds.aliyuncs.com -u gdtvroot -D gdtvshop]
[2018-01-07T22:41:14.983] [INFO] app - 连接数据库 [sqlite -h gdtvcmsdb.mysql.rds.aliyuncs.com -u gdtvbalance -D gdtv_balance]
[2018-01-07T22:41:14.986] [INFO] app - 注册 Helper [moment]
[2018-01-07T22:41:14.986] [INFO] app - 注册 Helper [async]
[2018-01-07T22:41:14.993] [INFO] app - 注册 Helper [lodash]
[2018-01-07T22:41:14.996] [INFO] app - 注册 Middleware [heiner_static]
[2018-01-07T22:41:14.996] [INFO] app - 注册 Middleware [heiner_query]
[2018-01-07T22:41:14.996] [INFO] app - 注册 Middleware [heiner_body]
[2018-01-07T22:41:14.997] [INFO] app - 注册 Middleware [heiner_view]
[2018-01-07T22:41:15.029] [INFO] app - 注册 Middleware [heiner_static]
[2018-01-07T22:41:15.034] [INFO] app - 注册 Middleware [heiner_query]
[2018-01-07T22:41:15.067] [INFO] app - 注册 Middleware [heiner_body]
[2018-01-07T22:41:15.101] [INFO] app - 注册 Middleware [heiner_view]
[2018-01-07T22:41:15.104] [INFO] app - 注册 Controller [articleinfo.articleinfo]
[2018-01-07T22:41:15.107] [INFO] app - 注册 Controller [describe.describe]
[2018-01-07T22:41:15.109] [INFO] app - 注册 Controller [home]
[2018-01-07T22:41:15.110] [INFO] app - 注册 Controller [server.server]
[2018-01-07T22:41:15.167] [INFO] app - 注册 Router [articleinfo]
[2018-01-07T22:41:15.170] [INFO] app - 注册 Router [describe]
[2018-01-07T22:41:15.172] [INFO] app - 注册 Router [index]
[2018-01-07T22:41:15.173] [INFO] app - 注册 Router [server]
[2018-01-07T22:41:16.074] [INFO] app - 正在启动项目 模式: build
[2018-01-07T22:41:16.225] [INFO] app - 连接数据库 [mysql -h 127.0.0.1 -u root -D gdtv_cms]
[2018-01-07T22:41:16.394] [INFO] app - 连接数据库 [sqlite -h gdtvshopr1.mysql.rds.aliyuncs.com -u gdtvroot -D gdtvshop]
[2018-01-07T22:41:16.396] [INFO] app - 连接数据库 [sqlite -h gdtvcmsdb.mysql.rds.aliyuncs.com -u gdtvbalance -D gdtv_balance]
[2018-01-07T22:41:16.399] [INFO] app - 注册 Helper [moment]
[2018-01-07T22:41:16.399] [INFO] app - 注册 Helper [async]
[2018-01-07T22:41:16.406] [INFO] app - 注册 Helper [lodash]
[2018-01-07T22:41:16.409] [INFO] app - 注册 Middleware [heiner_static]
[2018-01-07T22:41:16.410] [INFO] app - 注册 Middleware [heiner_query]
[2018-01-07T22:41:16.410] [INFO] app - 注册 Middleware [heiner_body]
[2018-01-07T22:41:16.410] [INFO] app - 注册 Middleware [heiner_view]
[2018-01-07T22:41:16.445] [INFO] app - 注册 Middleware [heiner_static]
[2018-01-07T22:41:16.451] [INFO] app - 注册 Middleware [heiner_query]
[2018-01-07T22:41:16.488] [INFO] app - 注册 Middleware [heiner_body]
[2018-01-07T22:41:16.516] [INFO] app - 注册 Middleware [heiner_view]
[2018-01-07T22:41:16.519] [INFO] app - 注册 Controller [articleinfo.articleinfo]
[2018-01-07T22:41:16.521] [INFO] app - 注册 Controller [describe.describe]
[2018-01-07T22:41:16.523] [INFO] app - 注册 Controller [home]
[2018-01-07T22:41:16.525] [INFO] app - 注册 Controller [server.server]
[2018-01-07T22:41:16.592] [INFO] app - 注册 Router [articleinfo]
[2018-01-07T22:41:16.596] [INFO] app - 注册 Router [describe]
[2018-01-07T22:41:16.597] [INFO] app - 注册 Router [index]
[2018-01-07T22:41:16.598] [INFO] app - 注册 Router [server]
[2018-01-07T22:41:17.520] [INFO] app - 正在启动项目 模式: build
[2018-01-07T22:41:17.675] [INFO] app - 连接数据库 [mysql -h 127.0.0.1 -u root -D gdtv_cms]
[2018-01-07T22:41:17.868] [INFO] app - 连接数据库 [sqlite -h gdtvshopr1.mysql.rds.aliyuncs.com -u gdtvroot -D gdtvshop]
[2018-01-07T22:41:17.870] [INFO] app - 连接数据库 [sqlite -h gdtvcmsdb.mysql.rds.aliyuncs.com -u gdtvbalance -D gdtv_balance]
[2018-01-07T22:41:17.872] [INFO] app - 注册 Helper [moment]
[2018-01-07T22:41:17.873] [INFO] app - 注册 Helper [async]
[2018-01-07T22:41:17.880] [INFO] app - 注册 Helper [lodash]
[2018-01-07T22:41:17.883] [INFO] app - 注册 Middleware [heiner_static]
[2018-01-07T22:41:17.884] [INFO] app - 注册 Middleware [heiner_query]
[2018-01-07T22:41:17.884] [INFO] app - 注册 Middleware [heiner_body]
[2018-01-07T22:41:17.884] [INFO] app - 注册 Middleware [heiner_view]
[2018-01-07T22:41:17.921] [INFO] app - 注册 Middleware [heiner_static]
[2018-01-07T22:41:17.926] [INFO] app - 注册 Middleware [heiner_query]
[2018-01-07T22:41:17.969] [INFO] app - 注册 Middleware [heiner_body]
[2018-01-07T22:41:17.997] [INFO] app - 注册 Middleware [heiner_view]
[2018-01-07T22:41:18.000] [INFO] app - 注册 Controller [articleinfo.articleinfo]
[2018-01-07T22:41:18.003] [INFO] app - 注册 Controller [describe.describe]
[2018-01-07T22:41:18.005] [INFO] app - 注册 Controller [home]
[2018-01-07T22:41:18.007] [INFO] app - 注册 Controller [server.server]
[2018-01-07T22:41:18.086] [INFO] app - 注册 Router [articleinfo]
[2018-01-07T22:41:18.091] [INFO] app - 注册 Router [describe]
[2018-01-07T22:41:18.093] [INFO] app - 注册 Router [index]
[2018-01-07T22:41:18.095] [INFO] app - 注册 Router [server]
[2018-01-07T22:41:19.235] [INFO] app - 正在启动项目 模式: build
[2018-01-07T22:41:19.465] [INFO] app - 连接数据库 [mysql -h 127.0.0.1 -u root -D gdtv_cms]
[2018-01-07T22:41:19.691] [INFO] app - 连接数据库 [sqlite -h gdtvshopr1.mysql.rds.aliyuncs.com -u gdtvroot -D gdtvshop]
[2018-01-07T22:41:19.695] [INFO] app - 连接数据库 [sqlite -h gdtvcmsdb.mysql.rds.aliyuncs.com -u gdtvbalance -D gdtv_balance]
[2018-01-07T22:41:19.698] [INFO] app - 注册 Helper [moment]
[2018-01-07T22:41:19.699] [INFO] app - 注册 Helper [async]
[2018-01-07T22:41:19.714] [INFO] app - 注册 Helper [lodash]
[2018-01-07T22:41:19.718] [INFO] app - 注册 Middleware [heiner_static]
[2018-01-07T22:41:19.718] [INFO] app - 注册 Middleware [heiner_query]
[2018-01-07T22:41:19.718] [INFO] app - 注册 Middleware [heiner_body]
[2018-01-07T22:41:19.719] [INFO] app - 注册 Middleware [heiner_view]
[2018-01-07T22:41:19.759] [INFO] app - 注册 Middleware [heiner_static]
[2018-01-07T22:41:19.765] [INFO] app - 注册 Middleware [heiner_query]
[2018-01-07T22:41:19.815] [INFO] app - 注册 Middleware [heiner_body]
[2018-01-07T22:41:19.853] [INFO] app - 注册 Middleware [heiner_view]
[2018-01-07T22:41:19.856] [INFO] app - 注册 Controller [articleinfo.articleinfo]
[2018-01-07T22:41:19.861] [INFO] app - 注册 Controller [describe.describe]
[2018-01-07T22:41:19.863] [INFO] app - 注册 Controller [home]
[2018-01-07T22:41:19.866] [INFO] app - 注册 Controller [server.server]
[2018-01-07T22:41:19.933] [INFO] app - 注册 Router [articleinfo]
[2018-01-07T22:41:19.937] [INFO] app - 注册 Router [describe]
[2018-01-07T22:41:19.938] [INFO] app - 注册 Router [index]
[2018-01-07T22:41:19.940] [INFO] app - 注册 Router [server]
[2018-01-07T22:41:20.849] [INFO] app - 正在启动项目 模式: build
[2018-01-07T22:41:21.004] [INFO] app - 连接数据库 [mysql -h 127.0.0.1 -u root -D gdtv_cms]
[2018-01-07T22:41:21.194] [INFO] app - 连接数据库 [sqlite -h gdtvshopr1.mysql.rds.aliyuncs.com -u gdtvroot -D gdtvshop]
[2018-01-07T22:41:21.196] [INFO] app - 连接数据库 [sqlite -h gdtvcmsdb.mysql.rds.aliyuncs.com -u gdtvbalance -D gdtv_balance]
[2018-01-07T22:41:21.199] [INFO] app - 注册 Helper [moment]
[2018-01-07T22:41:21.200] [INFO] app - 注册 Helper [async]
[2018-01-07T22:41:21.210] [INFO] app - 注册 Helper [lodash]
[2018-01-07T22:41:21.215] [INFO] app - 注册 Middleware [heiner_static]
[2018-01-07T22:41:21.215] [INFO] app - 注册 Middleware [heiner_query]
[2018-01-07T22:41:21.215] [INFO] app - 注册 Middleware [heiner_body]
[2018-01-07T22:41:21.216] [INFO] app - 注册 Middleware [heiner_view]
[2018-01-07T22:41:21.254] [INFO] app - 注册 Middleware [heiner_static]
[2018-01-07T22:41:21.259] [INFO] app - 注册 Middleware [heiner_query]
[2018-01-07T22:41:21.296] [INFO] app - 注册 Middleware [heiner_body]
[2018-01-07T22:41:21.326] [INFO] app - 注册 Middleware [heiner_view]
[2018-01-07T22:41:21.328] [INFO] app - 注册 Controller [articleinfo.articleinfo]
[2018-01-07T22:41:21.332] [INFO] app - 注册 Controller [describe.describe]
[2018-01-07T22:41:21.334] [INFO] app - 注册 Controller [home]
[2018-01-07T22:41:21.335] [INFO] app - 注册 Controller [server.server]
[2018-01-07T22:41:21.395] [INFO] app - 注册 Router [articleinfo]
[2018-01-07T22:41:21.398] [INFO] app - 注册 Router [describe]
[2018-01-07T22:41:21.400] [INFO] app - 注册 Router [index]
[2018-01-07T22:41:21.401] [INFO] app - 注册 Router [server]
[2018-01-07T22:41:22.327] [INFO] app - 正在启动项目 模式: build
[2018-01-07T22:41:22.477] [INFO] app - 连接数据库 [mysql -h 127.0.0.1 -u root -D gdtv_cms]
[2018-01-07T22:41:22.657] [INFO] app - 连接数据库 [sqlite -h gdtvshopr1.mysql.rds.aliyuncs.com -u gdtvroot -D gdtvshop]
[2018-01-07T22:41:22.658] [INFO] app - 连接数据库 [sqlite -h gdtvcmsdb.mysql.rds.aliyuncs.com -u gdtvbalance -D gdtv_balance]
[2018-01-07T22:41:22.661] [INFO] app - 注册 Helper [moment]
[2018-01-07T22:41:22.662] [INFO] app - 注册 Helper [async]
[2018-01-07T22:41:22.668] [INFO] app - 注册 Helper [lodash]
[2018-01-07T22:41:22.671] [INFO] app - 注册 Middleware [heiner_static]
[2018-01-07T22:41:22.672] [INFO] app - 注册 Middleware [heiner_query]
[2018-01-07T22:41:22.672] [INFO] app - 注册 Middleware [heiner_body]
[2018-01-07T22:41:22.672] [INFO] app - 注册 Middleware [heiner_view]
[2018-01-07T22:41:22.705] [INFO] app - 注册 Middleware [heiner_static]
[2018-01-07T22:41:22.709] [INFO] app - 注册 Middleware [heiner_query]
[2018-01-07T22:41:22.753] [INFO] app - 注册 Middleware [heiner_body]
[2018-01-07T22:41:22.786] [INFO] app - 注册 Middleware [heiner_view]
[2018-01-07T22:41:22.789] [INFO] app - 注册 Controller [articleinfo.articleinfo]
[2018-01-07T22:41:22.793] [INFO] app - 注册 Controller [describe.describe]
[2018-01-07T22:41:22.795] [INFO] app - 注册 Controller [home]
[2018-01-07T22:41:22.797] [INFO] app - 注册 Controller [server.server]
[2018-01-07T22:41:22.864] [INFO] app - 注册 Router [articleinfo]
[2018-01-07T22:41:22.867] [INFO] app - 注册 Router [describe]
[2018-01-07T22:41:22.868] [INFO] app - 注册 Router [index]
[2018-01-07T22:41:22.870] [INFO] app - 注册 Router [server]
[2018-01-07T22:41:23.782] [INFO] app - 正在启动项目 模式: build
[2018-01-07T22:41:23.992] [INFO] app - 连接数据库 [mysql -h 127.0.0.1 -u root -D gdtv_cms]
[2018-01-07T22:41:24.250] [INFO] app - 连接数据库 [sqlite -h gdtvshopr1.mysql.rds.aliyuncs.com -u gdtvroot -D gdtvshop]
[2018-01-07T22:41:24.254] [INFO] app - 连接数据库 [sqlite -h gdtvcmsdb.mysql.rds.aliyuncs.com -u gdtvbalance -D gdtv_balance]
[2018-01-07T22:41:24.257] [INFO] app - 注册 Helper [moment]
[2018-01-07T22:41:24.258] [INFO] app - 注册 Helper [async]
[2018-01-07T22:41:24.269] [INFO] app - 注册 Helper [lodash]
[2018-01-07T22:41:24.274] [INFO] app - 注册 Middleware [heiner_static]
[2018-01-07T22:41:24.274] [INFO] app - 注册 Middleware [heiner_query]
[2018-01-07T22:41:24.275] [INFO] app - 注册 Middleware [heiner_body]
[2018-01-07T22:41:24.275] [INFO] app - 注册 Middleware [heiner_view]
[2018-01-07T22:41:24.326] [INFO] app - 注册 Middleware [heiner_static]
[2018-01-07T22:41:24.333] [INFO] app - 注册 Middleware [heiner_query]
[2018-01-07T22:41:24.393] [INFO] app - 注册 Middleware [heiner_body]
[2018-01-07T22:41:24.442] [INFO] app - 注册 Middleware [heiner_view]
[2018-01-07T22:41:24.446] [INFO] app - 注册 Controller [articleinfo.articleinfo]
[2018-01-07T22:41:24.451] [INFO] app - 注册 Controller [describe.describe]
[2018-01-07T22:41:24.454] [INFO] app - 注册 Controller [home]
[2018-01-07T22:41:24.457] [INFO] app - 注册 Controller [server.server]
[2018-01-07T22:41:24.543] [INFO] app - 注册 Router [articleinfo]
[2018-01-07T22:41:24.547] [INFO] app - 注册 Router [describe]
[2018-01-07T22:41:24.548] [INFO] app - 注册 Router [index]
[2018-01-07T22:41:24.549] [INFO] app - 注册 Router [server]
[2018-01-07T22:41:25.530] [INFO] app - 正在启动项目 模式: build
[2018-01-07T22:41:25.684] [INFO] app - 连接数据库 [mysql -h 127.0.0.1 -u root -D gdtv_cms]
[2018-01-07T22:41:25.872] [INFO] app - 连接数据库 [sqlite -h gdtvshopr1.mysql.rds.aliyuncs.com -u gdtvroot -D gdtvshop]
[2018-01-07T22:41:25.875] [INFO] app - 连接数据库 [sqlite -h gdtvcmsdb.mysql.rds.aliyuncs.com -u gdtvbalance -D gdtv_balance]
[2018-01-07T22:41:25.878] [INFO] app - 注册 Helper [moment]
[2018-01-07T22:41:25.878] [INFO] app - 注册 Helper [async]
[2018-01-07T22:41:25.884] [INFO] app - 注册 Helper [lodash]
[2018-01-07T22:41:25.888] [INFO] app - 注册 Middleware [heiner_static]
[2018-01-07T22:41:25.888] [INFO] app - 注册 Middleware [heiner_query]
[2018-01-07T22:41:25.889] [INFO] app - 注册 Middleware [heiner_body]
[2018-01-07T22:41:25.889] [INFO] app - 注册 Middleware [heiner_view]
[2018-01-07T22:41:25.923] [INFO] app - 注册 Middleware [heiner_static]
[2018-01-07T22:41:25.928] [INFO] app - 注册 Middleware [heiner_query]
[2018-01-07T22:41:25.963] [INFO] app - 注册 Middleware [heiner_body]
[2018-01-07T22:41:25.992] [INFO] app - 注册 Middleware [heiner_view]
[2018-01-07T22:41:25.995] [INFO] app - 注册 Controller [articleinfo.articleinfo]
[2018-01-07T22:41:25.997] [INFO] app - 注册 Controller [describe.describe]
[2018-01-07T22:41:25.999] [INFO] app - 注册 Controller [home]
[2018-01-07T22:41:26.001] [INFO] app - 注册 Controller [server.server]
[2018-01-07T22:41:26.058] [INFO] app - 注册 Router [articleinfo]
[2018-01-07T22:41:26.061] [INFO] app - 注册 Router [describe]
[2018-01-07T22:41:26.062] [INFO] app - 注册 Router [index]
[2018-01-07T22:41:26.064] [INFO] app - 注册 Router [server]
[2018-01-07T22:41:26.967] [INFO] app - 正在启动项目 模式: build
[2018-01-07T22:41:27.115] [INFO] app - 连接数据库 [mysql -h 127.0.0.1 -u root -D gdtv_cms]
[2018-01-07T22:41:27.282] [INFO] app - 连接数据库 [sqlite -h gdtvshopr1.mysql.rds.aliyuncs.com -u gdtvroot -D gdtvshop]
[2018-01-07T22:41:27.284] [INFO] app - 连接数据库 [sqlite -h gdtvcmsdb.mysql.rds.aliyuncs.com -u gdtvbalance -D gdtv_balance]
[2018-01-07T22:41:27.287] [INFO] app - 注册 Helper [moment]
[2018-01-07T22:41:27.287] [INFO] app - 注册 Helper [async]
[2018-01-07T22:41:27.296] [INFO] app - 注册 Helper [lodash]
[2018-01-07T22:41:27.300] [INFO] app - 注册 Middleware [heiner_static]
[2018-01-07T22:41:27.300] [INFO] app - 注册 Middleware [heiner_query]
[2018-01-07T22:41:27.301] [INFO] app - 注册 Middleware [heiner_body]
[2018-01-07T22:41:27.301] [INFO] app - 注册 Middleware [heiner_view]
[2018-01-07T22:41:27.331] [INFO] app - 注册 Middleware [heiner_static]
[2018-01-07T22:41:27.335] [INFO] app - 注册 Middleware [heiner_query]
[2018-01-07T22:41:27.370] [INFO] app - 注册 Middleware [heiner_body]
[2018-01-07T22:41:27.406] [INFO] app - 注册 Middleware [heiner_view]
[2018-01-07T22:41:27.408] [INFO] app - 注册 Controller [articleinfo.articleinfo]
[2018-01-07T22:41:27.411] [INFO] app - 注册 Controller [describe.describe]
[2018-01-07T22:41:27.413] [INFO] app - 注册 Controller [home]
[2018-01-07T22:41:27.414] [INFO] app - 注册 Controller [server.server]
[2018-01-07T22:41:27.474] [INFO] app - 注册 Router [articleinfo]
[2018-01-07T22:41:27.477] [INFO] app - 注册 Router [describe]
[2018-01-07T22:41:27.478] [INFO] app - 注册 Router [index]
[2018-01-07T22:41:27.479] [INFO] app - 注册 Router [server]
[2018-01-07T22:41:28.367] [INFO] app - 正在启动项目 模式: build
[2018-01-07T22:41:28.517] [INFO] app - 连接数据库 [mysql -h 127.0.0.1 -u root -D gdtv_cms]
[2018-01-07T22:41:28.698] [INFO] app - 连接数据库 [sqlite -h gdtvshopr1.mysql.rds.aliyuncs.com -u gdtvroot -D gdtvshop]
[2018-01-07T22:41:28.705] [INFO] app - 连接数据库 [sqlite -h gdtvcmsdb.mysql.rds.aliyuncs.com -u gdtvbalance -D gdtv_balance]
[2018-01-07T22:41:28.707] [INFO] app - 注册 Helper [moment]
[2018-01-07T22:41:28.708] [INFO] app - 注册 Helper [async]
[2018-01-07T22:41:28.714] [INFO] app - 注册 Helper [lodash]
[2018-01-07T22:41:28.717] [INFO] app - 注册 Middleware [heiner_static]
[2018-01-07T22:41:28.718] [INFO] app - 注册 Middleware [heiner_query]
[2018-01-07T22:41:28.718] [INFO] app - 注册 Middleware [heiner_body]
[2018-01-07T22:41:28.718] [INFO] app - 注册 Middleware [heiner_view]
[2018-01-07T22:41:28.752] [INFO] app - 注册 Middleware [heiner_static]
[2018-01-07T22:41:28.757] [INFO] app - 注册 Middleware [heiner_query]
[2018-01-07T22:41:28.797] [INFO] app - 注册 Middleware [heiner_body]
[2018-01-07T22:41:28.829] [INFO] app - 注册 Middleware [heiner_view]
[2018-01-07T22:41:28.832] [INFO] app - 注册 Controller [articleinfo.articleinfo]
[2018-01-07T22:41:28.834] [INFO] app - 注册 Controller [describe.describe]
[2018-01-07T22:41:28.837] [INFO] app - 注册 Controller [home]
[2018-01-07T22:41:28.839] [INFO] app - 注册 Controller [server.server]
[2018-01-07T22:41:28.900] [INFO] app - 注册 Router [articleinfo]
[2018-01-07T22:41:28.903] [INFO] app - 注册 Router [describe]
[2018-01-07T22:41:28.904] [INFO] app - 注册 Router [index]
[2018-01-07T22:41:28.905] [INFO] app - 注册 Router [server]
[2018-01-07T22:41:29.939] [INFO] app - 正在启动项目 模式: build
[2018-01-07T22:41:30.173] [INFO] app - 连接数据库 [mysql -h 127.0.0.1 -u root -D gdtv_cms]
[2018-01-07T22:41:30.353] [INFO] app - 连接数据库 [sqlite -h gdtvshopr1.mysql.rds.aliyuncs.com -u gdtvroot -D gdtvshop]
[2018-01-07T22:41:30.355] [INFO] app - 连接数据库 [sqlite -h gdtvcmsdb.mysql.rds.aliyuncs.com -u gdtvbalance -D gdtv_balance]
[2018-01-07T22:41:30.357] [INFO] app - 注册 Helper [moment]
[2018-01-07T22:41:30.358] [INFO] app - 注册 Helper [async]
[2018-01-07T22:41:30.365] [INFO] app - 注册 Helper [lodash]
[2018-01-07T22:41:30.368] [INFO] app - 注册 Middleware [heiner_static]
[2018-01-07T22:41:30.368] [INFO] app - 注册 Middleware [heiner_query]
[2018-01-07T22:41:30.369] [INFO] app - 注册 Middleware [heiner_body]
[2018-01-07T22:41:30.369] [INFO] app - 注册 Middleware [heiner_view]
[2018-01-07T22:41:30.405] [INFO] app - 注册 Middleware [heiner_static]
[2018-01-07T22:41:30.410] [INFO] app - 注册 Middleware [heiner_query]
[2018-01-07T22:41:30.445] [INFO] app - 注册 Middleware [heiner_body]
[2018-01-07T22:41:30.477] [INFO] app - 注册 Middleware [heiner_view]
[2018-01-07T22:41:30.479] [INFO] app - 注册 Controller [articleinfo.articleinfo]
[2018-01-07T22:41:30.483] [INFO] app - 注册 Controller [describe.describe]
[2018-01-07T22:41:30.485] [INFO] app - 注册 Controller [home]
[2018-01-07T22:41:30.487] [INFO] app - 注册 Controller [server.server]
[2018-01-07T22:41:30.566] [INFO] app - 注册 Router [articleinfo]
[2018-01-07T22:41:30.569] [INFO] app - 注册 Router [describe]
[2018-01-07T22:41:30.571] [INFO] app - 注册 Router [index]
[2018-01-07T22:41:30.572] [INFO] app - 注册 Router [server]
[2018-01-07T22:41:31.519] [INFO] app - 正在启动项目 模式: build
[2018-01-07T22:41:31.684] [INFO] app - 连接数据库 [mysql -h 127.0.0.1 -u root -D gdtv_cms]
[2018-01-07T22:41:31.867] [INFO] app - 连接数据库 [sqlite -h gdtvshopr1.mysql.rds.aliyuncs.com -u gdtvroot -D gdtvshop]
[2018-01-07T22:41:31.869] [INFO] app - 连接数据库 [sqlite -h gdtvcmsdb.mysql.rds.aliyuncs.com -u gdtvbalance -D gdtv_balance]
[2018-01-07T22:41:31.871] [INFO] app - 注册 Helper [moment]
[2018-01-07T22:41:31.872] [INFO] app - 注册 Helper [async]
[2018-01-07T22:41:31.878] [INFO] app - 注册 Helper [lodash]
[2018-01-07T22:41:31.882] [INFO] app - 注册 Middleware [heiner_static]
[2018-01-07T22:41:31.882] [INFO] app - 注册 Middleware [heiner_query]
[2018-01-07T22:41:31.882] [INFO] app - 注册 Middleware [heiner_body]
[2018-01-07T22:41:31.882] [INFO] app - 注册 Middleware [heiner_view]
[2018-01-07T22:41:31.914] [INFO] app - 注册 Middleware [heiner_static]
[2018-01-07T22:41:31.922] [INFO] app - 注册 Middleware [heiner_query]
[2018-01-07T22:41:31.958] [INFO] app - 注册 Middleware [heiner_body]
[2018-01-07T22:41:31.984] [INFO] app - 注册 Middleware [heiner_view]
[2018-01-07T22:41:31.986] [INFO] app - 注册 Controller [articleinfo.articleinfo]
[2018-01-07T22:41:31.989] [INFO] app - 注册 Controller [describe.describe]
[2018-01-07T22:41:31.991] [INFO] app - 注册 Controller [home]
[2018-01-07T22:41:31.992] [INFO] app - 注册 Controller [server.server]
[2018-01-07T22:41:32.052] [INFO] app - 注册 Router [articleinfo]
[2018-01-07T22:41:32.055] [INFO] app - 注册 Router [describe]
[2018-01-07T22:41:32.057] [INFO] app - 注册 Router [index]
[2018-01-07T22:41:32.058] [INFO] app - 注册 Router [server]
[2018-01-07T22:41:32.946] [INFO] app - 正在启动项目 模式: build
[2018-01-07T22:41:33.097] [INFO] app - 连接数据库 [mysql -h 127.0.0.1 -u root -D gdtv_cms]
[2018-01-07T22:41:33.268] [INFO] app - 连接数据库 [sqlite -h gdtvshopr1.mysql.rds.aliyuncs.com -u gdtvroot -D gdtvshop]
[2018-01-07T22:41:33.269] [INFO] app - 连接数据库 [sqlite -h gdtvcmsdb.mysql.rds.aliyuncs.com -u gdtvbalance -D gdtv_balance]
[2018-01-07T22:41:33.272] [INFO] app - 注册 Helper [moment]
[2018-01-07T22:41:33.272] [INFO] app - 注册 Helper [async]
[2018-01-07T22:41:33.278] [INFO] app - 注册 Helper [lodash]
[2018-01-07T22:41:33.283] [INFO] app - 注册 Middleware [heiner_static]
[2018-01-07T22:41:33.283] [INFO] app - 注册 Middleware [heiner_query]
[2018-01-07T22:41:33.283] [INFO] app - 注册 Middleware [heiner_body]
[2018-01-07T22:41:33.284] [INFO] app - 注册 Middleware [heiner_view]
[2018-01-07T22:41:33.312] [INFO] app - 注册 Middleware [heiner_static]
[2018-01-07T22:41:33.316] [INFO] app - 注册 Middleware [heiner_query]
[2018-01-07T22:41:33.354] [INFO] app - 注册 Middleware [heiner_body]
[2018-01-07T22:41:33.385] [INFO] app - 注册 Middleware [heiner_view]
[2018-01-07T22:41:33.387] [INFO] app - 注册 Controller [articleinfo.articleinfo]
[2018-01-07T22:41:33.390] [INFO] app - 注册 Controller [describe.describe]
[2018-01-07T22:41:33.393] [INFO] app - 注册 Controller [home]
[2018-01-07T22:41:33.394] [INFO] app - 注册 Controller [server.server]
[2018-01-07T22:41:33.455] [INFO] app - 注册 Router [articleinfo]
[2018-01-07T22:41:33.458] [INFO] app - 注册 Router [describe]
[2018-01-07T22:41:33.459] [INFO] app - 注册 Router [index]
[2018-01-07T22:41:33.461] [INFO] app - 注册 Router [server]
[2018-01-07T22:41:34.404] [INFO] app - 正在启动项目 模式: build
[2018-01-07T22:41:34.553] [INFO] app - 连接数据库 [mysql -h 127.0.0.1 -u root -D gdtv_cms]
[2018-01-07T22:41:34.728] [INFO] app - 连接数据库 [sqlite -h gdtvshopr1.mysql.rds.aliyuncs.com -u gdtvroot -D gdtvshop]
[2018-01-07T22:41:34.730] [INFO] app - 连接数据库 [sqlite -h gdtvcmsdb.mysql.rds.aliyuncs.com -u gdtvbalance -D gdtv_balance]
[2018-01-07T22:41:34.732] [INFO] app - 注册 Helper [moment]
[2018-01-07T22:41:34.733] [INFO] app - 注册 Helper [async]
[2018-01-07T22:41:34.740] [INFO] app - 注册 Helper [lodash]
[2018-01-07T22:41:34.743] [INFO] app - 注册 Middleware [heiner_static]
[2018-01-07T22:41:34.744] [INFO] app - 注册 Middleware [heiner_query]
[2018-01-07T22:41:34.744] [INFO] app - 注册 Middleware [heiner_body]
[2018-01-07T22:41:34.744] [INFO] app - 注册 Middleware [heiner_view]
[2018-01-07T22:41:34.776] [INFO] app - 注册 Middleware [heiner_static]
[2018-01-07T22:41:34.781] [INFO] app - 注册 Middleware [heiner_query]
[2018-01-07T22:41:34.816] [INFO] app - 注册 Middleware [heiner_body]
[2018-01-07T22:41:34.845] [INFO] app - 注册 Middleware [heiner_view]
[2018-01-07T22:41:34.848] [INFO] app - 注册 Controller [articleinfo.articleinfo]
[2018-01-07T22:41:34.850] [INFO] app - 注册 Controller [describe.describe]
[2018-01-07T22:41:34.852] [INFO] app - 注册 Controller [home]
[2018-01-07T22:41:34.854] [INFO] app - 注册 Controller [server.server]
[2018-01-07T22:41:34.913] [INFO] app - 注册 Router [articleinfo]
[2018-01-07T22:41:34.916] [INFO] app - 注册 Router [describe]
[2018-01-07T22:41:34.918] [INFO] app - 注册 Router [index]
[2018-01-07T22:41:34.920] [INFO] app - 注册 Router [server]
[2018-01-07T22:41:36.058] [INFO] app - 正在启动项目 模式: build
[2018-01-07T22:41:36.266] [INFO] app - 连接数据库 [mysql -h 127.0.0.1 -u root -D gdtv_cms]
[2018-01-07T22:41:36.517] [INFO] app - 连接数据库 [sqlite -h gdtvshopr1.mysql.rds.aliyuncs.com -u gdtvroot -D gdtvshop]
[2018-01-07T22:41:36.519] [INFO] app - 连接数据库 [sqlite -h gdtvcmsdb.mysql.rds.aliyuncs.com -u gdtvbalance -D gdtv_balance]
[2018-01-07T22:41:36.522] [INFO] app - 注册 Helper [moment]
[2018-01-07T22:41:36.523] [INFO] app - 注册 Helper [async]
[2018-01-07T22:41:36.533] [INFO] app - 注册 Helper [lodash]
[2018-01-07T22:41:36.537] [INFO] app - 注册 Middleware [heiner_static]
[2018-01-07T22:41:36.538] [INFO] app - 注册 Middleware [heiner_query]
[2018-01-07T22:41:36.538] [INFO] app - 注册 Middleware [heiner_body]
[2018-01-07T22:41:36.538] [INFO] app - 注册 Middleware [heiner_view]
[2018-01-07T22:41:36.586] [INFO] app - 注册 Middleware [heiner_static]
[2018-01-07T22:41:36.594] [INFO] app - 注册 Middleware [heiner_query]
[2018-01-07T22:41:36.650] [INFO] app - 注册 Middleware [heiner_body]
[2018-01-07T22:41:36.691] [INFO] app - 注册 Middleware [heiner_view]
[2018-01-07T22:41:36.696] [INFO] app - 注册 Controller [articleinfo.articleinfo]
[2018-01-07T22:41:36.705] [INFO] app - 注册 Controller [describe.describe]
[2018-01-07T22:41:36.713] [INFO] app - 注册 Controller [home]
[2018-01-07T22:41:36.715] [INFO] app - 注册 Controller [server.server]
[2018-01-07T22:41:36.794] [INFO] app - 注册 Router [articleinfo]
[2018-01-07T22:41:36.797] [INFO] app - 注册 Router [describe]
[2018-01-07T22:41:36.799] [INFO] app - 注册 Router [index]
[2018-01-07T22:41:36.800] [INFO] app - 注册 Router [server]
[2018-01-07T22:41:37.640] [INFO] app - 正在启动项目 模式: build
[2018-01-07T22:41:37.795] [INFO] app - 连接数据库 [mysql -h 127.0.0.1 -u root -D gdtv_cms]
[2018-01-07T22:41:37.958] [INFO] app - 连接数据库 [sqlite -h gdtvshopr1.mysql.rds.aliyuncs.com -u gdtvroot -D gdtvshop]
[2018-01-07T22:41:37.960] [INFO] app - 连接数据库 [sqlite -h gdtvcmsdb.mysql.rds.aliyuncs.com -u gdtvbalance -D gdtv_balance]
[2018-01-07T22:41:37.963] [INFO] app - 注册 Helper [moment]
[2018-01-07T22:41:37.963] [INFO] app - 注册 Helper [async]
[2018-01-07T22:41:37.970] [INFO] app - 注册 Helper [lodash]
[2018-01-07T22:41:37.973] [INFO] app - 注册 Middleware [heiner_static]
[2018-01-07T22:41:37.973] [INFO] app - 注册 Middleware [heiner_query]
[2018-01-07T22:41:37.974] [INFO] app - 注册 Middleware [heiner_body]
[2018-01-07T22:41:37.974] [INFO] app - 注册 Middleware [heiner_view]
[2018-01-07T22:41:38.003] [INFO] app - 注册 Middleware [heiner_static]
[2018-01-07T22:41:38.008] [INFO] app - 注册 Middleware [heiner_query]
[2018-01-07T22:41:38.045] [INFO] app - 注册 Middleware [heiner_body]
[2018-01-07T22:41:38.070] [INFO] app - 注册 Middleware [heiner_view]
[2018-01-07T22:41:38.074] [INFO] app - 注册 Controller [articleinfo.articleinfo]
[2018-01-07T22:41:38.076] [INFO] app - 注册 Controller [describe.describe]
[2018-01-07T22:41:38.078] [INFO] app - 注册 Controller [home]
[2018-01-07T22:41:38.080] [INFO] app - 注册 Controller [server.server]
[2018-01-07T22:41:38.137] [INFO] app - 注册 Router [articleinfo]
[2018-01-07T22:41:38.139] [INFO] app - 注册 Router [describe]
[2018-01-07T22:41:38.141] [INFO] app - 注册 Router [index]
[2018-01-07T22:41:38.142] [INFO] app - 注册 Router [server]
[2018-01-07T22:41:39.054] [INFO] app - 正在启动项目 模式: build
[2018-01-07T22:41:39.210] [INFO] app - 连接数据库 [mysql -h 127.0.0.1 -u root -D gdtv_cms]
[2018-01-07T22:41:39.387] [INFO] app - 连接数据库 [sqlite -h gdtvshopr1.mysql.rds.aliyuncs.com -u gdtvroot -D gdtvshop]
[2018-01-07T22:41:39.389] [INFO] app - 连接数据库 [sqlite -h gdtvcmsdb.mysql.rds.aliyuncs.com -u gdtvbalance -D gdtv_balance]
[2018-01-07T22:41:39.392] [INFO] app - 注册 Helper [moment]
[2018-01-07T22:41:39.392] [INFO] app - 注册 Helper [async]
[2018-01-07T22:41:39.398] [INFO] app - 注册 Helper [lodash]
[2018-01-07T22:41:39.402] [INFO] app - 注册 Middleware [heiner_static]
[2018-01-07T22:41:39.402] [INFO] app - 注册 Middleware [heiner_query]
[2018-01-07T22:41:39.402] [INFO] app - 注册 Middleware [heiner_body]
[2018-01-07T22:41:39.402] [INFO] app - 注册 Middleware [heiner_view]
[2018-01-07T22:41:39.430] [INFO] app - 注册 Middleware [heiner_static]
[2018-01-07T22:41:39.439] [INFO] app - 注册 Middleware [heiner_query]
[2018-01-07T22:41:39.481] [INFO] app - 注册 Middleware [heiner_body]
[2018-01-07T22:41:39.507] [INFO] app - 注册 Middleware [heiner_view]
[2018-01-07T22:41:39.509] [INFO] app - 注册 Controller [articleinfo.articleinfo]
[2018-01-07T22:41:39.512] [INFO] app - 注册 Controller [describe.describe]
[2018-01-07T22:41:39.513] [INFO] app - 注册 Controller [home]
[2018-01-07T22:41:39.515] [INFO] app - 注册 Controller [server.server]
[2018-01-07T22:41:39.578] [INFO] app - 注册 Router [articleinfo]
[2018-01-07T22:41:39.581] [INFO] app - 注册 Router [describe]
[2018-01-07T22:41:39.582] [INFO] app - 注册 Router [index]
[2018-01-07T22:41:39.583] [INFO] app - 注册 Router [server]
[2018-01-07T22:41:40.460] [INFO] app - 正在启动项目 模式: build
[2018-01-07T22:41:40.615] [INFO] app - 连接数据库 [mysql -h 127.0.0.1 -u root -D gdtv_cms]
[2018-01-07T22:41:40.798] [INFO] app - 连接数据库 [sqlite -h gdtvshopr1.mysql.rds.aliyuncs.com -u gdtvroot -D gdtvshop]
[2018-01-07T22:41:40.799] [INFO] app - 连接数据库 [sqlite -h gdtvcmsdb.mysql.rds.aliyuncs.com -u gdtvbalance -D gdtv_balance]
[2018-01-07T22:41:40.802] [INFO] app - 注册 Helper [moment]
[2018-01-07T22:41:40.802] [INFO] app - 注册 Helper [async]
[2018-01-07T22:41:40.813] [INFO] app - 注册 Helper [lodash]
[2018-01-07T22:41:40.817] [INFO] app - 注册 Middleware [heiner_static]
[2018-01-07T22:41:40.818] [INFO] app - 注册 Middleware [heiner_query]
[2018-01-07T22:41:40.818] [INFO] app - 注册 Middleware [heiner_body]
[2018-01-07T22:41:40.818] [INFO] app - 注册 Middleware [heiner_view]
[2018-01-07T22:41:40.850] [INFO] app - 注册 Middleware [heiner_static]
[2018-01-07T22:41:40.855] [INFO] app - 注册 Middleware [heiner_query]
[2018-01-07T22:41:40.903] [INFO] app - 注册 Middleware [heiner_body]
[2018-01-07T22:41:40.956] [INFO] app - 注册 Middleware [heiner_view]
[2018-01-07T22:41:40.962] [INFO] app - 注册 Controller [articleinfo.articleinfo]
[2018-01-07T22:41:40.967] [INFO] app - 注册 Controller [describe.describe]
[2018-01-07T22:41:40.971] [INFO] app - 注册 Controller [home]
[2018-01-07T22:41:40.973] [INFO] app - 注册 Controller [server.server]
[2018-01-07T22:41:41.064] [INFO] app - 注册 Router [articleinfo]
[2018-01-07T22:41:41.068] [INFO] app - 注册 Router [describe]
[2018-01-07T22:41:41.070] [INFO] app - 注册 Router [index]
[2018-01-07T22:41:41.071] [INFO] app - 注册 Router [server]
[2018-01-07T22:41:42.246] [INFO] app - 正在启动项目 模式: build
[2018-01-07T22:41:42.437] [INFO] app - 连接数据库 [mysql -h 127.0.0.1 -u root -D gdtv_cms]
[2018-01-07T22:41:42.629] [INFO] app - 连接数据库 [sqlite -h gdtvshopr1.mysql.rds.aliyuncs.com -u gdtvroot -D gdtvshop]
[2018-01-07T22:41:42.631] [INFO] app - 连接数据库 [sqlite -h gdtvcmsdb.mysql.rds.aliyuncs.com -u gdtvbalance -D gdtv_balance]
[2018-01-07T22:41:42.633] [INFO] app - 注册 Helper [moment]
[2018-01-07T22:41:42.634] [INFO] app - 注册 Helper [async]
[2018-01-07T22:41:42.643] [INFO] app - 注册 Helper [lodash]
[2018-01-07T22:41:42.647] [INFO] app - 注册 Middleware [heiner_static]
[2018-01-07T22:41:42.647] [INFO] app - 注册 Middleware [heiner_query]
[2018-01-07T22:41:42.647] [INFO] app - 注册 Middleware [heiner_body]
[2018-01-07T22:41:42.648] [INFO] app - 注册 Middleware [heiner_view]
[2018-01-07T22:41:42.676] [INFO] app - 注册 Middleware [heiner_static]
[2018-01-07T22:41:42.680] [INFO] app - 注册 Middleware [heiner_query]
[2018-01-07T22:41:42.719] [INFO] app - 注册 Middleware [heiner_body]
[2018-01-07T22:41:42.746] [INFO] app - 注册 Middleware [heiner_view]
[2018-01-07T22:41:42.748] [INFO] app - 注册 Controller [articleinfo.articleinfo]
[2018-01-07T22:41:42.751] [INFO] app - 注册 Controller [describe.describe]
[2018-01-07T22:41:42.754] [INFO] app - 注册 Controller [home]
[2018-01-07T22:41:42.756] [INFO] app - 注册 Controller [server.server]
[2018-01-07T22:41:42.814] [INFO] app - 注册 Router [articleinfo]
[2018-01-07T22:41:42.817] [INFO] app - 注册 Router [describe]
[2018-01-07T22:41:42.818] [INFO] app - 注册 Router [index]
[2018-01-07T22:41:42.819] [INFO] app - 注册 Router [server]
[2018-01-07T22:41:43.697] [INFO] app - 正在启动项目 模式: build
[2018-01-07T22:41:43.853] [INFO] app - 连接数据库 [mysql -h 127.0.0.1 -u root -D gdtv_cms]
[2018-01-07T22:41:44.016] [INFO] app - 连接数据库 [sqlite -h gdtvshopr1.mysql.rds.aliyuncs.com -u gdtvroot -D gdtvshop]
[2018-01-07T22:41:44.018] [INFO] app - 连接数据库 [sqlite -h gdtvcmsdb.mysql.rds.aliyuncs.com -u gdtvbalance -D gdtv_balance]
[2018-01-07T22:41:44.021] [INFO] app - 注册 Helper [moment]
[2018-01-07T22:41:44.021] [INFO] app - 注册 Helper [async]
[2018-01-07T22:41:44.028] [INFO] app - 注册 Helper [lodash]
[2018-01-07T22:41:44.031] [INFO] app - 注册 Middleware [heiner_static]
[2018-01-07T22:41:44.032] [INFO] app - 注册 Middleware [heiner_query]
[2018-01-07T22:41:44.032] [INFO] app - 注册 Middleware [heiner_body]
[2018-01-07T22:41:44.032] [INFO] app - 注册 Middleware [heiner_view]
[2018-01-07T22:41:44.068] [INFO] app - 注册 Middleware [heiner_static]
[2018-01-07T22:41:44.072] [INFO] app - 注册 Middleware [heiner_query]
[2018-01-07T22:41:44.112] [INFO] app - 注册 Middleware [heiner_body]
[2018-01-07T22:41:44.145] [INFO] app - 注册 Middleware [heiner_view]
[2018-01-07T22:41:44.148] [INFO] app - 注册 Controller [articleinfo.articleinfo]
[2018-01-07T22:41:44.150] [INFO] app - 注册 Controller [describe.describe]
[2018-01-07T22:41:44.152] [INFO] app - 注册 Controller [home]
[2018-01-07T22:41:44.154] [INFO] app - 注册 Controller [server.server]
[2018-01-07T22:41:44.211] [INFO] app - 注册 Router [articleinfo]
[2018-01-07T22:41:44.213] [INFO] app - 注册 Router [describe]
[2018-01-07T22:41:44.215] [INFO] app - 注册 Router [index]
[2018-01-07T22:41:44.216] [INFO] app - 注册 Router [server]
[2018-01-07T22:41:45.178] [INFO] app - 正在启动项目 模式: build
[2018-01-07T22:41:45.338] [INFO] app - 连接数据库 [mysql -h 127.0.0.1 -u root -D gdtv_cms]
[2018-01-07T22:41:45.517] [INFO] app - 连接数据库 [sqlite -h gdtvshopr1.mysql.rds.aliyuncs.com -u gdtvroot -D gdtvshop]
[2018-01-07T22:41:45.520] [INFO] app - 连接数据库 [sqlite -h gdtvcmsdb.mysql.rds.aliyuncs.com -u gdtvbalance -D gdtv_balance]
[2018-01-07T22:41:45.522] [INFO] app - 注册 Helper [moment]
[2018-01-07T22:41:45.522] [INFO] app - 注册 Helper [async]
[2018-01-07T22:41:45.529] [INFO] app - 注册 Helper [lodash]
[2018-01-07T22:41:45.533] [INFO] app - 注册 Middleware [heiner_static]
[2018-01-07T22:41:45.533] [INFO] app - 注册 Middleware [heiner_query]
[2018-01-07T22:41:45.533] [INFO] app - 注册 Middleware [heiner_body]
[2018-01-07T22:41:45.534] [INFO] app - 注册 Middleware [heiner_view]
[2018-01-07T22:41:45.570] [INFO] app - 注册 Middleware [heiner_static]
[2018-01-07T22:41:45.574] [INFO] app - 注册 Middleware [heiner_query]
[2018-01-07T22:41:45.613] [INFO] app - 注册 Middleware [heiner_body]
[2018-01-07T22:41:45.640] [INFO] app - 注册 Middleware [heiner_view]
[2018-01-07T22:41:45.642] [INFO] app - 注册 Controller [articleinfo.articleinfo]
[2018-01-07T22:41:45.645] [INFO] app - 注册 Controller [describe.describe]
[2018-01-07T22:41:45.648] [INFO] app - 注册 Controller [home]
[2018-01-07T22:41:45.649] [INFO] app - 注册 Controller [server.server]
[2018-01-07T22:41:45.705] [INFO] app - 注册 Router [articleinfo]
[2018-01-07T22:41:45.709] [INFO] app - 注册 Router [describe]
[2018-01-07T22:41:45.711] [INFO] app - 注册 Router [index]
[2018-01-07T22:41:45.712] [INFO] app - 注册 Router [server]
[2018-01-07T22:41:46.625] [INFO] app - 正在启动项目 模式: build
[2018-01-07T22:41:46.869] [INFO] app - 连接数据库 [mysql -h 127.0.0.1 -u root -D gdtv_cms]
[2018-01-07T22:41:47.179] [INFO] app - 连接数据库 [sqlite -h gdtvshopr1.mysql.rds.aliyuncs.com -u gdtvroot -D gdtvshop]
[2018-01-07T22:41:47.183] [INFO] app - 连接数据库 [sqlite -h gdtvcmsdb.mysql.rds.aliyuncs.com -u gdtvbalance -D gdtv_balance]
[2018-01-07T22:41:47.187] [INFO] app - 注册 Helper [moment]
[2018-01-07T22:41:47.188] [INFO] app - 注册 Helper [async]
[2018-01-07T22:41:47.198] [INFO] app - 注册 Helper [lodash]
[2018-01-07T22:41:47.203] [INFO] app - 注册 Middleware [heiner_static]
[2018-01-07T22:41:47.203] [INFO] app - 注册 Middleware [heiner_query]
[2018-01-07T22:41:47.204] [INFO] app - 注册 Middleware [heiner_body]
[2018-01-07T22:41:47.204] [INFO] app - 注册 Middleware [heiner_view]
[2018-01-07T22:41:47.257] [INFO] app - 注册 Middleware [heiner_static]
[2018-01-07T22:41:47.264] [INFO] app - 注册 Middleware [heiner_query]
[2018-01-07T22:41:47.332] [INFO] app - 注册 Middleware [heiner_body]
[2018-01-07T22:41:47.382] [INFO] app - 注册 Middleware [heiner_view]
[2018-01-07T22:41:47.394] [INFO] app - 注册 Controller [articleinfo.articleinfo]
[2018-01-07T22:41:47.398] [INFO] app - 注册 Controller [describe.describe]
[2018-01-07T22:41:47.407] [INFO] app - 注册 Controller [home]
[2018-01-07T22:41:47.409] [INFO] app - 注册 Controller [server.server]
[2018-01-07T22:41:47.483] [INFO] app - 注册 Router [articleinfo]
[2018-01-07T22:41:47.486] [INFO] app - 注册 Router [describe]
[2018-01-07T22:41:47.487] [INFO] app - 注册 Router [index]
[2018-01-07T22:41:47.488] [INFO] app - 注册 Router [server]
[2018-01-07T22:41:48.428] [INFO] app - 正在启动项目 模式: build
[2018-01-07T22:41:48.593] [INFO] app - 连接数据库 [mysql -h 127.0.0.1 -u root -D gdtv_cms]
[2018-01-07T22:41:48.788] [INFO] app - 连接数据库 [sqlite -h gdtvshopr1.mysql.rds.aliyuncs.com -u gdtvroot -D gdtvshop]
[2018-01-07T22:41:48.790] [INFO] app - 连接数据库 [sqlite -h gdtvcmsdb.mysql.rds.aliyuncs.com -u gdtvbalance -D gdtv_balance]
[2018-01-07T22:41:48.792] [INFO] app - 注册 Helper [moment]
[2018-01-07T22:41:48.793] [INFO] app - 注册 Helper [async]
[2018-01-07T22:41:48.799] [INFO] app - 注册 Helper [lodash]
[2018-01-07T22:41:48.802] [INFO] app - 注册 Middleware [heiner_static]
[2018-01-07T22:41:48.803] [INFO] app - 注册 Middleware [heiner_query]
[2018-01-07T22:41:48.803] [INFO] app - 注册 Middleware [heiner_body]
[2018-01-07T22:41:48.803] [INFO] app - 注册 Middleware [heiner_view]
[2018-01-07T22:41:48.844] [INFO] app - 注册 Middleware [heiner_static]
[2018-01-07T22:41:48.849] [INFO] app - 注册 Middleware [heiner_query]
[2018-01-07T22:41:48.894] [INFO] app - 注册 Middleware [heiner_body]
[2018-01-07T22:41:48.920] [INFO] app - 注册 Middleware [heiner_view]
[2018-01-07T22:41:48.923] [INFO] app - 注册 Controller [articleinfo.articleinfo]
[2018-01-07T22:41:48.926] [INFO] app - 注册 Controller [describe.describe]
[2018-01-07T22:41:48.928] [INFO] app - 注册 Controller [home]
[2018-01-07T22:41:48.930] [INFO] app - 注册 Controller [server.server]
[2018-01-07T22:41:48.998] [INFO] app - 注册 Router [articleinfo]
[2018-01-07T22:41:49.001] [INFO] app - 注册 Router [describe]
[2018-01-07T22:41:49.003] [INFO] app - 注册 Router [index]
[2018-01-07T22:41:49.004] [INFO] app - 注册 Router [server]
[2018-01-07T22:41:49.897] [INFO] app - 正在启动项目 模式: build
[2018-01-07T22:41:50.048] [INFO] app - 连接数据库 [mysql -h 127.0.0.1 -u root -D gdtv_cms]
[2018-01-07T22:41:50.229] [INFO] app - 连接数据库 [sqlite -h gdtvshopr1.mysql.rds.aliyuncs.com -u gdtvroot -D gdtvshop]
[2018-01-07T22:41:50.231] [INFO] app - 连接数据库 [sqlite -h gdtvcmsdb.mysql.rds.aliyuncs.com -u gdtvbalance -D gdtv_balance]
[2018-01-07T22:41:50.234] [INFO] app - 注册 Helper [moment]
[2018-01-07T22:41:50.234] [INFO] app - 注册 Helper [async]
[2018-01-07T22:41:50.241] [INFO] app - 注册 Helper [lodash]
[2018-01-07T22:41:50.245] [INFO] app - 注册 Middleware [heiner_static]
[2018-01-07T22:41:50.245] [INFO] app - 注册 Middleware [heiner_query]
[2018-01-07T22:41:50.245] [INFO] app - 注册 Middleware [heiner_body]
[2018-01-07T22:41:50.246] [INFO] app - 注册 Middleware [heiner_view]
[2018-01-07T22:41:50.280] [INFO] app - 注册 Middleware [heiner_static]
[2018-01-07T22:41:50.286] [INFO] app - 注册 Middleware [heiner_query]
[2018-01-07T22:41:50.329] [INFO] app - 注册 Middleware [heiner_body]
[2018-01-07T22:41:50.355] [INFO] app - 注册 Middleware [heiner_view]
[2018-01-07T22:41:50.358] [INFO] app - 注册 Controller [articleinfo.articleinfo]
[2018-01-07T22:41:50.360] [INFO] app - 注册 Controller [describe.describe]
[2018-01-07T22:41:50.362] [INFO] app - 注册 Controller [home]
[2018-01-07T22:41:50.364] [INFO] app - 注册 Controller [server.server]
[2018-01-07T22:41:50.423] [INFO] app - 注册 Router [articleinfo]
[2018-01-07T22:41:50.426] [INFO] app - 注册 Router [describe]
[2018-01-07T22:41:50.427] [INFO] app - 注册 Router [index]
[2018-01-07T22:41:50.429] [INFO] app - 注册 Router [server]
[2018-01-07T22:41:51.390] [INFO] app - 正在启动项目 模式: build
[2018-01-07T22:41:51.539] [INFO] app - 连接数据库 [mysql -h 127.0.0.1 -u root -D gdtv_cms]
[2018-01-07T22:41:51.736] [INFO] app - 连接数据库 [sqlite -h gdtvshopr1.mysql.rds.aliyuncs.com -u gdtvroot -D gdtvshop]
[2018-01-07T22:41:51.738] [INFO] app - 连接数据库 [sqlite -h gdtvcmsdb.mysql.rds.aliyuncs.com -u gdtvbalance -D gdtv_balance]
[2018-01-07T22:41:51.741] [INFO] app - 注册 Helper [moment]
[2018-01-07T22:41:51.741] [INFO] app - 注册 Helper [async]
[2018-01-07T22:41:51.749] [INFO] app - 注册 Helper [lodash]
[2018-01-07T22:41:51.753] [INFO] app - 注册 Middleware [heiner_static]
[2018-01-07T22:41:51.753] [INFO] app - 注册 Middleware [heiner_query]
[2018-01-07T22:41:51.753] [INFO] app - 注册 Middleware [heiner_body]
[2018-01-07T22:41:51.754] [INFO] app - 注册 Middleware [heiner_view]
[2018-01-07T22:41:51.789] [INFO] app - 注册 Middleware [heiner_static]
[2018-01-07T22:41:51.795] [INFO] app - 注册 Middleware [heiner_query]
[2018-01-07T22:41:51.826] [INFO] app - 注册 Middleware [heiner_body]
[2018-01-07T22:41:51.855] [INFO] app - 注册 Middleware [heiner_view]
[2018-01-07T22:41:51.858] [INFO] app - 注册 Controller [articleinfo.articleinfo]
[2018-01-07T22:41:51.861] [INFO] app - 注册 Controller [describe.describe]
[2018-01-07T22:41:51.863] [INFO] app - 注册 Controller [home]
[2018-01-07T22:41:51.864] [INFO] app - 注册 Controller [server.server]
[2018-01-07T22:41:51.923] [INFO] app - 注册 Router [articleinfo]
[2018-01-07T22:41:51.926] [INFO] app - 注册 Router [describe]
[2018-01-07T22:41:51.928] [INFO] app - 注册 Router [index]
[2018-01-07T22:41:51.929] [INFO] app - 注册 Router [server]
[2018-01-07T22:41:53.026] [INFO] app - 正在启动项目 模式: build
[2018-01-07T22:41:53.241] [INFO] app - 连接数据库 [mysql -h 127.0.0.1 -u root -D gdtv_cms]
[2018-01-07T22:41:53.466] [INFO] app - 连接数据库 [sqlite -h gdtvshopr1.mysql.rds.aliyuncs.com -u gdtvroot -D gdtvshop]
[2018-01-07T22:41:53.469] [INFO] app - 连接数据库 [sqlite -h gdtvcmsdb.mysql.rds.aliyuncs.com -u gdtvbalance -D gdtv_balance]
[2018-01-07T22:41:53.472] [INFO] app - 注册 Helper [moment]
[2018-01-07T22:41:53.473] [INFO] app - 注册 Helper [async]
[2018-01-07T22:41:53.483] [INFO] app - 注册 Helper [lodash]
[2018-01-07T22:41:53.488] [INFO] app - 注册 Middleware [heiner_static]
[2018-01-07T22:41:53.488] [INFO] app - 注册 Middleware [heiner_query]
[2018-01-07T22:41:53.489] [INFO] app - 注册 Middleware [heiner_body]
[2018-01-07T22:41:53.489] [INFO] app - 注册 Middleware [heiner_view]
[2018-01-07T22:41:53.531] [INFO] app - 注册 Middleware [heiner_static]
[2018-01-07T22:41:53.536] [INFO] app - 注册 Middleware [heiner_query]
[2018-01-07T22:41:53.588] [INFO] app - 注册 Middleware [heiner_body]
[2018-01-07T22:41:53.620] [INFO] app - 注册 Middleware [heiner_view]
[2018-01-07T22:41:53.624] [INFO] app - 注册 Controller [articleinfo.articleinfo]
[2018-01-07T22:41:53.627] [INFO] app - 注册 Controller [describe.describe]
[2018-01-07T22:41:53.629] [INFO] app - 注册 Controller [home]
[2018-01-07T22:41:53.631] [INFO] app - 注册 Controller [server.server]
[2018-01-07T22:41:53.692] [INFO] app - 注册 Router [articleinfo]
[2018-01-07T22:41:53.696] [INFO] app - 注册 Router [describe]
[2018-01-07T22:41:53.697] [INFO] app - 注册 Router [index]
[2018-01-07T22:41:53.701] [INFO] app - 注册 Router [server]
[2018-01-07T22:41:54.557] [INFO] app - 正在启动项目 模式: build
[2018-01-07T22:41:54.722] [INFO] app - 连接数据库 [mysql -h 127.0.0.1 -u root -D gdtv_cms]
[2018-01-07T22:41:54.894] [INFO] app - 连接数据库 [sqlite -h gdtvshopr1.mysql.rds.aliyuncs.com -u gdtvroot -D gdtvshop]
[2018-01-07T22:41:54.896] [INFO] app - 连接数据库 [sqlite -h gdtvcmsdb.mysql.rds.aliyuncs.com -u gdtvbalance -D gdtv_balance]
[2018-01-07T22:41:54.899] [INFO] app - 注册 Helper [moment]
[2018-01-07T22:41:54.899] [INFO] app - 注册 Helper [async]
[2018-01-07T22:41:54.906] [INFO] app - 注册 Helper [lodash]
[2018-01-07T22:41:54.909] [INFO] app - 注册 Middleware [heiner_static]
[2018-01-07T22:41:54.909] [INFO] app - 注册 Middleware [heiner_query]
[2018-01-07T22:41:54.909] [INFO] app - 注册 Middleware [heiner_body]
[2018-01-07T22:41:54.910] [INFO] app - 注册 Middleware [heiner_view]
[2018-01-07T22:41:54.938] [INFO] app - 注册 Middleware [heiner_static]
[2018-01-07T22:41:54.942] [INFO] app - 注册 Middleware [heiner_query]
[2018-01-07T22:41:54.976] [INFO] app - 注册 Middleware [heiner_body]
[2018-01-07T22:41:55.006] [INFO] app - 注册 Middleware [heiner_view]
[2018-01-07T22:41:55.008] [INFO] app - 注册 Controller [articleinfo.articleinfo]
[2018-01-07T22:41:55.011] [INFO] app - 注册 Controller [describe.describe]
[2018-01-07T22:41:55.013] [INFO] app - 注册 Controller [home]
[2018-01-07T22:41:55.014] [INFO] app - 注册 Controller [server.server]
[2018-01-07T22:41:55.075] [INFO] app - 注册 Router [articleinfo]
[2018-01-07T22:41:55.078] [INFO] app - 注册 Router [describe]
[2018-01-07T22:41:55.079] [INFO] app - 注册 Router [index]
[2018-01-07T22:41:55.080] [INFO] app - 注册 Router [server]
[2018-01-07T22:41:56.039] [INFO] app - 正在启动项目 模式: build
[2018-01-07T22:41:56.190] [INFO] app - 连接数据库 [mysql -h 127.0.0.1 -u root -D gdtv_cms]
[2018-01-07T22:41:56.364] [INFO] app - 连接数据库 [sqlite -h gdtvshopr1.mysql.rds.aliyuncs.com -u gdtvroot -D gdtvshop]
[2018-01-07T22:41:56.366] [INFO] app - 连接数据库 [sqlite -h gdtvcmsdb.mysql.rds.aliyuncs.com -u gdtvbalance -D gdtv_balance]
[2018-01-07T22:41:56.369] [INFO] app - 注册 Helper [moment]
[2018-01-07T22:41:56.369] [INFO] app - 注册 Helper [async]
[2018-01-07T22:41:56.378] [INFO] app - 注册 Helper [lodash]
[2018-01-07T22:41:56.382] [INFO] app - 注册 Middleware [heiner_static]
[2018-01-07T22:41:56.382] [INFO] app - 注册 Middleware [heiner_query]
[2018-01-07T22:41:56.382] [INFO] app - 注册 Middleware [heiner_body]
[2018-01-07T22:41:56.383] [INFO] app - 注册 Middleware [heiner_view]
[2018-01-07T22:41:56.410] [INFO] app - 注册 Middleware [heiner_static]
[2018-01-07T22:41:56.415] [INFO] app - 注册 Middleware [heiner_query]
[2018-01-07T22:41:56.451] [INFO] app - 注册 Middleware [heiner_body]
[2018-01-07T22:41:56.484] [INFO] app - 注册 Middleware [heiner_view]
[2018-01-07T22:41:56.487] [INFO] app - 注册 Controller [articleinfo.articleinfo]
[2018-01-07T22:41:56.489] [INFO] app - 注册 Controller [describe.describe]
[2018-01-07T22:41:56.491] [INFO] app - 注册 Controller [home]
[2018-01-07T22:41:56.493] [INFO] app - 注册 Controller [server.server]
[2018-01-07T22:41:56.551] [INFO] app - 注册 Router [articleinfo]
[2018-01-07T22:41:56.554] [INFO] app - 注册 Router [describe]
[2018-01-07T22:41:56.555] [INFO] app - 注册 Router [index]
[2018-01-07T22:41:56.556] [INFO] app - 注册 Router [server]
[2018-01-07T22:41:57.455] [INFO] app - 正在启动项目 模式: build
[2018-01-07T22:41:57.616] [INFO] app - 连接数据库 [mysql -h 127.0.0.1 -u root -D gdtv_cms]
[2018-01-07T22:41:57.794] [INFO] app - 连接数据库 [sqlite -h gdtvshopr1.mysql.rds.aliyuncs.com -u gdtvroot -D gdtvshop]
[2018-01-07T22:41:57.796] [INFO] app - 连接数据库 [sqlite -h gdtvcmsdb.mysql.rds.aliyuncs.com -u gdtvbalance -D gdtv_balance]
[2018-01-07T22:41:57.799] [INFO] app - 注册 Helper [moment]
[2018-01-07T22:41:57.799] [INFO] app - 注册 Helper [async]
[2018-01-07T22:41:57.805] [INFO] app - 注册 Helper [lodash]
[2018-01-07T22:41:57.809] [INFO] app - 注册 Middleware [heiner_static]
[2018-01-07T22:41:57.809] [INFO] app - 注册 Middleware [heiner_query]
[2018-01-07T22:41:57.809] [INFO] app - 注册 Middleware [heiner_body]
[2018-01-07T22:41:57.809] [INFO] app - 注册 Middleware [heiner_view]
[2018-01-07T22:41:57.843] [INFO] app - 注册 Middleware [heiner_static]
[2018-01-07T22:41:57.847] [INFO] app - 注册 Middleware [heiner_query]
[2018-01-07T22:41:57.887] [INFO] app - 注册 Middleware [heiner_body]
[2018-01-07T22:41:57.917] [INFO] app - 注册 Middleware [heiner_view]
[2018-01-07T22:41:57.921] [INFO] app - 注册 Controller [articleinfo.articleinfo]
[2018-01-07T22:41:57.923] [INFO] app - 注册 Controller [describe.describe]
[2018-01-07T22:41:57.925] [INFO] app - 注册 Controller [home]
[2018-01-07T22:41:57.926] [INFO] app - 注册 Controller [server.server]
[2018-01-07T22:41:57.983] [INFO] app - 注册 Router [articleinfo]
[2018-01-07T22:41:57.986] [INFO] app - 注册 Router [describe]
[2018-01-07T22:41:57.988] [INFO] app - 注册 Router [index]
[2018-01-07T22:41:57.989] [INFO] app - 注册 Router [server]
[2018-01-07T22:41:59.257] [INFO] app - 正在启动项目 模式: build
[2018-01-07T22:41:59.427] [INFO] app - 连接数据库 [mysql -h 127.0.0.1 -u root -D gdtv_cms]
[2018-01-07T22:41:59.621] [INFO] app - 连接数据库 [sqlite -h gdtvshopr1.mysql.rds.aliyuncs.com -u gdtvroot -D gdtvshop]
[2018-01-07T22:41:59.623] [INFO] app - 连接数据库 [sqlite -h gdtvcmsdb.mysql.rds.aliyuncs.com -u gdtvbalance -D gdtv_balance]
[2018-01-07T22:41:59.626] [INFO] app - 注册 Helper [moment]
[2018-01-07T22:41:59.627] [INFO] app - 注册 Helper [async]
[2018-01-07T22:41:59.636] [INFO] app - 注册 Helper [lodash]
[2018-01-07T22:41:59.640] [INFO] app - 注册 Middleware [heiner_static]
[2018-01-07T22:41:59.640] [INFO] app - 注册 Middleware [heiner_query]
[2018-01-07T22:41:59.641] [INFO] app - 注册 Middleware [heiner_body]
[2018-01-07T22:41:59.641] [INFO] app - 注册 Middleware [heiner_view]
[2018-01-07T22:41:59.674] [INFO] app - 注册 Middleware [heiner_static]
[2018-01-07T22:41:59.678] [INFO] app - 注册 Middleware [heiner_query]
[2018-01-07T22:41:59.721] [INFO] app - 注册 Middleware [heiner_body]
[2018-01-07T22:41:59.753] [INFO] app - 注册 Middleware [heiner_view]
[2018-01-07T22:41:59.757] [INFO] app - 注册 Controller [articleinfo.articleinfo]
[2018-01-07T22:41:59.760] [INFO] app - 注册 Controller [describe.describe]
[2018-01-07T22:41:59.762] [INFO] app - 注册 Controller [home]
[2018-01-07T22:41:59.763] [INFO] app - 注册 Controller [server.server]
[2018-01-07T22:41:59.832] [INFO] app - 注册 Router [articleinfo]
[2018-01-07T22:41:59.836] [INFO] app - 注册 Router [describe]
[2018-01-07T22:41:59.837] [INFO] app - 注册 Router [index]
[2018-01-07T22:41:59.838] [INFO] app - 注册 Router [server]
