[2018-01-07T22:43:00.660] [INFO] app - 正在启动项目 模式: build
[2018-01-07T22:43:00.821] [INFO] app - 连接数据库 [mysql -h 127.0.0.1 -u root -D gdtv_cms]
[2018-01-07T22:43:00.884] [INFO] app - 注册 Helper [moment]
[2018-01-07T22:43:00.884] [INFO] app - 注册 Helper [async]
[2018-01-07T22:43:00.892] [INFO] app - 注册 Helper [lodash]
[2018-01-07T22:43:00.895] [INFO] app - 注册 Middleware [heiner_static]
[2018-01-07T22:43:00.896] [INFO] app - 注册 Middleware [heiner_query]
[2018-01-07T22:43:00.896] [INFO] app - 注册 Middleware [heiner_body]
[2018-01-07T22:43:00.896] [INFO] app - 注册 Middleware [heiner_view]
[2018-01-07T22:43:00.932] [INFO] app - 注册 Middleware [heiner_static]
[2018-01-07T22:43:00.938] [INFO] app - 注册 Middleware [heiner_query]
[2018-01-07T22:43:00.993] [INFO] app - 注册 Middleware [heiner_body]
[2018-01-07T22:43:01.030] [INFO] app - 注册 Middleware [heiner_view]
[2018-01-07T22:43:01.034] [INFO] app - 注册 Controller [articleinfo.articleinfo]
[2018-01-07T22:43:01.038] [INFO] app - 注册 Controller [describe.describe]
[2018-01-07T22:43:01.040] [INFO] app - 注册 Controller [home]
[2018-01-07T22:43:01.041] [INFO] app - 注册 Controller [server.server]
[2018-01-07T22:43:01.091] [INFO] app - 注册 Router [articleinfo]
[2018-01-07T22:43:01.094] [INFO] app - 注册 Router [describe]
[2018-01-07T22:43:01.096] [INFO] app - 注册 Router [index]
[2018-01-07T22:43:01.097] [INFO] app - 注册 Router [server]
[2018-01-07T22:43:01.987] [INFO] app - 正在启动项目 模式: build
[2018-01-07T22:43:02.146] [INFO] app - 连接数据库 [mysql -h 127.0.0.1 -u root -D gdtv_cms]
[2018-01-07T22:43:02.206] [INFO] app - 注册 Helper [moment]
[2018-01-07T22:43:02.207] [INFO] app - 注册 Helper [async]
[2018-01-07T22:43:02.213] [INFO] app - 注册 Helper [lodash]
[2018-01-07T22:43:02.218] [INFO] app - 注册 Middleware [heiner_static]
[2018-01-07T22:43:02.218] [INFO] app - 注册 Middleware [heiner_query]
[2018-01-07T22:43:02.219] [INFO] app - 注册 Middleware [heiner_body]
[2018-01-07T22:43:02.219] [INFO] app - 注册 Middleware [heiner_view]
[2018-01-07T22:43:02.255] [INFO] app - 注册 Middleware [heiner_static]
[2018-01-07T22:43:02.260] [INFO] app - 注册 Middleware [heiner_query]
[2018-01-07T22:43:02.339] [INFO] app - 注册 Middleware [heiner_body]
[2018-01-07T22:43:02.404] [INFO] app - 注册 Middleware [heiner_view]
[2018-01-07T22:43:02.411] [INFO] app - 注册 Controller [articleinfo.articleinfo]
[2018-01-07T22:43:02.416] [INFO] app - 注册 Controller [describe.describe]
[2018-01-07T22:43:02.420] [INFO] app - 注册 Controller [home]
[2018-01-07T22:43:02.423] [INFO] app - 注册 Controller [server.server]
[2018-01-07T22:43:02.512] [INFO] app - 注册 Router [articleinfo]
[2018-01-07T22:43:02.516] [INFO] app - 注册 Router [describe]
[2018-01-07T22:43:02.518] [INFO] app - 注册 Router [index]
[2018-01-07T22:43:02.520] [INFO] app - 注册 Router [server]
[2018-01-07T22:43:03.776] [INFO] app - 正在启动项目 模式: build
[2018-01-07T22:43:03.959] [INFO] app - 连接数据库 [mysql -h 127.0.0.1 -u root -D gdtv_cms]
[2018-01-07T22:43:04.024] [INFO] app - 注册 Helper [moment]
[2018-01-07T22:43:04.025] [INFO] app - 注册 Helper [async]
[2018-01-07T22:43:04.032] [INFO] app - 注册 Helper [lodash]
[2018-01-07T22:43:04.036] [INFO] app - 注册 Middleware [heiner_static]
[2018-01-07T22:43:04.036] [INFO] app - 注册 Middleware [heiner_query]
[2018-01-07T22:43:04.037] [INFO] app - 注册 Middleware [heiner_body]
[2018-01-07T22:43:04.037] [INFO] app - 注册 Middleware [heiner_view]
[2018-01-07T22:43:04.069] [INFO] app - 注册 Middleware [heiner_static]
[2018-01-07T22:43:04.074] [INFO] app - 注册 Middleware [heiner_query]
[2018-01-07T22:43:04.118] [INFO] app - 注册 Middleware [heiner_body]
[2018-01-07T22:43:04.150] [INFO] app - 注册 Middleware [heiner_view]
[2018-01-07T22:43:04.152] [INFO] app - 注册 Controller [articleinfo.articleinfo]
[2018-01-07T22:43:04.155] [INFO] app - 注册 Controller [describe.describe]
[2018-01-07T22:43:04.157] [INFO] app - 注册 Controller [home]
[2018-01-07T22:43:04.158] [INFO] app - 注册 Controller [server.server]
[2018-01-07T22:43:04.211] [INFO] app - 注册 Router [articleinfo]
[2018-01-07T22:43:04.215] [INFO] app - 注册 Router [describe]
[2018-01-07T22:43:04.217] [INFO] app - 注册 Router [index]
[2018-01-07T22:43:04.218] [INFO] app - 注册 Router [server]
[2018-01-07T22:43:05.096] [INFO] app - 正在启动项目 模式: build
[2018-01-07T22:43:05.252] [INFO] app - 连接数据库 [mysql -h 127.0.0.1 -u root -D gdtv_cms]
[2018-01-07T22:43:05.315] [INFO] app - 注册 Helper [moment]
[2018-01-07T22:43:05.316] [INFO] app - 注册 Helper [async]
[2018-01-07T22:43:05.322] [INFO] app - 注册 Helper [lodash]
[2018-01-07T22:43:05.326] [INFO] app - 注册 Middleware [heiner_static]
[2018-01-07T22:43:05.327] [INFO] app - 注册 Middleware [heiner_query]
[2018-01-07T22:43:05.327] [INFO] app - 注册 Middleware [heiner_body]
[2018-01-07T22:43:05.327] [INFO] app - 注册 Middleware [heiner_view]
[2018-01-07T22:43:05.358] [INFO] app - 注册 Middleware [heiner_static]
[2018-01-07T22:43:05.362] [INFO] app - 注册 Middleware [heiner_query]
[2018-01-07T22:43:05.401] [INFO] app - 注册 Middleware [heiner_body]
[2018-01-07T22:43:05.433] [INFO] app - 注册 Middleware [heiner_view]
[2018-01-07T22:43:05.435] [INFO] app - 注册 Controller [articleinfo.articleinfo]
[2018-01-07T22:43:05.439] [INFO] app - 注册 Controller [describe.describe]
[2018-01-07T22:43:05.441] [INFO] app - 注册 Controller [home]
[2018-01-07T22:43:05.443] [INFO] app - 注册 Controller [server.server]
[2018-01-07T22:43:05.504] [INFO] app - 注册 Router [articleinfo]
[2018-01-07T22:43:05.507] [INFO] app - 注册 Router [describe]
[2018-01-07T22:43:05.508] [INFO] app - 注册 Router [index]
[2018-01-07T22:43:05.510] [INFO] app - 注册 Router [server]
[2018-01-07T22:43:06.384] [INFO] app - 正在启动项目 模式: build
[2018-01-07T22:43:06.551] [INFO] app - 连接数据库 [mysql -h 127.0.0.1 -u root -D gdtv_cms]
[2018-01-07T22:43:06.622] [INFO] app - 注册 Helper [moment]
[2018-01-07T22:43:06.623] [INFO] app - 注册 Helper [async]
[2018-01-07T22:43:06.629] [INFO] app - 注册 Helper [lodash]
[2018-01-07T22:43:06.634] [INFO] app - 注册 Middleware [heiner_static]
[2018-01-07T22:43:06.635] [INFO] app - 注册 Middleware [heiner_query]
[2018-01-07T22:43:06.635] [INFO] app - 注册 Middleware [heiner_body]
[2018-01-07T22:43:06.635] [INFO] app - 注册 Middleware [heiner_view]
[2018-01-07T22:43:06.683] [INFO] app - 注册 Middleware [heiner_static]
[2018-01-07T22:43:06.688] [INFO] app - 注册 Middleware [heiner_query]
[2018-01-07T22:43:06.736] [INFO] app - 注册 Middleware [heiner_body]
[2018-01-07T22:43:06.768] [INFO] app - 注册 Middleware [heiner_view]
[2018-01-07T22:43:06.770] [INFO] app - 注册 Controller [articleinfo.articleinfo]
[2018-01-07T22:43:06.772] [INFO] app - 注册 Controller [describe.describe]
[2018-01-07T22:43:06.774] [INFO] app - 注册 Controller [home]
[2018-01-07T22:43:06.776] [INFO] app - 注册 Controller [server.server]
[2018-01-07T22:43:06.838] [INFO] app - 注册 Router [articleinfo]
[2018-01-07T22:43:06.842] [INFO] app - 注册 Router [describe]
[2018-01-07T22:43:06.843] [INFO] app - 注册 Router [index]
[2018-01-07T22:43:06.844] [INFO] app - 注册 Router [server]
[2018-01-07T22:43:07.827] [INFO] app - 正在启动项目 模式: build
[2018-01-07T22:43:08.013] [INFO] app - 连接数据库 [mysql -h 127.0.0.1 -u root -D gdtv_cms]
[2018-01-07T22:43:08.084] [INFO] app - 注册 Helper [moment]
[2018-01-07T22:43:08.085] [INFO] app - 注册 Helper [async]
[2018-01-07T22:43:08.094] [INFO] app - 注册 Helper [lodash]
[2018-01-07T22:43:08.098] [INFO] app - 注册 Middleware [heiner_static]
[2018-01-07T22:43:08.098] [INFO] app - 注册 Middleware [heiner_query]
[2018-01-07T22:43:08.098] [INFO] app - 注册 Middleware [heiner_body]
[2018-01-07T22:43:08.098] [INFO] app - 注册 Middleware [heiner_view]
[2018-01-07T22:43:08.132] [INFO] app - 注册 Middleware [heiner_static]
[2018-01-07T22:43:08.136] [INFO] app - 注册 Middleware [heiner_query]
[2018-01-07T22:43:08.186] [INFO] app - 注册 Middleware [heiner_body]
[2018-01-07T22:43:08.259] [INFO] app - 注册 Middleware [heiner_view]
[2018-01-07T22:43:08.266] [INFO] app - 注册 Controller [articleinfo.articleinfo]
[2018-01-07T22:43:08.274] [INFO] app - 注册 Controller [describe.describe]
[2018-01-07T22:43:08.287] [INFO] app - 注册 Controller [home]
[2018-01-07T22:43:08.303] [INFO] app - 注册 Controller [server.server]
[2018-01-07T22:43:08.396] [INFO] app - 注册 Router [articleinfo]
[2018-01-07T22:43:08.400] [INFO] app - 注册 Router [describe]
[2018-01-07T22:43:08.402] [INFO] app - 注册 Router [index]
[2018-01-07T22:43:08.404] [INFO] app - 注册 Router [server]
[2018-01-07T22:43:09.909] [INFO] app - 正在启动项目 模式: build
[2018-01-07T22:43:10.109] [INFO] app - 连接数据库 [mysql -h 127.0.0.1 -u root -D gdtv_cms]
[2018-01-07T22:43:10.182] [INFO] app - 注册 Helper [moment]
[2018-01-07T22:43:10.182] [INFO] app - 注册 Helper [async]
[2018-01-07T22:43:10.189] [INFO] app - 注册 Helper [lodash]
[2018-01-07T22:43:10.192] [INFO] app - 注册 Middleware [heiner_static]
[2018-01-07T22:43:10.192] [INFO] app - 注册 Middleware [heiner_query]
[2018-01-07T22:43:10.193] [INFO] app - 注册 Middleware [heiner_body]
[2018-01-07T22:43:10.193] [INFO] app - 注册 Middleware [heiner_view]
[2018-01-07T22:43:10.226] [INFO] app - 注册 Middleware [heiner_static]
[2018-01-07T22:43:10.230] [INFO] app - 注册 Middleware [heiner_query]
[2018-01-07T22:43:10.276] [INFO] app - 注册 Middleware [heiner_body]
[2018-01-07T22:43:10.316] [INFO] app - 注册 Middleware [heiner_view]
[2018-01-07T22:43:10.318] [INFO] app - 注册 Controller [articleinfo.articleinfo]
[2018-01-07T22:43:10.321] [INFO] app - 注册 Controller [describe.describe]
[2018-01-07T22:43:10.323] [INFO] app - 注册 Controller [home]
[2018-01-07T22:43:10.325] [INFO] app - 注册 Controller [server.server]
[2018-01-07T22:43:10.389] [INFO] app - 注册 Router [articleinfo]
[2018-01-07T22:43:10.392] [INFO] app - 注册 Router [describe]
[2018-01-07T22:43:10.394] [INFO] app - 注册 Router [index]
[2018-01-07T22:43:10.396] [INFO] app - 注册 Router [server]
[2018-01-07T22:43:11.443] [INFO] app - 正在启动项目 模式: build
[2018-01-07T22:43:11.676] [INFO] app - 连接数据库 [mysql -h 127.0.0.1 -u root -D gdtv_cms]
[2018-01-07T22:43:11.752] [INFO] app - 注册 Helper [moment]
[2018-01-07T22:43:11.753] [INFO] app - 注册 Helper [async]
[2018-01-07T22:43:11.765] [INFO] app - 注册 Helper [lodash]
[2018-01-07T22:43:11.769] [INFO] app - 注册 Middleware [heiner_static]
[2018-01-07T22:43:11.770] [INFO] app - 注册 Middleware [heiner_query]
[2018-01-07T22:43:11.770] [INFO] app - 注册 Middleware [heiner_body]
[2018-01-07T22:43:11.770] [INFO] app - 注册 Middleware [heiner_view]
[2018-01-07T22:43:11.813] [INFO] app - 注册 Middleware [heiner_static]
[2018-01-07T22:43:11.819] [INFO] app - 注册 Middleware [heiner_query]
[2018-01-07T22:43:11.866] [INFO] app - 注册 Middleware [heiner_body]
[2018-01-07T22:43:11.906] [INFO] app - 注册 Middleware [heiner_view]
[2018-01-07T22:43:11.909] [INFO] app - 注册 Controller [articleinfo.articleinfo]
[2018-01-07T22:43:11.914] [INFO] app - 注册 Controller [describe.describe]
[2018-01-07T22:43:11.916] [INFO] app - 注册 Controller [home]
[2018-01-07T22:43:11.919] [INFO] app - 注册 Controller [server.server]
[2018-01-07T22:43:11.970] [INFO] app - 注册 Router [articleinfo]
[2018-01-07T22:43:11.973] [INFO] app - 注册 Router [describe]
[2018-01-07T22:43:11.974] [INFO] app - 注册 Router [index]
[2018-01-07T22:43:11.975] [INFO] app - 注册 Router [server]
[2018-01-07T22:43:12.989] [INFO] app - 正在启动项目 模式: build
[2018-01-07T22:43:13.155] [INFO] app - 连接数据库 [mysql -h 127.0.0.1 -u root -D gdtv_cms]
[2018-01-07T22:43:13.222] [INFO] app - 注册 Helper [moment]
[2018-01-07T22:43:13.222] [INFO] app - 注册 Helper [async]
[2018-01-07T22:43:13.229] [INFO] app - 注册 Helper [lodash]
[2018-01-07T22:43:13.232] [INFO] app - 注册 Middleware [heiner_static]
[2018-01-07T22:43:13.233] [INFO] app - 注册 Middleware [heiner_query]
[2018-01-07T22:43:13.233] [INFO] app - 注册 Middleware [heiner_body]
[2018-01-07T22:43:13.233] [INFO] app - 注册 Middleware [heiner_view]
[2018-01-07T22:43:13.261] [INFO] app - 注册 Middleware [heiner_static]
[2018-01-07T22:43:13.266] [INFO] app - 注册 Middleware [heiner_query]
[2018-01-07T22:43:13.306] [INFO] app - 注册 Middleware [heiner_body]
[2018-01-07T22:43:13.337] [INFO] app - 注册 Middleware [heiner_view]
[2018-01-07T22:43:13.340] [INFO] app - 注册 Controller [articleinfo.articleinfo]
[2018-01-07T22:43:13.343] [INFO] app - 注册 Controller [describe.describe]
[2018-01-07T22:43:13.345] [INFO] app - 注册 Controller [home]
[2018-01-07T22:43:13.346] [INFO] app - 注册 Controller [server.server]
[2018-01-07T22:43:13.400] [INFO] app - 注册 Router [articleinfo]
[2018-01-07T22:43:13.404] [INFO] app - 注册 Router [describe]
[2018-01-07T22:43:13.406] [INFO] app - 注册 Router [index]
[2018-01-07T22:43:13.407] [INFO] app - 注册 Router [server]
[2018-01-07T22:43:14.348] [INFO] app - 正在启动项目 模式: build
[2018-01-07T22:43:14.632] [INFO] app - 连接数据库 [mysql -h 127.0.0.1 -u root -D gdtv_cms]
[2018-01-07T22:43:14.804] [INFO] app - 注册 Helper [moment]
[2018-01-07T22:43:14.805] [INFO] app - 注册 Helper [async]
[2018-01-07T22:43:14.818] [INFO] app - 注册 Helper [lodash]
[2018-01-07T22:43:14.824] [INFO] app - 注册 Middleware [heiner_static]
[2018-01-07T22:43:14.826] [INFO] app - 注册 Middleware [heiner_query]
[2018-01-07T22:43:14.826] [INFO] app - 注册 Middleware [heiner_body]
[2018-01-07T22:43:14.827] [INFO] app - 注册 Middleware [heiner_view]
[2018-01-07T22:43:14.938] [INFO] app - 注册 Middleware [heiner_static]
[2018-01-07T22:43:14.948] [INFO] app - 注册 Middleware [heiner_query]
[2018-01-07T22:43:15.035] [INFO] app - 注册 Middleware [heiner_body]
[2018-01-07T22:43:15.092] [INFO] app - 注册 Middleware [heiner_view]
[2018-01-07T22:43:15.101] [INFO] app - 注册 Controller [articleinfo.articleinfo]
[2018-01-07T22:43:15.119] [INFO] app - 注册 Controller [describe.describe]
[2018-01-07T22:43:15.132] [INFO] app - 注册 Controller [home]
[2018-01-07T22:43:15.147] [INFO] app - 注册 Controller [server.server]
[2018-01-07T22:43:15.359] [INFO] app - 注册 Router [articleinfo]
[2018-01-07T22:43:15.366] [INFO] app - 注册 Router [describe]
[2018-01-07T22:43:15.368] [INFO] app - 注册 Router [index]
[2018-01-07T22:43:15.369] [INFO] app - 注册 Router [server]
[2018-01-07T22:43:16.718] [INFO] app - 正在启动项目 模式: build
[2018-01-07T22:43:16.904] [INFO] app - 连接数据库 [mysql -h 127.0.0.1 -u root -D gdtv_cms]
[2018-01-07T22:43:17.017] [INFO] app - 注册 Helper [moment]
[2018-01-07T22:43:17.018] [INFO] app - 注册 Helper [async]
[2018-01-07T22:43:17.032] [INFO] app - 注册 Helper [lodash]
[2018-01-07T22:43:17.038] [INFO] app - 注册 Middleware [heiner_static]
[2018-01-07T22:43:17.038] [INFO] app - 注册 Middleware [heiner_query]
[2018-01-07T22:43:17.038] [INFO] app - 注册 Middleware [heiner_body]
[2018-01-07T22:43:17.039] [INFO] app - 注册 Middleware [heiner_view]
[2018-01-07T22:43:17.085] [INFO] app - 注册 Middleware [heiner_static]
[2018-01-07T22:43:17.093] [INFO] app - 注册 Middleware [heiner_query]
[2018-01-07T22:43:17.156] [INFO] app - 注册 Middleware [heiner_body]
[2018-01-07T22:43:17.200] [INFO] app - 注册 Middleware [heiner_view]
[2018-01-07T22:43:17.204] [INFO] app - 注册 Controller [articleinfo.articleinfo]
[2018-01-07T22:43:17.208] [INFO] app - 注册 Controller [describe.describe]
[2018-01-07T22:43:17.211] [INFO] app - 注册 Controller [home]
[2018-01-07T22:43:17.214] [INFO] app - 注册 Controller [server.server]
[2018-01-07T22:43:18.266] [INFO] app - 正在启动项目 模式: build
[2018-01-07T22:43:18.418] [INFO] app - 连接数据库 [mysql -h 127.0.0.1 -u root -D gdtv_cms]
[2018-01-07T22:43:18.492] [INFO] app - 注册 Helper [moment]
[2018-01-07T22:43:18.493] [INFO] app - 注册 Helper [async]
[2018-01-07T22:43:18.503] [INFO] app - 注册 Helper [lodash]
[2018-01-07T22:43:18.507] [INFO] app - 注册 Middleware [heiner_static]
[2018-01-07T22:43:18.507] [INFO] app - 注册 Middleware [heiner_query]
[2018-01-07T22:43:18.507] [INFO] app - 注册 Middleware [heiner_body]
[2018-01-07T22:43:18.507] [INFO] app - 注册 Middleware [heiner_view]
[2018-01-07T22:43:18.546] [INFO] app - 注册 Middleware [heiner_static]
[2018-01-07T22:43:18.550] [INFO] app - 注册 Middleware [heiner_query]
[2018-01-07T22:43:18.597] [INFO] app - 注册 Middleware [heiner_body]
[2018-01-07T22:43:18.631] [INFO] app - 注册 Middleware [heiner_view]
[2018-01-07T22:43:18.634] [INFO] app - 注册 Controller [articleinfo.articleinfo]
[2018-01-07T22:43:18.639] [INFO] app - 注册 Controller [describe.describe]
[2018-01-07T22:43:18.642] [INFO] app - 注册 Controller [home]
[2018-01-07T22:43:18.645] [INFO] app - 注册 Controller [server.server]
[2018-01-07T22:43:18.713] [INFO] app - 注册 Router [articleinfo]
[2018-01-07T22:43:18.716] [INFO] app - 注册 Router [describe]
[2018-01-07T22:43:18.717] [INFO] app - 注册 Router [index]
[2018-01-07T22:43:18.719] [INFO] app - 注册 Router [server]
[2018-01-07T22:43:19.615] [INFO] app - 正在启动项目 模式: build
[2018-01-07T22:43:19.776] [INFO] app - 连接数据库 [mysql -h 127.0.0.1 -u root -D gdtv_cms]
[2018-01-07T22:43:19.841] [INFO] app - 注册 Helper [moment]
[2018-01-07T22:43:19.842] [INFO] app - 注册 Helper [async]
[2018-01-07T22:43:19.849] [INFO] app - 注册 Helper [lodash]
[2018-01-07T22:43:19.852] [INFO] app - 注册 Middleware [heiner_static]
[2018-01-07T22:43:19.853] [INFO] app - 注册 Middleware [heiner_query]
[2018-01-07T22:43:19.853] [INFO] app - 注册 Middleware [heiner_body]
[2018-01-07T22:43:19.853] [INFO] app - 注册 Middleware [heiner_view]
[2018-01-07T22:43:19.890] [INFO] app - 注册 Middleware [heiner_static]
[2018-01-07T22:43:19.894] [INFO] app - 注册 Middleware [heiner_query]
[2018-01-07T22:43:19.934] [INFO] app - 注册 Middleware [heiner_body]
[2018-01-07T22:43:19.965] [INFO] app - 注册 Middleware [heiner_view]
[2018-01-07T22:43:19.967] [INFO] app - 注册 Controller [articleinfo.articleinfo]
[2018-01-07T22:43:19.970] [INFO] app - 注册 Controller [describe.describe]
[2018-01-07T22:43:19.971] [INFO] app - 注册 Controller [home]
[2018-01-07T22:43:19.973] [INFO] app - 注册 Controller [server.server]
[2018-01-07T22:43:20.042] [INFO] app - 注册 Router [articleinfo]
[2018-01-07T22:43:20.046] [INFO] app - 注册 Router [describe]
[2018-01-07T22:43:20.047] [INFO] app - 注册 Router [index]
[2018-01-07T22:43:20.048] [INFO] app - 注册 Router [server]
[2018-01-07T22:43:21.302] [INFO] app - 正在启动项目 模式: build
[2018-01-07T22:43:21.510] [INFO] app - 连接数据库 [mysql -h 127.0.0.1 -u root -D gdtv_cms]
[2018-01-07T22:43:21.653] [INFO] app - 注册 Helper [moment]
[2018-01-07T22:43:21.654] [INFO] app - 注册 Helper [async]
[2018-01-07T22:43:21.668] [INFO] app - 注册 Helper [lodash]
[2018-01-07T22:43:21.672] [INFO] app - 注册 Middleware [heiner_static]
[2018-01-07T22:43:21.673] [INFO] app - 注册 Middleware [heiner_query]
[2018-01-07T22:43:21.673] [INFO] app - 注册 Middleware [heiner_body]
[2018-01-07T22:43:21.673] [INFO] app - 注册 Middleware [heiner_view]
[2018-01-07T22:43:21.758] [INFO] app - 注册 Middleware [heiner_static]
[2018-01-07T22:43:21.766] [INFO] app - 注册 Middleware [heiner_query]
[2018-01-07T22:43:21.827] [INFO] app - 注册 Middleware [heiner_body]
[2018-01-07T22:43:21.881] [INFO] app - 注册 Middleware [heiner_view]
[2018-01-07T22:43:21.885] [INFO] app - 注册 Controller [articleinfo.articleinfo]
[2018-01-07T22:43:21.890] [INFO] app - 注册 Controller [describe.describe]
[2018-01-07T22:43:21.893] [INFO] app - 注册 Controller [home]
[2018-01-07T22:43:21.897] [INFO] app - 注册 Controller [server.server]
[2018-01-07T22:43:21.985] [INFO] app - 注册 Router [articleinfo]
[2018-01-07T22:43:21.989] [INFO] app - 注册 Router [describe]
[2018-01-07T22:43:21.991] [INFO] app - 注册 Router [index]
[2018-01-07T22:43:21.993] [INFO] app - 注册 Router [server]
[2018-01-07T22:43:23.032] [INFO] app - 正在启动项目 模式: build
[2018-01-07T22:43:23.203] [INFO] app - 连接数据库 [mysql -h 127.0.0.1 -u root -D gdtv_cms]
[2018-01-07T22:43:23.272] [INFO] app - 注册 Helper [moment]
[2018-01-07T22:43:23.273] [INFO] app - 注册 Helper [async]
[2018-01-07T22:43:23.282] [INFO] app - 注册 Helper [lodash]
[2018-01-07T22:43:23.286] [INFO] app - 注册 Middleware [heiner_static]
[2018-01-07T22:43:23.286] [INFO] app - 注册 Middleware [heiner_query]
[2018-01-07T22:43:23.286] [INFO] app - 注册 Middleware [heiner_body]
[2018-01-07T22:43:23.287] [INFO] app - 注册 Middleware [heiner_view]
[2018-01-07T22:43:23.319] [INFO] app - 注册 Middleware [heiner_static]
[2018-01-07T22:43:23.327] [INFO] app - 注册 Middleware [heiner_query]
[2018-01-07T22:43:23.388] [INFO] app - 注册 Middleware [heiner_body]
[2018-01-07T22:43:23.424] [INFO] app - 注册 Middleware [heiner_view]
[2018-01-07T22:43:23.428] [INFO] app - 注册 Controller [articleinfo.articleinfo]
[2018-01-07T22:43:23.431] [INFO] app - 注册 Controller [describe.describe]
[2018-01-07T22:43:23.433] [INFO] app - 注册 Controller [home]
[2018-01-07T22:43:23.435] [INFO] app - 注册 Controller [server.server]
[2018-01-07T22:43:23.489] [INFO] app - 注册 Router [articleinfo]
[2018-01-07T22:43:23.493] [INFO] app - 注册 Router [describe]
[2018-01-07T22:43:23.495] [INFO] app - 注册 Router [index]
[2018-01-07T22:43:23.497] [INFO] app - 注册 Router [server]
[2018-01-07T22:43:23.500] [INFO] app - 启动项目成功 端口：3000
[2018-01-07T22:43:50.620] [INFO] app - 正在启动项目 模式: build
[2018-01-07T22:43:50.861] [INFO] app - 连接数据库 [mysql -h 127.0.0.1 -u root -D gdtv_cms]
[2018-01-07T22:43:50.930] [INFO] app - 注册 Helper [moment]
[2018-01-07T22:43:50.930] [INFO] app - 注册 Helper [async]
[2018-01-07T22:43:50.939] [INFO] app - 注册 Helper [lodash]
[2018-01-07T22:43:50.944] [INFO] app - 注册 Middleware [heiner_static]
[2018-01-07T22:43:50.944] [INFO] app - 注册 Middleware [heiner_query]
[2018-01-07T22:43:50.944] [INFO] app - 注册 Middleware [heiner_body]
[2018-01-07T22:43:50.945] [INFO] app - 注册 Middleware [heiner_view]
[2018-01-07T22:43:50.982] [INFO] app - 注册 Middleware [heiner_static]
[2018-01-07T22:43:50.987] [INFO] app - 注册 Middleware [heiner_query]
[2018-01-07T22:43:51.027] [INFO] app - 注册 Middleware [heiner_body]
[2018-01-07T22:43:51.059] [INFO] app - 注册 Middleware [heiner_view]
[2018-01-07T22:43:51.062] [INFO] app - 注册 Controller [articleinfo.articleinfo]
[2018-01-07T22:43:51.065] [INFO] app - 注册 Controller [describe.describe]
[2018-01-07T22:43:51.067] [INFO] app - 注册 Controller [home]
[2018-01-07T22:43:51.069] [INFO] app - 注册 Controller [server.server]
[2018-01-07T22:43:51.140] [INFO] app - 注册 Router [articleinfo]
[2018-01-07T22:43:51.144] [INFO] app - 注册 Router [describe]
[2018-01-07T22:43:51.146] [INFO] app - 注册 Router [index]
[2018-01-07T22:43:51.148] [INFO] app - 注册 Router [server]
[2018-01-07T22:43:51.151] [INFO] app - 启动项目成功 端口：3000
[2018-01-07T22:43:59.935] [INFO] app - 正在启动项目 模式: build
