[2018-01-07T22:44:00.186] [INFO] app - 连接数据库 [mysql -h 114.215.183.168 -u gdtv_cms -D gdtv_cms]
[2018-01-07T22:44:00.261] [INFO] app - 注册 Helper [moment]
[2018-01-07T22:44:00.262] [INFO] app - 注册 Helper [async]
[2018-01-07T22:44:00.268] [INFO] app - 注册 Helper [lodash]
[2018-01-07T22:44:00.272] [INFO] app - 注册 Middleware [heiner_static]
[2018-01-07T22:44:00.272] [INFO] app - 注册 Middleware [heiner_query]
[2018-01-07T22:44:00.273] [INFO] app - 注册 Middleware [heiner_body]
[2018-01-07T22:44:00.273] [INFO] app - 注册 Middleware [heiner_view]
[2018-01-07T22:44:00.320] [INFO] app - 注册 Middleware [heiner_static]
[2018-01-07T22:44:00.327] [INFO] app - 注册 Middleware [heiner_query]
[2018-01-07T22:44:00.383] [INFO] app - 注册 Middleware [heiner_body]
[2018-01-07T22:44:00.422] [INFO] app - 注册 Middleware [heiner_view]
[2018-01-07T22:44:00.426] [INFO] app - 注册 Controller [articleinfo.articleinfo]
[2018-01-07T22:44:00.430] [INFO] app - 注册 Controller [describe.describe]
[2018-01-07T22:44:00.433] [INFO] app - 注册 Controller [home]
[2018-01-07T22:44:00.435] [INFO] app - 注册 Controller [server.server]
[2018-01-07T22:44:00.509] [INFO] app - 注册 Router [articleinfo]
[2018-01-07T22:44:00.513] [INFO] app - 注册 Router [describe]
[2018-01-07T22:44:00.514] [INFO] app - 注册 Router [index]
[2018-01-07T22:44:00.516] [INFO] app - 注册 Router [server]
[2018-01-07T22:44:00.519] [INFO] app - 启动项目成功 端口：3000
