[2018-01-07T22:42:00.697] [INFO] app - 正在启动项目 模式: build
[2018-01-07T22:42:00.856] [INFO] app - 连接数据库 [mysql -h 127.0.0.1 -u root -D gdtv_cms]
[2018-01-07T22:42:01.016] [INFO] app - 连接数据库 [sqlite -h gdtvshopr1.mysql.rds.aliyuncs.com -u gdtvroot -D gdtvshop]
[2018-01-07T22:42:01.018] [INFO] app - 连接数据库 [sqlite -h gdtvcmsdb.mysql.rds.aliyuncs.com -u gdtvbalance -D gdtv_balance]
[2018-01-07T22:42:01.020] [INFO] app - 注册 Helper [moment]
[2018-01-07T22:42:01.021] [INFO] app - 注册 Helper [async]
[2018-01-07T22:42:01.027] [INFO] app - 注册 Helper [lodash]
[2018-01-07T22:42:01.031] [INFO] app - 注册 Middleware [heiner_static]
[2018-01-07T22:42:01.031] [INFO] app - 注册 Middleware [heiner_query]
[2018-01-07T22:42:01.031] [INFO] app - 注册 Middleware [heiner_body]
[2018-01-07T22:42:01.032] [INFO] app - 注册 Middleware [heiner_view]
[2018-01-07T22:42:01.059] [INFO] app - 注册 Middleware [heiner_static]
[2018-01-07T22:42:01.065] [INFO] app - 注册 Middleware [heiner_query]
[2018-01-07T22:42:01.098] [INFO] app - 注册 Middleware [heiner_body]
[2018-01-07T22:42:01.127] [INFO] app - 注册 Middleware [heiner_view]
[2018-01-07T22:42:01.130] [INFO] app - 注册 Controller [articleinfo.articleinfo]
[2018-01-07T22:42:01.133] [INFO] app - 注册 Controller [describe.describe]
[2018-01-07T22:42:01.135] [INFO] app - 注册 Controller [home]
[2018-01-07T22:42:01.137] [INFO] app - 注册 Controller [server.server]
[2018-01-07T22:42:01.188] [INFO] app - 注册 Router [articleinfo]
[2018-01-07T22:42:01.191] [INFO] app - 注册 Router [describe]
[2018-01-07T22:42:01.193] [INFO] app - 注册 Router [index]
[2018-01-07T22:42:01.194] [INFO] app - 注册 Router [server]
[2018-01-07T22:42:02.078] [INFO] app - 正在启动项目 模式: build
[2018-01-07T22:42:02.276] [INFO] app - 连接数据库 [mysql -h 127.0.0.1 -u root -D gdtv_cms]
[2018-01-07T22:42:02.476] [INFO] app - 连接数据库 [sqlite -h gdtvshopr1.mysql.rds.aliyuncs.com -u gdtvroot -D gdtvshop]
[2018-01-07T22:42:02.479] [INFO] app - 连接数据库 [sqlite -h gdtvcmsdb.mysql.rds.aliyuncs.com -u gdtvbalance -D gdtv_balance]
[2018-01-07T22:42:02.481] [INFO] app - 注册 Helper [moment]
[2018-01-07T22:42:02.482] [INFO] app - 注册 Helper [async]
[2018-01-07T22:42:02.490] [INFO] app - 注册 Helper [lodash]
[2018-01-07T22:42:02.494] [INFO] app - 注册 Middleware [heiner_static]
[2018-01-07T22:42:02.494] [INFO] app - 注册 Middleware [heiner_query]
[2018-01-07T22:42:02.494] [INFO] app - 注册 Middleware [heiner_body]
[2018-01-07T22:42:02.495] [INFO] app - 注册 Middleware [heiner_view]
[2018-01-07T22:42:02.532] [INFO] app - 注册 Middleware [heiner_static]
[2018-01-07T22:42:02.537] [INFO] app - 注册 Middleware [heiner_query]
[2018-01-07T22:42:02.576] [INFO] app - 注册 Middleware [heiner_body]
[2018-01-07T22:42:02.604] [INFO] app - 注册 Middleware [heiner_view]
[2018-01-07T22:42:02.607] [INFO] app - 注册 Controller [articleinfo.articleinfo]
[2018-01-07T22:42:02.610] [INFO] app - 注册 Controller [describe.describe]
[2018-01-07T22:42:02.612] [INFO] app - 注册 Controller [home]
[2018-01-07T22:42:02.614] [INFO] app - 注册 Controller [server.server]
[2018-01-07T22:42:02.690] [INFO] app - 注册 Router [articleinfo]
[2018-01-07T22:42:02.693] [INFO] app - 注册 Router [describe]
[2018-01-07T22:42:02.695] [INFO] app - 注册 Router [index]
[2018-01-07T22:42:02.696] [INFO] app - 注册 Router [server]
[2018-01-07T22:42:03.781] [INFO] app - 正在启动项目 模式: build
[2018-01-07T22:42:04.091] [INFO] app - 连接数据库 [mysql -h 127.0.0.1 -u root -D gdtv_cms]
[2018-01-07T22:42:04.524] [INFO] app - 连接数据库 [sqlite -h gdtvshopr1.mysql.rds.aliyuncs.com -u gdtvroot -D gdtvshop]
[2018-01-07T22:42:04.526] [INFO] app - 连接数据库 [sqlite -h gdtvcmsdb.mysql.rds.aliyuncs.com -u gdtvbalance -D gdtv_balance]
[2018-01-07T22:42:04.530] [INFO] app - 注册 Helper [moment]
[2018-01-07T22:42:04.531] [INFO] app - 注册 Helper [async]
[2018-01-07T22:42:04.542] [INFO] app - 注册 Helper [lodash]
[2018-01-07T22:42:04.548] [INFO] app - 注册 Middleware [heiner_static]
[2018-01-07T22:42:04.548] [INFO] app - 注册 Middleware [heiner_query]
[2018-01-07T22:42:04.549] [INFO] app - 注册 Middleware [heiner_body]
[2018-01-07T22:42:04.549] [INFO] app - 注册 Middleware [heiner_view]
[2018-01-07T22:42:04.623] [INFO] app - 注册 Middleware [heiner_static]
[2018-01-07T22:42:04.643] [INFO] app - 注册 Middleware [heiner_query]
[2018-01-07T22:42:04.705] [INFO] app - 注册 Middleware [heiner_body]
[2018-01-07T22:42:04.784] [INFO] app - 注册 Middleware [heiner_view]
[2018-01-07T22:42:04.792] [INFO] app - 注册 Controller [articleinfo.articleinfo]
[2018-01-07T22:42:04.797] [INFO] app - 注册 Controller [describe.describe]
[2018-01-07T22:42:04.800] [INFO] app - 注册 Controller [home]
[2018-01-07T22:42:04.802] [INFO] app - 注册 Controller [server.server]
[2018-01-07T22:42:04.884] [INFO] app - 注册 Router [articleinfo]
[2018-01-07T22:42:04.887] [INFO] app - 注册 Router [describe]
[2018-01-07T22:42:04.889] [INFO] app - 注册 Router [index]
[2018-01-07T22:42:04.890] [INFO] app - 注册 Router [server]
[2018-01-07T22:42:05.929] [INFO] app - 正在启动项目 模式: build
[2018-01-07T22:42:06.119] [INFO] app - 连接数据库 [mysql -h 127.0.0.1 -u root -D gdtv_cms]
[2018-01-07T22:42:06.312] [INFO] app - 连接数据库 [sqlite -h gdtvshopr1.mysql.rds.aliyuncs.com -u gdtvroot -D gdtvshop]
[2018-01-07T22:42:06.315] [INFO] app - 连接数据库 [sqlite -h gdtvcmsdb.mysql.rds.aliyuncs.com -u gdtvbalance -D gdtv_balance]
[2018-01-07T22:42:06.318] [INFO] app - 注册 Helper [moment]
[2018-01-07T22:42:06.318] [INFO] app - 注册 Helper [async]
[2018-01-07T22:42:06.326] [INFO] app - 注册 Helper [lodash]
[2018-01-07T22:42:06.330] [INFO] app - 注册 Middleware [heiner_static]
[2018-01-07T22:42:06.330] [INFO] app - 注册 Middleware [heiner_query]
[2018-01-07T22:42:06.331] [INFO] app - 注册 Middleware [heiner_body]
[2018-01-07T22:42:06.331] [INFO] app - 注册 Middleware [heiner_view]
[2018-01-07T22:42:06.365] [INFO] app - 注册 Middleware [heiner_static]
[2018-01-07T22:42:06.371] [INFO] app - 注册 Middleware [heiner_query]
[2018-01-07T22:42:06.415] [INFO] app - 注册 Middleware [heiner_body]
[2018-01-07T22:42:06.485] [INFO] app - 注册 Middleware [heiner_view]
[2018-01-07T22:42:06.489] [INFO] app - 注册 Controller [articleinfo.articleinfo]
[2018-01-07T22:42:06.493] [INFO] app - 注册 Controller [describe.describe]
[2018-01-07T22:42:06.498] [INFO] app - 注册 Controller [home]
[2018-01-07T22:42:06.501] [INFO] app - 注册 Controller [server.server]
[2018-01-07T22:42:06.633] [INFO] app - 注册 Router [articleinfo]
[2018-01-07T22:42:06.637] [INFO] app - 注册 Router [describe]
[2018-01-07T22:42:06.639] [INFO] app - 注册 Router [index]
[2018-01-07T22:42:06.641] [INFO] app - 注册 Router [server]
[2018-01-07T22:42:08.044] [INFO] app - 正在启动项目 模式: build
[2018-01-07T22:42:08.206] [INFO] app - 连接数据库 [mysql -h 127.0.0.1 -u root -D gdtv_cms]
[2018-01-07T22:42:08.392] [INFO] app - 连接数据库 [sqlite -h gdtvshopr1.mysql.rds.aliyuncs.com -u gdtvroot -D gdtvshop]
[2018-01-07T22:42:08.394] [INFO] app - 连接数据库 [sqlite -h gdtvcmsdb.mysql.rds.aliyuncs.com -u gdtvbalance -D gdtv_balance]
[2018-01-07T22:42:08.397] [INFO] app - 注册 Helper [moment]
[2018-01-07T22:42:08.397] [INFO] app - 注册 Helper [async]
[2018-01-07T22:42:08.404] [INFO] app - 注册 Helper [lodash]
[2018-01-07T22:42:08.409] [INFO] app - 注册 Middleware [heiner_static]
[2018-01-07T22:42:08.409] [INFO] app - 注册 Middleware [heiner_query]
[2018-01-07T22:42:08.409] [INFO] app - 注册 Middleware [heiner_body]
[2018-01-07T22:42:08.410] [INFO] app - 注册 Middleware [heiner_view]
[2018-01-07T22:42:08.448] [INFO] app - 注册 Middleware [heiner_static]
[2018-01-07T22:42:08.455] [INFO] app - 注册 Middleware [heiner_query]
[2018-01-07T22:42:08.488] [INFO] app - 注册 Middleware [heiner_body]
[2018-01-07T22:42:08.525] [INFO] app - 注册 Middleware [heiner_view]
[2018-01-07T22:42:08.529] [INFO] app - 注册 Controller [articleinfo.articleinfo]
[2018-01-07T22:42:08.533] [INFO] app - 注册 Controller [describe.describe]
[2018-01-07T22:42:08.536] [INFO] app - 注册 Controller [home]
[2018-01-07T22:42:08.538] [INFO] app - 注册 Controller [server.server]
[2018-01-07T22:42:08.613] [INFO] app - 注册 Router [articleinfo]
[2018-01-07T22:42:08.616] [INFO] app - 注册 Router [describe]
[2018-01-07T22:42:08.617] [INFO] app - 注册 Router [index]
[2018-01-07T22:42:08.619] [INFO] app - 注册 Router [server]
[2018-01-07T22:42:09.522] [INFO] app - 正在启动项目 模式: build
[2018-01-07T22:42:09.679] [INFO] app - 连接数据库 [mysql -h 127.0.0.1 -u root -D gdtv_cms]
[2018-01-07T22:42:09.909] [INFO] app - 连接数据库 [sqlite -h gdtvshopr1.mysql.rds.aliyuncs.com -u gdtvroot -D gdtvshop]
[2018-01-07T22:42:09.912] [INFO] app - 连接数据库 [sqlite -h gdtvcmsdb.mysql.rds.aliyuncs.com -u gdtvbalance -D gdtv_balance]
[2018-01-07T22:42:09.916] [INFO] app - 注册 Helper [moment]
[2018-01-07T22:42:09.917] [INFO] app - 注册 Helper [async]
[2018-01-07T22:42:09.927] [INFO] app - 注册 Helper [lodash]
[2018-01-07T22:42:09.934] [INFO] app - 注册 Middleware [heiner_static]
[2018-01-07T22:42:09.935] [INFO] app - 注册 Middleware [heiner_query]
[2018-01-07T22:42:09.935] [INFO] app - 注册 Middleware [heiner_body]
[2018-01-07T22:42:09.936] [INFO] app - 注册 Middleware [heiner_view]
[2018-01-07T22:42:09.987] [INFO] app - 注册 Middleware [heiner_static]
[2018-01-07T22:42:09.993] [INFO] app - 注册 Middleware [heiner_query]
[2018-01-07T22:42:10.054] [INFO] app - 注册 Middleware [heiner_body]
[2018-01-07T22:42:10.098] [INFO] app - 注册 Middleware [heiner_view]
[2018-01-07T22:42:10.102] [INFO] app - 注册 Controller [articleinfo.articleinfo]
[2018-01-07T22:42:10.107] [INFO] app - 注册 Controller [describe.describe]
[2018-01-07T22:42:10.110] [INFO] app - 注册 Controller [home]
[2018-01-07T22:42:10.112] [INFO] app - 注册 Controller [server.server]
[2018-01-07T22:42:10.204] [INFO] app - 注册 Router [articleinfo]
[2018-01-07T22:42:10.209] [INFO] app - 注册 Router [describe]
[2018-01-07T22:42:10.211] [INFO] app - 注册 Router [index]
[2018-01-07T22:42:10.212] [INFO] app - 注册 Router [server]
[2018-01-07T22:42:11.370] [INFO] app - 正在启动项目 模式: build
[2018-01-07T22:42:11.535] [INFO] app - 连接数据库 [mysql -h 127.0.0.1 -u root -D gdtv_cms]
[2018-01-07T22:42:11.744] [INFO] app - 连接数据库 [sqlite -h gdtvshopr1.mysql.rds.aliyuncs.com -u gdtvroot -D gdtvshop]
[2018-01-07T22:42:11.746] [INFO] app - 连接数据库 [sqlite -h gdtvcmsdb.mysql.rds.aliyuncs.com -u gdtvbalance -D gdtv_balance]
[2018-01-07T22:42:11.749] [INFO] app - 注册 Helper [moment]
[2018-01-07T22:42:11.749] [INFO] app - 注册 Helper [async]
[2018-01-07T22:42:11.756] [INFO] app - 注册 Helper [lodash]
[2018-01-07T22:42:11.759] [INFO] app - 注册 Middleware [heiner_static]
[2018-01-07T22:42:11.760] [INFO] app - 注册 Middleware [heiner_query]
[2018-01-07T22:42:11.760] [INFO] app - 注册 Middleware [heiner_body]
[2018-01-07T22:42:11.760] [INFO] app - 注册 Middleware [heiner_view]
[2018-01-07T22:42:11.792] [INFO] app - 注册 Middleware [heiner_static]
[2018-01-07T22:42:11.796] [INFO] app - 注册 Middleware [heiner_query]
[2018-01-07T22:42:11.832] [INFO] app - 注册 Middleware [heiner_body]
[2018-01-07T22:42:11.862] [INFO] app - 注册 Middleware [heiner_view]
[2018-01-07T22:42:11.865] [INFO] app - 注册 Controller [articleinfo.articleinfo]
[2018-01-07T22:42:11.868] [INFO] app - 注册 Controller [describe.describe]
[2018-01-07T22:42:11.870] [INFO] app - 注册 Controller [home]
[2018-01-07T22:42:11.872] [INFO] app - 注册 Controller [server.server]
[2018-01-07T22:42:11.932] [INFO] app - 注册 Router [articleinfo]
[2018-01-07T22:42:11.935] [INFO] app - 注册 Router [describe]
[2018-01-07T22:42:11.936] [INFO] app - 注册 Router [index]
[2018-01-07T22:42:11.938] [INFO] app - 注册 Router [server]
[2018-01-07T22:42:12.799] [INFO] app - 正在启动项目 模式: build
[2018-01-07T22:42:12.947] [INFO] app - 连接数据库 [mysql -h 127.0.0.1 -u root -D gdtv_cms]
[2018-01-07T22:42:13.112] [INFO] app - 连接数据库 [sqlite -h gdtvshopr1.mysql.rds.aliyuncs.com -u gdtvroot -D gdtvshop]
[2018-01-07T22:42:13.114] [INFO] app - 连接数据库 [sqlite -h gdtvcmsdb.mysql.rds.aliyuncs.com -u gdtvbalance -D gdtv_balance]
[2018-01-07T22:42:13.116] [INFO] app - 注册 Helper [moment]
[2018-01-07T22:42:13.117] [INFO] app - 注册 Helper [async]
[2018-01-07T22:42:13.123] [INFO] app - 注册 Helper [lodash]
[2018-01-07T22:42:13.127] [INFO] app - 注册 Middleware [heiner_static]
[2018-01-07T22:42:13.128] [INFO] app - 注册 Middleware [heiner_query]
[2018-01-07T22:42:13.128] [INFO] app - 注册 Middleware [heiner_body]
[2018-01-07T22:42:13.129] [INFO] app - 注册 Middleware [heiner_view]
[2018-01-07T22:42:13.163] [INFO] app - 注册 Middleware [heiner_static]
[2018-01-07T22:42:13.168] [INFO] app - 注册 Middleware [heiner_query]
[2018-01-07T22:42:13.207] [INFO] app - 注册 Middleware [heiner_body]
[2018-01-07T22:42:13.244] [INFO] app - 注册 Middleware [heiner_view]
[2018-01-07T22:42:13.248] [INFO] app - 注册 Controller [articleinfo.articleinfo]
[2018-01-07T22:42:13.250] [INFO] app - 注册 Controller [describe.describe]
[2018-01-07T22:42:13.256] [INFO] app - 注册 Controller [home]
[2018-01-07T22:42:13.257] [INFO] app - 注册 Controller [server.server]
[2018-01-07T22:42:13.316] [INFO] app - 注册 Router [articleinfo]
[2018-01-07T22:42:13.318] [INFO] app - 注册 Router [describe]
[2018-01-07T22:42:13.320] [INFO] app - 注册 Router [index]
[2018-01-07T22:42:13.321] [INFO] app - 注册 Router [server]
[2018-01-07T22:42:14.215] [INFO] app - 正在启动项目 模式: build
[2018-01-07T22:42:14.371] [INFO] app - 连接数据库 [mysql -h 127.0.0.1 -u root -D gdtv_cms]
[2018-01-07T22:42:14.552] [INFO] app - 连接数据库 [sqlite -h gdtvshopr1.mysql.rds.aliyuncs.com -u gdtvroot -D gdtvshop]
[2018-01-07T22:42:14.554] [INFO] app - 连接数据库 [sqlite -h gdtvcmsdb.mysql.rds.aliyuncs.com -u gdtvbalance -D gdtv_balance]
[2018-01-07T22:42:14.556] [INFO] app - 注册 Helper [moment]
[2018-01-07T22:42:14.557] [INFO] app - 注册 Helper [async]
[2018-01-07T22:42:14.572] [INFO] app - 注册 Helper [lodash]
[2018-01-07T22:42:14.576] [INFO] app - 注册 Middleware [heiner_static]
[2018-01-07T22:42:14.577] [INFO] app - 注册 Middleware [heiner_query]
[2018-01-07T22:42:14.577] [INFO] app - 注册 Middleware [heiner_body]
[2018-01-07T22:42:14.577] [INFO] app - 注册 Middleware [heiner_view]
[2018-01-07T22:42:14.610] [INFO] app - 注册 Middleware [heiner_static]
[2018-01-07T22:42:14.615] [INFO] app - 注册 Middleware [heiner_query]
[2018-01-07T22:42:14.650] [INFO] app - 注册 Middleware [heiner_body]
[2018-01-07T22:42:14.679] [INFO] app - 注册 Middleware [heiner_view]
[2018-01-07T22:42:14.682] [INFO] app - 注册 Controller [articleinfo.articleinfo]
[2018-01-07T22:42:14.687] [INFO] app - 注册 Controller [describe.describe]
[2018-01-07T22:42:14.689] [INFO] app - 注册 Controller [home]
[2018-01-07T22:42:14.691] [INFO] app - 注册 Controller [server.server]
[2018-01-07T22:42:14.752] [INFO] app - 注册 Router [articleinfo]
[2018-01-07T22:42:14.755] [INFO] app - 注册 Router [describe]
[2018-01-07T22:42:14.757] [INFO] app - 注册 Router [index]
[2018-01-07T22:42:14.758] [INFO] app - 注册 Router [server]
[2018-01-07T22:42:15.675] [INFO] app - 正在启动项目 模式: build
[2018-01-07T22:42:15.942] [INFO] app - 连接数据库 [mysql -h 127.0.0.1 -u root -D gdtv_cms]
[2018-01-07T22:42:16.335] [INFO] app - 连接数据库 [sqlite -h gdtvshopr1.mysql.rds.aliyuncs.com -u gdtvroot -D gdtvshop]
[2018-01-07T22:42:16.339] [INFO] app - 连接数据库 [sqlite -h gdtvcmsdb.mysql.rds.aliyuncs.com -u gdtvbalance -D gdtv_balance]
[2018-01-07T22:42:16.342] [INFO] app - 注册 Helper [moment]
[2018-01-07T22:42:16.343] [INFO] app - 注册 Helper [async]
[2018-01-07T22:42:16.354] [INFO] app - 注册 Helper [lodash]
[2018-01-07T22:42:16.361] [INFO] app - 注册 Middleware [heiner_static]
[2018-01-07T22:42:16.362] [INFO] app - 注册 Middleware [heiner_query]
[2018-01-07T22:42:16.362] [INFO] app - 注册 Middleware [heiner_body]
[2018-01-07T22:42:16.362] [INFO] app - 注册 Middleware [heiner_view]
[2018-01-07T22:42:16.430] [INFO] app - 注册 Middleware [heiner_static]
[2018-01-07T22:42:16.441] [INFO] app - 注册 Middleware [heiner_query]
[2018-01-07T22:42:16.512] [INFO] app - 注册 Middleware [heiner_body]
[2018-01-07T22:42:16.552] [INFO] app - 注册 Middleware [heiner_view]
[2018-01-07T22:42:16.555] [INFO] app - 注册 Controller [articleinfo.articleinfo]
[2018-01-07T22:42:16.559] [INFO] app - 注册 Controller [describe.describe]
[2018-01-07T22:42:16.569] [INFO] app - 注册 Controller [home]
[2018-01-07T22:42:16.571] [INFO] app - 注册 Controller [server.server]
[2018-01-07T22:42:16.657] [INFO] app - 注册 Router [articleinfo]
[2018-01-07T22:42:16.660] [INFO] app - 注册 Router [describe]
[2018-01-07T22:42:16.662] [INFO] app - 注册 Router [index]
[2018-01-07T22:42:16.664] [INFO] app - 注册 Router [server]
[2018-01-07T22:42:17.613] [INFO] app - 正在启动项目 模式: build
[2018-01-07T22:42:17.775] [INFO] app - 连接数据库 [mysql -h 127.0.0.1 -u root -D gdtv_cms]
[2018-01-07T22:42:17.975] [INFO] app - 连接数据库 [sqlite -h gdtvshopr1.mysql.rds.aliyuncs.com -u gdtvroot -D gdtvshop]
[2018-01-07T22:42:17.977] [INFO] app - 连接数据库 [sqlite -h gdtvcmsdb.mysql.rds.aliyuncs.com -u gdtvbalance -D gdtv_balance]
[2018-01-07T22:42:17.979] [INFO] app - 注册 Helper [moment]
[2018-01-07T22:42:17.980] [INFO] app - 注册 Helper [async]
[2018-01-07T22:42:17.988] [INFO] app - 注册 Helper [lodash]
[2018-01-07T22:42:17.992] [INFO] app - 注册 Middleware [heiner_static]
[2018-01-07T22:42:17.992] [INFO] app - 注册 Middleware [heiner_query]
[2018-01-07T22:42:17.993] [INFO] app - 注册 Middleware [heiner_body]
[2018-01-07T22:42:17.993] [INFO] app - 注册 Middleware [heiner_view]
[2018-01-07T22:42:18.024] [INFO] app - 注册 Middleware [heiner_static]
[2018-01-07T22:42:18.031] [INFO] app - 注册 Middleware [heiner_query]
[2018-01-07T22:42:18.074] [INFO] app - 注册 Middleware [heiner_body]
[2018-01-07T22:42:18.105] [INFO] app - 注册 Middleware [heiner_view]
[2018-01-07T22:42:18.108] [INFO] app - 注册 Controller [articleinfo.articleinfo]
[2018-01-07T22:42:18.111] [INFO] app - 注册 Controller [describe.describe]
[2018-01-07T22:42:18.113] [INFO] app - 注册 Controller [home]
[2018-01-07T22:42:18.114] [INFO] app - 注册 Controller [server.server]
[2018-01-07T22:42:18.174] [INFO] app - 注册 Router [articleinfo]
[2018-01-07T22:42:18.177] [INFO] app - 注册 Router [describe]
[2018-01-07T22:42:18.178] [INFO] app - 注册 Router [index]
[2018-01-07T22:42:18.179] [INFO] app - 注册 Router [server]
[2018-01-07T22:42:19.146] [INFO] app - 正在启动项目 模式: build
[2018-01-07T22:42:19.302] [INFO] app - 连接数据库 [mysql -h 127.0.0.1 -u root -D gdtv_cms]
[2018-01-07T22:42:19.494] [INFO] app - 连接数据库 [sqlite -h gdtvshopr1.mysql.rds.aliyuncs.com -u gdtvroot -D gdtvshop]
[2018-01-07T22:42:19.499] [INFO] app - 连接数据库 [sqlite -h gdtvcmsdb.mysql.rds.aliyuncs.com -u gdtvbalance -D gdtv_balance]
[2018-01-07T22:42:19.501] [INFO] app - 注册 Helper [moment]
[2018-01-07T22:42:19.502] [INFO] app - 注册 Helper [async]
[2018-01-07T22:42:19.508] [INFO] app - 注册 Helper [lodash]
[2018-01-07T22:42:19.511] [INFO] app - 注册 Middleware [heiner_static]
[2018-01-07T22:42:19.512] [INFO] app - 注册 Middleware [heiner_query]
[2018-01-07T22:42:19.512] [INFO] app - 注册 Middleware [heiner_body]
[2018-01-07T22:42:19.512] [INFO] app - 注册 Middleware [heiner_view]
[2018-01-07T22:42:19.542] [INFO] app - 注册 Middleware [heiner_static]
[2018-01-07T22:42:19.547] [INFO] app - 注册 Middleware [heiner_query]
[2018-01-07T22:42:19.593] [INFO] app - 注册 Middleware [heiner_body]
[2018-01-07T22:42:19.624] [INFO] app - 注册 Middleware [heiner_view]
[2018-01-07T22:42:19.627] [INFO] app - 注册 Controller [articleinfo.articleinfo]
[2018-01-07T22:42:19.629] [INFO] app - 注册 Controller [describe.describe]
[2018-01-07T22:42:19.631] [INFO] app - 注册 Controller [home]
[2018-01-07T22:42:19.633] [INFO] app - 注册 Controller [server.server]
[2018-01-07T22:42:19.694] [INFO] app - 注册 Router [articleinfo]
[2018-01-07T22:42:19.697] [INFO] app - 注册 Router [describe]
[2018-01-07T22:42:19.698] [INFO] app - 注册 Router [index]
[2018-01-07T22:42:19.699] [INFO] app - 注册 Router [server]
[2018-01-07T22:42:20.604] [INFO] app - 正在启动项目 模式: build
[2018-01-07T22:42:20.776] [INFO] app - 连接数据库 [mysql -h 127.0.0.1 -u root -D gdtv_cms]
[2018-01-07T22:42:20.955] [INFO] app - 连接数据库 [sqlite -h gdtvshopr1.mysql.rds.aliyuncs.com -u gdtvroot -D gdtvshop]
[2018-01-07T22:42:20.957] [INFO] app - 连接数据库 [sqlite -h gdtvcmsdb.mysql.rds.aliyuncs.com -u gdtvbalance -D gdtv_balance]
[2018-01-07T22:42:20.959] [INFO] app - 注册 Helper [moment]
[2018-01-07T22:42:20.960] [INFO] app - 注册 Helper [async]
[2018-01-07T22:42:20.966] [INFO] app - 注册 Helper [lodash]
[2018-01-07T22:42:20.969] [INFO] app - 注册 Middleware [heiner_static]
[2018-01-07T22:42:20.970] [INFO] app - 注册 Middleware [heiner_query]
[2018-01-07T22:42:20.970] [INFO] app - 注册 Middleware [heiner_body]
[2018-01-07T22:42:20.970] [INFO] app - 注册 Middleware [heiner_view]
[2018-01-07T22:42:21.001] [INFO] app - 注册 Middleware [heiner_static]
[2018-01-07T22:42:21.007] [INFO] app - 注册 Middleware [heiner_query]
[2018-01-07T22:42:21.046] [INFO] app - 注册 Middleware [heiner_body]
[2018-01-07T22:42:21.074] [INFO] app - 注册 Middleware [heiner_view]
[2018-01-07T22:42:21.078] [INFO] app - 注册 Controller [articleinfo.articleinfo]
[2018-01-07T22:42:21.081] [INFO] app - 注册 Controller [describe.describe]
[2018-01-07T22:42:21.083] [INFO] app - 注册 Controller [home]
[2018-01-07T22:42:21.084] [INFO] app - 注册 Controller [server.server]
[2018-01-07T22:42:21.153] [INFO] app - 注册 Router [articleinfo]
[2018-01-07T22:42:21.155] [INFO] app - 注册 Router [describe]
[2018-01-07T22:42:21.157] [INFO] app - 注册 Router [index]
[2018-01-07T22:42:21.159] [INFO] app - 注册 Router [server]
[2018-01-07T22:42:22.415] [INFO] app - 正在启动项目 模式: build
[2018-01-07T22:42:22.654] [INFO] app - 连接数据库 [mysql -h 127.0.0.1 -u root -D gdtv_cms]
[2018-01-07T22:42:22.866] [INFO] app - 连接数据库 [sqlite -h gdtvshopr1.mysql.rds.aliyuncs.com -u gdtvroot -D gdtvshop]
[2018-01-07T22:42:22.868] [INFO] app - 连接数据库 [sqlite -h gdtvcmsdb.mysql.rds.aliyuncs.com -u gdtvbalance -D gdtv_balance]
[2018-01-07T22:42:22.870] [INFO] app - 注册 Helper [moment]
[2018-01-07T22:42:22.871] [INFO] app - 注册 Helper [async]
[2018-01-07T22:42:22.878] [INFO] app - 注册 Helper [lodash]
[2018-01-07T22:42:22.881] [INFO] app - 注册 Middleware [heiner_static]
[2018-01-07T22:42:22.881] [INFO] app - 注册 Middleware [heiner_query]
[2018-01-07T22:42:22.882] [INFO] app - 注册 Middleware [heiner_body]
[2018-01-07T22:42:22.882] [INFO] app - 注册 Middleware [heiner_view]
[2018-01-07T22:42:22.919] [INFO] app - 注册 Middleware [heiner_static]
[2018-01-07T22:42:22.924] [INFO] app - 注册 Middleware [heiner_query]
[2018-01-07T22:42:22.958] [INFO] app - 注册 Middleware [heiner_body]
[2018-01-07T22:42:22.989] [INFO] app - 注册 Middleware [heiner_view]
[2018-01-07T22:42:22.993] [INFO] app - 注册 Controller [articleinfo.articleinfo]
[2018-01-07T22:42:22.995] [INFO] app - 注册 Controller [describe.describe]
[2018-01-07T22:42:22.998] [INFO] app - 注册 Controller [home]
[2018-01-07T22:42:23.000] [INFO] app - 注册 Controller [server.server]
[2018-01-07T22:42:23.064] [INFO] app - 注册 Router [articleinfo]
[2018-01-07T22:42:23.068] [INFO] app - 注册 Router [describe]
[2018-01-07T22:42:23.069] [INFO] app - 注册 Router [index]
[2018-01-07T22:42:23.071] [INFO] app - 注册 Router [server]
[2018-01-07T22:42:23.953] [INFO] app - 正在启动项目 模式: build
[2018-01-07T22:42:24.112] [INFO] app - 连接数据库 [mysql -h 127.0.0.1 -u root -D gdtv_cms]
[2018-01-07T22:42:24.288] [INFO] app - 连接数据库 [sqlite -h gdtvshopr1.mysql.rds.aliyuncs.com -u gdtvroot -D gdtvshop]
[2018-01-07T22:42:24.289] [INFO] app - 连接数据库 [sqlite -h gdtvcmsdb.mysql.rds.aliyuncs.com -u gdtvbalance -D gdtv_balance]
[2018-01-07T22:42:24.293] [INFO] app - 注册 Helper [moment]
[2018-01-07T22:42:24.294] [INFO] app - 注册 Helper [async]
[2018-01-07T22:42:24.301] [INFO] app - 注册 Helper [lodash]
[2018-01-07T22:42:24.306] [INFO] app - 注册 Middleware [heiner_static]
[2018-01-07T22:42:24.306] [INFO] app - 注册 Middleware [heiner_query]
[2018-01-07T22:42:24.306] [INFO] app - 注册 Middleware [heiner_body]
[2018-01-07T22:42:24.307] [INFO] app - 注册 Middleware [heiner_view]
[2018-01-07T22:42:24.338] [INFO] app - 注册 Middleware [heiner_static]
[2018-01-07T22:42:24.344] [INFO] app - 注册 Middleware [heiner_query]
[2018-01-07T22:42:24.384] [INFO] app - 注册 Middleware [heiner_body]
[2018-01-07T22:42:24.413] [INFO] app - 注册 Middleware [heiner_view]
[2018-01-07T22:42:24.415] [INFO] app - 注册 Controller [articleinfo.articleinfo]
[2018-01-07T22:42:24.418] [INFO] app - 注册 Controller [describe.describe]
[2018-01-07T22:42:24.420] [INFO] app - 注册 Controller [home]
[2018-01-07T22:42:24.422] [INFO] app - 注册 Controller [server.server]
[2018-01-07T22:42:24.484] [INFO] app - 注册 Router [articleinfo]
[2018-01-07T22:42:24.487] [INFO] app - 注册 Router [describe]
[2018-01-07T22:42:24.489] [INFO] app - 注册 Router [index]
[2018-01-07T22:42:24.490] [INFO] app - 注册 Router [server]
[2018-01-07T22:42:25.413] [INFO] app - 正在启动项目 模式: build
[2018-01-07T22:42:25.565] [INFO] app - 连接数据库 [mysql -h 127.0.0.1 -u root -D gdtv_cms]
[2018-01-07T22:42:25.747] [INFO] app - 连接数据库 [sqlite -h gdtvshopr1.mysql.rds.aliyuncs.com -u gdtvroot -D gdtvshop]
[2018-01-07T22:42:25.749] [INFO] app - 连接数据库 [sqlite -h gdtvcmsdb.mysql.rds.aliyuncs.com -u gdtvbalance -D gdtv_balance]
[2018-01-07T22:42:25.751] [INFO] app - 注册 Helper [moment]
[2018-01-07T22:42:25.752] [INFO] app - 注册 Helper [async]
[2018-01-07T22:42:25.759] [INFO] app - 注册 Helper [lodash]
[2018-01-07T22:42:25.763] [INFO] app - 注册 Middleware [heiner_static]
[2018-01-07T22:42:25.763] [INFO] app - 注册 Middleware [heiner_query]
[2018-01-07T22:42:25.763] [INFO] app - 注册 Middleware [heiner_body]
[2018-01-07T22:42:25.763] [INFO] app - 注册 Middleware [heiner_view]
[2018-01-07T22:42:25.798] [INFO] app - 注册 Middleware [heiner_static]
[2018-01-07T22:42:25.804] [INFO] app - 注册 Middleware [heiner_query]
[2018-01-07T22:42:25.838] [INFO] app - 注册 Middleware [heiner_body]
[2018-01-07T22:42:25.869] [INFO] app - 注册 Middleware [heiner_view]
[2018-01-07T22:42:25.872] [INFO] app - 注册 Controller [articleinfo.articleinfo]
[2018-01-07T22:42:25.875] [INFO] app - 注册 Controller [describe.describe]
[2018-01-07T22:42:25.877] [INFO] app - 注册 Controller [home]
[2018-01-07T22:42:25.878] [INFO] app - 注册 Controller [server.server]
[2018-01-07T22:42:25.934] [INFO] app - 注册 Router [articleinfo]
[2018-01-07T22:42:25.936] [INFO] app - 注册 Router [describe]
[2018-01-07T22:42:25.938] [INFO] app - 注册 Router [index]
[2018-01-07T22:42:25.939] [INFO] app - 注册 Router [server]
[2018-01-07T22:42:26.857] [INFO] app - 正在启动项目 模式: build
[2018-01-07T22:42:27.010] [INFO] app - 连接数据库 [mysql -h 127.0.0.1 -u root -D gdtv_cms]
[2018-01-07T22:42:27.198] [INFO] app - 连接数据库 [sqlite -h gdtvshopr1.mysql.rds.aliyuncs.com -u gdtvroot -D gdtvshop]
[2018-01-07T22:42:27.199] [INFO] app - 连接数据库 [sqlite -h gdtvcmsdb.mysql.rds.aliyuncs.com -u gdtvbalance -D gdtv_balance]
[2018-01-07T22:42:27.202] [INFO] app - 注册 Helper [moment]
[2018-01-07T22:42:27.203] [INFO] app - 注册 Helper [async]
[2018-01-07T22:42:27.210] [INFO] app - 注册 Helper [lodash]
[2018-01-07T22:42:27.214] [INFO] app - 注册 Middleware [heiner_static]
[2018-01-07T22:42:27.215] [INFO] app - 注册 Middleware [heiner_query]
[2018-01-07T22:42:27.215] [INFO] app - 注册 Middleware [heiner_body]
[2018-01-07T22:42:27.215] [INFO] app - 注册 Middleware [heiner_view]
[2018-01-07T22:42:27.247] [INFO] app - 注册 Middleware [heiner_static]
[2018-01-07T22:42:27.254] [INFO] app - 注册 Middleware [heiner_query]
[2018-01-07T22:42:27.373] [INFO] app - 注册 Middleware [heiner_body]
[2018-01-07T22:42:27.429] [INFO] app - 注册 Middleware [heiner_view]
[2018-01-07T22:42:27.433] [INFO] app - 注册 Controller [articleinfo.articleinfo]
[2018-01-07T22:42:27.442] [INFO] app - 注册 Controller [describe.describe]
[2018-01-07T22:42:27.445] [INFO] app - 注册 Controller [home]
[2018-01-07T22:42:27.449] [INFO] app - 注册 Controller [server.server]
[2018-01-07T22:42:27.545] [INFO] app - 注册 Router [articleinfo]
[2018-01-07T22:42:27.549] [INFO] app - 注册 Router [describe]
[2018-01-07T22:42:27.551] [INFO] app - 注册 Router [index]
[2018-01-07T22:42:27.553] [INFO] app - 注册 Router [server]
[2018-01-07T22:42:28.752] [INFO] app - 正在启动项目 模式: build
[2018-01-07T22:42:28.922] [INFO] app - 连接数据库 [mysql -h 127.0.0.1 -u root -D gdtv_cms]
[2018-01-07T22:42:29.122] [INFO] app - 连接数据库 [sqlite -h gdtvshopr1.mysql.rds.aliyuncs.com -u gdtvroot -D gdtvshop]
[2018-01-07T22:42:29.126] [INFO] app - 连接数据库 [sqlite -h gdtvcmsdb.mysql.rds.aliyuncs.com -u gdtvbalance -D gdtv_balance]
[2018-01-07T22:42:29.129] [INFO] app - 注册 Helper [moment]
[2018-01-07T22:42:29.130] [INFO] app - 注册 Helper [async]
[2018-01-07T22:42:29.140] [INFO] app - 注册 Helper [lodash]
[2018-01-07T22:42:29.145] [INFO] app - 注册 Middleware [heiner_static]
[2018-01-07T22:42:29.145] [INFO] app - 注册 Middleware [heiner_query]
[2018-01-07T22:42:29.145] [INFO] app - 注册 Middleware [heiner_body]
[2018-01-07T22:42:29.145] [INFO] app - 注册 Middleware [heiner_view]
[2018-01-07T22:42:29.187] [INFO] app - 注册 Middleware [heiner_static]
[2018-01-07T22:42:29.191] [INFO] app - 注册 Middleware [heiner_query]
[2018-01-07T22:42:29.229] [INFO] app - 注册 Middleware [heiner_body]
[2018-01-07T22:42:29.258] [INFO] app - 注册 Middleware [heiner_view]
[2018-01-07T22:42:29.261] [INFO] app - 注册 Controller [articleinfo.articleinfo]
[2018-01-07T22:42:29.263] [INFO] app - 注册 Controller [describe.describe]
[2018-01-07T22:42:29.265] [INFO] app - 注册 Controller [home]
[2018-01-07T22:42:29.267] [INFO] app - 注册 Controller [server.server]
[2018-01-07T22:42:29.327] [INFO] app - 注册 Router [articleinfo]
[2018-01-07T22:42:29.329] [INFO] app - 注册 Router [describe]
[2018-01-07T22:42:29.330] [INFO] app - 注册 Router [index]
[2018-01-07T22:42:29.331] [INFO] app - 注册 Router [server]
[2018-01-07T22:42:30.212] [INFO] app - 正在启动项目 模式: build
[2018-01-07T22:42:30.369] [INFO] app - 连接数据库 [mysql -h 127.0.0.1 -u root -D gdtv_cms]
[2018-01-07T22:42:30.566] [INFO] app - 连接数据库 [sqlite -h gdtvshopr1.mysql.rds.aliyuncs.com -u gdtvroot -D gdtvshop]
[2018-01-07T22:42:30.568] [INFO] app - 连接数据库 [sqlite -h gdtvcmsdb.mysql.rds.aliyuncs.com -u gdtvbalance -D gdtv_balance]
[2018-01-07T22:42:30.570] [INFO] app - 注册 Helper [moment]
[2018-01-07T22:42:30.571] [INFO] app - 注册 Helper [async]
[2018-01-07T22:42:30.580] [INFO] app - 注册 Helper [lodash]
[2018-01-07T22:42:30.584] [INFO] app - 注册 Middleware [heiner_static]
[2018-01-07T22:42:30.584] [INFO] app - 注册 Middleware [heiner_query]
[2018-01-07T22:42:30.584] [INFO] app - 注册 Middleware [heiner_body]
[2018-01-07T22:42:30.585] [INFO] app - 注册 Middleware [heiner_view]
[2018-01-07T22:42:30.614] [INFO] app - 注册 Middleware [heiner_static]
[2018-01-07T22:42:30.619] [INFO] app - 注册 Middleware [heiner_query]
[2018-01-07T22:42:30.658] [INFO] app - 注册 Middleware [heiner_body]
[2018-01-07T22:42:30.684] [INFO] app - 注册 Middleware [heiner_view]
[2018-01-07T22:42:30.687] [INFO] app - 注册 Controller [articleinfo.articleinfo]
[2018-01-07T22:42:30.691] [INFO] app - 注册 Controller [describe.describe]
[2018-01-07T22:42:30.697] [INFO] app - 注册 Controller [home]
[2018-01-07T22:42:30.698] [INFO] app - 注册 Controller [server.server]
[2018-01-07T22:42:30.770] [INFO] app - 注册 Router [articleinfo]
[2018-01-07T22:42:30.774] [INFO] app - 注册 Router [describe]
[2018-01-07T22:42:30.775] [INFO] app - 注册 Router [index]
[2018-01-07T22:42:30.776] [INFO] app - 注册 Router [server]
[2018-01-07T22:42:31.792] [INFO] app - 正在启动项目 模式: build
[2018-01-07T22:42:31.954] [INFO] app - 连接数据库 [mysql -h 127.0.0.1 -u root -D gdtv_cms]
[2018-01-07T22:42:32.151] [INFO] app - 连接数据库 [sqlite -h gdtvshopr1.mysql.rds.aliyuncs.com -u gdtvroot -D gdtvshop]
[2018-01-07T22:42:32.154] [INFO] app - 连接数据库 [sqlite -h gdtvcmsdb.mysql.rds.aliyuncs.com -u gdtvbalance -D gdtv_balance]
[2018-01-07T22:42:32.157] [INFO] app - 注册 Helper [moment]
[2018-01-07T22:42:32.157] [INFO] app - 注册 Helper [async]
[2018-01-07T22:42:32.163] [INFO] app - 注册 Helper [lodash]
[2018-01-07T22:42:32.166] [INFO] app - 注册 Middleware [heiner_static]
[2018-01-07T22:42:32.167] [INFO] app - 注册 Middleware [heiner_query]
[2018-01-07T22:42:32.168] [INFO] app - 注册 Middleware [heiner_body]
[2018-01-07T22:42:32.168] [INFO] app - 注册 Middleware [heiner_view]
[2018-01-07T22:42:32.199] [INFO] app - 注册 Middleware [heiner_static]
[2018-01-07T22:42:32.203] [INFO] app - 注册 Middleware [heiner_query]
[2018-01-07T22:42:32.244] [INFO] app - 注册 Middleware [heiner_body]
[2018-01-07T22:42:32.276] [INFO] app - 注册 Middleware [heiner_view]
[2018-01-07T22:42:32.281] [INFO] app - 注册 Controller [articleinfo.articleinfo]
[2018-01-07T22:42:32.285] [INFO] app - 注册 Controller [describe.describe]
[2018-01-07T22:42:32.288] [INFO] app - 注册 Controller [home]
[2018-01-07T22:42:32.291] [INFO] app - 注册 Controller [server.server]
[2018-01-07T22:42:32.365] [INFO] app - 注册 Router [articleinfo]
[2018-01-07T22:42:32.368] [INFO] app - 注册 Router [describe]
[2018-01-07T22:42:32.369] [INFO] app - 注册 Router [index]
[2018-01-07T22:42:32.370] [INFO] app - 注册 Router [server]
[2018-01-07T22:42:33.405] [INFO] app - 正在启动项目 模式: build
[2018-01-07T22:42:33.769] [INFO] app - 连接数据库 [mysql -h 127.0.0.1 -u root -D gdtv_cms]
[2018-01-07T22:42:34.084] [INFO] app - 连接数据库 [sqlite -h gdtvshopr1.mysql.rds.aliyuncs.com -u gdtvroot -D gdtvshop]
[2018-01-07T22:42:34.086] [INFO] app - 连接数据库 [sqlite -h gdtvcmsdb.mysql.rds.aliyuncs.com -u gdtvbalance -D gdtv_balance]
[2018-01-07T22:42:34.088] [INFO] app - 注册 Helper [moment]
[2018-01-07T22:42:34.089] [INFO] app - 注册 Helper [async]
[2018-01-07T22:42:34.099] [INFO] app - 注册 Helper [lodash]
[2018-01-07T22:42:34.104] [INFO] app - 注册 Middleware [heiner_static]
[2018-01-07T22:42:34.104] [INFO] app - 注册 Middleware [heiner_query]
[2018-01-07T22:42:34.106] [INFO] app - 注册 Middleware [heiner_body]
[2018-01-07T22:42:34.106] [INFO] app - 注册 Middleware [heiner_view]
[2018-01-07T22:42:34.147] [INFO] app - 注册 Middleware [heiner_static]
[2018-01-07T22:42:34.151] [INFO] app - 注册 Middleware [heiner_query]
[2018-01-07T22:42:34.191] [INFO] app - 注册 Middleware [heiner_body]
[2018-01-07T22:42:34.224] [INFO] app - 注册 Middleware [heiner_view]
[2018-01-07T22:42:34.228] [INFO] app - 注册 Controller [articleinfo.articleinfo]
[2018-01-07T22:42:34.231] [INFO] app - 注册 Controller [describe.describe]
[2018-01-07T22:42:34.234] [INFO] app - 注册 Controller [home]
[2018-01-07T22:42:34.236] [INFO] app - 注册 Controller [server.server]
[2018-01-07T22:42:34.307] [INFO] app - 注册 Router [articleinfo]
[2018-01-07T22:42:34.310] [INFO] app - 注册 Router [describe]
[2018-01-07T22:42:34.312] [INFO] app - 注册 Router [index]
[2018-01-07T22:42:34.314] [INFO] app - 注册 Router [server]
[2018-01-07T22:42:35.184] [INFO] app - 正在启动项目 模式: build
[2018-01-07T22:42:35.339] [INFO] app - 连接数据库 [mysql -h 127.0.0.1 -u root -D gdtv_cms]
[2018-01-07T22:42:35.557] [INFO] app - 连接数据库 [sqlite -h gdtvshopr1.mysql.rds.aliyuncs.com -u gdtvroot -D gdtvshop]
[2018-01-07T22:42:35.565] [INFO] app - 连接数据库 [sqlite -h gdtvcmsdb.mysql.rds.aliyuncs.com -u gdtvbalance -D gdtv_balance]
[2018-01-07T22:42:35.568] [INFO] app - 注册 Helper [moment]
[2018-01-07T22:42:35.568] [INFO] app - 注册 Helper [async]
[2018-01-07T22:42:35.577] [INFO] app - 注册 Helper [lodash]
[2018-01-07T22:42:35.582] [INFO] app - 注册 Middleware [heiner_static]
[2018-01-07T22:42:35.582] [INFO] app - 注册 Middleware [heiner_query]
[2018-01-07T22:42:35.582] [INFO] app - 注册 Middleware [heiner_body]
[2018-01-07T22:42:35.583] [INFO] app - 注册 Middleware [heiner_view]
[2018-01-07T22:42:35.617] [INFO] app - 注册 Middleware [heiner_static]
[2018-01-07T22:42:35.621] [INFO] app - 注册 Middleware [heiner_query]
[2018-01-07T22:42:35.666] [INFO] app - 注册 Middleware [heiner_body]
[2018-01-07T22:42:35.693] [INFO] app - 注册 Middleware [heiner_view]
[2018-01-07T22:42:35.697] [INFO] app - 注册 Controller [articleinfo.articleinfo]
[2018-01-07T22:42:35.701] [INFO] app - 注册 Controller [describe.describe]
[2018-01-07T22:42:35.704] [INFO] app - 注册 Controller [home]
[2018-01-07T22:42:35.706] [INFO] app - 注册 Controller [server.server]
[2018-01-07T22:42:35.783] [INFO] app - 注册 Router [articleinfo]
[2018-01-07T22:42:35.786] [INFO] app - 注册 Router [describe]
[2018-01-07T22:42:35.787] [INFO] app - 注册 Router [index]
[2018-01-07T22:42:35.790] [INFO] app - 注册 Router [server]
[2018-01-07T22:42:36.679] [INFO] app - 正在启动项目 模式: build
[2018-01-07T22:42:36.832] [INFO] app - 连接数据库 [mysql -h 127.0.0.1 -u root -D gdtv_cms]
[2018-01-07T22:42:37.007] [INFO] app - 连接数据库 [sqlite -h gdtvshopr1.mysql.rds.aliyuncs.com -u gdtvroot -D gdtvshop]
[2018-01-07T22:42:37.008] [INFO] app - 连接数据库 [sqlite -h gdtvcmsdb.mysql.rds.aliyuncs.com -u gdtvbalance -D gdtv_balance]
[2018-01-07T22:42:37.011] [INFO] app - 注册 Helper [moment]
[2018-01-07T22:42:37.011] [INFO] app - 注册 Helper [async]
[2018-01-07T22:42:37.018] [INFO] app - 注册 Helper [lodash]
[2018-01-07T22:42:37.021] [INFO] app - 注册 Middleware [heiner_static]
[2018-01-07T22:42:37.021] [INFO] app - 注册 Middleware [heiner_query]
[2018-01-07T22:42:37.022] [INFO] app - 注册 Middleware [heiner_body]
[2018-01-07T22:42:37.022] [INFO] app - 注册 Middleware [heiner_view]
[2018-01-07T22:42:37.051] [INFO] app - 注册 Middleware [heiner_static]
[2018-01-07T22:42:37.055] [INFO] app - 注册 Middleware [heiner_query]
[2018-01-07T22:42:37.089] [INFO] app - 注册 Middleware [heiner_body]
[2018-01-07T22:42:37.118] [INFO] app - 注册 Middleware [heiner_view]
[2018-01-07T22:42:37.121] [INFO] app - 注册 Controller [articleinfo.articleinfo]
[2018-01-07T22:42:37.124] [INFO] app - 注册 Controller [describe.describe]
[2018-01-07T22:42:37.126] [INFO] app - 注册 Controller [home]
[2018-01-07T22:42:37.128] [INFO] app - 注册 Controller [server.server]
[2018-01-07T22:42:37.193] [INFO] app - 注册 Router [articleinfo]
[2018-01-07T22:42:37.196] [INFO] app - 注册 Router [describe]
[2018-01-07T22:42:37.197] [INFO] app - 注册 Router [index]
[2018-01-07T22:42:37.198] [INFO] app - 注册 Router [server]
[2018-01-07T22:42:38.104] [INFO] app - 正在启动项目 模式: build
[2018-01-07T22:42:38.258] [INFO] app - 连接数据库 [mysql -h 127.0.0.1 -u root -D gdtv_cms]
[2018-01-07T22:42:38.423] [INFO] app - 连接数据库 [sqlite -h gdtvshopr1.mysql.rds.aliyuncs.com -u gdtvroot -D gdtvshop]
[2018-01-07T22:42:38.425] [INFO] app - 连接数据库 [sqlite -h gdtvcmsdb.mysql.rds.aliyuncs.com -u gdtvbalance -D gdtv_balance]
[2018-01-07T22:42:38.427] [INFO] app - 注册 Helper [moment]
[2018-01-07T22:42:38.428] [INFO] app - 注册 Helper [async]
[2018-01-07T22:42:38.434] [INFO] app - 注册 Helper [lodash]
[2018-01-07T22:42:38.438] [INFO] app - 注册 Middleware [heiner_static]
[2018-01-07T22:42:38.438] [INFO] app - 注册 Middleware [heiner_query]
[2018-01-07T22:42:38.438] [INFO] app - 注册 Middleware [heiner_body]
[2018-01-07T22:42:38.439] [INFO] app - 注册 Middleware [heiner_view]
[2018-01-07T22:42:38.471] [INFO] app - 注册 Middleware [heiner_static]
[2018-01-07T22:42:38.476] [INFO] app - 注册 Middleware [heiner_query]
[2018-01-07T22:42:38.512] [INFO] app - 注册 Middleware [heiner_body]
[2018-01-07T22:42:38.541] [INFO] app - 注册 Middleware [heiner_view]
[2018-01-07T22:42:38.544] [INFO] app - 注册 Controller [articleinfo.articleinfo]
[2018-01-07T22:42:38.547] [INFO] app - 注册 Controller [describe.describe]
[2018-01-07T22:42:38.550] [INFO] app - 注册 Controller [home]
[2018-01-07T22:42:38.551] [INFO] app - 注册 Controller [server.server]
[2018-01-07T22:42:38.614] [INFO] app - 注册 Router [articleinfo]
[2018-01-07T22:42:38.617] [INFO] app - 注册 Router [describe]
[2018-01-07T22:42:38.618] [INFO] app - 注册 Router [index]
[2018-01-07T22:42:38.619] [INFO] app - 注册 Router [server]
[2018-01-07T22:42:39.896] [INFO] app - 正在启动项目 模式: build
[2018-01-07T22:42:40.089] [INFO] app - 连接数据库 [mysql -h 127.0.0.1 -u root -D gdtv_cms]
[2018-01-07T22:42:40.271] [INFO] app - 连接数据库 [sqlite -h gdtvshopr1.mysql.rds.aliyuncs.com -u gdtvroot -D gdtvshop]
[2018-01-07T22:42:40.273] [INFO] app - 连接数据库 [sqlite -h gdtvcmsdb.mysql.rds.aliyuncs.com -u gdtvbalance -D gdtv_balance]
[2018-01-07T22:42:40.275] [INFO] app - 注册 Helper [moment]
[2018-01-07T22:42:40.275] [INFO] app - 注册 Helper [async]
[2018-01-07T22:42:40.281] [INFO] app - 注册 Helper [lodash]
[2018-01-07T22:42:40.289] [INFO] app - 注册 Middleware [heiner_static]
[2018-01-07T22:42:40.289] [INFO] app - 注册 Middleware [heiner_query]
[2018-01-07T22:42:40.290] [INFO] app - 注册 Middleware [heiner_body]
[2018-01-07T22:42:40.290] [INFO] app - 注册 Middleware [heiner_view]
[2018-01-07T22:42:40.319] [INFO] app - 注册 Middleware [heiner_static]
[2018-01-07T22:42:40.323] [INFO] app - 注册 Middleware [heiner_query]
[2018-01-07T22:42:40.360] [INFO] app - 注册 Middleware [heiner_body]
[2018-01-07T22:42:40.393] [INFO] app - 注册 Middleware [heiner_view]
[2018-01-07T22:42:40.396] [INFO] app - 注册 Controller [articleinfo.articleinfo]
[2018-01-07T22:42:40.398] [INFO] app - 注册 Controller [describe.describe]
[2018-01-07T22:42:40.403] [INFO] app - 注册 Controller [home]
[2018-01-07T22:42:40.405] [INFO] app - 注册 Controller [server.server]
[2018-01-07T22:42:40.457] [INFO] app - 注册 Router [articleinfo]
[2018-01-07T22:42:40.460] [INFO] app - 注册 Router [describe]
[2018-01-07T22:42:40.462] [INFO] app - 注册 Router [index]
[2018-01-07T22:42:40.463] [INFO] app - 注册 Router [server]
[2018-01-07T22:42:41.343] [INFO] app - 正在启动项目 模式: build
[2018-01-07T22:42:41.624] [INFO] app - 连接数据库 [mysql -h 127.0.0.1 -u root -D gdtv_cms]
[2018-01-07T22:42:43.517] [INFO] app - 正在启动项目 模式: build
[2018-01-07T22:42:43.763] [INFO] app - 连接数据库 [mysql -h 127.0.0.1 -u root -D gdtv_cms]
[2018-01-07T22:42:43.846] [INFO] app - 注册 Helper [moment]
[2018-01-07T22:42:43.847] [INFO] app - 注册 Helper [async]
[2018-01-07T22:42:43.855] [INFO] app - 注册 Helper [lodash]
[2018-01-07T22:42:43.861] [INFO] app - 注册 Middleware [heiner_static]
[2018-01-07T22:42:43.861] [INFO] app - 注册 Middleware [heiner_query]
[2018-01-07T22:42:43.862] [INFO] app - 注册 Middleware [heiner_body]
[2018-01-07T22:42:43.862] [INFO] app - 注册 Middleware [heiner_view]
[2018-01-07T22:42:43.906] [INFO] app - 注册 Middleware [heiner_static]
[2018-01-07T22:42:43.913] [INFO] app - 注册 Middleware [heiner_query]
[2018-01-07T22:42:43.972] [INFO] app - 注册 Middleware [heiner_body]
[2018-01-07T22:42:44.016] [INFO] app - 注册 Middleware [heiner_view]
[2018-01-07T22:42:44.020] [INFO] app - 注册 Controller [articleinfo.articleinfo]
[2018-01-07T22:42:44.028] [INFO] app - 注册 Controller [describe.describe]
[2018-01-07T22:42:44.031] [INFO] app - 注册 Controller [home]
[2018-01-07T22:42:44.032] [INFO] app - 注册 Controller [server.server]
[2018-01-07T22:42:44.109] [INFO] app - 注册 Router [articleinfo]
[2018-01-07T22:42:44.112] [INFO] app - 注册 Router [describe]
[2018-01-07T22:42:44.114] [INFO] app - 注册 Router [index]
[2018-01-07T22:42:44.115] [INFO] app - 注册 Router [server]
[2018-01-07T22:42:45.554] [INFO] app - 正在启动项目 模式: build
[2018-01-07T22:42:45.793] [INFO] app - 连接数据库 [mysql -h 127.0.0.1 -u root -D gdtv_cms]
[2018-01-07T22:42:45.877] [INFO] app - 注册 Helper [moment]
[2018-01-07T22:42:45.878] [INFO] app - 注册 Helper [async]
[2018-01-07T22:42:45.889] [INFO] app - 注册 Helper [lodash]
[2018-01-07T22:42:45.895] [INFO] app - 注册 Middleware [heiner_static]
[2018-01-07T22:42:45.895] [INFO] app - 注册 Middleware [heiner_query]
[2018-01-07T22:42:45.896] [INFO] app - 注册 Middleware [heiner_body]
[2018-01-07T22:42:45.896] [INFO] app - 注册 Middleware [heiner_view]
[2018-01-07T22:42:45.935] [INFO] app - 注册 Middleware [heiner_static]
[2018-01-07T22:42:45.940] [INFO] app - 注册 Middleware [heiner_query]
[2018-01-07T22:42:45.991] [INFO] app - 注册 Middleware [heiner_body]
[2018-01-07T22:42:46.027] [INFO] app - 注册 Middleware [heiner_view]
[2018-01-07T22:42:46.030] [INFO] app - 注册 Controller [articleinfo.articleinfo]
[2018-01-07T22:42:46.032] [INFO] app - 注册 Controller [describe.describe]
[2018-01-07T22:42:46.034] [INFO] app - 注册 Controller [home]
[2018-01-07T22:42:46.035] [INFO] app - 注册 Controller [server.server]
[2018-01-07T22:42:46.091] [INFO] app - 注册 Router [articleinfo]
[2018-01-07T22:42:46.094] [INFO] app - 注册 Router [describe]
[2018-01-07T22:42:46.095] [INFO] app - 注册 Router [index]
[2018-01-07T22:42:46.096] [INFO] app - 注册 Router [server]
[2018-01-07T22:42:47.023] [INFO] app - 正在启动项目 模式: build
[2018-01-07T22:42:47.179] [INFO] app - 连接数据库 [mysql -h 127.0.0.1 -u root -D gdtv_cms]
[2018-01-07T22:42:47.238] [INFO] app - 注册 Helper [moment]
[2018-01-07T22:42:47.239] [INFO] app - 注册 Helper [async]
[2018-01-07T22:42:47.246] [INFO] app - 注册 Helper [lodash]
[2018-01-07T22:42:47.250] [INFO] app - 注册 Middleware [heiner_static]
[2018-01-07T22:42:47.250] [INFO] app - 注册 Middleware [heiner_query]
[2018-01-07T22:42:47.251] [INFO] app - 注册 Middleware [heiner_body]
[2018-01-07T22:42:47.251] [INFO] app - 注册 Middleware [heiner_view]
[2018-01-07T22:42:47.287] [INFO] app - 注册 Middleware [heiner_static]
[2018-01-07T22:42:47.292] [INFO] app - 注册 Middleware [heiner_query]
[2018-01-07T22:42:47.336] [INFO] app - 注册 Middleware [heiner_body]
[2018-01-07T22:42:47.365] [INFO] app - 注册 Middleware [heiner_view]
[2018-01-07T22:42:47.367] [INFO] app - 注册 Controller [articleinfo.articleinfo]
[2018-01-07T22:42:47.370] [INFO] app - 注册 Controller [describe.describe]
[2018-01-07T22:42:47.373] [INFO] app - 注册 Controller [home]
[2018-01-07T22:42:47.374] [INFO] app - 注册 Controller [server.server]
[2018-01-07T22:42:47.429] [INFO] app - 注册 Router [articleinfo]
[2018-01-07T22:42:47.432] [INFO] app - 注册 Router [describe]
[2018-01-07T22:42:47.433] [INFO] app - 注册 Router [index]
[2018-01-07T22:42:47.435] [INFO] app - 注册 Router [server]
[2018-01-07T22:42:48.393] [INFO] app - 正在启动项目 模式: build
[2018-01-07T22:42:48.565] [INFO] app - 连接数据库 [mysql -h 127.0.0.1 -u root -D gdtv_cms]
[2018-01-07T22:42:48.633] [INFO] app - 注册 Helper [moment]
[2018-01-07T22:42:48.633] [INFO] app - 注册 Helper [async]
[2018-01-07T22:42:48.640] [INFO] app - 注册 Helper [lodash]
[2018-01-07T22:42:48.644] [INFO] app - 注册 Middleware [heiner_static]
[2018-01-07T22:42:48.644] [INFO] app - 注册 Middleware [heiner_query]
[2018-01-07T22:42:48.644] [INFO] app - 注册 Middleware [heiner_body]
[2018-01-07T22:42:48.645] [INFO] app - 注册 Middleware [heiner_view]
[2018-01-07T22:42:48.678] [INFO] app - 注册 Middleware [heiner_static]
[2018-01-07T22:42:48.686] [INFO] app - 注册 Middleware [heiner_query]
[2018-01-07T22:42:48.739] [INFO] app - 注册 Middleware [heiner_body]
[2018-01-07T22:42:48.772] [INFO] app - 注册 Middleware [heiner_view]
[2018-01-07T22:42:48.776] [INFO] app - 注册 Controller [articleinfo.articleinfo]
[2018-01-07T22:42:48.778] [INFO] app - 注册 Controller [describe.describe]
[2018-01-07T22:42:48.780] [INFO] app - 注册 Controller [home]
[2018-01-07T22:42:48.782] [INFO] app - 注册 Controller [server.server]
[2018-01-07T22:42:48.838] [INFO] app - 注册 Router [articleinfo]
[2018-01-07T22:42:48.841] [INFO] app - 注册 Router [describe]
[2018-01-07T22:42:48.842] [INFO] app - 注册 Router [index]
[2018-01-07T22:42:48.843] [INFO] app - 注册 Router [server]
[2018-01-07T22:42:49.777] [INFO] app - 正在启动项目 模式: build
[2018-01-07T22:42:49.967] [INFO] app - 连接数据库 [mysql -h 127.0.0.1 -u root -D gdtv_cms]
[2018-01-07T22:42:50.039] [INFO] app - 注册 Helper [moment]
[2018-01-07T22:42:50.039] [INFO] app - 注册 Helper [async]
[2018-01-07T22:42:50.048] [INFO] app - 注册 Helper [lodash]
[2018-01-07T22:42:50.051] [INFO] app - 注册 Middleware [heiner_static]
[2018-01-07T22:42:50.052] [INFO] app - 注册 Middleware [heiner_query]
[2018-01-07T22:42:50.052] [INFO] app - 注册 Middleware [heiner_body]
[2018-01-07T22:42:50.052] [INFO] app - 注册 Middleware [heiner_view]
[2018-01-07T22:42:50.086] [INFO] app - 注册 Middleware [heiner_static]
[2018-01-07T22:42:50.090] [INFO] app - 注册 Middleware [heiner_query]
[2018-01-07T22:42:50.130] [INFO] app - 注册 Middleware [heiner_body]
[2018-01-07T22:42:50.164] [INFO] app - 注册 Middleware [heiner_view]
[2018-01-07T22:42:50.167] [INFO] app - 注册 Controller [articleinfo.articleinfo]
[2018-01-07T22:42:50.170] [INFO] app - 注册 Controller [describe.describe]
[2018-01-07T22:42:50.172] [INFO] app - 注册 Controller [home]
[2018-01-07T22:42:50.173] [INFO] app - 注册 Controller [server.server]
[2018-01-07T22:42:50.227] [INFO] app - 注册 Router [articleinfo]
[2018-01-07T22:42:50.233] [INFO] app - 注册 Router [describe]
[2018-01-07T22:42:50.235] [INFO] app - 注册 Router [index]
[2018-01-07T22:42:50.237] [INFO] app - 注册 Router [server]
[2018-01-07T22:42:51.760] [INFO] app - 正在启动项目 模式: build
[2018-01-07T22:42:51.972] [INFO] app - 连接数据库 [mysql -h 127.0.0.1 -u root -D gdtv_cms]
[2018-01-07T22:42:52.041] [INFO] app - 注册 Helper [moment]
[2018-01-07T22:42:52.042] [INFO] app - 注册 Helper [async]
[2018-01-07T22:42:52.050] [INFO] app - 注册 Helper [lodash]
[2018-01-07T22:42:52.054] [INFO] app - 注册 Middleware [heiner_static]
[2018-01-07T22:42:52.054] [INFO] app - 注册 Middleware [heiner_query]
[2018-01-07T22:42:52.055] [INFO] app - 注册 Middleware [heiner_body]
[2018-01-07T22:42:52.055] [INFO] app - 注册 Middleware [heiner_view]
[2018-01-07T22:42:52.090] [INFO] app - 注册 Middleware [heiner_static]
[2018-01-07T22:42:52.096] [INFO] app - 注册 Middleware [heiner_query]
[2018-01-07T22:42:52.140] [INFO] app - 注册 Middleware [heiner_body]
[2018-01-07T22:42:52.176] [INFO] app - 注册 Middleware [heiner_view]
[2018-01-07T22:42:52.180] [INFO] app - 注册 Controller [articleinfo.articleinfo]
[2018-01-07T22:42:52.183] [INFO] app - 注册 Controller [describe.describe]
[2018-01-07T22:42:52.186] [INFO] app - 注册 Controller [home]
[2018-01-07T22:42:52.187] [INFO] app - 注册 Controller [server.server]
[2018-01-07T22:42:52.251] [INFO] app - 注册 Router [articleinfo]
[2018-01-07T22:42:52.256] [INFO] app - 注册 Router [describe]
[2018-01-07T22:42:52.259] [INFO] app - 注册 Router [index]
[2018-01-07T22:42:52.262] [INFO] app - 注册 Router [server]
[2018-01-07T22:42:53.158] [INFO] app - 正在启动项目 模式: build
[2018-01-07T22:42:53.310] [INFO] app - 连接数据库 [mysql -h 127.0.0.1 -u root -D gdtv_cms]
[2018-01-07T22:42:53.373] [INFO] app - 注册 Helper [moment]
[2018-01-07T22:42:53.374] [INFO] app - 注册 Helper [async]
[2018-01-07T22:42:53.381] [INFO] app - 注册 Helper [lodash]
[2018-01-07T22:42:53.385] [INFO] app - 注册 Middleware [heiner_static]
[2018-01-07T22:42:53.385] [INFO] app - 注册 Middleware [heiner_query]
[2018-01-07T22:42:53.386] [INFO] app - 注册 Middleware [heiner_body]
[2018-01-07T22:42:53.386] [INFO] app - 注册 Middleware [heiner_view]
[2018-01-07T22:42:53.423] [INFO] app - 注册 Middleware [heiner_static]
[2018-01-07T22:42:53.428] [INFO] app - 注册 Middleware [heiner_query]
[2018-01-07T22:42:53.475] [INFO] app - 注册 Middleware [heiner_body]
[2018-01-07T22:42:53.516] [INFO] app - 注册 Middleware [heiner_view]
[2018-01-07T22:42:53.520] [INFO] app - 注册 Controller [articleinfo.articleinfo]
[2018-01-07T22:42:53.523] [INFO] app - 注册 Controller [describe.describe]
[2018-01-07T22:42:53.524] [INFO] app - 注册 Controller [home]
[2018-01-07T22:42:53.526] [INFO] app - 注册 Controller [server.server]
[2018-01-07T22:42:53.588] [INFO] app - 注册 Router [articleinfo]
[2018-01-07T22:42:53.590] [INFO] app - 注册 Router [describe]
[2018-01-07T22:42:53.592] [INFO] app - 注册 Router [index]
[2018-01-07T22:42:53.593] [INFO] app - 注册 Router [server]
[2018-01-07T22:42:54.491] [INFO] app - 正在启动项目 模式: build
[2018-01-07T22:42:54.653] [INFO] app - 连接数据库 [mysql -h 127.0.0.1 -u root -D gdtv_cms]
[2018-01-07T22:42:54.720] [INFO] app - 注册 Helper [moment]
[2018-01-07T22:42:54.721] [INFO] app - 注册 Helper [async]
[2018-01-07T22:42:54.727] [INFO] app - 注册 Helper [lodash]
[2018-01-07T22:42:54.731] [INFO] app - 注册 Middleware [heiner_static]
[2018-01-07T22:42:54.731] [INFO] app - 注册 Middleware [heiner_query]
[2018-01-07T22:42:54.732] [INFO] app - 注册 Middleware [heiner_body]
[2018-01-07T22:42:54.732] [INFO] app - 注册 Middleware [heiner_view]
[2018-01-07T22:42:54.767] [INFO] app - 注册 Middleware [heiner_static]
[2018-01-07T22:42:54.771] [INFO] app - 注册 Middleware [heiner_query]
[2018-01-07T22:42:54.812] [INFO] app - 注册 Middleware [heiner_body]
[2018-01-07T22:42:54.839] [INFO] app - 注册 Middleware [heiner_view]
[2018-01-07T22:42:54.842] [INFO] app - 注册 Controller [articleinfo.articleinfo]
[2018-01-07T22:42:54.846] [INFO] app - 注册 Controller [describe.describe]
[2018-01-07T22:42:54.847] [INFO] app - 注册 Controller [home]
[2018-01-07T22:42:54.849] [INFO] app - 注册 Controller [server.server]
[2018-01-07T22:42:54.906] [INFO] app - 注册 Router [articleinfo]
[2018-01-07T22:42:54.908] [INFO] app - 注册 Router [describe]
[2018-01-07T22:42:54.910] [INFO] app - 注册 Router [index]
[2018-01-07T22:42:54.911] [INFO] app - 注册 Router [server]
[2018-01-07T22:42:55.825] [INFO] app - 正在启动项目 模式: build
[2018-01-07T22:42:55.979] [INFO] app - 连接数据库 [mysql -h 127.0.0.1 -u root -D gdtv_cms]
[2018-01-07T22:42:56.040] [INFO] app - 注册 Helper [moment]
[2018-01-07T22:42:56.040] [INFO] app - 注册 Helper [async]
[2018-01-07T22:42:56.047] [INFO] app - 注册 Helper [lodash]
[2018-01-07T22:42:56.051] [INFO] app - 注册 Middleware [heiner_static]
[2018-01-07T22:42:56.051] [INFO] app - 注册 Middleware [heiner_query]
[2018-01-07T22:42:56.052] [INFO] app - 注册 Middleware [heiner_body]
[2018-01-07T22:42:56.052] [INFO] app - 注册 Middleware [heiner_view]
[2018-01-07T22:42:56.087] [INFO] app - 注册 Middleware [heiner_static]
[2018-01-07T22:42:56.094] [INFO] app - 注册 Middleware [heiner_query]
[2018-01-07T22:42:56.143] [INFO] app - 注册 Middleware [heiner_body]
[2018-01-07T22:42:56.180] [INFO] app - 注册 Middleware [heiner_view]
[2018-01-07T22:42:56.184] [INFO] app - 注册 Controller [articleinfo.articleinfo]
[2018-01-07T22:42:56.187] [INFO] app - 注册 Controller [describe.describe]
[2018-01-07T22:42:56.189] [INFO] app - 注册 Controller [home]
[2018-01-07T22:42:56.191] [INFO] app - 注册 Controller [server.server]
[2018-01-07T22:42:56.253] [INFO] app - 注册 Router [articleinfo]
[2018-01-07T22:42:56.256] [INFO] app - 注册 Router [describe]
[2018-01-07T22:42:56.258] [INFO] app - 注册 Router [index]
[2018-01-07T22:42:56.259] [INFO] app - 注册 Router [server]
[2018-01-07T22:42:57.662] [INFO] app - 正在启动项目 模式: build
[2018-01-07T22:42:57.922] [INFO] app - 连接数据库 [mysql -h 127.0.0.1 -u root -D gdtv_cms]
[2018-01-07T22:42:57.987] [INFO] app - 注册 Helper [moment]
[2018-01-07T22:42:57.988] [INFO] app - 注册 Helper [async]
[2018-01-07T22:42:57.994] [INFO] app - 注册 Helper [lodash]
[2018-01-07T22:42:57.998] [INFO] app - 注册 Middleware [heiner_static]
[2018-01-07T22:42:57.998] [INFO] app - 注册 Middleware [heiner_query]
[2018-01-07T22:42:57.999] [INFO] app - 注册 Middleware [heiner_body]
[2018-01-07T22:42:57.999] [INFO] app - 注册 Middleware [heiner_view]
[2018-01-07T22:42:58.031] [INFO] app - 注册 Middleware [heiner_static]
[2018-01-07T22:42:58.035] [INFO] app - 注册 Middleware [heiner_query]
[2018-01-07T22:42:58.080] [INFO] app - 注册 Middleware [heiner_body]
[2018-01-07T22:42:58.113] [INFO] app - 注册 Middleware [heiner_view]
[2018-01-07T22:42:58.116] [INFO] app - 注册 Controller [articleinfo.articleinfo]
[2018-01-07T22:42:58.118] [INFO] app - 注册 Controller [describe.describe]
[2018-01-07T22:42:58.121] [INFO] app - 注册 Controller [home]
[2018-01-07T22:42:58.122] [INFO] app - 注册 Controller [server.server]
[2018-01-07T22:42:58.172] [INFO] app - 注册 Router [articleinfo]
[2018-01-07T22:42:58.175] [INFO] app - 注册 Router [describe]
[2018-01-07T22:42:58.176] [INFO] app - 注册 Router [index]
[2018-01-07T22:42:58.177] [INFO] app - 注册 Router [server]
[2018-01-07T22:42:59.193] [INFO] app - 正在启动项目 模式: build
[2018-01-07T22:42:59.372] [INFO] app - 连接数据库 [mysql -h 127.0.0.1 -u root -D gdtv_cms]
[2018-01-07T22:42:59.446] [INFO] app - 注册 Helper [moment]
[2018-01-07T22:42:59.446] [INFO] app - 注册 Helper [async]
[2018-01-07T22:42:59.455] [INFO] app - 注册 Helper [lodash]
[2018-01-07T22:42:59.459] [INFO] app - 注册 Middleware [heiner_static]
[2018-01-07T22:42:59.459] [INFO] app - 注册 Middleware [heiner_query]
[2018-01-07T22:42:59.459] [INFO] app - 注册 Middleware [heiner_body]
[2018-01-07T22:42:59.460] [INFO] app - 注册 Middleware [heiner_view]
[2018-01-07T22:42:59.496] [INFO] app - 注册 Middleware [heiner_static]
[2018-01-07T22:42:59.501] [INFO] app - 注册 Middleware [heiner_query]
[2018-01-07T22:42:59.551] [INFO] app - 注册 Middleware [heiner_body]
[2018-01-07T22:42:59.594] [INFO] app - 注册 Middleware [heiner_view]
[2018-01-07T22:42:59.596] [INFO] app - 注册 Controller [articleinfo.articleinfo]
[2018-01-07T22:42:59.599] [INFO] app - 注册 Controller [describe.describe]
[2018-01-07T22:42:59.601] [INFO] app - 注册 Controller [home]
[2018-01-07T22:42:59.602] [INFO] app - 注册 Controller [server.server]
[2018-01-07T22:42:59.656] [INFO] app - 注册 Router [articleinfo]
[2018-01-07T22:42:59.660] [INFO] app - 注册 Router [describe]
[2018-01-07T22:42:59.662] [INFO] app - 注册 Router [index]
[2018-01-07T22:42:59.663] [INFO] app - 注册 Router [server]
