[2018-01-07T22:40:00.183] [INFO] app - 连接数据库 [sqlite -h gdtvshopr1.mysql.rds.aliyuncs.com -u gdtvroot -D gdtvshop]
[2018-01-07T22:40:00.187] [INFO] app - 连接数据库 [sqlite -h gdtvcmsdb.mysql.rds.aliyuncs.com -u gdtvbalance -D gdtv_balance]
[2018-01-07T22:40:00.189] [INFO] app - 注册 Helper [moment]
[2018-01-07T22:40:00.190] [INFO] app - 注册 Helper [async]
[2018-01-07T22:40:00.198] [INFO] app - 注册 Helper [lodash]
[2018-01-07T22:40:00.202] [INFO] app - 注册 Middleware [heiner_static]
[2018-01-07T22:40:00.202] [INFO] app - 注册 Middleware [heiner_query]
[2018-01-07T22:40:00.202] [INFO] app - 注册 Middleware [heiner_body]
[2018-01-07T22:40:00.203] [INFO] app - 注册 Middleware [heiner_view]
[2018-01-07T22:40:00.242] [INFO] app - 注册 Middleware [heiner_static]
[2018-01-07T22:40:00.246] [INFO] app - 注册 Middleware [heiner_query]
[2018-01-07T22:40:00.286] [INFO] app - 注册 Middleware [heiner_body]
[2018-01-07T22:40:00.319] [INFO] app - 注册 Middleware [heiner_view]
[2018-01-07T22:40:00.322] [INFO] app - 注册 Controller [articleinfo.articleinfo]
[2018-01-07T22:40:00.326] [INFO] app - 注册 Controller [describe.describe]
[2018-01-07T22:40:00.328] [INFO] app - 注册 Controller [home]
[2018-01-07T22:40:00.329] [INFO] app - 注册 Controller [server.server]
[2018-01-07T22:40:00.391] [INFO] app - 注册 Router [articleinfo]
[2018-01-07T22:40:00.395] [INFO] app - 注册 Router [describe]
[2018-01-07T22:40:00.396] [INFO] app - 注册 Router [index]
[2018-01-07T22:40:00.397] [INFO] app - 注册 Router [server]
[2018-01-07T22:40:01.538] [INFO] app - 正在启动项目 模式: build
[2018-01-07T22:40:01.767] [INFO] app - 连接数据库 [mysql -h 127.0.0.1 -u root -D gdtv_cms]
[2018-01-07T22:40:01.972] [INFO] app - 连接数据库 [sqlite -h gdtvshopr1.mysql.rds.aliyuncs.com -u gdtvroot -D gdtvshop]
[2018-01-07T22:40:01.975] [INFO] app - 连接数据库 [sqlite -h gdtvcmsdb.mysql.rds.aliyuncs.com -u gdtvbalance -D gdtv_balance]
[2018-01-07T22:40:01.979] [INFO] app - 注册 Helper [moment]
[2018-01-07T22:40:01.980] [INFO] app - 注册 Helper [async]
[2018-01-07T22:40:02.000] [INFO] app - 注册 Helper [lodash]
[2018-01-07T22:40:02.006] [INFO] app - 注册 Middleware [heiner_static]
[2018-01-07T22:40:02.007] [INFO] app - 注册 Middleware [heiner_query]
[2018-01-07T22:40:02.007] [INFO] app - 注册 Middleware [heiner_body]
[2018-01-07T22:40:02.007] [INFO] app - 注册 Middleware [heiner_view]
[2018-01-07T22:40:02.060] [INFO] app - 注册 Middleware [heiner_static]
[2018-01-07T22:40:02.069] [INFO] app - 注册 Middleware [heiner_query]
[2018-01-07T22:40:02.119] [INFO] app - 注册 Middleware [heiner_body]
[2018-01-07T22:40:02.158] [INFO] app - 注册 Middleware [heiner_view]
[2018-01-07T22:40:02.161] [INFO] app - 注册 Controller [articleinfo.articleinfo]
[2018-01-07T22:40:02.165] [INFO] app - 注册 Controller [describe.describe]
[2018-01-07T22:40:02.169] [INFO] app - 注册 Controller [home]
[2018-01-07T22:40:02.171] [INFO] app - 注册 Controller [server.server]
[2018-01-07T22:40:02.234] [INFO] app - 注册 Router [articleinfo]
[2018-01-07T22:40:02.236] [INFO] app - 注册 Router [describe]
[2018-01-07T22:40:02.238] [INFO] app - 注册 Router [index]
[2018-01-07T22:40:02.239] [INFO] app - 注册 Router [server]
[2018-01-07T22:40:03.297] [INFO] app - 正在启动项目 模式: build
[2018-01-07T22:40:03.609] [INFO] app - 连接数据库 [mysql -h 127.0.0.1 -u root -D gdtv_cms]
[2018-01-07T22:40:03.848] [INFO] app - 连接数据库 [sqlite -h gdtvshopr1.mysql.rds.aliyuncs.com -u gdtvroot -D gdtvshop]
[2018-01-07T22:40:03.850] [INFO] app - 连接数据库 [sqlite -h gdtvcmsdb.mysql.rds.aliyuncs.com -u gdtvbalance -D gdtv_balance]
[2018-01-07T22:40:03.852] [INFO] app - 注册 Helper [moment]
[2018-01-07T22:40:03.853] [INFO] app - 注册 Helper [async]
[2018-01-07T22:40:03.860] [INFO] app - 注册 Helper [lodash]
[2018-01-07T22:40:03.865] [INFO] app - 注册 Middleware [heiner_static]
[2018-01-07T22:40:03.865] [INFO] app - 注册 Middleware [heiner_query]
[2018-01-07T22:40:03.866] [INFO] app - 注册 Middleware [heiner_body]
[2018-01-07T22:40:03.866] [INFO] app - 注册 Middleware [heiner_view]
[2018-01-07T22:40:03.900] [INFO] app - 注册 Middleware [heiner_static]
[2018-01-07T22:40:03.904] [INFO] app - 注册 Middleware [heiner_query]
[2018-01-07T22:40:03.939] [INFO] app - 注册 Middleware [heiner_body]
[2018-01-07T22:40:03.967] [INFO] app - 注册 Middleware [heiner_view]
[2018-01-07T22:40:03.971] [INFO] app - 注册 Controller [articleinfo.articleinfo]
[2018-01-07T22:40:03.973] [INFO] app - 注册 Controller [describe.describe]
[2018-01-07T22:40:03.975] [INFO] app - 注册 Controller [home]
[2018-01-07T22:40:03.977] [INFO] app - 注册 Controller [server.server]
[2018-01-07T22:40:04.043] [INFO] app - 注册 Router [articleinfo]
[2018-01-07T22:40:04.046] [INFO] app - 注册 Router [describe]
[2018-01-07T22:40:04.047] [INFO] app - 注册 Router [index]
[2018-01-07T22:40:04.048] [INFO] app - 注册 Router [server]
[2018-01-07T22:40:04.981] [INFO] app - 正在启动项目 模式: build
[2018-01-07T22:40:05.136] [INFO] app - 连接数据库 [mysql -h 127.0.0.1 -u root -D gdtv_cms]
[2018-01-07T22:40:05.335] [INFO] app - 连接数据库 [sqlite -h gdtvshopr1.mysql.rds.aliyuncs.com -u gdtvroot -D gdtvshop]
[2018-01-07T22:40:05.339] [INFO] app - 连接数据库 [sqlite -h gdtvcmsdb.mysql.rds.aliyuncs.com -u gdtvbalance -D gdtv_balance]
[2018-01-07T22:40:05.342] [INFO] app - 注册 Helper [moment]
[2018-01-07T22:40:05.342] [INFO] app - 注册 Helper [async]
[2018-01-07T22:40:05.349] [INFO] app - 注册 Helper [lodash]
[2018-01-07T22:40:05.352] [INFO] app - 注册 Middleware [heiner_static]
[2018-01-07T22:40:05.353] [INFO] app - 注册 Middleware [heiner_query]
[2018-01-07T22:40:05.353] [INFO] app - 注册 Middleware [heiner_body]
[2018-01-07T22:40:05.353] [INFO] app - 注册 Middleware [heiner_view]
[2018-01-07T22:40:05.382] [INFO] app - 注册 Middleware [heiner_static]
[2018-01-07T22:40:05.388] [INFO] app - 注册 Middleware [heiner_query]
[2018-01-07T22:40:05.425] [INFO] app - 注册 Middleware [heiner_body]
[2018-01-07T22:40:05.453] [INFO] app - 注册 Middleware [heiner_view]
[2018-01-07T22:40:05.456] [INFO] app - 注册 Controller [articleinfo.articleinfo]
[2018-01-07T22:40:05.459] [INFO] app - 注册 Controller [describe.describe]
[2018-01-07T22:40:05.461] [INFO] app - 注册 Controller [home]
[2018-01-07T22:40:05.463] [INFO] app - 注册 Controller [server.server]
[2018-01-07T22:40:05.531] [INFO] app - 注册 Router [articleinfo]
[2018-01-07T22:40:05.534] [INFO] app - 注册 Router [describe]
[2018-01-07T22:40:05.536] [INFO] app - 注册 Router [index]
[2018-01-07T22:40:05.538] [INFO] app - 注册 Router [server]
[2018-01-07T22:40:06.578] [INFO] app - 正在启动项目 模式: build
[2018-01-07T22:40:06.814] [INFO] app - 连接数据库 [mysql -h 127.0.0.1 -u root -D gdtv_cms]
[2018-01-07T22:40:07.023] [INFO] app - 连接数据库 [sqlite -h gdtvshopr1.mysql.rds.aliyuncs.com -u gdtvroot -D gdtvshop]
[2018-01-07T22:40:07.025] [INFO] app - 连接数据库 [sqlite -h gdtvcmsdb.mysql.rds.aliyuncs.com -u gdtvbalance -D gdtv_balance]
[2018-01-07T22:40:07.028] [INFO] app - 注册 Helper [moment]
[2018-01-07T22:40:07.029] [INFO] app - 注册 Helper [async]
[2018-01-07T22:40:07.036] [INFO] app - 注册 Helper [lodash]
[2018-01-07T22:40:07.040] [INFO] app - 注册 Middleware [heiner_static]
[2018-01-07T22:40:07.040] [INFO] app - 注册 Middleware [heiner_query]
[2018-01-07T22:40:07.040] [INFO] app - 注册 Middleware [heiner_body]
[2018-01-07T22:40:07.040] [INFO] app - 注册 Middleware [heiner_view]
[2018-01-07T22:40:07.082] [INFO] app - 注册 Middleware [heiner_static]
[2018-01-07T22:40:07.086] [INFO] app - 注册 Middleware [heiner_query]
[2018-01-07T22:40:07.119] [INFO] app - 注册 Middleware [heiner_body]
[2018-01-07T22:40:07.148] [INFO] app - 注册 Middleware [heiner_view]
[2018-01-07T22:40:07.151] [INFO] app - 注册 Controller [articleinfo.articleinfo]
[2018-01-07T22:40:07.154] [INFO] app - 注册 Controller [describe.describe]
[2018-01-07T22:40:07.157] [INFO] app - 注册 Controller [home]
[2018-01-07T22:40:07.158] [INFO] app - 注册 Controller [server.server]
[2018-01-07T22:40:07.218] [INFO] app - 注册 Router [articleinfo]
[2018-01-07T22:40:07.221] [INFO] app - 注册 Router [describe]
[2018-01-07T22:40:07.222] [INFO] app - 注册 Router [index]
[2018-01-07T22:40:07.223] [INFO] app - 注册 Router [server]
[2018-01-07T22:40:08.152] [INFO] app - 正在启动项目 模式: build
[2018-01-07T22:40:08.318] [INFO] app - 连接数据库 [mysql -h 127.0.0.1 -u root -D gdtv_cms]
[2018-01-07T22:40:08.585] [INFO] app - 连接数据库 [sqlite -h gdtvshopr1.mysql.rds.aliyuncs.com -u gdtvroot -D gdtvshop]
[2018-01-07T22:40:08.589] [INFO] app - 连接数据库 [sqlite -h gdtvcmsdb.mysql.rds.aliyuncs.com -u gdtvbalance -D gdtv_balance]
[2018-01-07T22:40:08.592] [INFO] app - 注册 Helper [moment]
[2018-01-07T22:40:08.592] [INFO] app - 注册 Helper [async]
[2018-01-07T22:40:08.603] [INFO] app - 注册 Helper [lodash]
[2018-01-07T22:40:08.608] [INFO] app - 注册 Middleware [heiner_static]
[2018-01-07T22:40:08.609] [INFO] app - 注册 Middleware [heiner_query]
[2018-01-07T22:40:08.609] [INFO] app - 注册 Middleware [heiner_body]
[2018-01-07T22:40:08.609] [INFO] app - 注册 Middleware [heiner_view]
[2018-01-07T22:40:08.666] [INFO] app - 注册 Middleware [heiner_static]
[2018-01-07T22:40:08.673] [INFO] app - 注册 Middleware [heiner_query]
[2018-01-07T22:40:08.739] [INFO] app - 注册 Middleware [heiner_body]
[2018-01-07T22:40:08.775] [INFO] app - 注册 Middleware [heiner_view]
[2018-01-07T22:40:08.780] [INFO] app - 注册 Controller [articleinfo.articleinfo]
[2018-01-07T22:40:08.783] [INFO] app - 注册 Controller [describe.describe]
[2018-01-07T22:40:08.786] [INFO] app - 注册 Controller [home]
[2018-01-07T22:40:08.788] [INFO] app - 注册 Controller [server.server]
[2018-01-07T22:40:08.891] [INFO] app - 注册 Router [articleinfo]
[2018-01-07T22:40:08.897] [INFO] app - 注册 Router [describe]
[2018-01-07T22:40:08.899] [INFO] app - 注册 Router [index]
[2018-01-07T22:40:08.900] [INFO] app - 注册 Router [server]
[2018-01-07T22:40:10.025] [INFO] app - 正在启动项目 模式: build
[2018-01-07T22:40:10.267] [INFO] app - 连接数据库 [mysql -h 127.0.0.1 -u root -D gdtv_cms]
[2018-01-07T22:40:10.589] [INFO] app - 连接数据库 [sqlite -h gdtvshopr1.mysql.rds.aliyuncs.com -u gdtvroot -D gdtvshop]
[2018-01-07T22:40:10.591] [INFO] app - 连接数据库 [sqlite -h gdtvcmsdb.mysql.rds.aliyuncs.com -u gdtvbalance -D gdtv_balance]
[2018-01-07T22:40:10.593] [INFO] app - 注册 Helper [moment]
[2018-01-07T22:40:10.594] [INFO] app - 注册 Helper [async]
[2018-01-07T22:40:10.602] [INFO] app - 注册 Helper [lodash]
[2018-01-07T22:40:10.606] [INFO] app - 注册 Middleware [heiner_static]
[2018-01-07T22:40:10.606] [INFO] app - 注册 Middleware [heiner_query]
[2018-01-07T22:40:10.606] [INFO] app - 注册 Middleware [heiner_body]
[2018-01-07T22:40:10.606] [INFO] app - 注册 Middleware [heiner_view]
[2018-01-07T22:40:10.638] [INFO] app - 注册 Middleware [heiner_static]
[2018-01-07T22:40:10.644] [INFO] app - 注册 Middleware [heiner_query]
[2018-01-07T22:40:10.689] [INFO] app - 注册 Middleware [heiner_body]
[2018-01-07T22:40:10.725] [INFO] app - 注册 Middleware [heiner_view]
[2018-01-07T22:40:10.729] [INFO] app - 注册 Controller [articleinfo.articleinfo]
[2018-01-07T22:40:10.732] [INFO] app - 注册 Controller [describe.describe]
[2018-01-07T22:40:10.738] [INFO] app - 注册 Controller [home]
[2018-01-07T22:40:10.740] [INFO] app - 注册 Controller [server.server]
[2018-01-07T22:40:10.804] [INFO] app - 注册 Router [articleinfo]
[2018-01-07T22:40:10.807] [INFO] app - 注册 Router [describe]
[2018-01-07T22:40:10.808] [INFO] app - 注册 Router [index]
[2018-01-07T22:40:10.810] [INFO] app - 注册 Router [server]
[2018-01-07T22:40:11.766] [INFO] app - 正在启动项目 模式: build
[2018-01-07T22:40:11.922] [INFO] app - 连接数据库 [mysql -h 127.0.0.1 -u root -D gdtv_cms]
[2018-01-07T22:40:12.169] [INFO] app - 连接数据库 [sqlite -h gdtvshopr1.mysql.rds.aliyuncs.com -u gdtvroot -D gdtvshop]
[2018-01-07T22:40:12.173] [INFO] app - 连接数据库 [sqlite -h gdtvcmsdb.mysql.rds.aliyuncs.com -u gdtvbalance -D gdtv_balance]
[2018-01-07T22:40:12.176] [INFO] app - 注册 Helper [moment]
[2018-01-07T22:40:12.177] [INFO] app - 注册 Helper [async]
[2018-01-07T22:40:12.187] [INFO] app - 注册 Helper [lodash]
[2018-01-07T22:40:12.193] [INFO] app - 注册 Middleware [heiner_static]
[2018-01-07T22:40:12.193] [INFO] app - 注册 Middleware [heiner_query]
[2018-01-07T22:40:12.194] [INFO] app - 注册 Middleware [heiner_body]
[2018-01-07T22:40:12.194] [INFO] app - 注册 Middleware [heiner_view]
[2018-01-07T22:40:12.239] [INFO] app - 注册 Middleware [heiner_static]
[2018-01-07T22:40:12.246] [INFO] app - 注册 Middleware [heiner_query]
[2018-01-07T22:40:12.297] [INFO] app - 注册 Middleware [heiner_body]
[2018-01-07T22:40:12.334] [INFO] app - 注册 Middleware [heiner_view]
[2018-01-07T22:40:12.337] [INFO] app - 注册 Controller [articleinfo.articleinfo]
[2018-01-07T22:40:12.340] [INFO] app - 注册 Controller [describe.describe]
[2018-01-07T22:40:12.342] [INFO] app - 注册 Controller [home]
[2018-01-07T22:40:12.345] [INFO] app - 注册 Controller [server.server]
[2018-01-07T22:40:12.420] [INFO] app - 注册 Router [articleinfo]
[2018-01-07T22:40:12.423] [INFO] app - 注册 Router [describe]
[2018-01-07T22:40:12.425] [INFO] app - 注册 Router [index]
[2018-01-07T22:40:12.427] [INFO] app - 注册 Router [server]
[2018-01-07T22:40:13.427] [INFO] app - 正在启动项目 模式: build
[2018-01-07T22:40:13.620] [INFO] app - 连接数据库 [mysql -h 127.0.0.1 -u root -D gdtv_cms]
[2018-01-07T22:40:13.845] [INFO] app - 连接数据库 [sqlite -h gdtvshopr1.mysql.rds.aliyuncs.com -u gdtvroot -D gdtvshop]
[2018-01-07T22:40:13.848] [INFO] app - 连接数据库 [sqlite -h gdtvcmsdb.mysql.rds.aliyuncs.com -u gdtvbalance -D gdtv_balance]
[2018-01-07T22:40:13.850] [INFO] app - 注册 Helper [moment]
[2018-01-07T22:40:13.851] [INFO] app - 注册 Helper [async]
[2018-01-07T22:40:13.859] [INFO] app - 注册 Helper [lodash]
[2018-01-07T22:40:13.863] [INFO] app - 注册 Middleware [heiner_static]
[2018-01-07T22:40:13.863] [INFO] app - 注册 Middleware [heiner_query]
[2018-01-07T22:40:13.864] [INFO] app - 注册 Middleware [heiner_body]
[2018-01-07T22:40:13.864] [INFO] app - 注册 Middleware [heiner_view]
[2018-01-07T22:40:13.901] [INFO] app - 注册 Middleware [heiner_static]
[2018-01-07T22:40:13.908] [INFO] app - 注册 Middleware [heiner_query]
[2018-01-07T22:40:13.954] [INFO] app - 注册 Middleware [heiner_body]
[2018-01-07T22:40:13.988] [INFO] app - 注册 Middleware [heiner_view]
[2018-01-07T22:40:13.991] [INFO] app - 注册 Controller [articleinfo.articleinfo]
[2018-01-07T22:40:13.995] [INFO] app - 注册 Controller [describe.describe]
[2018-01-07T22:40:13.997] [INFO] app - 注册 Controller [home]
[2018-01-07T22:40:13.999] [INFO] app - 注册 Controller [server.server]
[2018-01-07T22:40:14.067] [INFO] app - 注册 Router [articleinfo]
[2018-01-07T22:40:14.070] [INFO] app - 注册 Router [describe]
[2018-01-07T22:40:14.071] [INFO] app - 注册 Router [index]
[2018-01-07T22:40:14.072] [INFO] app - 注册 Router [server]
[2018-01-07T22:40:15.262] [INFO] app - 正在启动项目 模式: build
[2018-01-07T22:40:15.433] [INFO] app - 连接数据库 [mysql -h 127.0.0.1 -u root -D gdtv_cms]
[2018-01-07T22:40:15.615] [INFO] app - 连接数据库 [sqlite -h gdtvshopr1.mysql.rds.aliyuncs.com -u gdtvroot -D gdtvshop]
[2018-01-07T22:40:15.617] [INFO] app - 连接数据库 [sqlite -h gdtvcmsdb.mysql.rds.aliyuncs.com -u gdtvbalance -D gdtv_balance]
[2018-01-07T22:40:15.619] [INFO] app - 注册 Helper [moment]
[2018-01-07T22:40:15.619] [INFO] app - 注册 Helper [async]
[2018-01-07T22:40:15.627] [INFO] app - 注册 Helper [lodash]
[2018-01-07T22:40:15.631] [INFO] app - 注册 Middleware [heiner_static]
[2018-01-07T22:40:15.631] [INFO] app - 注册 Middleware [heiner_query]
[2018-01-07T22:40:15.631] [INFO] app - 注册 Middleware [heiner_body]
[2018-01-07T22:40:15.631] [INFO] app - 注册 Middleware [heiner_view]
[2018-01-07T22:40:15.666] [INFO] app - 注册 Middleware [heiner_static]
[2018-01-07T22:40:15.672] [INFO] app - 注册 Middleware [heiner_query]
[2018-01-07T22:40:15.715] [INFO] app - 注册 Middleware [heiner_body]
[2018-01-07T22:40:15.757] [INFO] app - 注册 Middleware [heiner_view]
[2018-01-07T22:40:15.759] [INFO] app - 注册 Controller [articleinfo.articleinfo]
[2018-01-07T22:40:15.762] [INFO] app - 注册 Controller [describe.describe]
[2018-01-07T22:40:15.764] [INFO] app - 注册 Controller [home]
[2018-01-07T22:40:15.765] [INFO] app - 注册 Controller [server.server]
[2018-01-07T22:40:15.830] [INFO] app - 注册 Router [articleinfo]
[2018-01-07T22:40:15.833] [INFO] app - 注册 Router [describe]
[2018-01-07T22:40:15.834] [INFO] app - 注册 Router [index]
[2018-01-07T22:40:15.836] [INFO] app - 注册 Router [server]
[2018-01-07T22:40:16.858] [INFO] app - 正在启动项目 模式: build
[2018-01-07T22:40:17.114] [INFO] app - 连接数据库 [mysql -h 127.0.0.1 -u root -D gdtv_cms]
[2018-01-07T22:40:18.394] [INFO] app - 正在启动项目 模式: build
[2018-01-07T22:40:18.576] [INFO] app - 连接数据库 [mysql -h 127.0.0.1 -u root -D gdtv_cms]
[2018-01-07T22:40:18.771] [INFO] app - 连接数据库 [sqlite -h gdtvshopr1.mysql.rds.aliyuncs.com -u gdtvroot -D gdtvshop]
[2018-01-07T22:40:18.774] [INFO] app - 连接数据库 [sqlite -h gdtvcmsdb.mysql.rds.aliyuncs.com -u gdtvbalance -D gdtv_balance]
[2018-01-07T22:40:18.776] [INFO] app - 注册 Helper [moment]
[2018-01-07T22:40:18.777] [INFO] app - 注册 Helper [async]
[2018-01-07T22:40:18.783] [INFO] app - 注册 Helper [lodash]
[2018-01-07T22:40:18.786] [INFO] app - 注册 Middleware [heiner_static]
[2018-01-07T22:40:18.786] [INFO] app - 注册 Middleware [heiner_query]
[2018-01-07T22:40:18.787] [INFO] app - 注册 Middleware [heiner_body]
[2018-01-07T22:40:18.787] [INFO] app - 注册 Middleware [heiner_view]
[2018-01-07T22:40:18.817] [INFO] app - 注册 Middleware [heiner_static]
[2018-01-07T22:40:18.821] [INFO] app - 注册 Middleware [heiner_query]
[2018-01-07T22:40:18.855] [INFO] app - 注册 Middleware [heiner_body]
[2018-01-07T22:40:18.881] [INFO] app - 注册 Middleware [heiner_view]
[2018-01-07T22:40:18.883] [INFO] app - 注册 Controller [articleinfo.articleinfo]
[2018-01-07T22:40:18.886] [INFO] app - 注册 Controller [describe.describe]
[2018-01-07T22:40:18.888] [INFO] app - 注册 Controller [home]
[2018-01-07T22:40:18.890] [INFO] app - 注册 Controller [server.server]
[2018-01-07T22:40:18.959] [INFO] app - 注册 Router [articleinfo]
[2018-01-07T22:40:18.962] [INFO] app - 注册 Router [describe]
[2018-01-07T22:40:18.964] [INFO] app - 注册 Router [index]
[2018-01-07T22:40:18.965] [INFO] app - 注册 Router [server]
[2018-01-07T22:40:19.827] [INFO] app - 正在启动项目 模式: build
[2018-01-07T22:40:19.977] [INFO] app - 连接数据库 [mysql -h 127.0.0.1 -u root -D gdtv_cms]
[2018-01-07T22:40:20.171] [INFO] app - 连接数据库 [sqlite -h gdtvshopr1.mysql.rds.aliyuncs.com -u gdtvroot -D gdtvshop]
[2018-01-07T22:40:20.174] [INFO] app - 连接数据库 [sqlite -h gdtvcmsdb.mysql.rds.aliyuncs.com -u gdtvbalance -D gdtv_balance]
[2018-01-07T22:40:20.176] [INFO] app - 注册 Helper [moment]
[2018-01-07T22:40:20.177] [INFO] app - 注册 Helper [async]
[2018-01-07T22:40:20.186] [INFO] app - 注册 Helper [lodash]
[2018-01-07T22:40:20.191] [INFO] app - 注册 Middleware [heiner_static]
[2018-01-07T22:40:20.191] [INFO] app - 注册 Middleware [heiner_query]
[2018-01-07T22:40:20.191] [INFO] app - 注册 Middleware [heiner_body]
[2018-01-07T22:40:20.192] [INFO] app - 注册 Middleware [heiner_view]
[2018-01-07T22:40:20.237] [INFO] app - 注册 Middleware [heiner_static]
[2018-01-07T22:40:20.247] [INFO] app - 注册 Middleware [heiner_query]
[2018-01-07T22:40:20.305] [INFO] app - 注册 Middleware [heiner_body]
[2018-01-07T22:40:20.348] [INFO] app - 注册 Middleware [heiner_view]
[2018-01-07T22:40:20.353] [INFO] app - 注册 Controller [articleinfo.articleinfo]
[2018-01-07T22:40:20.358] [INFO] app - 注册 Controller [describe.describe]
[2018-01-07T22:40:20.365] [INFO] app - 注册 Controller [home]
[2018-01-07T22:40:20.368] [INFO] app - 注册 Controller [server.server]
[2018-01-07T22:40:20.457] [INFO] app - 注册 Router [articleinfo]
[2018-01-07T22:40:20.461] [INFO] app - 注册 Router [describe]
[2018-01-07T22:40:20.463] [INFO] app - 注册 Router [index]
[2018-01-07T22:40:20.465] [INFO] app - 注册 Router [server]
[2018-01-07T22:40:21.717] [INFO] app - 正在启动项目 模式: build
[2018-01-07T22:40:21.893] [INFO] app - 连接数据库 [mysql -h 127.0.0.1 -u root -D gdtv_cms]
[2018-01-07T22:40:22.073] [INFO] app - 连接数据库 [sqlite -h gdtvshopr1.mysql.rds.aliyuncs.com -u gdtvroot -D gdtvshop]
[2018-01-07T22:40:22.075] [INFO] app - 连接数据库 [sqlite -h gdtvcmsdb.mysql.rds.aliyuncs.com -u gdtvbalance -D gdtv_balance]
[2018-01-07T22:40:22.078] [INFO] app - 注册 Helper [moment]
[2018-01-07T22:40:22.079] [INFO] app - 注册 Helper [async]
[2018-01-07T22:40:22.085] [INFO] app - 注册 Helper [lodash]
[2018-01-07T22:40:22.089] [INFO] app - 注册 Middleware [heiner_static]
[2018-01-07T22:40:22.089] [INFO] app - 注册 Middleware [heiner_query]
[2018-01-07T22:40:22.089] [INFO] app - 注册 Middleware [heiner_body]
[2018-01-07T22:40:22.089] [INFO] app - 注册 Middleware [heiner_view]
[2018-01-07T22:40:22.122] [INFO] app - 注册 Middleware [heiner_static]
[2018-01-07T22:40:22.127] [INFO] app - 注册 Middleware [heiner_query]
[2018-01-07T22:40:22.161] [INFO] app - 注册 Middleware [heiner_body]
[2018-01-07T22:40:22.188] [INFO] app - 注册 Middleware [heiner_view]
[2018-01-07T22:40:22.190] [INFO] app - 注册 Controller [articleinfo.articleinfo]
[2018-01-07T22:40:22.192] [INFO] app - 注册 Controller [describe.describe]
[2018-01-07T22:40:22.194] [INFO] app - 注册 Controller [home]
[2018-01-07T22:40:22.196] [INFO] app - 注册 Controller [server.server]
[2018-01-07T22:40:22.254] [INFO] app - 注册 Router [articleinfo]
[2018-01-07T22:40:22.256] [INFO] app - 注册 Router [describe]
[2018-01-07T22:40:22.258] [INFO] app - 注册 Router [index]
[2018-01-07T22:40:22.259] [INFO] app - 注册 Router [server]
[2018-01-07T22:40:23.101] [INFO] app - 正在启动项目 模式: build
[2018-01-07T22:40:23.262] [INFO] app - 连接数据库 [mysql -h 127.0.0.1 -u root -D gdtv_cms]
[2018-01-07T22:40:23.452] [INFO] app - 连接数据库 [sqlite -h gdtvshopr1.mysql.rds.aliyuncs.com -u gdtvroot -D gdtvshop]
[2018-01-07T22:40:23.454] [INFO] app - 连接数据库 [sqlite -h gdtvcmsdb.mysql.rds.aliyuncs.com -u gdtvbalance -D gdtv_balance]
[2018-01-07T22:40:23.457] [INFO] app - 注册 Helper [moment]
[2018-01-07T22:40:23.457] [INFO] app - 注册 Helper [async]
[2018-01-07T22:40:23.464] [INFO] app - 注册 Helper [lodash]
[2018-01-07T22:40:23.469] [INFO] app - 注册 Middleware [heiner_static]
[2018-01-07T22:40:23.469] [INFO] app - 注册 Middleware [heiner_query]
[2018-01-07T22:40:23.469] [INFO] app - 注册 Middleware [heiner_body]
[2018-01-07T22:40:23.469] [INFO] app - 注册 Middleware [heiner_view]
[2018-01-07T22:40:23.510] [INFO] app - 注册 Middleware [heiner_static]
[2018-01-07T22:40:23.517] [INFO] app - 注册 Middleware [heiner_query]
[2018-01-07T22:40:23.555] [INFO] app - 注册 Middleware [heiner_body]
[2018-01-07T22:40:23.596] [INFO] app - 注册 Middleware [heiner_view]
[2018-01-07T22:40:23.599] [INFO] app - 注册 Controller [articleinfo.articleinfo]
[2018-01-07T22:40:23.602] [INFO] app - 注册 Controller [describe.describe]
[2018-01-07T22:40:23.605] [INFO] app - 注册 Controller [home]
[2018-01-07T22:40:23.607] [INFO] app - 注册 Controller [server.server]
[2018-01-07T22:40:23.682] [INFO] app - 注册 Router [articleinfo]
[2018-01-07T22:40:23.686] [INFO] app - 注册 Router [describe]
[2018-01-07T22:40:23.688] [INFO] app - 注册 Router [index]
[2018-01-07T22:40:23.689] [INFO] app - 注册 Router [server]
[2018-01-07T22:40:24.638] [INFO] app - 正在启动项目 模式: build
[2018-01-07T22:40:24.812] [INFO] app - 连接数据库 [mysql -h 127.0.0.1 -u root -D gdtv_cms]
[2018-01-07T22:40:25.010] [INFO] app - 连接数据库 [sqlite -h gdtvshopr1.mysql.rds.aliyuncs.com -u gdtvroot -D gdtvshop]
[2018-01-07T22:40:25.014] [INFO] app - 连接数据库 [sqlite -h gdtvcmsdb.mysql.rds.aliyuncs.com -u gdtvbalance -D gdtv_balance]
[2018-01-07T22:40:25.017] [INFO] app - 注册 Helper [moment]
[2018-01-07T22:40:25.017] [INFO] app - 注册 Helper [async]
[2018-01-07T22:40:25.027] [INFO] app - 注册 Helper [lodash]
[2018-01-07T22:40:25.032] [INFO] app - 注册 Middleware [heiner_static]
[2018-01-07T22:40:25.032] [INFO] app - 注册 Middleware [heiner_query]
[2018-01-07T22:40:25.032] [INFO] app - 注册 Middleware [heiner_body]
[2018-01-07T22:40:25.033] [INFO] app - 注册 Middleware [heiner_view]
[2018-01-07T22:40:25.073] [INFO] app - 注册 Middleware [heiner_static]
[2018-01-07T22:40:25.079] [INFO] app - 注册 Middleware [heiner_query]
[2018-01-07T22:40:25.116] [INFO] app - 注册 Middleware [heiner_body]
[2018-01-07T22:40:25.155] [INFO] app - 注册 Middleware [heiner_view]
[2018-01-07T22:40:25.158] [INFO] app - 注册 Controller [articleinfo.articleinfo]
[2018-01-07T22:40:25.160] [INFO] app - 注册 Controller [describe.describe]
[2018-01-07T22:40:25.162] [INFO] app - 注册 Controller [home]
[2018-01-07T22:40:25.164] [INFO] app - 注册 Controller [server.server]
[2018-01-07T22:40:25.237] [INFO] app - 注册 Router [articleinfo]
[2018-01-07T22:40:25.241] [INFO] app - 注册 Router [describe]
[2018-01-07T22:40:25.243] [INFO] app - 注册 Router [index]
[2018-01-07T22:40:25.244] [INFO] app - 注册 Router [server]
[2018-01-07T22:40:26.302] [INFO] app - 正在启动项目 模式: build
[2018-01-07T22:40:26.561] [INFO] app - 连接数据库 [mysql -h 127.0.0.1 -u root -D gdtv_cms]
[2018-01-07T22:40:26.823] [INFO] app - 连接数据库 [sqlite -h gdtvshopr1.mysql.rds.aliyuncs.com -u gdtvroot -D gdtvshop]
[2018-01-07T22:40:26.825] [INFO] app - 连接数据库 [sqlite -h gdtvcmsdb.mysql.rds.aliyuncs.com -u gdtvbalance -D gdtv_balance]
[2018-01-07T22:40:26.828] [INFO] app - 注册 Helper [moment]
[2018-01-07T22:40:26.828] [INFO] app - 注册 Helper [async]
[2018-01-07T22:40:26.834] [INFO] app - 注册 Helper [lodash]
[2018-01-07T22:40:26.838] [INFO] app - 注册 Middleware [heiner_static]
[2018-01-07T22:40:26.838] [INFO] app - 注册 Middleware [heiner_query]
[2018-01-07T22:40:26.839] [INFO] app - 注册 Middleware [heiner_body]
[2018-01-07T22:40:26.839] [INFO] app - 注册 Middleware [heiner_view]
[2018-01-07T22:40:26.875] [INFO] app - 注册 Middleware [heiner_static]
[2018-01-07T22:40:26.881] [INFO] app - 注册 Middleware [heiner_query]
[2018-01-07T22:40:26.916] [INFO] app - 注册 Middleware [heiner_body]
[2018-01-07T22:40:26.944] [INFO] app - 注册 Middleware [heiner_view]
[2018-01-07T22:40:26.946] [INFO] app - 注册 Controller [articleinfo.articleinfo]
[2018-01-07T22:40:26.948] [INFO] app - 注册 Controller [describe.describe]
[2018-01-07T22:40:26.951] [INFO] app - 注册 Controller [home]
[2018-01-07T22:40:26.953] [INFO] app - 注册 Controller [server.server]
[2018-01-07T22:40:27.007] [INFO] app - 注册 Router [articleinfo]
[2018-01-07T22:40:27.010] [INFO] app - 注册 Router [describe]
[2018-01-07T22:40:27.011] [INFO] app - 注册 Router [index]
[2018-01-07T22:40:27.013] [INFO] app - 注册 Router [server]
[2018-01-07T22:40:27.866] [INFO] app - 正在启动项目 模式: build
[2018-01-07T22:40:28.013] [INFO] app - 连接数据库 [mysql -h 127.0.0.1 -u root -D gdtv_cms]
[2018-01-07T22:40:28.175] [INFO] app - 连接数据库 [sqlite -h gdtvshopr1.mysql.rds.aliyuncs.com -u gdtvroot -D gdtvshop]
[2018-01-07T22:40:28.176] [INFO] app - 连接数据库 [sqlite -h gdtvcmsdb.mysql.rds.aliyuncs.com -u gdtvbalance -D gdtv_balance]
[2018-01-07T22:40:28.179] [INFO] app - 注册 Helper [moment]
[2018-01-07T22:40:28.179] [INFO] app - 注册 Helper [async]
[2018-01-07T22:40:28.186] [INFO] app - 注册 Helper [lodash]
[2018-01-07T22:40:28.189] [INFO] app - 注册 Middleware [heiner_static]
[2018-01-07T22:40:28.190] [INFO] app - 注册 Middleware [heiner_query]
[2018-01-07T22:40:28.190] [INFO] app - 注册 Middleware [heiner_body]
[2018-01-07T22:40:28.190] [INFO] app - 注册 Middleware [heiner_view]
[2018-01-07T22:40:28.220] [INFO] app - 注册 Middleware [heiner_static]
[2018-01-07T22:40:28.224] [INFO] app - 注册 Middleware [heiner_query]
[2018-01-07T22:40:28.261] [INFO] app - 注册 Middleware [heiner_body]
[2018-01-07T22:40:28.291] [INFO] app - 注册 Middleware [heiner_view]
[2018-01-07T22:40:28.295] [INFO] app - 注册 Controller [articleinfo.articleinfo]
[2018-01-07T22:40:28.298] [INFO] app - 注册 Controller [describe.describe]
[2018-01-07T22:40:28.300] [INFO] app - 注册 Controller [home]
[2018-01-07T22:40:28.301] [INFO] app - 注册 Controller [server.server]
[2018-01-07T22:40:28.353] [INFO] app - 注册 Router [articleinfo]
[2018-01-07T22:40:28.356] [INFO] app - 注册 Router [describe]
[2018-01-07T22:40:28.357] [INFO] app - 注册 Router [index]
[2018-01-07T22:40:28.359] [INFO] app - 注册 Router [server]
[2018-01-07T22:40:29.336] [INFO] app - 正在启动项目 模式: build
[2018-01-07T22:40:29.499] [INFO] app - 连接数据库 [mysql -h 127.0.0.1 -u root -D gdtv_cms]
[2018-01-07T22:40:29.696] [INFO] app - 连接数据库 [sqlite -h gdtvshopr1.mysql.rds.aliyuncs.com -u gdtvroot -D gdtvshop]
[2018-01-07T22:40:29.700] [INFO] app - 连接数据库 [sqlite -h gdtvcmsdb.mysql.rds.aliyuncs.com -u gdtvbalance -D gdtv_balance]
[2018-01-07T22:40:29.705] [INFO] app - 注册 Helper [moment]
[2018-01-07T22:40:29.706] [INFO] app - 注册 Helper [async]
[2018-01-07T22:40:29.713] [INFO] app - 注册 Helper [lodash]
[2018-01-07T22:40:29.718] [INFO] app - 注册 Middleware [heiner_static]
[2018-01-07T22:40:29.718] [INFO] app - 注册 Middleware [heiner_query]
[2018-01-07T22:40:29.719] [INFO] app - 注册 Middleware [heiner_body]
[2018-01-07T22:40:29.719] [INFO] app - 注册 Middleware [heiner_view]
[2018-01-07T22:40:29.755] [INFO] app - 注册 Middleware [heiner_static]
[2018-01-07T22:40:29.760] [INFO] app - 注册 Middleware [heiner_query]
[2018-01-07T22:40:29.800] [INFO] app - 注册 Middleware [heiner_body]
[2018-01-07T22:40:29.831] [INFO] app - 注册 Middleware [heiner_view]
[2018-01-07T22:40:29.833] [INFO] app - 注册 Controller [articleinfo.articleinfo]
[2018-01-07T22:40:29.836] [INFO] app - 注册 Controller [describe.describe]
[2018-01-07T22:40:29.838] [INFO] app - 注册 Controller [home]
[2018-01-07T22:40:29.840] [INFO] app - 注册 Controller [server.server]
[2018-01-07T22:40:29.899] [INFO] app - 注册 Router [articleinfo]
[2018-01-07T22:40:29.902] [INFO] app - 注册 Router [describe]
[2018-01-07T22:40:29.904] [INFO] app - 注册 Router [index]
[2018-01-07T22:40:29.906] [INFO] app - 注册 Router [server]
[2018-01-07T22:40:30.792] [INFO] app - 正在启动项目 模式: build
[2018-01-07T22:40:30.978] [INFO] app - 连接数据库 [mysql -h 127.0.0.1 -u root -D gdtv_cms]
[2018-01-07T22:40:31.155] [INFO] app - 连接数据库 [sqlite -h gdtvshopr1.mysql.rds.aliyuncs.com -u gdtvroot -D gdtvshop]
[2018-01-07T22:40:31.157] [INFO] app - 连接数据库 [sqlite -h gdtvcmsdb.mysql.rds.aliyuncs.com -u gdtvbalance -D gdtv_balance]
[2018-01-07T22:40:31.159] [INFO] app - 注册 Helper [moment]
[2018-01-07T22:40:31.160] [INFO] app - 注册 Helper [async]
[2018-01-07T22:40:31.166] [INFO] app - 注册 Helper [lodash]
[2018-01-07T22:40:31.170] [INFO] app - 注册 Middleware [heiner_static]
[2018-01-07T22:40:31.170] [INFO] app - 注册 Middleware [heiner_query]
[2018-01-07T22:40:31.170] [INFO] app - 注册 Middleware [heiner_body]
[2018-01-07T22:40:31.171] [INFO] app - 注册 Middleware [heiner_view]
[2018-01-07T22:40:31.200] [INFO] app - 注册 Middleware [heiner_static]
[2018-01-07T22:40:31.206] [INFO] app - 注册 Middleware [heiner_query]
[2018-01-07T22:40:31.245] [INFO] app - 注册 Middleware [heiner_body]
[2018-01-07T22:40:31.272] [INFO] app - 注册 Middleware [heiner_view]
[2018-01-07T22:40:31.275] [INFO] app - 注册 Controller [articleinfo.articleinfo]
[2018-01-07T22:40:31.278] [INFO] app - 注册 Controller [describe.describe]
[2018-01-07T22:40:31.280] [INFO] app - 注册 Controller [home]
[2018-01-07T22:40:31.282] [INFO] app - 注册 Controller [server.server]
[2018-01-07T22:40:31.339] [INFO] app - 注册 Router [articleinfo]
[2018-01-07T22:40:31.342] [INFO] app - 注册 Router [describe]
[2018-01-07T22:40:31.343] [INFO] app - 注册 Router [index]
[2018-01-07T22:40:31.345] [INFO] app - 注册 Router [server]
[2018-01-07T22:40:32.448] [INFO] app - 正在启动项目 模式: build
[2018-01-07T22:40:32.609] [INFO] app - 连接数据库 [mysql -h 127.0.0.1 -u root -D gdtv_cms]
[2018-01-07T22:40:32.788] [INFO] app - 连接数据库 [sqlite -h gdtvshopr1.mysql.rds.aliyuncs.com -u gdtvroot -D gdtvshop]
[2018-01-07T22:40:32.789] [INFO] app - 连接数据库 [sqlite -h gdtvcmsdb.mysql.rds.aliyuncs.com -u gdtvbalance -D gdtv_balance]
[2018-01-07T22:40:32.792] [INFO] app - 注册 Helper [moment]
[2018-01-07T22:40:32.792] [INFO] app - 注册 Helper [async]
[2018-01-07T22:40:32.799] [INFO] app - 注册 Helper [lodash]
[2018-01-07T22:40:32.802] [INFO] app - 注册 Middleware [heiner_static]
[2018-01-07T22:40:32.803] [INFO] app - 注册 Middleware [heiner_query]
[2018-01-07T22:40:32.803] [INFO] app - 注册 Middleware [heiner_body]
[2018-01-07T22:40:32.803] [INFO] app - 注册 Middleware [heiner_view]
[2018-01-07T22:40:32.837] [INFO] app - 注册 Middleware [heiner_static]
[2018-01-07T22:40:32.842] [INFO] app - 注册 Middleware [heiner_query]
[2018-01-07T22:40:32.874] [INFO] app - 注册 Middleware [heiner_body]
[2018-01-07T22:40:32.902] [INFO] app - 注册 Middleware [heiner_view]
[2018-01-07T22:40:32.906] [INFO] app - 注册 Controller [articleinfo.articleinfo]
[2018-01-07T22:40:32.910] [INFO] app - 注册 Controller [describe.describe]
[2018-01-07T22:40:32.912] [INFO] app - 注册 Controller [home]
[2018-01-07T22:40:32.914] [INFO] app - 注册 Controller [server.server]
[2018-01-07T22:40:32.987] [INFO] app - 注册 Router [articleinfo]
[2018-01-07T22:40:32.991] [INFO] app - 注册 Router [describe]
[2018-01-07T22:40:32.992] [INFO] app - 注册 Router [index]
[2018-01-07T22:40:32.994] [INFO] app - 注册 Router [server]
[2018-01-07T22:40:34.068] [INFO] app - 正在启动项目 模式: build
[2018-01-07T22:40:35.234] [INFO] app - 正在启动项目 模式: build
[2018-01-07T22:40:35.419] [INFO] app - 连接数据库 [mysql -h 127.0.0.1 -u root -D gdtv_cms]
[2018-01-07T22:40:35.611] [INFO] app - 连接数据库 [sqlite -h gdtvshopr1.mysql.rds.aliyuncs.com -u gdtvroot -D gdtvshop]
[2018-01-07T22:40:35.614] [INFO] app - 连接数据库 [sqlite -h gdtvcmsdb.mysql.rds.aliyuncs.com -u gdtvbalance -D gdtv_balance]
[2018-01-07T22:40:35.616] [INFO] app - 注册 Helper [moment]
[2018-01-07T22:40:35.616] [INFO] app - 注册 Helper [async]
[2018-01-07T22:40:35.624] [INFO] app - 注册 Helper [lodash]
[2018-01-07T22:40:35.628] [INFO] app - 注册 Middleware [heiner_static]
[2018-01-07T22:40:35.628] [INFO] app - 注册 Middleware [heiner_query]
[2018-01-07T22:40:35.628] [INFO] app - 注册 Middleware [heiner_body]
[2018-01-07T22:40:35.629] [INFO] app - 注册 Middleware [heiner_view]
[2018-01-07T22:40:35.664] [INFO] app - 注册 Middleware [heiner_static]
[2018-01-07T22:40:35.669] [INFO] app - 注册 Middleware [heiner_query]
[2018-01-07T22:40:35.710] [INFO] app - 注册 Middleware [heiner_body]
[2018-01-07T22:40:35.738] [INFO] app - 注册 Middleware [heiner_view]
[2018-01-07T22:40:35.741] [INFO] app - 注册 Controller [articleinfo.articleinfo]
[2018-01-07T22:40:35.745] [INFO] app - 注册 Controller [describe.describe]
[2018-01-07T22:40:35.747] [INFO] app - 注册 Controller [home]
[2018-01-07T22:40:35.749] [INFO] app - 注册 Controller [server.server]
[2018-01-07T22:40:35.805] [INFO] app - 注册 Router [articleinfo]
[2018-01-07T22:40:35.808] [INFO] app - 注册 Router [describe]
[2018-01-07T22:40:35.810] [INFO] app - 注册 Router [index]
[2018-01-07T22:40:35.811] [INFO] app - 注册 Router [server]
[2018-01-07T22:40:36.679] [INFO] app - 正在启动项目 模式: build
[2018-01-07T22:40:36.833] [INFO] app - 连接数据库 [mysql -h 127.0.0.1 -u root -D gdtv_cms]
[2018-01-07T22:40:36.998] [INFO] app - 连接数据库 [sqlite -h gdtvshopr1.mysql.rds.aliyuncs.com -u gdtvroot -D gdtvshop]
[2018-01-07T22:40:37.000] [INFO] app - 连接数据库 [sqlite -h gdtvcmsdb.mysql.rds.aliyuncs.com -u gdtvbalance -D gdtv_balance]
[2018-01-07T22:40:37.003] [INFO] app - 注册 Helper [moment]
[2018-01-07T22:40:37.003] [INFO] app - 注册 Helper [async]
[2018-01-07T22:40:37.010] [INFO] app - 注册 Helper [lodash]
[2018-01-07T22:40:37.014] [INFO] app - 注册 Middleware [heiner_static]
[2018-01-07T22:40:37.015] [INFO] app - 注册 Middleware [heiner_query]
[2018-01-07T22:40:37.015] [INFO] app - 注册 Middleware [heiner_body]
[2018-01-07T22:40:37.015] [INFO] app - 注册 Middleware [heiner_view]
[2018-01-07T22:40:37.048] [INFO] app - 注册 Middleware [heiner_static]
[2018-01-07T22:40:37.053] [INFO] app - 注册 Middleware [heiner_query]
[2018-01-07T22:40:37.086] [INFO] app - 注册 Middleware [heiner_body]
[2018-01-07T22:40:37.112] [INFO] app - 注册 Middleware [heiner_view]
[2018-01-07T22:40:37.115] [INFO] app - 注册 Controller [articleinfo.articleinfo]
[2018-01-07T22:40:37.118] [INFO] app - 注册 Controller [describe.describe]
[2018-01-07T22:40:37.120] [INFO] app - 注册 Controller [home]
[2018-01-07T22:40:37.124] [INFO] app - 注册 Controller [server.server]
[2018-01-07T22:40:37.189] [INFO] app - 注册 Router [articleinfo]
[2018-01-07T22:40:37.192] [INFO] app - 注册 Router [describe]
[2018-01-07T22:40:37.194] [INFO] app - 注册 Router [index]
[2018-01-07T22:40:37.195] [INFO] app - 注册 Router [server]
[2018-01-07T22:40:38.320] [INFO] app - 正在启动项目 模式: build
[2018-01-07T22:40:38.492] [INFO] app - 连接数据库 [mysql -h 127.0.0.1 -u root -D gdtv_cms]
[2018-01-07T22:40:38.672] [INFO] app - 连接数据库 [sqlite -h gdtvshopr1.mysql.rds.aliyuncs.com -u gdtvroot -D gdtvshop]
[2018-01-07T22:40:38.675] [INFO] app - 连接数据库 [sqlite -h gdtvcmsdb.mysql.rds.aliyuncs.com -u gdtvbalance -D gdtv_balance]
[2018-01-07T22:40:38.677] [INFO] app - 注册 Helper [moment]
[2018-01-07T22:40:38.678] [INFO] app - 注册 Helper [async]
[2018-01-07T22:40:38.687] [INFO] app - 注册 Helper [lodash]
[2018-01-07T22:40:38.691] [INFO] app - 注册 Middleware [heiner_static]
[2018-01-07T22:40:38.691] [INFO] app - 注册 Middleware [heiner_query]
[2018-01-07T22:40:38.692] [INFO] app - 注册 Middleware [heiner_body]
[2018-01-07T22:40:38.692] [INFO] app - 注册 Middleware [heiner_view]
[2018-01-07T22:40:38.733] [INFO] app - 注册 Middleware [heiner_static]
[2018-01-07T22:40:38.737] [INFO] app - 注册 Middleware [heiner_query]
[2018-01-07T22:40:38.773] [INFO] app - 注册 Middleware [heiner_body]
[2018-01-07T22:40:38.799] [INFO] app - 注册 Middleware [heiner_view]
[2018-01-07T22:40:38.801] [INFO] app - 注册 Controller [articleinfo.articleinfo]
[2018-01-07T22:40:38.805] [INFO] app - 注册 Controller [describe.describe]
[2018-01-07T22:40:38.807] [INFO] app - 注册 Controller [home]
[2018-01-07T22:40:38.809] [INFO] app - 注册 Controller [server.server]
[2018-01-07T22:40:38.872] [INFO] app - 注册 Router [articleinfo]
[2018-01-07T22:40:38.876] [INFO] app - 注册 Router [describe]
[2018-01-07T22:40:38.877] [INFO] app - 注册 Router [index]
[2018-01-07T22:40:38.879] [INFO] app - 注册 Router [server]
[2018-01-07T22:40:39.720] [INFO] app - 正在启动项目 模式: build
[2018-01-07T22:40:39.871] [INFO] app - 连接数据库 [mysql -h 127.0.0.1 -u root -D gdtv_cms]
[2018-01-07T22:40:40.049] [INFO] app - 连接数据库 [sqlite -h gdtvshopr1.mysql.rds.aliyuncs.com -u gdtvroot -D gdtvshop]
[2018-01-07T22:40:40.051] [INFO] app - 连接数据库 [sqlite -h gdtvcmsdb.mysql.rds.aliyuncs.com -u gdtvbalance -D gdtv_balance]
[2018-01-07T22:40:40.054] [INFO] app - 注册 Helper [moment]
[2018-01-07T22:40:40.055] [INFO] app - 注册 Helper [async]
[2018-01-07T22:40:40.063] [INFO] app - 注册 Helper [lodash]
[2018-01-07T22:40:40.067] [INFO] app - 注册 Middleware [heiner_static]
[2018-01-07T22:40:40.067] [INFO] app - 注册 Middleware [heiner_query]
[2018-01-07T22:40:40.068] [INFO] app - 注册 Middleware [heiner_body]
[2018-01-07T22:40:40.068] [INFO] app - 注册 Middleware [heiner_view]
[2018-01-07T22:40:40.104] [INFO] app - 注册 Middleware [heiner_static]
[2018-01-07T22:40:40.109] [INFO] app - 注册 Middleware [heiner_query]
[2018-01-07T22:40:40.150] [INFO] app - 注册 Middleware [heiner_body]
[2018-01-07T22:40:40.187] [INFO] app - 注册 Middleware [heiner_view]
[2018-01-07T22:40:40.190] [INFO] app - 注册 Controller [articleinfo.articleinfo]
[2018-01-07T22:40:40.194] [INFO] app - 注册 Controller [describe.describe]
[2018-01-07T22:40:40.196] [INFO] app - 注册 Controller [home]
[2018-01-07T22:40:40.198] [INFO] app - 注册 Controller [server.server]
[2018-01-07T22:40:40.264] [INFO] app - 注册 Router [articleinfo]
[2018-01-07T22:40:40.267] [INFO] app - 注册 Router [describe]
[2018-01-07T22:40:40.269] [INFO] app - 注册 Router [index]
[2018-01-07T22:40:40.270] [INFO] app - 注册 Router [server]
[2018-01-07T22:40:41.257] [INFO] app - 正在启动项目 模式: build
[2018-01-07T22:40:41.409] [INFO] app - 连接数据库 [mysql -h 127.0.0.1 -u root -D gdtv_cms]
[2018-01-07T22:40:41.602] [INFO] app - 连接数据库 [sqlite -h gdtvshopr1.mysql.rds.aliyuncs.com -u gdtvroot -D gdtvshop]
[2018-01-07T22:40:41.605] [INFO] app - 连接数据库 [sqlite -h gdtvcmsdb.mysql.rds.aliyuncs.com -u gdtvbalance -D gdtv_balance]
[2018-01-07T22:40:41.608] [INFO] app - 注册 Helper [moment]
[2018-01-07T22:40:41.608] [INFO] app - 注册 Helper [async]
[2018-01-07T22:40:41.616] [INFO] app - 注册 Helper [lodash]
[2018-01-07T22:40:41.620] [INFO] app - 注册 Middleware [heiner_static]
[2018-01-07T22:40:41.620] [INFO] app - 注册 Middleware [heiner_query]
[2018-01-07T22:40:41.621] [INFO] app - 注册 Middleware [heiner_body]
[2018-01-07T22:40:41.622] [INFO] app - 注册 Middleware [heiner_view]
[2018-01-07T22:40:41.655] [INFO] app - 注册 Middleware [heiner_static]
[2018-01-07T22:40:41.662] [INFO] app - 注册 Middleware [heiner_query]
[2018-01-07T22:40:41.701] [INFO] app - 注册 Middleware [heiner_body]
[2018-01-07T22:40:41.735] [INFO] app - 注册 Middleware [heiner_view]
[2018-01-07T22:40:41.738] [INFO] app - 注册 Controller [articleinfo.articleinfo]
[2018-01-07T22:40:41.740] [INFO] app - 注册 Controller [describe.describe]
[2018-01-07T22:40:41.742] [INFO] app - 注册 Controller [home]
[2018-01-07T22:40:41.743] [INFO] app - 注册 Controller [server.server]
[2018-01-07T22:40:41.803] [INFO] app - 注册 Router [articleinfo]
[2018-01-07T22:40:41.806] [INFO] app - 注册 Router [describe]
[2018-01-07T22:40:41.807] [INFO] app - 注册 Router [index]
[2018-01-07T22:40:41.808] [INFO] app - 注册 Router [server]
[2018-01-07T22:40:42.671] [INFO] app - 正在启动项目 模式: build
[2018-01-07T22:40:42.827] [INFO] app - 连接数据库 [mysql -h 127.0.0.1 -u root -D gdtv_cms]
[2018-01-07T22:40:42.996] [INFO] app - 连接数据库 [sqlite -h gdtvshopr1.mysql.rds.aliyuncs.com -u gdtvroot -D gdtvshop]
[2018-01-07T22:40:42.997] [INFO] app - 连接数据库 [sqlite -h gdtvcmsdb.mysql.rds.aliyuncs.com -u gdtvbalance -D gdtv_balance]
[2018-01-07T22:40:43.000] [INFO] app - 注册 Helper [moment]
[2018-01-07T22:40:43.000] [INFO] app - 注册 Helper [async]
[2018-01-07T22:40:43.008] [INFO] app - 注册 Helper [lodash]
[2018-01-07T22:40:43.011] [INFO] app - 注册 Middleware [heiner_static]
[2018-01-07T22:40:43.011] [INFO] app - 注册 Middleware [heiner_query]
[2018-01-07T22:40:43.012] [INFO] app - 注册 Middleware [heiner_body]
[2018-01-07T22:40:43.012] [INFO] app - 注册 Middleware [heiner_view]
[2018-01-07T22:40:43.049] [INFO] app - 注册 Middleware [heiner_static]
[2018-01-07T22:40:43.055] [INFO] app - 注册 Middleware [heiner_query]
[2018-01-07T22:40:43.101] [INFO] app - 注册 Middleware [heiner_body]
[2018-01-07T22:40:43.160] [INFO] app - 注册 Middleware [heiner_view]
[2018-01-07T22:40:43.163] [INFO] app - 注册 Controller [articleinfo.articleinfo]
[2018-01-07T22:40:43.170] [INFO] app - 注册 Controller [describe.describe]
[2018-01-07T22:40:43.178] [INFO] app - 注册 Controller [home]
[2018-01-07T22:40:43.181] [INFO] app - 注册 Controller [server.server]
[2018-01-07T22:40:43.263] [INFO] app - 注册 Router [articleinfo]
[2018-01-07T22:40:43.267] [INFO] app - 注册 Router [describe]
[2018-01-07T22:40:43.269] [INFO] app - 注册 Router [index]
[2018-01-07T22:40:43.270] [INFO] app - 注册 Router [server]
[2018-01-07T22:40:44.338] [INFO] app - 正在启动项目 模式: build
[2018-01-07T22:40:44.495] [INFO] app - 连接数据库 [mysql -h 127.0.0.1 -u root -D gdtv_cms]
[2018-01-07T22:40:44.688] [INFO] app - 连接数据库 [sqlite -h gdtvshopr1.mysql.rds.aliyuncs.com -u gdtvroot -D gdtvshop]
[2018-01-07T22:40:44.691] [INFO] app - 连接数据库 [sqlite -h gdtvcmsdb.mysql.rds.aliyuncs.com -u gdtvbalance -D gdtv_balance]
[2018-01-07T22:40:44.694] [INFO] app - 注册 Helper [moment]
[2018-01-07T22:40:44.694] [INFO] app - 注册 Helper [async]
[2018-01-07T22:40:44.701] [INFO] app - 注册 Helper [lodash]
[2018-01-07T22:40:44.706] [INFO] app - 注册 Middleware [heiner_static]
[2018-01-07T22:40:44.706] [INFO] app - 注册 Middleware [heiner_query]
[2018-01-07T22:40:44.706] [INFO] app - 注册 Middleware [heiner_body]
[2018-01-07T22:40:44.707] [INFO] app - 注册 Middleware [heiner_view]
[2018-01-07T22:40:44.740] [INFO] app - 注册 Middleware [heiner_static]
[2018-01-07T22:40:44.744] [INFO] app - 注册 Middleware [heiner_query]
[2018-01-07T22:40:44.781] [INFO] app - 注册 Middleware [heiner_body]
[2018-01-07T22:40:44.811] [INFO] app - 注册 Middleware [heiner_view]
[2018-01-07T22:40:44.814] [INFO] app - 注册 Controller [articleinfo.articleinfo]
[2018-01-07T22:40:44.817] [INFO] app - 注册 Controller [describe.describe]
[2018-01-07T22:40:44.819] [INFO] app - 注册 Controller [home]
[2018-01-07T22:40:44.821] [INFO] app - 注册 Controller [server.server]
[2018-01-07T22:40:44.878] [INFO] app - 注册 Router [articleinfo]
[2018-01-07T22:40:44.881] [INFO] app - 注册 Router [describe]
[2018-01-07T22:40:44.882] [INFO] app - 注册 Router [index]
[2018-01-07T22:40:44.883] [INFO] app - 注册 Router [server]
[2018-01-07T22:40:45.780] [INFO] app - 正在启动项目 模式: build
[2018-01-07T22:40:45.954] [INFO] app - 连接数据库 [mysql -h 127.0.0.1 -u root -D gdtv_cms]
[2018-01-07T22:40:46.161] [INFO] app - 连接数据库 [sqlite -h gdtvshopr1.mysql.rds.aliyuncs.com -u gdtvroot -D gdtvshop]
[2018-01-07T22:40:46.163] [INFO] app - 连接数据库 [sqlite -h gdtvcmsdb.mysql.rds.aliyuncs.com -u gdtvbalance -D gdtv_balance]
[2018-01-07T22:40:46.167] [INFO] app - 注册 Helper [moment]
[2018-01-07T22:40:46.167] [INFO] app - 注册 Helper [async]
[2018-01-07T22:40:46.175] [INFO] app - 注册 Helper [lodash]
[2018-01-07T22:40:46.178] [INFO] app - 注册 Middleware [heiner_static]
[2018-01-07T22:40:46.179] [INFO] app - 注册 Middleware [heiner_query]
[2018-01-07T22:40:46.179] [INFO] app - 注册 Middleware [heiner_body]
[2018-01-07T22:40:46.179] [INFO] app - 注册 Middleware [heiner_view]
[2018-01-07T22:40:46.209] [INFO] app - 注册 Middleware [heiner_static]
[2018-01-07T22:40:46.213] [INFO] app - 注册 Middleware [heiner_query]
[2018-01-07T22:40:46.250] [INFO] app - 注册 Middleware [heiner_body]
[2018-01-07T22:40:46.278] [INFO] app - 注册 Middleware [heiner_view]
[2018-01-07T22:40:46.281] [INFO] app - 注册 Controller [articleinfo.articleinfo]
[2018-01-07T22:40:46.283] [INFO] app - 注册 Controller [describe.describe]
[2018-01-07T22:40:46.285] [INFO] app - 注册 Controller [home]
[2018-01-07T22:40:46.287] [INFO] app - 注册 Controller [server.server]
[2018-01-07T22:40:46.348] [INFO] app - 注册 Router [articleinfo]
[2018-01-07T22:40:46.350] [INFO] app - 注册 Router [describe]
[2018-01-07T22:40:46.352] [INFO] app - 注册 Router [index]
[2018-01-07T22:40:46.353] [INFO] app - 注册 Router [server]
[2018-01-07T22:40:47.307] [INFO] app - 正在启动项目 模式: build
[2018-01-07T22:40:47.473] [INFO] app - 连接数据库 [mysql -h 127.0.0.1 -u root -D gdtv_cms]
[2018-01-07T22:40:47.674] [INFO] app - 连接数据库 [sqlite -h gdtvshopr1.mysql.rds.aliyuncs.com -u gdtvroot -D gdtvshop]
[2018-01-07T22:40:47.677] [INFO] app - 连接数据库 [sqlite -h gdtvcmsdb.mysql.rds.aliyuncs.com -u gdtvbalance -D gdtv_balance]
[2018-01-07T22:40:47.679] [INFO] app - 注册 Helper [moment]
[2018-01-07T22:40:47.680] [INFO] app - 注册 Helper [async]
[2018-01-07T22:40:47.688] [INFO] app - 注册 Helper [lodash]
[2018-01-07T22:40:47.691] [INFO] app - 注册 Middleware [heiner_static]
[2018-01-07T22:40:47.692] [INFO] app - 注册 Middleware [heiner_query]
[2018-01-07T22:40:47.692] [INFO] app - 注册 Middleware [heiner_body]
[2018-01-07T22:40:47.692] [INFO] app - 注册 Middleware [heiner_view]
[2018-01-07T22:40:47.728] [INFO] app - 注册 Middleware [heiner_static]
[2018-01-07T22:40:47.736] [INFO] app - 注册 Middleware [heiner_query]
[2018-01-07T22:40:47.779] [INFO] app - 注册 Middleware [heiner_body]
[2018-01-07T22:40:47.811] [INFO] app - 注册 Middleware [heiner_view]
[2018-01-07T22:40:47.815] [INFO] app - 注册 Controller [articleinfo.articleinfo]
[2018-01-07T22:40:47.819] [INFO] app - 注册 Controller [describe.describe]
[2018-01-07T22:40:47.821] [INFO] app - 注册 Controller [home]
[2018-01-07T22:40:47.823] [INFO] app - 注册 Controller [server.server]
[2018-01-07T22:40:47.893] [INFO] app - 注册 Router [articleinfo]
[2018-01-07T22:40:47.897] [INFO] app - 注册 Router [describe]
[2018-01-07T22:40:47.898] [INFO] app - 注册 Router [index]
[2018-01-07T22:40:47.899] [INFO] app - 注册 Router [server]
[2018-01-07T22:40:48.980] [INFO] app - 正在启动项目 模式: build
[2018-01-07T22:40:49.370] [INFO] app - 连接数据库 [mysql -h 127.0.0.1 -u root -D gdtv_cms]
[2018-01-07T22:40:49.826] [INFO] app - 连接数据库 [sqlite -h gdtvshopr1.mysql.rds.aliyuncs.com -u gdtvroot -D gdtvshop]
[2018-01-07T22:40:49.828] [INFO] app - 连接数据库 [sqlite -h gdtvcmsdb.mysql.rds.aliyuncs.com -u gdtvbalance -D gdtv_balance]
[2018-01-07T22:40:49.830] [INFO] app - 注册 Helper [moment]
[2018-01-07T22:40:49.831] [INFO] app - 注册 Helper [async]
[2018-01-07T22:40:49.840] [INFO] app - 注册 Helper [lodash]
[2018-01-07T22:40:49.844] [INFO] app - 注册 Middleware [heiner_static]
[2018-01-07T22:40:49.845] [INFO] app - 注册 Middleware [heiner_query]
[2018-01-07T22:40:49.845] [INFO] app - 注册 Middleware [heiner_body]
[2018-01-07T22:40:49.845] [INFO] app - 注册 Middleware [heiner_view]
[2018-01-07T22:40:49.887] [INFO] app - 注册 Middleware [heiner_static]
[2018-01-07T22:40:49.892] [INFO] app - 注册 Middleware [heiner_query]
[2018-01-07T22:40:49.942] [INFO] app - 注册 Middleware [heiner_body]
[2018-01-07T22:40:49.972] [INFO] app - 注册 Middleware [heiner_view]
[2018-01-07T22:40:49.975] [INFO] app - 注册 Controller [articleinfo.articleinfo]
[2018-01-07T22:40:49.979] [INFO] app - 注册 Controller [describe.describe]
[2018-01-07T22:40:49.982] [INFO] app - 注册 Controller [home]
[2018-01-07T22:40:49.984] [INFO] app - 注册 Controller [server.server]
[2018-01-07T22:40:50.056] [INFO] app - 注册 Router [articleinfo]
[2018-01-07T22:40:50.059] [INFO] app - 注册 Router [describe]
[2018-01-07T22:40:50.060] [INFO] app - 注册 Router [index]
[2018-01-07T22:40:50.061] [INFO] app - 注册 Router [server]
[2018-01-07T22:40:51.042] [INFO] app - 正在启动项目 模式: build
[2018-01-07T22:40:51.212] [INFO] app - 连接数据库 [mysql -h 127.0.0.1 -u root -D gdtv_cms]
[2018-01-07T22:40:51.443] [INFO] app - 连接数据库 [sqlite -h gdtvshopr1.mysql.rds.aliyuncs.com -u gdtvroot -D gdtvshop]
[2018-01-07T22:40:51.446] [INFO] app - 连接数据库 [sqlite -h gdtvcmsdb.mysql.rds.aliyuncs.com -u gdtvbalance -D gdtv_balance]
[2018-01-07T22:40:51.449] [INFO] app - 注册 Helper [moment]
[2018-01-07T22:40:51.451] [INFO] app - 注册 Helper [async]
[2018-01-07T22:40:51.460] [INFO] app - 注册 Helper [lodash]
[2018-01-07T22:40:51.465] [INFO] app - 注册 Middleware [heiner_static]
[2018-01-07T22:40:51.465] [INFO] app - 注册 Middleware [heiner_query]
[2018-01-07T22:40:51.465] [INFO] app - 注册 Middleware [heiner_body]
[2018-01-07T22:40:51.466] [INFO] app - 注册 Middleware [heiner_view]
[2018-01-07T22:40:51.505] [INFO] app - 注册 Middleware [heiner_static]
[2018-01-07T22:40:51.511] [INFO] app - 注册 Middleware [heiner_query]
[2018-01-07T22:40:51.565] [INFO] app - 注册 Middleware [heiner_body]
[2018-01-07T22:40:51.612] [INFO] app - 注册 Middleware [heiner_view]
[2018-01-07T22:40:51.617] [INFO] app - 注册 Controller [articleinfo.articleinfo]
[2018-01-07T22:40:51.622] [INFO] app - 注册 Controller [describe.describe]
[2018-01-07T22:40:51.625] [INFO] app - 注册 Controller [home]
[2018-01-07T22:40:51.628] [INFO] app - 注册 Controller [server.server]
[2018-01-07T22:40:51.720] [INFO] app - 注册 Router [articleinfo]
[2018-01-07T22:40:51.725] [INFO] app - 注册 Router [describe]
[2018-01-07T22:40:51.727] [INFO] app - 注册 Router [index]
[2018-01-07T22:40:51.728] [INFO] app - 注册 Router [server]
[2018-01-07T22:40:52.731] [INFO] app - 正在启动项目 模式: build
[2018-01-07T22:40:52.890] [INFO] app - 连接数据库 [mysql -h 127.0.0.1 -u root -D gdtv_cms]
[2018-01-07T22:40:53.063] [INFO] app - 连接数据库 [sqlite -h gdtvshopr1.mysql.rds.aliyuncs.com -u gdtvroot -D gdtvshop]
[2018-01-07T22:40:53.066] [INFO] app - 连接数据库 [sqlite -h gdtvcmsdb.mysql.rds.aliyuncs.com -u gdtvbalance -D gdtv_balance]
[2018-01-07T22:40:53.068] [INFO] app - 注册 Helper [moment]
[2018-01-07T22:40:53.069] [INFO] app - 注册 Helper [async]
[2018-01-07T22:40:53.075] [INFO] app - 注册 Helper [lodash]
[2018-01-07T22:40:53.079] [INFO] app - 注册 Middleware [heiner_static]
[2018-01-07T22:40:53.079] [INFO] app - 注册 Middleware [heiner_query]
[2018-01-07T22:40:53.079] [INFO] app - 注册 Middleware [heiner_body]
[2018-01-07T22:40:53.079] [INFO] app - 注册 Middleware [heiner_view]
[2018-01-07T22:40:53.110] [INFO] app - 注册 Middleware [heiner_static]
[2018-01-07T22:40:53.115] [INFO] app - 注册 Middleware [heiner_query]
[2018-01-07T22:40:53.149] [INFO] app - 注册 Middleware [heiner_body]
[2018-01-07T22:40:53.175] [INFO] app - 注册 Middleware [heiner_view]
[2018-01-07T22:40:53.177] [INFO] app - 注册 Controller [articleinfo.articleinfo]
[2018-01-07T22:40:53.181] [INFO] app - 注册 Controller [describe.describe]
[2018-01-07T22:40:53.183] [INFO] app - 注册 Controller [home]
[2018-01-07T22:40:53.184] [INFO] app - 注册 Controller [server.server]
[2018-01-07T22:40:53.244] [INFO] app - 注册 Router [articleinfo]
[2018-01-07T22:40:53.246] [INFO] app - 注册 Router [describe]
[2018-01-07T22:40:53.248] [INFO] app - 注册 Router [index]
[2018-01-07T22:40:53.249] [INFO] app - 注册 Router [server]
[2018-01-07T22:40:54.171] [INFO] app - 正在启动项目 模式: build
[2018-01-07T22:40:54.362] [INFO] app - 连接数据库 [mysql -h 127.0.0.1 -u root -D gdtv_cms]
[2018-01-07T22:40:54.587] [INFO] app - 连接数据库 [sqlite -h gdtvshopr1.mysql.rds.aliyuncs.com -u gdtvroot -D gdtvshop]
[2018-01-07T22:40:54.591] [INFO] app - 连接数据库 [sqlite -h gdtvcmsdb.mysql.rds.aliyuncs.com -u gdtvbalance -D gdtv_balance]
[2018-01-07T22:40:54.594] [INFO] app - 注册 Helper [moment]
[2018-01-07T22:40:54.594] [INFO] app - 注册 Helper [async]
[2018-01-07T22:40:54.606] [INFO] app - 注册 Helper [lodash]
[2018-01-07T22:40:54.611] [INFO] app - 注册 Middleware [heiner_static]
[2018-01-07T22:40:54.611] [INFO] app - 注册 Middleware [heiner_query]
[2018-01-07T22:40:54.611] [INFO] app - 注册 Middleware [heiner_body]
[2018-01-07T22:40:54.612] [INFO] app - 注册 Middleware [heiner_view]
[2018-01-07T22:40:54.671] [INFO] app - 注册 Middleware [heiner_static]
[2018-01-07T22:40:54.679] [INFO] app - 注册 Middleware [heiner_query]
[2018-01-07T22:40:54.765] [INFO] app - 注册 Middleware [heiner_body]
[2018-01-07T22:40:54.811] [INFO] app - 注册 Middleware [heiner_view]
[2018-01-07T22:40:54.820] [INFO] app - 注册 Controller [articleinfo.articleinfo]
[2018-01-07T22:40:54.826] [INFO] app - 注册 Controller [describe.describe]
[2018-01-07T22:40:54.829] [INFO] app - 注册 Controller [home]
[2018-01-07T22:40:54.834] [INFO] app - 注册 Controller [server.server]
[2018-01-07T22:40:54.940] [INFO] app - 注册 Router [articleinfo]
[2018-01-07T22:40:54.946] [INFO] app - 注册 Router [describe]
[2018-01-07T22:40:54.950] [INFO] app - 注册 Router [index]
[2018-01-07T22:40:54.952] [INFO] app - 注册 Router [server]
[2018-01-07T22:40:56.300] [INFO] app - 正在启动项目 模式: build
[2018-01-07T22:40:56.530] [INFO] app - 连接数据库 [mysql -h 127.0.0.1 -u root -D gdtv_cms]
[2018-01-07T22:40:56.810] [INFO] app - 连接数据库 [sqlite -h gdtvshopr1.mysql.rds.aliyuncs.com -u gdtvroot -D gdtvshop]
[2018-01-07T22:40:56.811] [INFO] app - 连接数据库 [sqlite -h gdtvcmsdb.mysql.rds.aliyuncs.com -u gdtvbalance -D gdtv_balance]
[2018-01-07T22:40:56.814] [INFO] app - 注册 Helper [moment]
[2018-01-07T22:40:56.814] [INFO] app - 注册 Helper [async]
[2018-01-07T22:40:56.824] [INFO] app - 注册 Helper [lodash]
[2018-01-07T22:40:56.828] [INFO] app - 注册 Middleware [heiner_static]
[2018-01-07T22:40:56.828] [INFO] app - 注册 Middleware [heiner_query]
[2018-01-07T22:40:56.828] [INFO] app - 注册 Middleware [heiner_body]
[2018-01-07T22:40:56.829] [INFO] app - 注册 Middleware [heiner_view]
[2018-01-07T22:40:56.859] [INFO] app - 注册 Middleware [heiner_static]
[2018-01-07T22:40:56.864] [INFO] app - 注册 Middleware [heiner_query]
[2018-01-07T22:40:56.911] [INFO] app - 注册 Middleware [heiner_body]
[2018-01-07T22:40:56.964] [INFO] app - 注册 Middleware [heiner_view]
[2018-01-07T22:40:56.970] [INFO] app - 注册 Controller [articleinfo.articleinfo]
[2018-01-07T22:40:56.974] [INFO] app - 注册 Controller [describe.describe]
[2018-01-07T22:40:56.979] [INFO] app - 注册 Controller [home]
[2018-01-07T22:40:56.982] [INFO] app - 注册 Controller [server.server]
[2018-01-07T22:40:57.063] [INFO] app - 注册 Router [articleinfo]
[2018-01-07T22:40:57.066] [INFO] app - 注册 Router [describe]
[2018-01-07T22:40:57.067] [INFO] app - 注册 Router [index]
[2018-01-07T22:40:57.069] [INFO] app - 注册 Router [server]
[2018-01-07T22:40:58.194] [INFO] app - 正在启动项目 模式: build
[2018-01-07T22:40:58.396] [INFO] app - 连接数据库 [mysql -h 127.0.0.1 -u root -D gdtv_cms]
[2018-01-07T22:40:58.599] [INFO] app - 连接数据库 [sqlite -h gdtvshopr1.mysql.rds.aliyuncs.com -u gdtvroot -D gdtvshop]
[2018-01-07T22:40:58.601] [INFO] app - 连接数据库 [sqlite -h gdtvcmsdb.mysql.rds.aliyuncs.com -u gdtvbalance -D gdtv_balance]
[2018-01-07T22:40:58.603] [INFO] app - 注册 Helper [moment]
[2018-01-07T22:40:58.604] [INFO] app - 注册 Helper [async]
[2018-01-07T22:40:58.612] [INFO] app - 注册 Helper [lodash]
[2018-01-07T22:40:58.616] [INFO] app - 注册 Middleware [heiner_static]
[2018-01-07T22:40:58.616] [INFO] app - 注册 Middleware [heiner_query]
[2018-01-07T22:40:58.617] [INFO] app - 注册 Middleware [heiner_body]
[2018-01-07T22:40:58.617] [INFO] app - 注册 Middleware [heiner_view]
[2018-01-07T22:40:58.655] [INFO] app - 注册 Middleware [heiner_static]
[2018-01-07T22:40:58.661] [INFO] app - 注册 Middleware [heiner_query]
[2018-01-07T22:40:58.709] [INFO] app - 注册 Middleware [heiner_body]
[2018-01-07T22:40:58.747] [INFO] app - 注册 Middleware [heiner_view]
[2018-01-07T22:40:58.750] [INFO] app - 注册 Controller [articleinfo.articleinfo]
[2018-01-07T22:40:58.754] [INFO] app - 注册 Controller [describe.describe]
[2018-01-07T22:40:58.756] [INFO] app - 注册 Controller [home]
[2018-01-07T22:40:58.758] [INFO] app - 注册 Controller [server.server]
[2018-01-07T22:40:58.819] [INFO] app - 注册 Router [articleinfo]
[2018-01-07T22:40:58.822] [INFO] app - 注册 Router [describe]
[2018-01-07T22:40:58.824] [INFO] app - 注册 Router [index]
[2018-01-07T22:40:58.825] [INFO] app - 注册 Router [server]
[2018-01-07T22:40:59.912] [INFO] app - 正在启动项目 模式: build
