[2018-01-11T16:26:00.053] [INFO] app - 连接数据库 [mysql -h 114.215.183.168 -u gdtv_cms -D gdtv_cms]
[2018-01-11T16:26:00.111] [INFO] app - 注册 Helper [moment]
[2018-01-11T16:26:00.112] [INFO] app - 注册 Helper [async]
[2018-01-11T16:26:00.119] [INFO] app - 注册 Helper [lodash]
[2018-01-11T16:26:00.122] [INFO] app - 注册 Middleware [heiner_static]
[2018-01-11T16:26:00.123] [INFO] app - 注册 Middleware [heiner_query]
[2018-01-11T16:26:00.123] [INFO] app - 注册 Middleware [heiner_body]
[2018-01-11T16:26:00.123] [INFO] app - 注册 Middleware [heiner_view]
[2018-01-11T16:26:00.155] [INFO] app - 注册 Middleware [heiner_static]
[2018-01-11T16:26:00.158] [INFO] app - 注册 Middleware [heiner_query]
[2018-01-11T16:26:00.210] [INFO] app - 注册 Middleware [heiner_body]
[2018-01-11T16:26:00.239] [INFO] app - 注册 Middleware [heiner_view]
[2018-01-11T16:26:00.242] [INFO] app - 注册 Controller [articleinfo.articleinfo]
[2018-01-11T16:26:00.244] [INFO] app - 注册 Controller [describe.describe]
[2018-01-11T16:26:00.246] [INFO] app - 注册 Controller [home]
[2018-01-11T16:26:00.248] [INFO] app - 注册 Controller [server.server]
[2018-01-11T16:26:00.300] [INFO] app - 注册 Router [articleinfo]
[2018-01-11T16:26:00.303] [INFO] app - 注册 Router [describe]
[2018-01-11T16:26:00.305] [INFO] app - 注册 Router [index]
[2018-01-11T16:26:00.306] [INFO] app - 注册 Router [server]
[2018-01-11T16:26:01.216] [INFO] app - 正在启动项目 模式: build
[2018-01-11T16:26:01.370] [INFO] app - 连接数据库 [mysql -h 114.215.183.168 -u gdtv_cms -D gdtv_cms]
[2018-01-11T16:26:01.431] [INFO] app - 注册 Helper [moment]
[2018-01-11T16:26:01.432] [INFO] app - 注册 Helper [async]
[2018-01-11T16:26:01.438] [INFO] app - 注册 Helper [lodash]
[2018-01-11T16:26:01.442] [INFO] app - 注册 Middleware [heiner_static]
[2018-01-11T16:26:01.443] [INFO] app - 注册 Middleware [heiner_query]
[2018-01-11T16:26:01.443] [INFO] app - 注册 Middleware [heiner_body]
[2018-01-11T16:26:01.443] [INFO] app - 注册 Middleware [heiner_view]
[2018-01-11T16:26:01.482] [INFO] app - 注册 Middleware [heiner_static]
[2018-01-11T16:26:01.487] [INFO] app - 注册 Middleware [heiner_query]
[2018-01-11T16:26:01.534] [INFO] app - 注册 Middleware [heiner_body]
[2018-01-11T16:26:01.571] [INFO] app - 注册 Middleware [heiner_view]
[2018-01-11T16:26:01.575] [INFO] app - 注册 Controller [articleinfo.articleinfo]
[2018-01-11T16:26:01.578] [INFO] app - 注册 Controller [describe.describe]
[2018-01-11T16:26:01.581] [INFO] app - 注册 Controller [home]
[2018-01-11T16:26:01.582] [INFO] app - 注册 Controller [server.server]
[2018-01-11T16:26:01.642] [INFO] app - 注册 Router [articleinfo]
[2018-01-11T16:26:01.647] [INFO] app - 注册 Router [describe]
[2018-01-11T16:26:01.648] [INFO] app - 注册 Router [index]
[2018-01-11T16:26:01.649] [INFO] app - 注册 Router [server]
[2018-01-11T16:26:02.604] [INFO] app - 正在启动项目 模式: build
[2018-01-11T16:26:02.762] [INFO] app - 连接数据库 [mysql -h 114.215.183.168 -u gdtv_cms -D gdtv_cms]
[2018-01-11T16:26:02.823] [INFO] app - 注册 Helper [moment]
[2018-01-11T16:26:02.824] [INFO] app - 注册 Helper [async]
[2018-01-11T16:26:02.835] [INFO] app - 注册 Helper [lodash]
[2018-01-11T16:26:02.839] [INFO] app - 注册 Middleware [heiner_static]
[2018-01-11T16:26:02.839] [INFO] app - 注册 Middleware [heiner_query]
[2018-01-11T16:26:02.840] [INFO] app - 注册 Middleware [heiner_body]
[2018-01-11T16:26:02.840] [INFO] app - 注册 Middleware [heiner_view]
[2018-01-11T16:26:02.877] [INFO] app - 注册 Middleware [heiner_static]
[2018-01-11T16:26:02.881] [INFO] app - 注册 Middleware [heiner_query]
[2018-01-11T16:26:02.928] [INFO] app - 注册 Middleware [heiner_body]
[2018-01-11T16:26:02.968] [INFO] app - 注册 Middleware [heiner_view]
[2018-01-11T16:26:02.983] [INFO] app - 注册 Controller [articleinfo.articleinfo]
[2018-01-11T16:26:02.987] [INFO] app - 注册 Controller [describe.describe]
[2018-01-11T16:26:02.990] [INFO] app - 注册 Controller [home]
[2018-01-11T16:26:02.993] [INFO] app - 注册 Controller [server.server]
[2018-01-11T16:26:03.093] [INFO] app - 注册 Router [articleinfo]
[2018-01-11T16:26:03.097] [INFO] app - 注册 Router [describe]
[2018-01-11T16:26:03.099] [INFO] app - 注册 Router [index]
[2018-01-11T16:26:03.101] [INFO] app - 注册 Router [server]
[2018-01-11T16:26:04.248] [INFO] app - 正在启动项目 模式: build
[2018-01-11T16:26:04.436] [INFO] app - 连接数据库 [mysql -h 114.215.183.168 -u gdtv_cms -D gdtv_cms]
[2018-01-11T16:26:04.521] [INFO] app - 注册 Helper [moment]
[2018-01-11T16:26:04.522] [INFO] app - 注册 Helper [async]
[2018-01-11T16:26:04.529] [INFO] app - 注册 Helper [lodash]
[2018-01-11T16:26:04.533] [INFO] app - 注册 Middleware [heiner_static]
[2018-01-11T16:26:04.533] [INFO] app - 注册 Middleware [heiner_query]
[2018-01-11T16:26:04.534] [INFO] app - 注册 Middleware [heiner_body]
[2018-01-11T16:26:04.534] [INFO] app - 注册 Middleware [heiner_view]
[2018-01-11T16:26:04.575] [INFO] app - 注册 Middleware [heiner_static]
[2018-01-11T16:26:04.582] [INFO] app - 注册 Middleware [heiner_query]
[2018-01-11T16:26:04.632] [INFO] app - 注册 Middleware [heiner_body]
[2018-01-11T16:26:04.670] [INFO] app - 注册 Middleware [heiner_view]
[2018-01-11T16:26:04.674] [INFO] app - 注册 Controller [articleinfo.articleinfo]
[2018-01-11T16:26:04.676] [INFO] app - 注册 Controller [describe.describe]
[2018-01-11T16:26:04.679] [INFO] app - 注册 Controller [home]
[2018-01-11T16:26:04.681] [INFO] app - 注册 Controller [server.server]
[2018-01-11T16:26:04.752] [INFO] app - 注册 Router [articleinfo]
[2018-01-11T16:26:04.755] [INFO] app - 注册 Router [describe]
[2018-01-11T16:26:04.757] [INFO] app - 注册 Router [index]
[2018-01-11T16:26:04.758] [INFO] app - 注册 Router [server]
[2018-01-11T16:26:05.803] [INFO] app - 正在启动项目 模式: build
[2018-01-11T16:26:05.972] [INFO] app - 连接数据库 [mysql -h 114.215.183.168 -u gdtv_cms -D gdtv_cms]
[2018-01-11T16:26:06.041] [INFO] app - 注册 Helper [moment]
[2018-01-11T16:26:06.041] [INFO] app - 注册 Helper [async]
[2018-01-11T16:26:06.048] [INFO] app - 注册 Helper [lodash]
[2018-01-11T16:26:06.051] [INFO] app - 注册 Middleware [heiner_static]
[2018-01-11T16:26:06.051] [INFO] app - 注册 Middleware [heiner_query]
[2018-01-11T16:26:06.052] [INFO] app - 注册 Middleware [heiner_body]
[2018-01-11T16:26:06.052] [INFO] app - 注册 Middleware [heiner_view]
[2018-01-11T16:26:06.084] [INFO] app - 注册 Middleware [heiner_static]
[2018-01-11T16:26:06.091] [INFO] app - 注册 Middleware [heiner_query]
[2018-01-11T16:26:06.134] [INFO] app - 注册 Middleware [heiner_body]
[2018-01-11T16:26:06.171] [INFO] app - 注册 Middleware [heiner_view]
[2018-01-11T16:26:06.173] [INFO] app - 注册 Controller [articleinfo.articleinfo]
[2018-01-11T16:26:06.176] [INFO] app - 注册 Controller [describe.describe]
[2018-01-11T16:26:06.178] [INFO] app - 注册 Controller [home]
[2018-01-11T16:26:06.179] [INFO] app - 注册 Controller [server.server]
[2018-01-11T16:26:06.238] [INFO] app - 注册 Router [articleinfo]
[2018-01-11T16:26:06.242] [INFO] app - 注册 Router [describe]
[2018-01-11T16:26:06.243] [INFO] app - 注册 Router [index]
[2018-01-11T16:26:06.245] [INFO] app - 注册 Router [server]
[2018-01-11T16:26:07.199] [INFO] app - 正在启动项目 模式: build
[2018-01-11T16:26:07.363] [INFO] app - 连接数据库 [mysql -h 114.215.183.168 -u gdtv_cms -D gdtv_cms]
[2018-01-11T16:26:07.430] [INFO] app - 注册 Helper [moment]
[2018-01-11T16:26:07.431] [INFO] app - 注册 Helper [async]
[2018-01-11T16:26:07.438] [INFO] app - 注册 Helper [lodash]
[2018-01-11T16:26:07.442] [INFO] app - 注册 Middleware [heiner_static]
[2018-01-11T16:26:07.442] [INFO] app - 注册 Middleware [heiner_query]
[2018-01-11T16:26:07.443] [INFO] app - 注册 Middleware [heiner_body]
[2018-01-11T16:26:07.443] [INFO] app - 注册 Middleware [heiner_view]
[2018-01-11T16:26:07.488] [INFO] app - 注册 Middleware [heiner_static]
[2018-01-11T16:26:07.495] [INFO] app - 注册 Middleware [heiner_query]
[2018-01-11T16:26:07.546] [INFO] app - 注册 Middleware [heiner_body]
[2018-01-11T16:26:07.584] [INFO] app - 注册 Middleware [heiner_view]
[2018-01-11T16:26:07.588] [INFO] app - 注册 Controller [articleinfo.articleinfo]
[2018-01-11T16:26:07.591] [INFO] app - 注册 Controller [describe.describe]
[2018-01-11T16:26:07.593] [INFO] app - 注册 Controller [home]
[2018-01-11T16:26:07.595] [INFO] app - 注册 Controller [server.server]
[2018-01-11T16:26:07.660] [INFO] app - 注册 Router [articleinfo]
[2018-01-11T16:26:07.664] [INFO] app - 注册 Router [describe]
[2018-01-11T16:26:07.666] [INFO] app - 注册 Router [index]
[2018-01-11T16:26:07.667] [INFO] app - 注册 Router [server]
[2018-01-11T16:26:08.631] [INFO] app - 正在启动项目 模式: build
[2018-01-11T16:26:08.847] [INFO] app - 连接数据库 [mysql -h 114.215.183.168 -u gdtv_cms -D gdtv_cms]
[2018-01-11T16:26:08.991] [INFO] app - 注册 Helper [moment]
[2018-01-11T16:26:08.994] [INFO] app - 注册 Helper [async]
[2018-01-11T16:26:09.006] [INFO] app - 注册 Helper [lodash]
[2018-01-11T16:26:09.017] [INFO] app - 注册 Middleware [heiner_static]
[2018-01-11T16:26:09.019] [INFO] app - 注册 Middleware [heiner_query]
[2018-01-11T16:26:09.021] [INFO] app - 注册 Middleware [heiner_body]
[2018-01-11T16:26:09.022] [INFO] app - 注册 Middleware [heiner_view]
[2018-01-11T16:26:09.086] [INFO] app - 注册 Middleware [heiner_static]
[2018-01-11T16:26:09.094] [INFO] app - 注册 Middleware [heiner_query]
[2018-01-11T16:26:09.168] [INFO] app - 注册 Middleware [heiner_body]
[2018-01-11T16:26:09.238] [INFO] app - 注册 Middleware [heiner_view]
[2018-01-11T16:26:09.248] [INFO] app - 注册 Controller [articleinfo.articleinfo]
[2018-01-11T16:26:09.258] [INFO] app - 注册 Controller [describe.describe]
[2018-01-11T16:26:09.269] [INFO] app - 注册 Controller [home]
[2018-01-11T16:26:09.278] [INFO] app - 注册 Controller [server.server]
[2018-01-11T16:26:09.391] [INFO] app - 注册 Router [articleinfo]
[2018-01-11T16:26:09.396] [INFO] app - 注册 Router [describe]
[2018-01-11T16:26:09.398] [INFO] app - 注册 Router [index]
[2018-01-11T16:26:09.400] [INFO] app - 注册 Router [server]
[2018-01-11T16:26:10.674] [INFO] app - 正在启动项目 模式: build
[2018-01-11T16:26:10.874] [INFO] app - 连接数据库 [mysql -h 114.215.183.168 -u gdtv_cms -D gdtv_cms]
[2018-01-11T16:26:10.939] [INFO] app - 注册 Helper [moment]
[2018-01-11T16:26:10.940] [INFO] app - 注册 Helper [async]
[2018-01-11T16:26:10.949] [INFO] app - 注册 Helper [lodash]
[2018-01-11T16:26:10.954] [INFO] app - 注册 Middleware [heiner_static]
[2018-01-11T16:26:10.954] [INFO] app - 注册 Middleware [heiner_query]
[2018-01-11T16:26:10.954] [INFO] app - 注册 Middleware [heiner_body]
[2018-01-11T16:26:10.955] [INFO] app - 注册 Middleware [heiner_view]
[2018-01-11T16:26:10.996] [INFO] app - 注册 Middleware [heiner_static]
[2018-01-11T16:26:11.001] [INFO] app - 注册 Middleware [heiner_query]
[2018-01-11T16:26:11.055] [INFO] app - 注册 Middleware [heiner_body]
[2018-01-11T16:26:11.091] [INFO] app - 注册 Middleware [heiner_view]
[2018-01-11T16:26:11.093] [INFO] app - 注册 Controller [articleinfo.articleinfo]
[2018-01-11T16:26:11.096] [INFO] app - 注册 Controller [describe.describe]
[2018-01-11T16:26:11.097] [INFO] app - 注册 Controller [home]
[2018-01-11T16:26:11.099] [INFO] app - 注册 Controller [server.server]
[2018-01-11T16:26:11.172] [INFO] app - 注册 Router [articleinfo]
[2018-01-11T16:26:11.177] [INFO] app - 注册 Router [describe]
[2018-01-11T16:26:11.180] [INFO] app - 注册 Router [index]
[2018-01-11T16:26:11.182] [INFO] app - 注册 Router [server]
[2018-01-11T16:26:12.102] [INFO] app - 正在启动项目 模式: build
[2018-01-11T16:26:12.259] [INFO] app - 连接数据库 [mysql -h 114.215.183.168 -u gdtv_cms -D gdtv_cms]
[2018-01-11T16:26:12.321] [INFO] app - 注册 Helper [moment]
[2018-01-11T16:26:12.322] [INFO] app - 注册 Helper [async]
[2018-01-11T16:26:12.329] [INFO] app - 注册 Helper [lodash]
[2018-01-11T16:26:12.332] [INFO] app - 注册 Middleware [heiner_static]
[2018-01-11T16:26:12.333] [INFO] app - 注册 Middleware [heiner_query]
[2018-01-11T16:26:12.333] [INFO] app - 注册 Middleware [heiner_body]
[2018-01-11T16:26:12.333] [INFO] app - 注册 Middleware [heiner_view]
[2018-01-11T16:26:12.365] [INFO] app - 注册 Middleware [heiner_static]
[2018-01-11T16:26:12.371] [INFO] app - 注册 Middleware [heiner_query]
[2018-01-11T16:26:12.414] [INFO] app - 注册 Middleware [heiner_body]
[2018-01-11T16:26:12.445] [INFO] app - 注册 Middleware [heiner_view]
[2018-01-11T16:26:12.448] [INFO] app - 注册 Controller [articleinfo.articleinfo]
[2018-01-11T16:26:12.451] [INFO] app - 注册 Controller [describe.describe]
[2018-01-11T16:26:12.452] [INFO] app - 注册 Controller [home]
[2018-01-11T16:26:12.454] [INFO] app - 注册 Controller [server.server]
[2018-01-11T16:26:12.521] [INFO] app - 注册 Router [articleinfo]
[2018-01-11T16:26:12.525] [INFO] app - 注册 Router [describe]
[2018-01-11T16:26:12.526] [INFO] app - 注册 Router [index]
[2018-01-11T16:26:12.528] [INFO] app - 注册 Router [server]
[2018-01-11T16:26:13.440] [INFO] app - 正在启动项目 模式: build
[2018-01-11T16:26:13.612] [INFO] app - 连接数据库 [mysql -h 114.215.183.168 -u gdtv_cms -D gdtv_cms]
[2018-01-11T16:26:13.689] [INFO] app - 注册 Helper [moment]
[2018-01-11T16:26:13.690] [INFO] app - 注册 Helper [async]
[2018-01-11T16:26:13.699] [INFO] app - 注册 Helper [lodash]
[2018-01-11T16:26:13.702] [INFO] app - 注册 Middleware [heiner_static]
[2018-01-11T16:26:13.703] [INFO] app - 注册 Middleware [heiner_query]
[2018-01-11T16:26:13.703] [INFO] app - 注册 Middleware [heiner_body]
[2018-01-11T16:26:13.703] [INFO] app - 注册 Middleware [heiner_view]
[2018-01-11T16:26:13.736] [INFO] app - 注册 Middleware [heiner_static]
[2018-01-11T16:26:13.741] [INFO] app - 注册 Middleware [heiner_query]
[2018-01-11T16:26:13.790] [INFO] app - 注册 Middleware [heiner_body]
[2018-01-11T16:26:13.819] [INFO] app - 注册 Middleware [heiner_view]
[2018-01-11T16:26:13.823] [INFO] app - 注册 Controller [articleinfo.articleinfo]
[2018-01-11T16:26:13.826] [INFO] app - 注册 Controller [describe.describe]
[2018-01-11T16:26:13.828] [INFO] app - 注册 Controller [home]
[2018-01-11T16:26:13.830] [INFO] app - 注册 Controller [server.server]
[2018-01-11T16:26:13.900] [INFO] app - 注册 Router [articleinfo]
[2018-01-11T16:26:13.902] [INFO] app - 注册 Router [describe]
[2018-01-11T16:26:13.904] [INFO] app - 注册 Router [index]
[2018-01-11T16:26:13.905] [INFO] app - 注册 Router [server]
[2018-01-11T16:26:15.008] [INFO] app - 正在启动项目 模式: build
[2018-01-11T16:26:15.333] [INFO] app - 连接数据库 [mysql -h 114.215.183.168 -u gdtv_cms -D gdtv_cms]
[2018-01-11T16:26:15.441] [INFO] app - 注册 Helper [moment]
[2018-01-11T16:26:15.442] [INFO] app - 注册 Helper [async]
[2018-01-11T16:26:15.450] [INFO] app - 注册 Helper [lodash]
[2018-01-11T16:26:15.454] [INFO] app - 注册 Middleware [heiner_static]
[2018-01-11T16:26:15.454] [INFO] app - 注册 Middleware [heiner_query]
[2018-01-11T16:26:15.454] [INFO] app - 注册 Middleware [heiner_body]
[2018-01-11T16:26:15.455] [INFO] app - 注册 Middleware [heiner_view]
[2018-01-11T16:26:15.500] [INFO] app - 注册 Middleware [heiner_static]
[2018-01-11T16:26:15.505] [INFO] app - 注册 Middleware [heiner_query]
[2018-01-11T16:26:15.557] [INFO] app - 注册 Middleware [heiner_body]
[2018-01-11T16:26:15.597] [INFO] app - 注册 Middleware [heiner_view]
[2018-01-11T16:26:15.602] [INFO] app - 注册 Controller [articleinfo.articleinfo]
[2018-01-11T16:26:15.606] [INFO] app - 注册 Controller [describe.describe]
[2018-01-11T16:26:15.609] [INFO] app - 注册 Controller [home]
[2018-01-11T16:26:15.611] [INFO] app - 注册 Controller [server.server]
[2018-01-11T16:26:15.678] [INFO] app - 注册 Router [articleinfo]
[2018-01-11T16:26:15.680] [INFO] app - 注册 Router [describe]
[2018-01-11T16:26:15.682] [INFO] app - 注册 Router [index]
[2018-01-11T16:26:15.683] [INFO] app - 注册 Router [server]
[2018-01-11T16:26:16.630] [INFO] app - 正在启动项目 模式: build
[2018-01-11T16:26:16.796] [INFO] app - 连接数据库 [mysql -h 114.215.183.168 -u gdtv_cms -D gdtv_cms]
[2018-01-11T16:26:16.868] [INFO] app - 注册 Helper [moment]
[2018-01-11T16:26:16.868] [INFO] app - 注册 Helper [async]
[2018-01-11T16:26:16.875] [INFO] app - 注册 Helper [lodash]
[2018-01-11T16:26:16.878] [INFO] app - 注册 Middleware [heiner_static]
[2018-01-11T16:26:16.878] [INFO] app - 注册 Middleware [heiner_query]
[2018-01-11T16:26:16.879] [INFO] app - 注册 Middleware [heiner_body]
[2018-01-11T16:26:16.879] [INFO] app - 注册 Middleware [heiner_view]
[2018-01-11T16:26:16.918] [INFO] app - 注册 Middleware [heiner_static]
[2018-01-11T16:26:16.923] [INFO] app - 注册 Middleware [heiner_query]
[2018-01-11T16:26:16.965] [INFO] app - 注册 Middleware [heiner_body]
[2018-01-11T16:26:16.997] [INFO] app - 注册 Middleware [heiner_view]
[2018-01-11T16:26:17.000] [INFO] app - 注册 Controller [articleinfo.articleinfo]
[2018-01-11T16:26:17.002] [INFO] app - 注册 Controller [describe.describe]
[2018-01-11T16:26:17.004] [INFO] app - 注册 Controller [home]
[2018-01-11T16:26:17.006] [INFO] app - 注册 Controller [server.server]
[2018-01-11T16:26:17.062] [INFO] app - 注册 Router [articleinfo]
[2018-01-11T16:26:17.065] [INFO] app - 注册 Router [describe]
[2018-01-11T16:26:17.066] [INFO] app - 注册 Router [index]
[2018-01-11T16:26:17.068] [INFO] app - 注册 Router [server]
[2018-01-11T16:26:18.031] [INFO] app - 正在启动项目 模式: build
[2018-01-11T16:26:18.198] [INFO] app - 连接数据库 [mysql -h 114.215.183.168 -u gdtv_cms -D gdtv_cms]
[2018-01-11T16:26:18.264] [INFO] app - 注册 Helper [moment]
[2018-01-11T16:26:18.264] [INFO] app - 注册 Helper [async]
[2018-01-11T16:26:18.271] [INFO] app - 注册 Helper [lodash]
[2018-01-11T16:26:18.275] [INFO] app - 注册 Middleware [heiner_static]
[2018-01-11T16:26:18.276] [INFO] app - 注册 Middleware [heiner_query]
[2018-01-11T16:26:18.276] [INFO] app - 注册 Middleware [heiner_body]
[2018-01-11T16:26:18.276] [INFO] app - 注册 Middleware [heiner_view]
[2018-01-11T16:26:18.311] [INFO] app - 注册 Middleware [heiner_static]
[2018-01-11T16:26:18.316] [INFO] app - 注册 Middleware [heiner_query]
[2018-01-11T16:26:18.360] [INFO] app - 注册 Middleware [heiner_body]
[2018-01-11T16:26:18.399] [INFO] app - 注册 Middleware [heiner_view]
[2018-01-11T16:26:18.402] [INFO] app - 注册 Controller [articleinfo.articleinfo]
[2018-01-11T16:26:18.405] [INFO] app - 注册 Controller [describe.describe]
[2018-01-11T16:26:18.407] [INFO] app - 注册 Controller [home]
[2018-01-11T16:26:18.408] [INFO] app - 注册 Controller [server.server]
[2018-01-11T16:26:18.465] [INFO] app - 注册 Router [articleinfo]
[2018-01-11T16:26:18.468] [INFO] app - 注册 Router [describe]
[2018-01-11T16:26:18.470] [INFO] app - 注册 Router [index]
[2018-01-11T16:26:18.471] [INFO] app - 注册 Router [server]
[2018-01-11T16:26:19.441] [INFO] app - 正在启动项目 模式: build
[2018-01-11T16:26:19.607] [INFO] app - 连接数据库 [mysql -h 114.215.183.168 -u gdtv_cms -D gdtv_cms]
[2018-01-11T16:26:19.676] [INFO] app - 注册 Helper [moment]
[2018-01-11T16:26:19.677] [INFO] app - 注册 Helper [async]
[2018-01-11T16:26:19.684] [INFO] app - 注册 Helper [lodash]
[2018-01-11T16:26:19.687] [INFO] app - 注册 Middleware [heiner_static]
[2018-01-11T16:26:19.687] [INFO] app - 注册 Middleware [heiner_query]
[2018-01-11T16:26:19.688] [INFO] app - 注册 Middleware [heiner_body]
[2018-01-11T16:26:19.688] [INFO] app - 注册 Middleware [heiner_view]
[2018-01-11T16:26:19.723] [INFO] app - 注册 Middleware [heiner_static]
[2018-01-11T16:26:19.731] [INFO] app - 注册 Middleware [heiner_query]
[2018-01-11T16:26:19.779] [INFO] app - 注册 Middleware [heiner_body]
[2018-01-11T16:26:19.809] [INFO] app - 注册 Middleware [heiner_view]
[2018-01-11T16:26:19.812] [INFO] app - 注册 Controller [articleinfo.articleinfo]
[2018-01-11T16:26:19.815] [INFO] app - 注册 Controller [describe.describe]
[2018-01-11T16:26:19.816] [INFO] app - 注册 Controller [home]
[2018-01-11T16:26:19.818] [INFO] app - 注册 Controller [server.server]
[2018-01-11T16:26:19.887] [INFO] app - 注册 Router [articleinfo]
[2018-01-11T16:26:19.889] [INFO] app - 注册 Router [describe]
[2018-01-11T16:26:19.891] [INFO] app - 注册 Router [index]
[2018-01-11T16:26:19.892] [INFO] app - 注册 Router [server]
[2018-01-11T16:26:21.161] [INFO] app - 正在启动项目 模式: build
[2018-01-11T16:26:21.376] [INFO] app - 连接数据库 [mysql -h 114.215.183.168 -u gdtv_cms -D gdtv_cms]
[2018-01-11T16:26:21.450] [INFO] app - 注册 Helper [moment]
[2018-01-11T16:26:21.450] [INFO] app - 注册 Helper [async]
[2018-01-11T16:26:21.457] [INFO] app - 注册 Helper [lodash]
[2018-01-11T16:26:21.462] [INFO] app - 注册 Middleware [heiner_static]
[2018-01-11T16:26:21.462] [INFO] app - 注册 Middleware [heiner_query]
[2018-01-11T16:26:21.463] [INFO] app - 注册 Middleware [heiner_body]
[2018-01-11T16:26:21.463] [INFO] app - 注册 Middleware [heiner_view]
[2018-01-11T16:26:21.507] [INFO] app - 注册 Middleware [heiner_static]
[2018-01-11T16:26:21.513] [INFO] app - 注册 Middleware [heiner_query]
[2018-01-11T16:26:21.558] [INFO] app - 注册 Middleware [heiner_body]
[2018-01-11T16:26:21.595] [INFO] app - 注册 Middleware [heiner_view]
[2018-01-11T16:26:21.598] [INFO] app - 注册 Controller [articleinfo.articleinfo]
[2018-01-11T16:26:21.601] [INFO] app - 注册 Controller [describe.describe]
[2018-01-11T16:26:21.603] [INFO] app - 注册 Controller [home]
[2018-01-11T16:26:21.605] [INFO] app - 注册 Controller [server.server]
[2018-01-11T16:26:21.665] [INFO] app - 注册 Router [articleinfo]
[2018-01-11T16:26:21.667] [INFO] app - 注册 Router [describe]
[2018-01-11T16:26:21.669] [INFO] app - 注册 Router [index]
[2018-01-11T16:26:21.670] [INFO] app - 注册 Router [server]
[2018-01-11T16:26:22.703] [INFO] app - 正在启动项目 模式: build
[2018-01-11T16:26:22.894] [INFO] app - 连接数据库 [mysql -h 114.215.183.168 -u gdtv_cms -D gdtv_cms]
[2018-01-11T16:26:22.963] [INFO] app - 注册 Helper [moment]
[2018-01-11T16:26:22.964] [INFO] app - 注册 Helper [async]
[2018-01-11T16:26:22.970] [INFO] app - 注册 Helper [lodash]
[2018-01-11T16:26:22.974] [INFO] app - 注册 Middleware [heiner_static]
[2018-01-11T16:26:22.974] [INFO] app - 注册 Middleware [heiner_query]
[2018-01-11T16:26:22.975] [INFO] app - 注册 Middleware [heiner_body]
[2018-01-11T16:26:22.976] [INFO] app - 注册 Middleware [heiner_view]
[2018-01-11T16:26:23.014] [INFO] app - 注册 Middleware [heiner_static]
[2018-01-11T16:26:23.019] [INFO] app - 注册 Middleware [heiner_query]
[2018-01-11T16:26:23.066] [INFO] app - 注册 Middleware [heiner_body]
[2018-01-11T16:26:23.102] [INFO] app - 注册 Middleware [heiner_view]
[2018-01-11T16:26:23.104] [INFO] app - 注册 Controller [articleinfo.articleinfo]
[2018-01-11T16:26:23.108] [INFO] app - 注册 Controller [describe.describe]
[2018-01-11T16:26:23.110] [INFO] app - 注册 Controller [home]
[2018-01-11T16:26:23.111] [INFO] app - 注册 Controller [server.server]
[2018-01-11T16:26:23.178] [INFO] app - 注册 Router [articleinfo]
[2018-01-11T16:26:23.182] [INFO] app - 注册 Router [describe]
[2018-01-11T16:26:23.183] [INFO] app - 注册 Router [index]
[2018-01-11T16:26:23.185] [INFO] app - 注册 Router [server]
[2018-01-11T16:26:24.172] [INFO] app - 正在启动项目 模式: build
[2018-01-11T16:26:24.328] [INFO] app - 连接数据库 [mysql -h 114.215.183.168 -u gdtv_cms -D gdtv_cms]
[2018-01-11T16:26:24.395] [INFO] app - 注册 Helper [moment]
[2018-01-11T16:26:24.396] [INFO] app - 注册 Helper [async]
[2018-01-11T16:26:24.403] [INFO] app - 注册 Helper [lodash]
[2018-01-11T16:26:24.407] [INFO] app - 注册 Middleware [heiner_static]
[2018-01-11T16:26:24.407] [INFO] app - 注册 Middleware [heiner_query]
[2018-01-11T16:26:24.408] [INFO] app - 注册 Middleware [heiner_body]
[2018-01-11T16:26:24.408] [INFO] app - 注册 Middleware [heiner_view]
[2018-01-11T16:26:24.440] [INFO] app - 注册 Middleware [heiner_static]
[2018-01-11T16:26:24.446] [INFO] app - 注册 Middleware [heiner_query]
[2018-01-11T16:26:24.489] [INFO] app - 注册 Middleware [heiner_body]
[2018-01-11T16:26:24.522] [INFO] app - 注册 Middleware [heiner_view]
[2018-01-11T16:26:24.524] [INFO] app - 注册 Controller [articleinfo.articleinfo]
[2018-01-11T16:26:24.527] [INFO] app - 注册 Controller [describe.describe]
[2018-01-11T16:26:24.529] [INFO] app - 注册 Controller [home]
[2018-01-11T16:26:24.530] [INFO] app - 注册 Controller [server.server]
[2018-01-11T16:26:24.590] [INFO] app - 注册 Router [articleinfo]
[2018-01-11T16:26:24.594] [INFO] app - 注册 Router [describe]
[2018-01-11T16:26:24.595] [INFO] app - 注册 Router [index]
[2018-01-11T16:26:24.597] [INFO] app - 注册 Router [server]
[2018-01-11T16:26:25.561] [INFO] app - 正在启动项目 模式: build
[2018-01-11T16:26:25.719] [INFO] app - 连接数据库 [mysql -h 114.215.183.168 -u gdtv_cms -D gdtv_cms]
[2018-01-11T16:26:25.782] [INFO] app - 注册 Helper [moment]
[2018-01-11T16:26:25.783] [INFO] app - 注册 Helper [async]
[2018-01-11T16:26:25.789] [INFO] app - 注册 Helper [lodash]
[2018-01-11T16:26:25.793] [INFO] app - 注册 Middleware [heiner_static]
[2018-01-11T16:26:25.793] [INFO] app - 注册 Middleware [heiner_query]
[2018-01-11T16:26:25.794] [INFO] app - 注册 Middleware [heiner_body]
[2018-01-11T16:26:25.794] [INFO] app - 注册 Middleware [heiner_view]
[2018-01-11T16:26:25.827] [INFO] app - 注册 Middleware [heiner_static]
[2018-01-11T16:26:25.831] [INFO] app - 注册 Middleware [heiner_query]
[2018-01-11T16:26:25.878] [INFO] app - 注册 Middleware [heiner_body]
[2018-01-11T16:26:25.911] [INFO] app - 注册 Middleware [heiner_view]
[2018-01-11T16:26:25.915] [INFO] app - 注册 Controller [articleinfo.articleinfo]
[2018-01-11T16:26:25.918] [INFO] app - 注册 Controller [describe.describe]
[2018-01-11T16:26:25.920] [INFO] app - 注册 Controller [home]
[2018-01-11T16:26:25.921] [INFO] app - 注册 Controller [server.server]
[2018-01-11T16:26:25.974] [INFO] app - 注册 Router [articleinfo]
[2018-01-11T16:26:25.978] [INFO] app - 注册 Router [describe]
[2018-01-11T16:26:25.979] [INFO] app - 注册 Router [index]
[2018-01-11T16:26:25.981] [INFO] app - 注册 Router [server]
[2018-01-11T16:26:27.201] [INFO] app - 正在启动项目 模式: build
[2018-01-11T16:26:27.385] [INFO] app - 连接数据库 [mysql -h 114.215.183.168 -u gdtv_cms -D gdtv_cms]
[2018-01-11T16:26:27.459] [INFO] app - 注册 Helper [moment]
[2018-01-11T16:26:27.460] [INFO] app - 注册 Helper [async]
[2018-01-11T16:26:27.467] [INFO] app - 注册 Helper [lodash]
[2018-01-11T16:26:27.470] [INFO] app - 注册 Middleware [heiner_static]
[2018-01-11T16:26:27.471] [INFO] app - 注册 Middleware [heiner_query]
[2018-01-11T16:26:27.471] [INFO] app - 注册 Middleware [heiner_body]
[2018-01-11T16:26:27.471] [INFO] app - 注册 Middleware [heiner_view]
[2018-01-11T16:26:27.510] [INFO] app - 注册 Middleware [heiner_static]
[2018-01-11T16:26:27.516] [INFO] app - 注册 Middleware [heiner_query]
[2018-01-11T16:26:27.557] [INFO] app - 注册 Middleware [heiner_body]
[2018-01-11T16:26:27.593] [INFO] app - 注册 Middleware [heiner_view]
[2018-01-11T16:26:27.596] [INFO] app - 注册 Controller [articleinfo.articleinfo]
[2018-01-11T16:26:27.599] [INFO] app - 注册 Controller [describe.describe]
[2018-01-11T16:26:27.601] [INFO] app - 注册 Controller [home]
[2018-01-11T16:26:27.603] [INFO] app - 注册 Controller [server.server]
[2018-01-11T16:26:27.668] [INFO] app - 注册 Router [articleinfo]
[2018-01-11T16:26:27.670] [INFO] app - 注册 Router [describe]
[2018-01-11T16:26:27.672] [INFO] app - 注册 Router [index]
[2018-01-11T16:26:27.674] [INFO] app - 注册 Router [server]
[2018-01-11T16:26:28.754] [INFO] app - 正在启动项目 模式: build
[2018-01-11T16:26:28.985] [INFO] app - 连接数据库 [mysql -h 114.215.183.168 -u gdtv_cms -D gdtv_cms]
[2018-01-11T16:26:29.070] [INFO] app - 注册 Helper [moment]
[2018-01-11T16:26:29.071] [INFO] app - 注册 Helper [async]
[2018-01-11T16:26:29.080] [INFO] app - 注册 Helper [lodash]
[2018-01-11T16:26:29.086] [INFO] app - 注册 Middleware [heiner_static]
[2018-01-11T16:26:29.087] [INFO] app - 注册 Middleware [heiner_query]
[2018-01-11T16:26:29.088] [INFO] app - 注册 Middleware [heiner_body]
[2018-01-11T16:26:29.089] [INFO] app - 注册 Middleware [heiner_view]
[2018-01-11T16:26:29.130] [INFO] app - 注册 Middleware [heiner_static]
[2018-01-11T16:26:29.137] [INFO] app - 注册 Middleware [heiner_query]
[2018-01-11T16:26:29.196] [INFO] app - 注册 Middleware [heiner_body]
[2018-01-11T16:26:29.236] [INFO] app - 注册 Middleware [heiner_view]
[2018-01-11T16:26:29.241] [INFO] app - 注册 Controller [articleinfo.articleinfo]
[2018-01-11T16:26:29.245] [INFO] app - 注册 Controller [describe.describe]
[2018-01-11T16:26:29.247] [INFO] app - 注册 Controller [home]
[2018-01-11T16:26:29.250] [INFO] app - 注册 Controller [server.server]
[2018-01-11T16:26:29.329] [INFO] app - 注册 Router [articleinfo]
[2018-01-11T16:26:29.333] [INFO] app - 注册 Router [describe]
[2018-01-11T16:26:29.336] [INFO] app - 注册 Router [index]
[2018-01-11T16:26:29.337] [INFO] app - 注册 Router [server]
[2018-01-11T16:26:30.518] [INFO] app - 正在启动项目 模式: build
[2018-01-11T16:26:30.823] [INFO] app - 连接数据库 [mysql -h 114.215.183.168 -u gdtv_cms -D gdtv_cms]
[2018-01-11T16:26:30.940] [INFO] app - 注册 Helper [moment]
[2018-01-11T16:26:30.941] [INFO] app - 注册 Helper [async]
[2018-01-11T16:26:30.971] [INFO] app - 注册 Helper [lodash]
[2018-01-11T16:26:30.978] [INFO] app - 注册 Middleware [heiner_static]
[2018-01-11T16:26:30.984] [INFO] app - 注册 Middleware [heiner_query]
[2018-01-11T16:26:30.985] [INFO] app - 注册 Middleware [heiner_body]
[2018-01-11T16:26:30.985] [INFO] app - 注册 Middleware [heiner_view]
[2018-01-11T16:26:31.048] [INFO] app - 注册 Middleware [heiner_static]
[2018-01-11T16:26:31.056] [INFO] app - 注册 Middleware [heiner_query]
[2018-01-11T16:26:31.117] [INFO] app - 注册 Middleware [heiner_body]
[2018-01-11T16:26:31.164] [INFO] app - 注册 Middleware [heiner_view]
[2018-01-11T16:26:31.169] [INFO] app - 注册 Controller [articleinfo.articleinfo]
[2018-01-11T16:26:31.173] [INFO] app - 注册 Controller [describe.describe]
[2018-01-11T16:26:31.176] [INFO] app - 注册 Controller [home]
[2018-01-11T16:26:31.179] [INFO] app - 注册 Controller [server.server]
[2018-01-11T16:26:31.264] [INFO] app - 注册 Router [articleinfo]
[2018-01-11T16:26:31.268] [INFO] app - 注册 Router [describe]
[2018-01-11T16:26:31.270] [INFO] app - 注册 Router [index]
[2018-01-11T16:26:31.272] [INFO] app - 注册 Router [server]
[2018-01-11T16:26:32.733] [INFO] app - 正在启动项目 模式: build
[2018-01-11T16:26:33.034] [INFO] app - 连接数据库 [mysql -h 114.215.183.168 -u gdtv_cms -D gdtv_cms]
[2018-01-11T16:26:33.113] [INFO] app - 注册 Helper [moment]
[2018-01-11T16:26:33.114] [INFO] app - 注册 Helper [async]
[2018-01-11T16:26:33.124] [INFO] app - 注册 Helper [lodash]
[2018-01-11T16:26:33.128] [INFO] app - 注册 Middleware [heiner_static]
[2018-01-11T16:26:33.128] [INFO] app - 注册 Middleware [heiner_query]
[2018-01-11T16:26:33.129] [INFO] app - 注册 Middleware [heiner_body]
[2018-01-11T16:26:33.129] [INFO] app - 注册 Middleware [heiner_view]
[2018-01-11T16:26:33.180] [INFO] app - 注册 Middleware [heiner_static]
[2018-01-11T16:26:33.185] [INFO] app - 注册 Middleware [heiner_query]
[2018-01-11T16:26:33.232] [INFO] app - 注册 Middleware [heiner_body]
[2018-01-11T16:26:33.270] [INFO] app - 注册 Middleware [heiner_view]
[2018-01-11T16:26:33.273] [INFO] app - 注册 Controller [articleinfo.articleinfo]
[2018-01-11T16:26:33.276] [INFO] app - 注册 Controller [describe.describe]
[2018-01-11T16:26:33.278] [INFO] app - 注册 Controller [home]
[2018-01-11T16:26:33.280] [INFO] app - 注册 Controller [server.server]
[2018-01-11T16:26:33.335] [INFO] app - 注册 Router [articleinfo]
[2018-01-11T16:26:33.338] [INFO] app - 注册 Router [describe]
[2018-01-11T16:26:33.340] [INFO] app - 注册 Router [index]
[2018-01-11T16:26:33.342] [INFO] app - 注册 Router [server]
[2018-01-11T16:26:34.537] [INFO] app - 正在启动项目 模式: build
[2018-01-11T16:26:34.744] [INFO] app - 连接数据库 [mysql -h 114.215.183.168 -u gdtv_cms -D gdtv_cms]
[2018-01-11T16:26:34.812] [INFO] app - 注册 Helper [moment]
[2018-01-11T16:26:34.813] [INFO] app - 注册 Helper [async]
[2018-01-11T16:26:34.820] [INFO] app - 注册 Helper [lodash]
[2018-01-11T16:26:34.825] [INFO] app - 注册 Middleware [heiner_static]
[2018-01-11T16:26:34.825] [INFO] app - 注册 Middleware [heiner_query]
[2018-01-11T16:26:34.825] [INFO] app - 注册 Middleware [heiner_body]
[2018-01-11T16:26:34.826] [INFO] app - 注册 Middleware [heiner_view]
[2018-01-11T16:26:34.869] [INFO] app - 注册 Middleware [heiner_static]
[2018-01-11T16:26:34.876] [INFO] app - 注册 Middleware [heiner_query]
[2018-01-11T16:26:34.934] [INFO] app - 注册 Middleware [heiner_body]
[2018-01-11T16:26:34.978] [INFO] app - 注册 Middleware [heiner_view]
[2018-01-11T16:26:34.983] [INFO] app - 注册 Controller [articleinfo.articleinfo]
[2018-01-11T16:26:34.986] [INFO] app - 注册 Controller [describe.describe]
[2018-01-11T16:26:34.989] [INFO] app - 注册 Controller [home]
[2018-01-11T16:26:34.992] [INFO] app - 注册 Controller [server.server]
[2018-01-11T16:26:35.055] [INFO] app - 注册 Router [articleinfo]
[2018-01-11T16:26:35.058] [INFO] app - 注册 Router [describe]
[2018-01-11T16:26:35.060] [INFO] app - 注册 Router [index]
[2018-01-11T16:26:35.061] [INFO] app - 注册 Router [server]
[2018-01-11T16:26:36.148] [INFO] app - 正在启动项目 模式: build
[2018-01-11T16:26:36.351] [INFO] app - 连接数据库 [mysql -h 114.215.183.168 -u gdtv_cms -D gdtv_cms]
[2018-01-11T16:26:36.415] [INFO] app - 注册 Helper [moment]
[2018-01-11T16:26:36.416] [INFO] app - 注册 Helper [async]
[2018-01-11T16:26:36.427] [INFO] app - 注册 Helper [lodash]
[2018-01-11T16:26:36.431] [INFO] app - 注册 Middleware [heiner_static]
[2018-01-11T16:26:36.431] [INFO] app - 注册 Middleware [heiner_query]
[2018-01-11T16:26:36.431] [INFO] app - 注册 Middleware [heiner_body]
[2018-01-11T16:26:36.432] [INFO] app - 注册 Middleware [heiner_view]
[2018-01-11T16:26:36.476] [INFO] app - 注册 Middleware [heiner_static]
[2018-01-11T16:26:36.485] [INFO] app - 注册 Middleware [heiner_query]
[2018-01-11T16:26:36.535] [INFO] app - 注册 Middleware [heiner_body]
[2018-01-11T16:26:36.570] [INFO] app - 注册 Middleware [heiner_view]
[2018-01-11T16:26:36.573] [INFO] app - 注册 Controller [articleinfo.articleinfo]
[2018-01-11T16:26:36.576] [INFO] app - 注册 Controller [describe.describe]
[2018-01-11T16:26:36.578] [INFO] app - 注册 Controller [home]
[2018-01-11T16:26:36.580] [INFO] app - 注册 Controller [server.server]
[2018-01-11T16:26:36.652] [INFO] app - 注册 Router [articleinfo]
[2018-01-11T16:26:36.656] [INFO] app - 注册 Router [describe]
[2018-01-11T16:26:36.657] [INFO] app - 注册 Router [index]
[2018-01-11T16:26:36.658] [INFO] app - 注册 Router [server]
[2018-01-11T16:26:37.878] [INFO] app - 正在启动项目 模式: build
[2018-01-11T16:26:38.168] [INFO] app - 连接数据库 [mysql -h 114.215.183.168 -u gdtv_cms -D gdtv_cms]
[2018-01-11T16:26:38.318] [INFO] app - 注册 Helper [moment]
[2018-01-11T16:26:38.322] [INFO] app - 注册 Helper [async]
[2018-01-11T16:26:38.337] [INFO] app - 注册 Helper [lodash]
[2018-01-11T16:26:38.344] [INFO] app - 注册 Middleware [heiner_static]
[2018-01-11T16:26:38.345] [INFO] app - 注册 Middleware [heiner_query]
[2018-01-11T16:26:38.346] [INFO] app - 注册 Middleware [heiner_body]
[2018-01-11T16:26:38.346] [INFO] app - 注册 Middleware [heiner_view]
[2018-01-11T16:26:38.415] [INFO] app - 注册 Middleware [heiner_static]
[2018-01-11T16:26:38.422] [INFO] app - 注册 Middleware [heiner_query]
[2018-01-11T16:26:38.481] [INFO] app - 注册 Middleware [heiner_body]
[2018-01-11T16:26:38.522] [INFO] app - 注册 Middleware [heiner_view]
[2018-01-11T16:26:38.526] [INFO] app - 注册 Controller [articleinfo.articleinfo]
[2018-01-11T16:26:38.530] [INFO] app - 注册 Controller [describe.describe]
[2018-01-11T16:26:38.533] [INFO] app - 注册 Controller [home]
[2018-01-11T16:26:38.536] [INFO] app - 注册 Controller [server.server]
[2018-01-11T16:26:38.617] [INFO] app - 注册 Router [articleinfo]
[2018-01-11T16:26:38.621] [INFO] app - 注册 Router [describe]
[2018-01-11T16:26:38.623] [INFO] app - 注册 Router [index]
[2018-01-11T16:26:38.624] [INFO] app - 注册 Router [server]
[2018-01-11T16:26:39.609] [INFO] app - 正在启动项目 模式: build
[2018-01-11T16:26:39.792] [INFO] app - 连接数据库 [mysql -h 114.215.183.168 -u gdtv_cms -D gdtv_cms]
[2018-01-11T16:26:39.856] [INFO] app - 注册 Helper [moment]
[2018-01-11T16:26:39.857] [INFO] app - 注册 Helper [async]
[2018-01-11T16:26:39.866] [INFO] app - 注册 Helper [lodash]
[2018-01-11T16:26:39.872] [INFO] app - 注册 Middleware [heiner_static]
[2018-01-11T16:26:39.872] [INFO] app - 注册 Middleware [heiner_query]
[2018-01-11T16:26:39.872] [INFO] app - 注册 Middleware [heiner_body]
[2018-01-11T16:26:39.872] [INFO] app - 注册 Middleware [heiner_view]
[2018-01-11T16:26:39.906] [INFO] app - 注册 Middleware [heiner_static]
[2018-01-11T16:26:39.911] [INFO] app - 注册 Middleware [heiner_query]
[2018-01-11T16:26:39.950] [INFO] app - 注册 Middleware [heiner_body]
[2018-01-11T16:26:39.981] [INFO] app - 注册 Middleware [heiner_view]
[2018-01-11T16:26:39.985] [INFO] app - 注册 Controller [articleinfo.articleinfo]
[2018-01-11T16:26:39.988] [INFO] app - 注册 Controller [describe.describe]
[2018-01-11T16:26:39.991] [INFO] app - 注册 Controller [home]
[2018-01-11T16:26:39.992] [INFO] app - 注册 Controller [server.server]
[2018-01-11T16:26:40.059] [INFO] app - 注册 Router [articleinfo]
[2018-01-11T16:26:40.062] [INFO] app - 注册 Router [describe]
[2018-01-11T16:26:40.063] [INFO] app - 注册 Router [index]
[2018-01-11T16:26:40.064] [INFO] app - 注册 Router [server]
[2018-01-11T16:26:41.075] [INFO] app - 正在启动项目 模式: build
[2018-01-11T16:26:41.238] [INFO] app - 连接数据库 [mysql -h 114.215.183.168 -u gdtv_cms -D gdtv_cms]
[2018-01-11T16:26:41.301] [INFO] app - 注册 Helper [moment]
[2018-01-11T16:26:41.302] [INFO] app - 注册 Helper [async]
[2018-01-11T16:26:41.310] [INFO] app - 注册 Helper [lodash]
[2018-01-11T16:26:41.313] [INFO] app - 注册 Middleware [heiner_static]
[2018-01-11T16:26:41.314] [INFO] app - 注册 Middleware [heiner_query]
[2018-01-11T16:26:41.314] [INFO] app - 注册 Middleware [heiner_body]
[2018-01-11T16:26:41.314] [INFO] app - 注册 Middleware [heiner_view]
[2018-01-11T16:26:41.354] [INFO] app - 注册 Middleware [heiner_static]
[2018-01-11T16:26:41.359] [INFO] app - 注册 Middleware [heiner_query]
[2018-01-11T16:26:41.401] [INFO] app - 注册 Middleware [heiner_body]
[2018-01-11T16:26:41.435] [INFO] app - 注册 Middleware [heiner_view]
[2018-01-11T16:26:41.438] [INFO] app - 注册 Controller [articleinfo.articleinfo]
[2018-01-11T16:26:41.440] [INFO] app - 注册 Controller [describe.describe]
[2018-01-11T16:26:41.442] [INFO] app - 注册 Controller [home]
[2018-01-11T16:26:41.444] [INFO] app - 注册 Controller [server.server]
[2018-01-11T16:26:41.495] [INFO] app - 注册 Router [articleinfo]
[2018-01-11T16:26:41.498] [INFO] app - 注册 Router [describe]
[2018-01-11T16:26:41.499] [INFO] app - 注册 Router [index]
[2018-01-11T16:26:41.501] [INFO] app - 注册 Router [server]
[2018-01-11T16:26:42.413] [INFO] app - 正在启动项目 模式: build
[2018-01-11T16:26:42.605] [INFO] app - 连接数据库 [mysql -h 114.215.183.168 -u gdtv_cms -D gdtv_cms]
[2018-01-11T16:26:42.675] [INFO] app - 注册 Helper [moment]
[2018-01-11T16:26:42.675] [INFO] app - 注册 Helper [async]
[2018-01-11T16:26:42.685] [INFO] app - 注册 Helper [lodash]
[2018-01-11T16:26:42.690] [INFO] app - 注册 Middleware [heiner_static]
[2018-01-11T16:26:42.690] [INFO] app - 注册 Middleware [heiner_query]
[2018-01-11T16:26:42.690] [INFO] app - 注册 Middleware [heiner_body]
[2018-01-11T16:26:42.691] [INFO] app - 注册 Middleware [heiner_view]
[2018-01-11T16:26:42.729] [INFO] app - 注册 Middleware [heiner_static]
[2018-01-11T16:26:42.738] [INFO] app - 注册 Middleware [heiner_query]
[2018-01-11T16:26:42.783] [INFO] app - 注册 Middleware [heiner_body]
[2018-01-11T16:26:42.813] [INFO] app - 注册 Middleware [heiner_view]
[2018-01-11T16:26:42.816] [INFO] app - 注册 Controller [articleinfo.articleinfo]
[2018-01-11T16:26:42.820] [INFO] app - 注册 Controller [describe.describe]
[2018-01-11T16:26:42.822] [INFO] app - 注册 Controller [home]
[2018-01-11T16:26:42.824] [INFO] app - 注册 Controller [server.server]
[2018-01-11T16:26:42.881] [INFO] app - 注册 Router [articleinfo]
[2018-01-11T16:26:42.884] [INFO] app - 注册 Router [describe]
[2018-01-11T16:26:42.886] [INFO] app - 注册 Router [index]
[2018-01-11T16:26:42.887] [INFO] app - 注册 Router [server]
[2018-01-11T16:26:44.216] [INFO] app - 正在启动项目 模式: build
[2018-01-11T16:26:44.443] [INFO] app - 连接数据库 [mysql -h 114.215.183.168 -u gdtv_cms -D gdtv_cms]
[2018-01-11T16:26:44.532] [INFO] app - 注册 Helper [moment]
[2018-01-11T16:26:44.533] [INFO] app - 注册 Helper [async]
[2018-01-11T16:26:44.540] [INFO] app - 注册 Helper [lodash]
[2018-01-11T16:26:44.544] [INFO] app - 注册 Middleware [heiner_static]
[2018-01-11T16:26:44.545] [INFO] app - 注册 Middleware [heiner_query]
[2018-01-11T16:26:44.545] [INFO] app - 注册 Middleware [heiner_body]
[2018-01-11T16:26:44.545] [INFO] app - 注册 Middleware [heiner_view]
[2018-01-11T16:26:44.579] [INFO] app - 注册 Middleware [heiner_static]
[2018-01-11T16:26:44.585] [INFO] app - 注册 Middleware [heiner_query]
[2018-01-11T16:26:44.623] [INFO] app - 注册 Middleware [heiner_body]
[2018-01-11T16:26:44.651] [INFO] app - 注册 Middleware [heiner_view]
[2018-01-11T16:26:44.654] [INFO] app - 注册 Controller [articleinfo.articleinfo]
[2018-01-11T16:26:44.657] [INFO] app - 注册 Controller [describe.describe]
[2018-01-11T16:26:44.659] [INFO] app - 注册 Controller [home]
[2018-01-11T16:26:44.660] [INFO] app - 注册 Controller [server.server]
[2018-01-11T16:26:44.731] [INFO] app - 注册 Router [articleinfo]
[2018-01-11T16:26:44.733] [INFO] app - 注册 Router [describe]
[2018-01-11T16:26:44.735] [INFO] app - 注册 Router [index]
[2018-01-11T16:26:44.736] [INFO] app - 注册 Router [server]
[2018-01-11T16:26:46.022] [INFO] app - 正在启动项目 模式: build
[2018-01-11T16:26:46.222] [INFO] app - 连接数据库 [mysql -h 114.215.183.168 -u gdtv_cms -D gdtv_cms]
[2018-01-11T16:26:46.291] [INFO] app - 注册 Helper [moment]
[2018-01-11T16:26:46.292] [INFO] app - 注册 Helper [async]
[2018-01-11T16:26:46.299] [INFO] app - 注册 Helper [lodash]
[2018-01-11T16:26:46.303] [INFO] app - 注册 Middleware [heiner_static]
[2018-01-11T16:26:46.303] [INFO] app - 注册 Middleware [heiner_query]
[2018-01-11T16:26:46.304] [INFO] app - 注册 Middleware [heiner_body]
[2018-01-11T16:26:46.304] [INFO] app - 注册 Middleware [heiner_view]
[2018-01-11T16:26:46.339] [INFO] app - 注册 Middleware [heiner_static]
[2018-01-11T16:26:46.345] [INFO] app - 注册 Middleware [heiner_query]
[2018-01-11T16:26:46.389] [INFO] app - 注册 Middleware [heiner_body]
[2018-01-11T16:26:46.425] [INFO] app - 注册 Middleware [heiner_view]
[2018-01-11T16:26:46.429] [INFO] app - 注册 Controller [articleinfo.articleinfo]
[2018-01-11T16:26:46.432] [INFO] app - 注册 Controller [describe.describe]
[2018-01-11T16:26:46.434] [INFO] app - 注册 Controller [home]
[2018-01-11T16:26:46.436] [INFO] app - 注册 Controller [server.server]
[2018-01-11T16:26:46.494] [INFO] app - 注册 Router [articleinfo]
[2018-01-11T16:26:46.497] [INFO] app - 注册 Router [describe]
[2018-01-11T16:26:46.498] [INFO] app - 注册 Router [index]
[2018-01-11T16:26:46.499] [INFO] app - 注册 Router [server]
[2018-01-11T16:26:47.457] [INFO] app - 正在启动项目 模式: build
[2018-01-11T16:26:47.621] [INFO] app - 连接数据库 [mysql -h 114.215.183.168 -u gdtv_cms -D gdtv_cms]
[2018-01-11T16:26:47.686] [INFO] app - 注册 Helper [moment]
[2018-01-11T16:26:47.687] [INFO] app - 注册 Helper [async]
[2018-01-11T16:26:47.693] [INFO] app - 注册 Helper [lodash]
[2018-01-11T16:26:47.697] [INFO] app - 注册 Middleware [heiner_static]
[2018-01-11T16:26:47.697] [INFO] app - 注册 Middleware [heiner_query]
[2018-01-11T16:26:47.697] [INFO] app - 注册 Middleware [heiner_body]
[2018-01-11T16:26:47.698] [INFO] app - 注册 Middleware [heiner_view]
[2018-01-11T16:26:47.739] [INFO] app - 注册 Middleware [heiner_static]
[2018-01-11T16:26:47.745] [INFO] app - 注册 Middleware [heiner_query]
[2018-01-11T16:26:47.789] [INFO] app - 注册 Middleware [heiner_body]
[2018-01-11T16:26:47.819] [INFO] app - 注册 Middleware [heiner_view]
[2018-01-11T16:26:47.822] [INFO] app - 注册 Controller [articleinfo.articleinfo]
[2018-01-11T16:26:47.825] [INFO] app - 注册 Controller [describe.describe]
[2018-01-11T16:26:47.827] [INFO] app - 注册 Controller [home]
[2018-01-11T16:26:47.829] [INFO] app - 注册 Controller [server.server]
[2018-01-11T16:26:47.890] [INFO] app - 注册 Router [articleinfo]
[2018-01-11T16:26:47.893] [INFO] app - 注册 Router [describe]
[2018-01-11T16:26:47.894] [INFO] app - 注册 Router [index]
[2018-01-11T16:26:47.895] [INFO] app - 注册 Router [server]
[2018-01-11T16:26:48.906] [INFO] app - 正在启动项目 模式: build
[2018-01-11T16:26:49.077] [INFO] app - 连接数据库 [mysql -h 114.215.183.168 -u gdtv_cms -D gdtv_cms]
[2018-01-11T16:26:49.177] [INFO] app - 注册 Helper [moment]
[2018-01-11T16:26:49.180] [INFO] app - 注册 Helper [async]
[2018-01-11T16:26:49.192] [INFO] app - 注册 Helper [lodash]
[2018-01-11T16:26:49.200] [INFO] app - 注册 Middleware [heiner_static]
[2018-01-11T16:26:49.201] [INFO] app - 注册 Middleware [heiner_query]
[2018-01-11T16:26:49.202] [INFO] app - 注册 Middleware [heiner_body]
[2018-01-11T16:26:49.203] [INFO] app - 注册 Middleware [heiner_view]
[2018-01-11T16:26:49.252] [INFO] app - 注册 Middleware [heiner_static]
[2018-01-11T16:26:49.260] [INFO] app - 注册 Middleware [heiner_query]
[2018-01-11T16:26:49.322] [INFO] app - 注册 Middleware [heiner_body]
[2018-01-11T16:26:49.366] [INFO] app - 注册 Middleware [heiner_view]
[2018-01-11T16:26:49.370] [INFO] app - 注册 Controller [articleinfo.articleinfo]
[2018-01-11T16:26:49.375] [INFO] app - 注册 Controller [describe.describe]
[2018-01-11T16:26:49.378] [INFO] app - 注册 Controller [home]
[2018-01-11T16:26:49.380] [INFO] app - 注册 Controller [server.server]
[2018-01-11T16:26:49.463] [INFO] app - 注册 Router [articleinfo]
[2018-01-11T16:26:49.467] [INFO] app - 注册 Router [describe]
[2018-01-11T16:26:49.468] [INFO] app - 注册 Router [index]
[2018-01-11T16:26:49.470] [INFO] app - 注册 Router [server]
[2018-01-11T16:26:50.802] [INFO] app - 正在启动项目 模式: build
[2018-01-11T16:26:51.008] [INFO] app - 连接数据库 [mysql -h 114.215.183.168 -u gdtv_cms -D gdtv_cms]
[2018-01-11T16:26:51.076] [INFO] app - 注册 Helper [moment]
[2018-01-11T16:26:51.076] [INFO] app - 注册 Helper [async]
[2018-01-11T16:26:51.086] [INFO] app - 注册 Helper [lodash]
[2018-01-11T16:26:51.089] [INFO] app - 注册 Middleware [heiner_static]
[2018-01-11T16:26:51.090] [INFO] app - 注册 Middleware [heiner_query]
[2018-01-11T16:26:51.090] [INFO] app - 注册 Middleware [heiner_body]
[2018-01-11T16:26:51.090] [INFO] app - 注册 Middleware [heiner_view]
[2018-01-11T16:26:51.130] [INFO] app - 注册 Middleware [heiner_static]
[2018-01-11T16:26:51.135] [INFO] app - 注册 Middleware [heiner_query]
[2018-01-11T16:26:51.178] [INFO] app - 注册 Middleware [heiner_body]
[2018-01-11T16:26:51.207] [INFO] app - 注册 Middleware [heiner_view]
[2018-01-11T16:26:51.210] [INFO] app - 注册 Controller [articleinfo.articleinfo]
[2018-01-11T16:26:51.213] [INFO] app - 注册 Controller [describe.describe]
[2018-01-11T16:26:51.214] [INFO] app - 注册 Controller [home]
[2018-01-11T16:26:51.216] [INFO] app - 注册 Controller [server.server]
[2018-01-11T16:26:51.280] [INFO] app - 注册 Router [articleinfo]
[2018-01-11T16:26:51.283] [INFO] app - 注册 Router [describe]
[2018-01-11T16:26:51.284] [INFO] app - 注册 Router [index]
[2018-01-11T16:26:51.286] [INFO] app - 注册 Router [server]
[2018-01-11T16:26:52.195] [INFO] app - 正在启动项目 模式: build
[2018-01-11T16:26:52.351] [INFO] app - 连接数据库 [mysql -h 114.215.183.168 -u gdtv_cms -D gdtv_cms]
[2018-01-11T16:26:52.411] [INFO] app - 注册 Helper [moment]
[2018-01-11T16:26:52.412] [INFO] app - 注册 Helper [async]
[2018-01-11T16:26:52.420] [INFO] app - 注册 Helper [lodash]
[2018-01-11T16:26:52.423] [INFO] app - 注册 Middleware [heiner_static]
[2018-01-11T16:26:52.424] [INFO] app - 注册 Middleware [heiner_query]
[2018-01-11T16:26:52.424] [INFO] app - 注册 Middleware [heiner_body]
[2018-01-11T16:26:52.424] [INFO] app - 注册 Middleware [heiner_view]
[2018-01-11T16:26:52.459] [INFO] app - 注册 Middleware [heiner_static]
[2018-01-11T16:26:52.466] [INFO] app - 注册 Middleware [heiner_query]
[2018-01-11T16:26:52.516] [INFO] app - 注册 Middleware [heiner_body]
[2018-01-11T16:26:52.555] [INFO] app - 注册 Middleware [heiner_view]
[2018-01-11T16:26:52.557] [INFO] app - 注册 Controller [articleinfo.articleinfo]
[2018-01-11T16:26:52.560] [INFO] app - 注册 Controller [describe.describe]
[2018-01-11T16:26:52.561] [INFO] app - 注册 Controller [home]
[2018-01-11T16:26:52.563] [INFO] app - 注册 Controller [server.server]
[2018-01-11T16:26:52.619] [INFO] app - 注册 Router [articleinfo]
[2018-01-11T16:26:52.621] [INFO] app - 注册 Router [describe]
[2018-01-11T16:26:52.623] [INFO] app - 注册 Router [index]
[2018-01-11T16:26:52.624] [INFO] app - 注册 Router [server]
[2018-01-11T16:26:53.623] [INFO] app - 正在启动项目 模式: build
[2018-01-11T16:26:53.792] [INFO] app - 连接数据库 [mysql -h 114.215.183.168 -u gdtv_cms -D gdtv_cms]
[2018-01-11T16:26:53.858] [INFO] app - 注册 Helper [moment]
[2018-01-11T16:26:53.858] [INFO] app - 注册 Helper [async]
[2018-01-11T16:26:53.865] [INFO] app - 注册 Helper [lodash]
[2018-01-11T16:26:53.869] [INFO] app - 注册 Middleware [heiner_static]
[2018-01-11T16:26:53.869] [INFO] app - 注册 Middleware [heiner_query]
[2018-01-11T16:26:53.869] [INFO] app - 注册 Middleware [heiner_body]
[2018-01-11T16:26:53.870] [INFO] app - 注册 Middleware [heiner_view]
[2018-01-11T16:26:53.911] [INFO] app - 注册 Middleware [heiner_static]
[2018-01-11T16:26:53.916] [INFO] app - 注册 Middleware [heiner_query]
[2018-01-11T16:26:53.962] [INFO] app - 注册 Middleware [heiner_body]
[2018-01-11T16:26:53.999] [INFO] app - 注册 Middleware [heiner_view]
[2018-01-11T16:26:54.002] [INFO] app - 注册 Controller [articleinfo.articleinfo]
[2018-01-11T16:26:54.005] [INFO] app - 注册 Controller [describe.describe]
[2018-01-11T16:26:54.006] [INFO] app - 注册 Controller [home]
[2018-01-11T16:26:54.008] [INFO] app - 注册 Controller [server.server]
[2018-01-11T16:26:54.063] [INFO] app - 注册 Router [articleinfo]
[2018-01-11T16:26:54.066] [INFO] app - 注册 Router [describe]
[2018-01-11T16:26:54.068] [INFO] app - 注册 Router [index]
[2018-01-11T16:26:54.069] [INFO] app - 注册 Router [server]
[2018-01-11T16:26:55.071] [INFO] app - 正在启动项目 模式: build
[2018-01-11T16:26:55.318] [INFO] app - 连接数据库 [mysql -h 114.215.183.168 -u gdtv_cms -D gdtv_cms]
[2018-01-11T16:26:55.575] [INFO] app - 注册 Helper [moment]
[2018-01-11T16:26:55.576] [INFO] app - 注册 Helper [async]
[2018-01-11T16:26:55.597] [INFO] app - 注册 Helper [lodash]
[2018-01-11T16:26:55.607] [INFO] app - 注册 Middleware [heiner_static]
[2018-01-11T16:26:55.608] [INFO] app - 注册 Middleware [heiner_query]
[2018-01-11T16:26:55.608] [INFO] app - 注册 Middleware [heiner_body]
[2018-01-11T16:26:55.614] [INFO] app - 注册 Middleware [heiner_view]
[2018-01-11T16:26:55.736] [INFO] app - 注册 Middleware [heiner_static]
[2018-01-11T16:26:55.752] [INFO] app - 注册 Middleware [heiner_query]
[2018-01-11T16:26:55.827] [INFO] app - 注册 Middleware [heiner_body]
[2018-01-11T16:26:55.877] [INFO] app - 注册 Middleware [heiner_view]
[2018-01-11T16:26:55.881] [INFO] app - 注册 Controller [articleinfo.articleinfo]
[2018-01-11T16:26:55.887] [INFO] app - 注册 Controller [describe.describe]
[2018-01-11T16:26:55.892] [INFO] app - 注册 Controller [home]
[2018-01-11T16:26:55.895] [INFO] app - 注册 Controller [server.server]
[2018-01-11T16:26:57.012] [INFO] app - 正在启动项目 模式: build
[2018-01-11T16:26:57.253] [INFO] app - 连接数据库 [mysql -h 114.215.183.168 -u gdtv_cms -D gdtv_cms]
[2018-01-11T16:26:57.319] [INFO] app - 注册 Helper [moment]
[2018-01-11T16:26:57.320] [INFO] app - 注册 Helper [async]
[2018-01-11T16:26:57.327] [INFO] app - 注册 Helper [lodash]
[2018-01-11T16:26:57.331] [INFO] app - 注册 Middleware [heiner_static]
[2018-01-11T16:26:57.331] [INFO] app - 注册 Middleware [heiner_query]
[2018-01-11T16:26:57.332] [INFO] app - 注册 Middleware [heiner_body]
[2018-01-11T16:26:57.333] [INFO] app - 注册 Middleware [heiner_view]
[2018-01-11T16:26:57.367] [INFO] app - 注册 Middleware [heiner_static]
[2018-01-11T16:26:57.372] [INFO] app - 注册 Middleware [heiner_query]
[2018-01-11T16:26:57.415] [INFO] app - 注册 Middleware [heiner_body]
[2018-01-11T16:26:57.446] [INFO] app - 注册 Middleware [heiner_view]
[2018-01-11T16:26:57.449] [INFO] app - 注册 Controller [articleinfo.articleinfo]
[2018-01-11T16:26:57.451] [INFO] app - 注册 Controller [describe.describe]
[2018-01-11T16:26:57.453] [INFO] app - 注册 Controller [home]
[2018-01-11T16:26:57.455] [INFO] app - 注册 Controller [server.server]
[2018-01-11T16:26:57.508] [INFO] app - 注册 Router [articleinfo]
[2018-01-11T16:26:57.511] [INFO] app - 注册 Router [describe]
[2018-01-11T16:26:57.512] [INFO] app - 注册 Router [index]
[2018-01-11T16:26:57.514] [INFO] app - 注册 Router [server]
[2018-01-11T16:26:57.518] [INFO] app - 启动项目成功 端口：3000
