[2018-01-11T16:25:01.299] [INFO] app - 正在启动项目 模式: build
[2018-01-11T16:25:01.487] [INFO] app - 连接数据库 [mysql -h 114.215.183.168 -u gdtv_cms -D gdtv_cms]
[2018-01-11T16:25:01.557] [INFO] app - 注册 Helper [moment]
[2018-01-11T16:25:01.557] [INFO] app - 注册 Helper [async]
[2018-01-11T16:25:01.565] [INFO] app - 注册 Helper [lodash]
[2018-01-11T16:25:01.569] [INFO] app - 注册 Middleware [heiner_static]
[2018-01-11T16:25:01.570] [INFO] app - 注册 Middleware [heiner_query]
[2018-01-11T16:25:01.570] [INFO] app - 注册 Middleware [heiner_body]
[2018-01-11T16:25:01.570] [INFO] app - 注册 Middleware [heiner_view]
[2018-01-11T16:25:01.604] [INFO] app - 注册 Middleware [heiner_static]
[2018-01-11T16:25:01.608] [INFO] app - 注册 Middleware [heiner_query]
[2018-01-11T16:25:01.649] [INFO] app - 注册 Middleware [heiner_body]
[2018-01-11T16:25:01.681] [INFO] app - 注册 Middleware [heiner_view]
[2018-01-11T16:25:01.684] [INFO] app - 注册 Controller [articleinfo.articleinfo]
[2018-01-11T16:25:01.687] [INFO] app - 注册 Controller [describe.describe]
[2018-01-11T16:25:01.689] [INFO] app - 注册 Controller [home]
[2018-01-11T16:25:01.691] [INFO] app - 注册 Controller [server.server]
[2018-01-11T16:25:01.757] [INFO] app - 注册 Router [articleinfo]
[2018-01-11T16:25:01.760] [INFO] app - 注册 Router [describe]
[2018-01-11T16:25:01.762] [INFO] app - 注册 Router [index]
[2018-01-11T16:25:01.763] [INFO] app - 注册 Router [server]
[2018-01-11T16:25:02.882] [INFO] app - 正在启动项目 模式: build
[2018-01-11T16:25:03.264] [INFO] app - 连接数据库 [mysql -h 114.215.183.168 -u gdtv_cms -D gdtv_cms]
[2018-01-11T16:25:03.495] [INFO] app - 注册 Helper [moment]
[2018-01-11T16:25:03.496] [INFO] app - 注册 Helper [async]
[2018-01-11T16:25:03.507] [INFO] app - 注册 Helper [lodash]
[2018-01-11T16:25:03.515] [INFO] app - 注册 Middleware [heiner_static]
[2018-01-11T16:25:03.516] [INFO] app - 注册 Middleware [heiner_query]
[2018-01-11T16:25:03.523] [INFO] app - 注册 Middleware [heiner_body]
[2018-01-11T16:25:03.529] [INFO] app - 注册 Middleware [heiner_view]
[2018-01-11T16:25:03.608] [INFO] app - 注册 Middleware [heiner_static]
[2018-01-11T16:25:03.631] [INFO] app - 注册 Middleware [heiner_query]
[2018-01-11T16:25:03.701] [INFO] app - 注册 Middleware [heiner_body]
[2018-01-11T16:25:03.759] [INFO] app - 注册 Middleware [heiner_view]
[2018-01-11T16:25:03.774] [INFO] app - 注册 Controller [articleinfo.articleinfo]
[2018-01-11T16:25:03.782] [INFO] app - 注册 Controller [describe.describe]
[2018-01-11T16:25:03.786] [INFO] app - 注册 Controller [home]
[2018-01-11T16:25:03.791] [INFO] app - 注册 Controller [server.server]
[2018-01-11T16:25:03.914] [INFO] app - 注册 Router [articleinfo]
[2018-01-11T16:25:03.918] [INFO] app - 注册 Router [describe]
[2018-01-11T16:25:03.919] [INFO] app - 注册 Router [index]
[2018-01-11T16:25:03.921] [INFO] app - 注册 Router [server]
[2018-01-11T16:25:05.230] [INFO] app - 正在启动项目 模式: build
[2018-01-11T16:25:05.426] [INFO] app - 连接数据库 [mysql -h 114.215.183.168 -u gdtv_cms -D gdtv_cms]
[2018-01-11T16:25:05.501] [INFO] app - 注册 Helper [moment]
[2018-01-11T16:25:05.501] [INFO] app - 注册 Helper [async]
[2018-01-11T16:25:05.510] [INFO] app - 注册 Helper [lodash]
[2018-01-11T16:25:05.514] [INFO] app - 注册 Middleware [heiner_static]
[2018-01-11T16:25:05.514] [INFO] app - 注册 Middleware [heiner_query]
[2018-01-11T16:25:05.515] [INFO] app - 注册 Middleware [heiner_body]
[2018-01-11T16:25:05.515] [INFO] app - 注册 Middleware [heiner_view]
[2018-01-11T16:25:05.556] [INFO] app - 注册 Middleware [heiner_static]
[2018-01-11T16:25:05.562] [INFO] app - 注册 Middleware [heiner_query]
[2018-01-11T16:25:05.611] [INFO] app - 注册 Middleware [heiner_body]
[2018-01-11T16:25:05.649] [INFO] app - 注册 Middleware [heiner_view]
[2018-01-11T16:25:05.652] [INFO] app - 注册 Controller [articleinfo.articleinfo]
[2018-01-11T16:25:05.656] [INFO] app - 注册 Controller [describe.describe]
[2018-01-11T16:25:05.658] [INFO] app - 注册 Controller [home]
[2018-01-11T16:25:05.660] [INFO] app - 注册 Controller [server.server]
[2018-01-11T16:25:05.734] [INFO] app - 注册 Router [articleinfo]
[2018-01-11T16:25:05.737] [INFO] app - 注册 Router [describe]
[2018-01-11T16:25:05.739] [INFO] app - 注册 Router [index]
[2018-01-11T16:25:05.741] [INFO] app - 注册 Router [server]
[2018-01-11T16:25:06.765] [INFO] app - 正在启动项目 模式: build
[2018-01-11T16:25:06.932] [INFO] app - 连接数据库 [mysql -h 114.215.183.168 -u gdtv_cms -D gdtv_cms]
[2018-01-11T16:25:07.002] [INFO] app - 注册 Helper [moment]
[2018-01-11T16:25:07.002] [INFO] app - 注册 Helper [async]
[2018-01-11T16:25:07.010] [INFO] app - 注册 Helper [lodash]
[2018-01-11T16:25:07.013] [INFO] app - 注册 Middleware [heiner_static]
[2018-01-11T16:25:07.013] [INFO] app - 注册 Middleware [heiner_query]
[2018-01-11T16:25:07.014] [INFO] app - 注册 Middleware [heiner_body]
[2018-01-11T16:25:07.014] [INFO] app - 注册 Middleware [heiner_view]
[2018-01-11T16:25:07.047] [INFO] app - 注册 Middleware [heiner_static]
[2018-01-11T16:25:07.052] [INFO] app - 注册 Middleware [heiner_query]
[2018-01-11T16:25:07.095] [INFO] app - 注册 Middleware [heiner_body]
[2018-01-11T16:25:07.126] [INFO] app - 注册 Middleware [heiner_view]
[2018-01-11T16:25:07.129] [INFO] app - 注册 Controller [articleinfo.articleinfo]
[2018-01-11T16:25:07.131] [INFO] app - 注册 Controller [describe.describe]
[2018-01-11T16:25:07.134] [INFO] app - 注册 Controller [home]
[2018-01-11T16:25:07.136] [INFO] app - 注册 Controller [server.server]
[2018-01-11T16:25:07.195] [INFO] app - 注册 Router [articleinfo]
[2018-01-11T16:25:07.198] [INFO] app - 注册 Router [describe]
[2018-01-11T16:25:07.199] [INFO] app - 注册 Router [index]
[2018-01-11T16:25:07.200] [INFO] app - 注册 Router [server]
[2018-01-11T16:25:08.192] [INFO] app - 正在启动项目 模式: build
[2018-01-11T16:25:08.421] [INFO] app - 连接数据库 [mysql -h 114.215.183.168 -u gdtv_cms -D gdtv_cms]
[2018-01-11T16:25:08.650] [INFO] app - 注册 Helper [moment]
[2018-01-11T16:25:08.651] [INFO] app - 注册 Helper [async]
[2018-01-11T16:25:08.663] [INFO] app - 注册 Helper [lodash]
[2018-01-11T16:25:08.668] [INFO] app - 注册 Middleware [heiner_static]
[2018-01-11T16:25:08.669] [INFO] app - 注册 Middleware [heiner_query]
[2018-01-11T16:25:08.669] [INFO] app - 注册 Middleware [heiner_body]
[2018-01-11T16:25:08.669] [INFO] app - 注册 Middleware [heiner_view]
[2018-01-11T16:25:08.782] [INFO] app - 注册 Middleware [heiner_static]
[2018-01-11T16:25:08.809] [INFO] app - 注册 Middleware [heiner_query]
[2018-01-11T16:25:08.988] [INFO] app - 注册 Middleware [heiner_body]
[2018-01-11T16:25:09.081] [INFO] app - 注册 Middleware [heiner_view]
[2018-01-11T16:25:09.086] [INFO] app - 注册 Controller [articleinfo.articleinfo]
[2018-01-11T16:25:09.092] [INFO] app - 注册 Controller [describe.describe]
[2018-01-11T16:25:09.097] [INFO] app - 注册 Controller [home]
[2018-01-11T16:25:09.102] [INFO] app - 注册 Controller [server.server]
[2018-01-11T16:25:09.236] [INFO] app - 注册 Router [articleinfo]
[2018-01-11T16:25:09.241] [INFO] app - 注册 Router [describe]
[2018-01-11T16:25:09.243] [INFO] app - 注册 Router [index]
[2018-01-11T16:25:09.246] [INFO] app - 注册 Router [server]
[2018-01-11T16:25:11.102] [INFO] app - 正在启动项目 模式: build
[2018-01-11T16:25:11.337] [INFO] app - 连接数据库 [mysql -h 114.215.183.168 -u gdtv_cms -D gdtv_cms]
[2018-01-11T16:25:11.395] [INFO] app - 注册 Helper [moment]
[2018-01-11T16:25:11.395] [INFO] app - 注册 Helper [async]
[2018-01-11T16:25:11.405] [INFO] app - 注册 Helper [lodash]
[2018-01-11T16:25:11.409] [INFO] app - 注册 Middleware [heiner_static]
[2018-01-11T16:25:11.409] [INFO] app - 注册 Middleware [heiner_query]
[2018-01-11T16:25:11.410] [INFO] app - 注册 Middleware [heiner_body]
[2018-01-11T16:25:11.410] [INFO] app - 注册 Middleware [heiner_view]
[2018-01-11T16:25:11.448] [INFO] app - 注册 Middleware [heiner_static]
[2018-01-11T16:25:11.453] [INFO] app - 注册 Middleware [heiner_query]
[2018-01-11T16:25:11.495] [INFO] app - 注册 Middleware [heiner_body]
[2018-01-11T16:25:11.530] [INFO] app - 注册 Middleware [heiner_view]
[2018-01-11T16:25:11.532] [INFO] app - 注册 Controller [articleinfo.articleinfo]
[2018-01-11T16:25:11.535] [INFO] app - 注册 Controller [describe.describe]
[2018-01-11T16:25:11.537] [INFO] app - 注册 Controller [home]
[2018-01-11T16:25:11.538] [INFO] app - 注册 Controller [server.server]
[2018-01-11T16:25:11.593] [INFO] app - 注册 Router [articleinfo]
[2018-01-11T16:25:11.597] [INFO] app - 注册 Router [describe]
[2018-01-11T16:25:11.599] [INFO] app - 注册 Router [index]
[2018-01-11T16:25:11.600] [INFO] app - 注册 Router [server]
[2018-01-11T16:25:12.470] [INFO] app - 正在启动项目 模式: build
[2018-01-11T16:25:12.627] [INFO] app - 连接数据库 [mysql -h 114.215.183.168 -u gdtv_cms -D gdtv_cms]
[2018-01-11T16:25:12.687] [INFO] app - 注册 Helper [moment]
[2018-01-11T16:25:12.687] [INFO] app - 注册 Helper [async]
[2018-01-11T16:25:12.694] [INFO] app - 注册 Helper [lodash]
[2018-01-11T16:25:12.698] [INFO] app - 注册 Middleware [heiner_static]
[2018-01-11T16:25:12.698] [INFO] app - 注册 Middleware [heiner_query]
[2018-01-11T16:25:12.699] [INFO] app - 注册 Middleware [heiner_body]
[2018-01-11T16:25:12.699] [INFO] app - 注册 Middleware [heiner_view]
[2018-01-11T16:25:12.730] [INFO] app - 注册 Middleware [heiner_static]
[2018-01-11T16:25:12.736] [INFO] app - 注册 Middleware [heiner_query]
[2018-01-11T16:25:12.779] [INFO] app - 注册 Middleware [heiner_body]
[2018-01-11T16:25:12.807] [INFO] app - 注册 Middleware [heiner_view]
[2018-01-11T16:25:12.809] [INFO] app - 注册 Controller [articleinfo.articleinfo]
[2018-01-11T16:25:12.812] [INFO] app - 注册 Controller [describe.describe]
[2018-01-11T16:25:12.814] [INFO] app - 注册 Controller [home]
[2018-01-11T16:25:12.815] [INFO] app - 注册 Controller [server.server]
[2018-01-11T16:25:12.878] [INFO] app - 注册 Router [articleinfo]
[2018-01-11T16:25:12.882] [INFO] app - 注册 Router [describe]
[2018-01-11T16:25:12.883] [INFO] app - 注册 Router [index]
[2018-01-11T16:25:12.884] [INFO] app - 注册 Router [server]
[2018-01-11T16:25:13.767] [INFO] app - 正在启动项目 模式: build
[2018-01-11T16:25:13.962] [INFO] app - 连接数据库 [mysql -h 114.215.183.168 -u gdtv_cms -D gdtv_cms]
[2018-01-11T16:25:14.020] [INFO] app - 注册 Helper [moment]
[2018-01-11T16:25:14.022] [INFO] app - 注册 Helper [async]
[2018-01-11T16:25:14.033] [INFO] app - 注册 Helper [lodash]
[2018-01-11T16:25:14.038] [INFO] app - 注册 Middleware [heiner_static]
[2018-01-11T16:25:14.038] [INFO] app - 注册 Middleware [heiner_query]
[2018-01-11T16:25:14.039] [INFO] app - 注册 Middleware [heiner_body]
[2018-01-11T16:25:14.039] [INFO] app - 注册 Middleware [heiner_view]
[2018-01-11T16:25:14.073] [INFO] app - 注册 Middleware [heiner_static]
[2018-01-11T16:25:14.078] [INFO] app - 注册 Middleware [heiner_query]
[2018-01-11T16:25:14.121] [INFO] app - 注册 Middleware [heiner_body]
[2018-01-11T16:25:14.151] [INFO] app - 注册 Middleware [heiner_view]
[2018-01-11T16:25:14.154] [INFO] app - 注册 Controller [articleinfo.articleinfo]
[2018-01-11T16:25:14.157] [INFO] app - 注册 Controller [describe.describe]
[2018-01-11T16:25:14.158] [INFO] app - 注册 Controller [home]
[2018-01-11T16:25:14.160] [INFO] app - 注册 Controller [server.server]
[2018-01-11T16:25:14.214] [INFO] app - 注册 Router [articleinfo]
[2018-01-11T16:25:14.216] [INFO] app - 注册 Router [describe]
[2018-01-11T16:25:14.218] [INFO] app - 注册 Router [index]
[2018-01-11T16:25:14.219] [INFO] app - 注册 Router [server]
[2018-01-11T16:25:15.084] [INFO] app - 正在启动项目 模式: build
[2018-01-11T16:25:15.241] [INFO] app - 连接数据库 [mysql -h 114.215.183.168 -u gdtv_cms -D gdtv_cms]
[2018-01-11T16:25:15.302] [INFO] app - 注册 Helper [moment]
[2018-01-11T16:25:15.302] [INFO] app - 注册 Helper [async]
[2018-01-11T16:25:15.310] [INFO] app - 注册 Helper [lodash]
[2018-01-11T16:25:15.314] [INFO] app - 注册 Middleware [heiner_static]
[2018-01-11T16:25:15.314] [INFO] app - 注册 Middleware [heiner_query]
[2018-01-11T16:25:15.314] [INFO] app - 注册 Middleware [heiner_body]
[2018-01-11T16:25:15.315] [INFO] app - 注册 Middleware [heiner_view]
[2018-01-11T16:25:15.348] [INFO] app - 注册 Middleware [heiner_static]
[2018-01-11T16:25:15.356] [INFO] app - 注册 Middleware [heiner_query]
[2018-01-11T16:25:15.447] [INFO] app - 注册 Middleware [heiner_body]
[2018-01-11T16:25:15.495] [INFO] app - 注册 Middleware [heiner_view]
[2018-01-11T16:25:15.500] [INFO] app - 注册 Controller [articleinfo.articleinfo]
[2018-01-11T16:25:15.507] [INFO] app - 注册 Controller [describe.describe]
[2018-01-11T16:25:15.510] [INFO] app - 注册 Controller [home]
[2018-01-11T16:25:15.513] [INFO] app - 注册 Controller [server.server]
[2018-01-11T16:25:15.622] [INFO] app - 注册 Router [articleinfo]
[2018-01-11T16:25:15.626] [INFO] app - 注册 Router [describe]
[2018-01-11T16:25:15.628] [INFO] app - 注册 Router [index]
[2018-01-11T16:25:15.630] [INFO] app - 注册 Router [server]
[2018-01-11T16:25:16.810] [INFO] app - 正在启动项目 模式: build
[2018-01-11T16:25:16.989] [INFO] app - 连接数据库 [mysql -h 114.215.183.168 -u gdtv_cms -D gdtv_cms]
[2018-01-11T16:25:17.049] [INFO] app - 注册 Helper [moment]
[2018-01-11T16:25:17.049] [INFO] app - 注册 Helper [async]
[2018-01-11T16:25:17.056] [INFO] app - 注册 Helper [lodash]
[2018-01-11T16:25:17.060] [INFO] app - 注册 Middleware [heiner_static]
[2018-01-11T16:25:17.060] [INFO] app - 注册 Middleware [heiner_query]
[2018-01-11T16:25:17.060] [INFO] app - 注册 Middleware [heiner_body]
[2018-01-11T16:25:17.060] [INFO] app - 注册 Middleware [heiner_view]
[2018-01-11T16:25:17.102] [INFO] app - 注册 Middleware [heiner_static]
[2018-01-11T16:25:17.106] [INFO] app - 注册 Middleware [heiner_query]
[2018-01-11T16:25:17.153] [INFO] app - 注册 Middleware [heiner_body]
[2018-01-11T16:25:17.205] [INFO] app - 注册 Middleware [heiner_view]
[2018-01-11T16:25:17.214] [INFO] app - 注册 Controller [articleinfo.articleinfo]
[2018-01-11T16:25:17.218] [INFO] app - 注册 Controller [describe.describe]
[2018-01-11T16:25:17.220] [INFO] app - 注册 Controller [home]
[2018-01-11T16:25:17.222] [INFO] app - 注册 Controller [server.server]
[2018-01-11T16:25:17.298] [INFO] app - 注册 Router [articleinfo]
[2018-01-11T16:25:17.302] [INFO] app - 注册 Router [describe]
[2018-01-11T16:25:17.305] [INFO] app - 注册 Router [index]
[2018-01-11T16:25:17.306] [INFO] app - 注册 Router [server]
[2018-01-11T16:25:18.329] [INFO] app - 正在启动项目 模式: build
[2018-01-11T16:25:18.566] [INFO] app - 连接数据库 [mysql -h 114.215.183.168 -u gdtv_cms -D gdtv_cms]
[2018-01-11T16:25:18.653] [INFO] app - 注册 Helper [moment]
[2018-01-11T16:25:18.654] [INFO] app - 注册 Helper [async]
[2018-01-11T16:25:18.661] [INFO] app - 注册 Helper [lodash]
[2018-01-11T16:25:18.665] [INFO] app - 注册 Middleware [heiner_static]
[2018-01-11T16:25:18.665] [INFO] app - 注册 Middleware [heiner_query]
[2018-01-11T16:25:18.666] [INFO] app - 注册 Middleware [heiner_body]
[2018-01-11T16:25:18.666] [INFO] app - 注册 Middleware [heiner_view]
[2018-01-11T16:25:18.706] [INFO] app - 注册 Middleware [heiner_static]
[2018-01-11T16:25:18.713] [INFO] app - 注册 Middleware [heiner_query]
[2018-01-11T16:25:18.769] [INFO] app - 注册 Middleware [heiner_body]
[2018-01-11T16:25:18.804] [INFO] app - 注册 Middleware [heiner_view]
[2018-01-11T16:25:18.806] [INFO] app - 注册 Controller [articleinfo.articleinfo]
[2018-01-11T16:25:18.809] [INFO] app - 注册 Controller [describe.describe]
[2018-01-11T16:25:18.811] [INFO] app - 注册 Controller [home]
[2018-01-11T16:25:18.813] [INFO] app - 注册 Controller [server.server]
[2018-01-11T16:25:18.875] [INFO] app - 注册 Router [articleinfo]
[2018-01-11T16:25:18.878] [INFO] app - 注册 Router [describe]
[2018-01-11T16:25:18.880] [INFO] app - 注册 Router [index]
[2018-01-11T16:25:18.881] [INFO] app - 注册 Router [server]
[2018-01-11T16:25:19.843] [INFO] app - 正在启动项目 模式: build
[2018-01-11T16:25:20.004] [INFO] app - 连接数据库 [mysql -h 114.215.183.168 -u gdtv_cms -D gdtv_cms]
[2018-01-11T16:25:20.070] [INFO] app - 注册 Helper [moment]
[2018-01-11T16:25:20.071] [INFO] app - 注册 Helper [async]
[2018-01-11T16:25:20.078] [INFO] app - 注册 Helper [lodash]
[2018-01-11T16:25:20.082] [INFO] app - 注册 Middleware [heiner_static]
[2018-01-11T16:25:20.082] [INFO] app - 注册 Middleware [heiner_query]
[2018-01-11T16:25:20.083] [INFO] app - 注册 Middleware [heiner_body]
[2018-01-11T16:25:20.083] [INFO] app - 注册 Middleware [heiner_view]
[2018-01-11T16:25:20.123] [INFO] app - 注册 Middleware [heiner_static]
[2018-01-11T16:25:20.127] [INFO] app - 注册 Middleware [heiner_query]
[2018-01-11T16:25:20.171] [INFO] app - 注册 Middleware [heiner_body]
[2018-01-11T16:25:20.199] [INFO] app - 注册 Middleware [heiner_view]
[2018-01-11T16:25:20.202] [INFO] app - 注册 Controller [articleinfo.articleinfo]
[2018-01-11T16:25:20.205] [INFO] app - 注册 Controller [describe.describe]
[2018-01-11T16:25:20.207] [INFO] app - 注册 Controller [home]
[2018-01-11T16:25:20.208] [INFO] app - 注册 Controller [server.server]
[2018-01-11T16:25:20.276] [INFO] app - 注册 Router [articleinfo]
[2018-01-11T16:25:20.279] [INFO] app - 注册 Router [describe]
[2018-01-11T16:25:20.280] [INFO] app - 注册 Router [index]
[2018-01-11T16:25:20.281] [INFO] app - 注册 Router [server]
[2018-01-11T16:25:21.287] [INFO] app - 正在启动项目 模式: build
[2018-01-11T16:25:21.572] [INFO] app - 连接数据库 [mysql -h 114.215.183.168 -u gdtv_cms -D gdtv_cms]
[2018-01-11T16:25:21.716] [INFO] app - 注册 Helper [moment]
[2018-01-11T16:25:21.717] [INFO] app - 注册 Helper [async]
[2018-01-11T16:25:21.731] [INFO] app - 注册 Helper [lodash]
[2018-01-11T16:25:21.741] [INFO] app - 注册 Middleware [heiner_static]
[2018-01-11T16:25:21.741] [INFO] app - 注册 Middleware [heiner_query]
[2018-01-11T16:25:21.742] [INFO] app - 注册 Middleware [heiner_body]
[2018-01-11T16:25:21.743] [INFO] app - 注册 Middleware [heiner_view]
[2018-01-11T16:25:21.806] [INFO] app - 注册 Middleware [heiner_static]
[2018-01-11T16:25:21.819] [INFO] app - 注册 Middleware [heiner_query]
[2018-01-11T16:25:21.905] [INFO] app - 注册 Middleware [heiner_body]
[2018-01-11T16:25:22.006] [INFO] app - 注册 Middleware [heiner_view]
[2018-01-11T16:25:22.019] [INFO] app - 注册 Controller [articleinfo.articleinfo]
[2018-01-11T16:25:22.028] [INFO] app - 注册 Controller [describe.describe]
[2018-01-11T16:25:22.033] [INFO] app - 注册 Controller [home]
[2018-01-11T16:25:22.037] [INFO] app - 注册 Controller [server.server]
[2018-01-11T16:25:22.137] [INFO] app - 注册 Router [articleinfo]
[2018-01-11T16:25:22.144] [INFO] app - 注册 Router [describe]
[2018-01-11T16:25:22.146] [INFO] app - 注册 Router [index]
[2018-01-11T16:25:22.148] [INFO] app - 注册 Router [server]
[2018-01-11T16:25:23.132] [INFO] app - 正在启动项目 模式: build
[2018-01-11T16:25:23.290] [INFO] app - 连接数据库 [mysql -h 114.215.183.168 -u gdtv_cms -D gdtv_cms]
[2018-01-11T16:25:23.359] [INFO] app - 注册 Helper [moment]
[2018-01-11T16:25:23.360] [INFO] app - 注册 Helper [async]
[2018-01-11T16:25:23.370] [INFO] app - 注册 Helper [lodash]
[2018-01-11T16:25:23.374] [INFO] app - 注册 Middleware [heiner_static]
[2018-01-11T16:25:23.375] [INFO] app - 注册 Middleware [heiner_query]
[2018-01-11T16:25:23.375] [INFO] app - 注册 Middleware [heiner_body]
[2018-01-11T16:25:23.375] [INFO] app - 注册 Middleware [heiner_view]
[2018-01-11T16:25:23.414] [INFO] app - 注册 Middleware [heiner_static]
[2018-01-11T16:25:23.418] [INFO] app - 注册 Middleware [heiner_query]
[2018-01-11T16:25:23.462] [INFO] app - 注册 Middleware [heiner_body]
[2018-01-11T16:25:23.501] [INFO] app - 注册 Middleware [heiner_view]
[2018-01-11T16:25:23.505] [INFO] app - 注册 Controller [articleinfo.articleinfo]
[2018-01-11T16:25:23.509] [INFO] app - 注册 Controller [describe.describe]
[2018-01-11T16:25:23.511] [INFO] app - 注册 Controller [home]
[2018-01-11T16:25:23.513] [INFO] app - 注册 Controller [server.server]
[2018-01-11T16:25:23.567] [INFO] app - 注册 Router [articleinfo]
[2018-01-11T16:25:23.571] [INFO] app - 注册 Router [describe]
[2018-01-11T16:25:23.572] [INFO] app - 注册 Router [index]
[2018-01-11T16:25:23.574] [INFO] app - 注册 Router [server]
[2018-01-11T16:25:24.481] [INFO] app - 正在启动项目 模式: build
[2018-01-11T16:25:24.641] [INFO] app - 连接数据库 [mysql -h 114.215.183.168 -u gdtv_cms -D gdtv_cms]
[2018-01-11T16:25:24.702] [INFO] app - 注册 Helper [moment]
[2018-01-11T16:25:24.703] [INFO] app - 注册 Helper [async]
[2018-01-11T16:25:24.710] [INFO] app - 注册 Helper [lodash]
[2018-01-11T16:25:24.714] [INFO] app - 注册 Middleware [heiner_static]
[2018-01-11T16:25:24.714] [INFO] app - 注册 Middleware [heiner_query]
[2018-01-11T16:25:24.715] [INFO] app - 注册 Middleware [heiner_body]
[2018-01-11T16:25:24.715] [INFO] app - 注册 Middleware [heiner_view]
[2018-01-11T16:25:24.754] [INFO] app - 注册 Middleware [heiner_static]
[2018-01-11T16:25:24.760] [INFO] app - 注册 Middleware [heiner_query]
[2018-01-11T16:25:24.806] [INFO] app - 注册 Middleware [heiner_body]
[2018-01-11T16:25:24.837] [INFO] app - 注册 Middleware [heiner_view]
[2018-01-11T16:25:24.839] [INFO] app - 注册 Controller [articleinfo.articleinfo]
[2018-01-11T16:25:24.843] [INFO] app - 注册 Controller [describe.describe]
[2018-01-11T16:25:24.845] [INFO] app - 注册 Controller [home]
[2018-01-11T16:25:24.846] [INFO] app - 注册 Controller [server.server]
[2018-01-11T16:25:24.915] [INFO] app - 注册 Router [articleinfo]
[2018-01-11T16:25:24.918] [INFO] app - 注册 Router [describe]
[2018-01-11T16:25:24.920] [INFO] app - 注册 Router [index]
[2018-01-11T16:25:24.921] [INFO] app - 注册 Router [server]
[2018-01-11T16:25:25.799] [INFO] app - 正在启动项目 模式: build
[2018-01-11T16:25:25.953] [INFO] app - 连接数据库 [mysql -h 114.215.183.168 -u gdtv_cms -D gdtv_cms]
[2018-01-11T16:25:26.012] [INFO] app - 注册 Helper [moment]
[2018-01-11T16:25:26.012] [INFO] app - 注册 Helper [async]
[2018-01-11T16:25:26.019] [INFO] app - 注册 Helper [lodash]
[2018-01-11T16:25:26.023] [INFO] app - 注册 Middleware [heiner_static]
[2018-01-11T16:25:26.023] [INFO] app - 注册 Middleware [heiner_query]
[2018-01-11T16:25:26.024] [INFO] app - 注册 Middleware [heiner_body]
[2018-01-11T16:25:26.024] [INFO] app - 注册 Middleware [heiner_view]
[2018-01-11T16:25:26.055] [INFO] app - 注册 Middleware [heiner_static]
[2018-01-11T16:25:26.059] [INFO] app - 注册 Middleware [heiner_query]
[2018-01-11T16:25:26.103] [INFO] app - 注册 Middleware [heiner_body]
[2018-01-11T16:25:26.137] [INFO] app - 注册 Middleware [heiner_view]
[2018-01-11T16:25:26.139] [INFO] app - 注册 Controller [articleinfo.articleinfo]
[2018-01-11T16:25:26.142] [INFO] app - 注册 Controller [describe.describe]
[2018-01-11T16:25:26.144] [INFO] app - 注册 Controller [home]
[2018-01-11T16:25:26.145] [INFO] app - 注册 Controller [server.server]
[2018-01-11T16:25:26.199] [INFO] app - 注册 Router [articleinfo]
[2018-01-11T16:25:26.202] [INFO] app - 注册 Router [describe]
[2018-01-11T16:25:26.203] [INFO] app - 注册 Router [index]
[2018-01-11T16:25:26.204] [INFO] app - 注册 Router [server]
[2018-01-11T16:25:27.249] [INFO] app - 正在启动项目 模式: build
[2018-01-11T16:25:27.599] [INFO] app - 连接数据库 [mysql -h 114.215.183.168 -u gdtv_cms -D gdtv_cms]
[2018-01-11T16:25:27.815] [INFO] app - 注册 Helper [moment]
[2018-01-11T16:25:27.816] [INFO] app - 注册 Helper [async]
[2018-01-11T16:25:27.830] [INFO] app - 注册 Helper [lodash]
[2018-01-11T16:25:27.838] [INFO] app - 注册 Middleware [heiner_static]
[2018-01-11T16:25:27.838] [INFO] app - 注册 Middleware [heiner_query]
[2018-01-11T16:25:27.839] [INFO] app - 注册 Middleware [heiner_body]
[2018-01-11T16:25:27.840] [INFO] app - 注册 Middleware [heiner_view]
[2018-01-11T16:25:27.900] [INFO] app - 注册 Middleware [heiner_static]
[2018-01-11T16:25:27.910] [INFO] app - 注册 Middleware [heiner_query]
[2018-01-11T16:25:27.989] [INFO] app - 注册 Middleware [heiner_body]
[2018-01-11T16:25:28.036] [INFO] app - 注册 Middleware [heiner_view]
[2018-01-11T16:25:28.040] [INFO] app - 注册 Controller [articleinfo.articleinfo]
[2018-01-11T16:25:28.044] [INFO] app - 注册 Controller [describe.describe]
[2018-01-11T16:25:28.047] [INFO] app - 注册 Controller [home]
[2018-01-11T16:25:28.049] [INFO] app - 注册 Controller [server.server]
[2018-01-11T16:25:28.122] [INFO] app - 注册 Router [articleinfo]
[2018-01-11T16:25:28.125] [INFO] app - 注册 Router [describe]
[2018-01-11T16:25:28.127] [INFO] app - 注册 Router [index]
[2018-01-11T16:25:28.128] [INFO] app - 注册 Router [server]
[2018-01-11T16:25:29.224] [INFO] app - 正在启动项目 模式: build
[2018-01-11T16:25:29.424] [INFO] app - 连接数据库 [mysql -h 114.215.183.168 -u gdtv_cms -D gdtv_cms]
[2018-01-11T16:25:29.485] [INFO] app - 注册 Helper [moment]
[2018-01-11T16:25:29.486] [INFO] app - 注册 Helper [async]
[2018-01-11T16:25:29.492] [INFO] app - 注册 Helper [lodash]
[2018-01-11T16:25:29.496] [INFO] app - 注册 Middleware [heiner_static]
[2018-01-11T16:25:29.496] [INFO] app - 注册 Middleware [heiner_query]
[2018-01-11T16:25:29.496] [INFO] app - 注册 Middleware [heiner_body]
[2018-01-11T16:25:29.496] [INFO] app - 注册 Middleware [heiner_view]
[2018-01-11T16:25:29.535] [INFO] app - 注册 Middleware [heiner_static]
[2018-01-11T16:25:29.541] [INFO] app - 注册 Middleware [heiner_query]
[2018-01-11T16:25:29.595] [INFO] app - 注册 Middleware [heiner_body]
[2018-01-11T16:25:29.632] [INFO] app - 注册 Middleware [heiner_view]
[2018-01-11T16:25:29.635] [INFO] app - 注册 Controller [articleinfo.articleinfo]
[2018-01-11T16:25:29.639] [INFO] app - 注册 Controller [describe.describe]
[2018-01-11T16:25:29.641] [INFO] app - 注册 Controller [home]
[2018-01-11T16:25:29.643] [INFO] app - 注册 Controller [server.server]
[2018-01-11T16:25:29.712] [INFO] app - 注册 Router [articleinfo]
[2018-01-11T16:25:29.715] [INFO] app - 注册 Router [describe]
[2018-01-11T16:25:29.717] [INFO] app - 注册 Router [index]
[2018-01-11T16:25:29.718] [INFO] app - 注册 Router [server]
[2018-01-11T16:25:30.872] [INFO] app - 正在启动项目 模式: build
[2018-01-11T16:25:31.109] [INFO] app - 连接数据库 [mysql -h 114.215.183.168 -u gdtv_cms -D gdtv_cms]
[2018-01-11T16:25:31.188] [INFO] app - 注册 Helper [moment]
[2018-01-11T16:25:31.188] [INFO] app - 注册 Helper [async]
[2018-01-11T16:25:31.198] [INFO] app - 注册 Helper [lodash]
[2018-01-11T16:25:31.202] [INFO] app - 注册 Middleware [heiner_static]
[2018-01-11T16:25:31.203] [INFO] app - 注册 Middleware [heiner_query]
[2018-01-11T16:25:31.203] [INFO] app - 注册 Middleware [heiner_body]
[2018-01-11T16:25:31.203] [INFO] app - 注册 Middleware [heiner_view]
[2018-01-11T16:25:31.242] [INFO] app - 注册 Middleware [heiner_static]
[2018-01-11T16:25:31.247] [INFO] app - 注册 Middleware [heiner_query]
[2018-01-11T16:25:31.288] [INFO] app - 注册 Middleware [heiner_body]
[2018-01-11T16:25:31.327] [INFO] app - 注册 Middleware [heiner_view]
[2018-01-11T16:25:31.329] [INFO] app - 注册 Controller [articleinfo.articleinfo]
[2018-01-11T16:25:31.334] [INFO] app - 注册 Controller [describe.describe]
[2018-01-11T16:25:31.338] [INFO] app - 注册 Controller [home]
[2018-01-11T16:25:31.342] [INFO] app - 注册 Controller [server.server]
[2018-01-11T16:25:31.445] [INFO] app - 注册 Router [articleinfo]
[2018-01-11T16:25:31.449] [INFO] app - 注册 Router [describe]
[2018-01-11T16:25:31.450] [INFO] app - 注册 Router [index]
[2018-01-11T16:25:31.452] [INFO] app - 注册 Router [server]
[2018-01-11T16:25:32.685] [INFO] app - 正在启动项目 模式: build
[2018-01-11T16:25:32.913] [INFO] app - 连接数据库 [mysql -h 114.215.183.168 -u gdtv_cms -D gdtv_cms]
[2018-01-11T16:25:33.195] [INFO] app - 注册 Helper [moment]
[2018-01-11T16:25:33.196] [INFO] app - 注册 Helper [async]
[2018-01-11T16:25:33.234] [INFO] app - 注册 Helper [lodash]
[2018-01-11T16:25:33.245] [INFO] app - 注册 Middleware [heiner_static]
[2018-01-11T16:25:33.246] [INFO] app - 注册 Middleware [heiner_query]
[2018-01-11T16:25:33.246] [INFO] app - 注册 Middleware [heiner_body]
[2018-01-11T16:25:33.247] [INFO] app - 注册 Middleware [heiner_view]
[2018-01-11T16:25:33.325] [INFO] app - 注册 Middleware [heiner_static]
[2018-01-11T16:25:33.355] [INFO] app - 注册 Middleware [heiner_query]
[2018-01-11T16:25:33.444] [INFO] app - 注册 Middleware [heiner_body]
[2018-01-11T16:25:35.077] [INFO] app - 正在启动项目 模式: build
[2018-01-11T16:25:35.261] [INFO] app - 连接数据库 [mysql -h 114.215.183.168 -u gdtv_cms -D gdtv_cms]
[2018-01-11T16:25:35.324] [INFO] app - 注册 Helper [moment]
[2018-01-11T16:25:35.325] [INFO] app - 注册 Helper [async]
[2018-01-11T16:25:35.335] [INFO] app - 注册 Helper [lodash]
[2018-01-11T16:25:35.338] [INFO] app - 注册 Middleware [heiner_static]
[2018-01-11T16:25:35.339] [INFO] app - 注册 Middleware [heiner_query]
[2018-01-11T16:25:35.339] [INFO] app - 注册 Middleware [heiner_body]
[2018-01-11T16:25:35.339] [INFO] app - 注册 Middleware [heiner_view]
[2018-01-11T16:25:35.375] [INFO] app - 注册 Middleware [heiner_static]
[2018-01-11T16:25:35.382] [INFO] app - 注册 Middleware [heiner_query]
[2018-01-11T16:25:35.437] [INFO] app - 注册 Middleware [heiner_body]
[2018-01-11T16:25:35.475] [INFO] app - 注册 Middleware [heiner_view]
[2018-01-11T16:25:35.478] [INFO] app - 注册 Controller [articleinfo.articleinfo]
[2018-01-11T16:25:35.481] [INFO] app - 注册 Controller [describe.describe]
[2018-01-11T16:25:35.483] [INFO] app - 注册 Controller [home]
[2018-01-11T16:25:35.485] [INFO] app - 注册 Controller [server.server]
[2018-01-11T16:25:35.551] [INFO] app - 注册 Router [articleinfo]
[2018-01-11T16:25:35.555] [INFO] app - 注册 Router [describe]
[2018-01-11T16:25:35.557] [INFO] app - 注册 Router [index]
[2018-01-11T16:25:35.558] [INFO] app - 注册 Router [server]
[2018-01-11T16:25:36.494] [INFO] app - 正在启动项目 模式: build
[2018-01-11T16:25:36.706] [INFO] app - 连接数据库 [mysql -h 114.215.183.168 -u gdtv_cms -D gdtv_cms]
[2018-01-11T16:25:36.780] [INFO] app - 注册 Helper [moment]
[2018-01-11T16:25:36.781] [INFO] app - 注册 Helper [async]
[2018-01-11T16:25:36.789] [INFO] app - 注册 Helper [lodash]
[2018-01-11T16:25:36.793] [INFO] app - 注册 Middleware [heiner_static]
[2018-01-11T16:25:36.794] [INFO] app - 注册 Middleware [heiner_query]
[2018-01-11T16:25:36.794] [INFO] app - 注册 Middleware [heiner_body]
[2018-01-11T16:25:36.794] [INFO] app - 注册 Middleware [heiner_view]
[2018-01-11T16:25:36.830] [INFO] app - 注册 Middleware [heiner_static]
[2018-01-11T16:25:36.834] [INFO] app - 注册 Middleware [heiner_query]
[2018-01-11T16:25:36.877] [INFO] app - 注册 Middleware [heiner_body]
[2018-01-11T16:25:36.906] [INFO] app - 注册 Middleware [heiner_view]
[2018-01-11T16:25:36.908] [INFO] app - 注册 Controller [articleinfo.articleinfo]
[2018-01-11T16:25:36.911] [INFO] app - 注册 Controller [describe.describe]
[2018-01-11T16:25:36.913] [INFO] app - 注册 Controller [home]
[2018-01-11T16:25:36.914] [INFO] app - 注册 Controller [server.server]
[2018-01-11T16:25:36.979] [INFO] app - 注册 Router [articleinfo]
[2018-01-11T16:25:36.982] [INFO] app - 注册 Router [describe]
[2018-01-11T16:25:36.983] [INFO] app - 注册 Router [index]
[2018-01-11T16:25:36.985] [INFO] app - 注册 Router [server]
[2018-01-11T16:25:38.064] [INFO] app - 正在启动项目 模式: build
[2018-01-11T16:25:38.226] [INFO] app - 连接数据库 [mysql -h 114.215.183.168 -u gdtv_cms -D gdtv_cms]
[2018-01-11T16:25:38.295] [INFO] app - 注册 Helper [moment]
[2018-01-11T16:25:38.295] [INFO] app - 注册 Helper [async]
[2018-01-11T16:25:38.302] [INFO] app - 注册 Helper [lodash]
[2018-01-11T16:25:38.306] [INFO] app - 注册 Middleware [heiner_static]
[2018-01-11T16:25:38.306] [INFO] app - 注册 Middleware [heiner_query]
[2018-01-11T16:25:38.306] [INFO] app - 注册 Middleware [heiner_body]
[2018-01-11T16:25:38.307] [INFO] app - 注册 Middleware [heiner_view]
[2018-01-11T16:25:38.345] [INFO] app - 注册 Middleware [heiner_static]
[2018-01-11T16:25:38.349] [INFO] app - 注册 Middleware [heiner_query]
[2018-01-11T16:25:38.395] [INFO] app - 注册 Middleware [heiner_body]
[2018-01-11T16:25:38.429] [INFO] app - 注册 Middleware [heiner_view]
[2018-01-11T16:25:38.432] [INFO] app - 注册 Controller [articleinfo.articleinfo]
[2018-01-11T16:25:38.435] [INFO] app - 注册 Controller [describe.describe]
[2018-01-11T16:25:38.437] [INFO] app - 注册 Controller [home]
[2018-01-11T16:25:38.438] [INFO] app - 注册 Controller [server.server]
[2018-01-11T16:25:38.495] [INFO] app - 注册 Router [articleinfo]
[2018-01-11T16:25:38.499] [INFO] app - 注册 Router [describe]
[2018-01-11T16:25:38.500] [INFO] app - 注册 Router [index]
[2018-01-11T16:25:38.502] [INFO] app - 注册 Router [server]
[2018-01-11T16:25:39.650] [INFO] app - 正在启动项目 模式: build
[2018-01-11T16:25:40.046] [INFO] app - 连接数据库 [mysql -h 114.215.183.168 -u gdtv_cms -D gdtv_cms]
[2018-01-11T16:25:40.127] [INFO] app - 注册 Helper [moment]
[2018-01-11T16:25:40.127] [INFO] app - 注册 Helper [async]
[2018-01-11T16:25:40.135] [INFO] app - 注册 Helper [lodash]
[2018-01-11T16:25:40.139] [INFO] app - 注册 Middleware [heiner_static]
[2018-01-11T16:25:40.139] [INFO] app - 注册 Middleware [heiner_query]
[2018-01-11T16:25:40.140] [INFO] app - 注册 Middleware [heiner_body]
[2018-01-11T16:25:40.140] [INFO] app - 注册 Middleware [heiner_view]
[2018-01-11T16:25:40.183] [INFO] app - 注册 Middleware [heiner_static]
[2018-01-11T16:25:40.188] [INFO] app - 注册 Middleware [heiner_query]
[2018-01-11T16:25:40.241] [INFO] app - 注册 Middleware [heiner_body]
[2018-01-11T16:25:40.285] [INFO] app - 注册 Middleware [heiner_view]
[2018-01-11T16:25:40.288] [INFO] app - 注册 Controller [articleinfo.articleinfo]
[2018-01-11T16:25:40.291] [INFO] app - 注册 Controller [describe.describe]
[2018-01-11T16:25:40.294] [INFO] app - 注册 Controller [home]
[2018-01-11T16:25:40.296] [INFO] app - 注册 Controller [server.server]
[2018-01-11T16:25:40.363] [INFO] app - 注册 Router [articleinfo]
[2018-01-11T16:25:40.367] [INFO] app - 注册 Router [describe]
[2018-01-11T16:25:40.368] [INFO] app - 注册 Router [index]
[2018-01-11T16:25:40.370] [INFO] app - 注册 Router [server]
[2018-01-11T16:25:41.398] [INFO] app - 正在启动项目 模式: build
[2018-01-11T16:25:41.558] [INFO] app - 连接数据库 [mysql -h 114.215.183.168 -u gdtv_cms -D gdtv_cms]
[2018-01-11T16:25:41.652] [INFO] app - 注册 Helper [moment]
[2018-01-11T16:25:41.653] [INFO] app - 注册 Helper [async]
[2018-01-11T16:25:41.662] [INFO] app - 注册 Helper [lodash]
[2018-01-11T16:25:41.667] [INFO] app - 注册 Middleware [heiner_static]
[2018-01-11T16:25:41.667] [INFO] app - 注册 Middleware [heiner_query]
[2018-01-11T16:25:41.668] [INFO] app - 注册 Middleware [heiner_body]
[2018-01-11T16:25:41.668] [INFO] app - 注册 Middleware [heiner_view]
[2018-01-11T16:25:41.712] [INFO] app - 注册 Middleware [heiner_static]
[2018-01-11T16:25:41.720] [INFO] app - 注册 Middleware [heiner_query]
[2018-01-11T16:25:41.776] [INFO] app - 注册 Middleware [heiner_body]
[2018-01-11T16:25:41.814] [INFO] app - 注册 Middleware [heiner_view]
[2018-01-11T16:25:41.818] [INFO] app - 注册 Controller [articleinfo.articleinfo]
[2018-01-11T16:25:41.821] [INFO] app - 注册 Controller [describe.describe]
[2018-01-11T16:25:41.824] [INFO] app - 注册 Controller [home]
[2018-01-11T16:25:41.826] [INFO] app - 注册 Controller [server.server]
[2018-01-11T16:25:41.904] [INFO] app - 注册 Router [articleinfo]
[2018-01-11T16:25:41.908] [INFO] app - 注册 Router [describe]
[2018-01-11T16:25:41.909] [INFO] app - 注册 Router [index]
[2018-01-11T16:25:41.911] [INFO] app - 注册 Router [server]
[2018-01-11T16:25:42.886] [INFO] app - 正在启动项目 模式: build
[2018-01-11T16:25:43.055] [INFO] app - 连接数据库 [mysql -h 114.215.183.168 -u gdtv_cms -D gdtv_cms]
[2018-01-11T16:25:43.113] [INFO] app - 注册 Helper [moment]
[2018-01-11T16:25:43.113] [INFO] app - 注册 Helper [async]
[2018-01-11T16:25:43.121] [INFO] app - 注册 Helper [lodash]
[2018-01-11T16:25:43.124] [INFO] app - 注册 Middleware [heiner_static]
[2018-01-11T16:25:43.125] [INFO] app - 注册 Middleware [heiner_query]
[2018-01-11T16:25:43.125] [INFO] app - 注册 Middleware [heiner_body]
[2018-01-11T16:25:43.125] [INFO] app - 注册 Middleware [heiner_view]
[2018-01-11T16:25:43.163] [INFO] app - 注册 Middleware [heiner_static]
[2018-01-11T16:25:43.168] [INFO] app - 注册 Middleware [heiner_query]
[2018-01-11T16:25:43.211] [INFO] app - 注册 Middleware [heiner_body]
[2018-01-11T16:25:43.247] [INFO] app - 注册 Middleware [heiner_view]
[2018-01-11T16:25:43.250] [INFO] app - 注册 Controller [articleinfo.articleinfo]
[2018-01-11T16:25:43.253] [INFO] app - 注册 Controller [describe.describe]
[2018-01-11T16:25:43.255] [INFO] app - 注册 Controller [home]
[2018-01-11T16:25:43.257] [INFO] app - 注册 Controller [server.server]
[2018-01-11T16:25:43.313] [INFO] app - 注册 Router [articleinfo]
[2018-01-11T16:25:43.316] [INFO] app - 注册 Router [describe]
[2018-01-11T16:25:43.318] [INFO] app - 注册 Router [index]
[2018-01-11T16:25:43.319] [INFO] app - 注册 Router [server]
[2018-01-11T16:25:44.200] [INFO] app - 正在启动项目 模式: build
[2018-01-11T16:25:44.353] [INFO] app - 连接数据库 [mysql -h 114.215.183.168 -u gdtv_cms -D gdtv_cms]
[2018-01-11T16:25:44.414] [INFO] app - 注册 Helper [moment]
[2018-01-11T16:25:44.415] [INFO] app - 注册 Helper [async]
[2018-01-11T16:25:44.421] [INFO] app - 注册 Helper [lodash]
[2018-01-11T16:25:44.425] [INFO] app - 注册 Middleware [heiner_static]
[2018-01-11T16:25:44.425] [INFO] app - 注册 Middleware [heiner_query]
[2018-01-11T16:25:44.425] [INFO] app - 注册 Middleware [heiner_body]
[2018-01-11T16:25:44.426] [INFO] app - 注册 Middleware [heiner_view]
[2018-01-11T16:25:44.458] [INFO] app - 注册 Middleware [heiner_static]
[2018-01-11T16:25:44.463] [INFO] app - 注册 Middleware [heiner_query]
[2018-01-11T16:25:44.507] [INFO] app - 注册 Middleware [heiner_body]
[2018-01-11T16:25:44.540] [INFO] app - 注册 Middleware [heiner_view]
[2018-01-11T16:25:44.543] [INFO] app - 注册 Controller [articleinfo.articleinfo]
[2018-01-11T16:25:44.547] [INFO] app - 注册 Controller [describe.describe]
[2018-01-11T16:25:44.548] [INFO] app - 注册 Controller [home]
[2018-01-11T16:25:44.550] [INFO] app - 注册 Controller [server.server]
[2018-01-11T16:25:44.619] [INFO] app - 注册 Router [articleinfo]
[2018-01-11T16:25:44.622] [INFO] app - 注册 Router [describe]
[2018-01-11T16:25:44.624] [INFO] app - 注册 Router [index]
[2018-01-11T16:25:44.625] [INFO] app - 注册 Router [server]
[2018-01-11T16:25:46.387] [INFO] app - 正在启动项目 模式: build
[2018-01-11T16:25:46.679] [INFO] app - 连接数据库 [mysql -h 114.215.183.168 -u gdtv_cms -D gdtv_cms]
[2018-01-11T16:25:46.788] [INFO] app - 注册 Helper [moment]
[2018-01-11T16:25:46.789] [INFO] app - 注册 Helper [async]
[2018-01-11T16:25:46.797] [INFO] app - 注册 Helper [lodash]
[2018-01-11T16:25:46.802] [INFO] app - 注册 Middleware [heiner_static]
[2018-01-11T16:25:46.802] [INFO] app - 注册 Middleware [heiner_query]
[2018-01-11T16:25:46.802] [INFO] app - 注册 Middleware [heiner_body]
[2018-01-11T16:25:46.803] [INFO] app - 注册 Middleware [heiner_view]
[2018-01-11T16:25:46.851] [INFO] app - 注册 Middleware [heiner_static]
[2018-01-11T16:25:46.858] [INFO] app - 注册 Middleware [heiner_query]
[2018-01-11T16:25:46.902] [INFO] app - 注册 Middleware [heiner_body]
[2018-01-11T16:25:46.935] [INFO] app - 注册 Middleware [heiner_view]
[2018-01-11T16:25:46.938] [INFO] app - 注册 Controller [articleinfo.articleinfo]
[2018-01-11T16:25:46.940] [INFO] app - 注册 Controller [describe.describe]
[2018-01-11T16:25:46.942] [INFO] app - 注册 Controller [home]
[2018-01-11T16:25:46.943] [INFO] app - 注册 Controller [server.server]
[2018-01-11T16:25:47.001] [INFO] app - 注册 Router [articleinfo]
[2018-01-11T16:25:47.004] [INFO] app - 注册 Router [describe]
[2018-01-11T16:25:47.005] [INFO] app - 注册 Router [index]
[2018-01-11T16:25:47.006] [INFO] app - 注册 Router [server]
[2018-01-11T16:25:47.975] [INFO] app - 正在启动项目 模式: build
[2018-01-11T16:25:48.164] [INFO] app - 连接数据库 [mysql -h 114.215.183.168 -u gdtv_cms -D gdtv_cms]
[2018-01-11T16:25:48.244] [INFO] app - 注册 Helper [moment]
[2018-01-11T16:25:48.245] [INFO] app - 注册 Helper [async]
[2018-01-11T16:25:48.252] [INFO] app - 注册 Helper [lodash]
[2018-01-11T16:25:48.257] [INFO] app - 注册 Middleware [heiner_static]
[2018-01-11T16:25:48.257] [INFO] app - 注册 Middleware [heiner_query]
[2018-01-11T16:25:48.258] [INFO] app - 注册 Middleware [heiner_body]
[2018-01-11T16:25:48.258] [INFO] app - 注册 Middleware [heiner_view]
[2018-01-11T16:25:48.292] [INFO] app - 注册 Middleware [heiner_static]
[2018-01-11T16:25:48.298] [INFO] app - 注册 Middleware [heiner_query]
[2018-01-11T16:25:48.346] [INFO] app - 注册 Middleware [heiner_body]
[2018-01-11T16:25:48.376] [INFO] app - 注册 Middleware [heiner_view]
[2018-01-11T16:25:48.378] [INFO] app - 注册 Controller [articleinfo.articleinfo]
[2018-01-11T16:25:48.381] [INFO] app - 注册 Controller [describe.describe]
[2018-01-11T16:25:48.383] [INFO] app - 注册 Controller [home]
[2018-01-11T16:25:48.385] [INFO] app - 注册 Controller [server.server]
[2018-01-11T16:25:48.440] [INFO] app - 注册 Router [articleinfo]
[2018-01-11T16:25:48.444] [INFO] app - 注册 Router [describe]
[2018-01-11T16:25:48.445] [INFO] app - 注册 Router [index]
[2018-01-11T16:25:48.447] [INFO] app - 注册 Router [server]
[2018-01-11T16:25:49.388] [INFO] app - 正在启动项目 模式: build
[2018-01-11T16:25:49.545] [INFO] app - 连接数据库 [mysql -h 114.215.183.168 -u gdtv_cms -D gdtv_cms]
[2018-01-11T16:25:49.606] [INFO] app - 注册 Helper [moment]
[2018-01-11T16:25:49.606] [INFO] app - 注册 Helper [async]
[2018-01-11T16:25:49.613] [INFO] app - 注册 Helper [lodash]
[2018-01-11T16:25:49.617] [INFO] app - 注册 Middleware [heiner_static]
[2018-01-11T16:25:49.617] [INFO] app - 注册 Middleware [heiner_query]
[2018-01-11T16:25:49.618] [INFO] app - 注册 Middleware [heiner_body]
[2018-01-11T16:25:49.618] [INFO] app - 注册 Middleware [heiner_view]
[2018-01-11T16:25:49.654] [INFO] app - 注册 Middleware [heiner_static]
[2018-01-11T16:25:49.659] [INFO] app - 注册 Middleware [heiner_query]
[2018-01-11T16:25:49.699] [INFO] app - 注册 Middleware [heiner_body]
[2018-01-11T16:25:49.730] [INFO] app - 注册 Middleware [heiner_view]
[2018-01-11T16:25:49.732] [INFO] app - 注册 Controller [articleinfo.articleinfo]
[2018-01-11T16:25:49.735] [INFO] app - 注册 Controller [describe.describe]
[2018-01-11T16:25:49.737] [INFO] app - 注册 Controller [home]
[2018-01-11T16:25:49.738] [INFO] app - 注册 Controller [server.server]
[2018-01-11T16:25:49.795] [INFO] app - 注册 Router [articleinfo]
[2018-01-11T16:25:49.798] [INFO] app - 注册 Router [describe]
[2018-01-11T16:25:49.800] [INFO] app - 注册 Router [index]
[2018-01-11T16:25:49.801] [INFO] app - 注册 Router [server]
[2018-01-11T16:25:50.774] [INFO] app - 正在启动项目 模式: build
[2018-01-11T16:25:50.932] [INFO] app - 连接数据库 [mysql -h 114.215.183.168 -u gdtv_cms -D gdtv_cms]
[2018-01-11T16:25:50.993] [INFO] app - 注册 Helper [moment]
[2018-01-11T16:25:50.993] [INFO] app - 注册 Helper [async]
[2018-01-11T16:25:51.004] [INFO] app - 注册 Helper [lodash]
[2018-01-11T16:25:51.009] [INFO] app - 注册 Middleware [heiner_static]
[2018-01-11T16:25:51.009] [INFO] app - 注册 Middleware [heiner_query]
[2018-01-11T16:25:51.009] [INFO] app - 注册 Middleware [heiner_body]
[2018-01-11T16:25:51.010] [INFO] app - 注册 Middleware [heiner_view]
[2018-01-11T16:25:51.048] [INFO] app - 注册 Middleware [heiner_static]
[2018-01-11T16:25:51.055] [INFO] app - 注册 Middleware [heiner_query]
[2018-01-11T16:25:51.102] [INFO] app - 注册 Middleware [heiner_body]
[2018-01-11T16:25:51.143] [INFO] app - 注册 Middleware [heiner_view]
[2018-01-11T16:25:51.148] [INFO] app - 注册 Controller [articleinfo.articleinfo]
[2018-01-11T16:25:51.152] [INFO] app - 注册 Controller [describe.describe]
[2018-01-11T16:25:51.154] [INFO] app - 注册 Controller [home]
[2018-01-11T16:25:51.156] [INFO] app - 注册 Controller [server.server]
[2018-01-11T16:25:51.221] [INFO] app - 注册 Router [articleinfo]
[2018-01-11T16:25:51.225] [INFO] app - 注册 Router [describe]
[2018-01-11T16:25:51.227] [INFO] app - 注册 Router [index]
[2018-01-11T16:25:51.228] [INFO] app - 注册 Router [server]
[2018-01-11T16:25:52.470] [INFO] app - 正在启动项目 模式: build
[2018-01-11T16:25:52.650] [INFO] app - 连接数据库 [mysql -h 114.215.183.168 -u gdtv_cms -D gdtv_cms]
[2018-01-11T16:25:52.721] [INFO] app - 注册 Helper [moment]
[2018-01-11T16:25:52.722] [INFO] app - 注册 Helper [async]
[2018-01-11T16:25:52.732] [INFO] app - 注册 Helper [lodash]
[2018-01-11T16:25:52.736] [INFO] app - 注册 Middleware [heiner_static]
[2018-01-11T16:25:52.737] [INFO] app - 注册 Middleware [heiner_query]
[2018-01-11T16:25:52.737] [INFO] app - 注册 Middleware [heiner_body]
[2018-01-11T16:25:52.737] [INFO] app - 注册 Middleware [heiner_view]
[2018-01-11T16:25:52.779] [INFO] app - 注册 Middleware [heiner_static]
[2018-01-11T16:25:52.783] [INFO] app - 注册 Middleware [heiner_query]
[2018-01-11T16:25:52.827] [INFO] app - 注册 Middleware [heiner_body]
[2018-01-11T16:25:52.858] [INFO] app - 注册 Middleware [heiner_view]
[2018-01-11T16:25:52.861] [INFO] app - 注册 Controller [articleinfo.articleinfo]
[2018-01-11T16:25:52.864] [INFO] app - 注册 Controller [describe.describe]
[2018-01-11T16:25:52.865] [INFO] app - 注册 Controller [home]
[2018-01-11T16:25:52.867] [INFO] app - 注册 Controller [server.server]
[2018-01-11T16:25:52.928] [INFO] app - 注册 Router [articleinfo]
[2018-01-11T16:25:52.931] [INFO] app - 注册 Router [describe]
[2018-01-11T16:25:52.933] [INFO] app - 注册 Router [index]
[2018-01-11T16:25:52.934] [INFO] app - 注册 Router [server]
[2018-01-11T16:25:53.973] [INFO] app - 正在启动项目 模式: build
[2018-01-11T16:25:54.234] [INFO] app - 连接数据库 [mysql -h 114.215.183.168 -u gdtv_cms -D gdtv_cms]
[2018-01-11T16:25:54.300] [INFO] app - 注册 Helper [moment]
[2018-01-11T16:25:54.301] [INFO] app - 注册 Helper [async]
[2018-01-11T16:25:54.312] [INFO] app - 注册 Helper [lodash]
[2018-01-11T16:25:54.318] [INFO] app - 注册 Middleware [heiner_static]
[2018-01-11T16:25:54.319] [INFO] app - 注册 Middleware [heiner_query]
[2018-01-11T16:25:54.320] [INFO] app - 注册 Middleware [heiner_body]
[2018-01-11T16:25:54.320] [INFO] app - 注册 Middleware [heiner_view]
[2018-01-11T16:25:54.361] [INFO] app - 注册 Middleware [heiner_static]
[2018-01-11T16:25:54.365] [INFO] app - 注册 Middleware [heiner_query]
[2018-01-11T16:25:54.416] [INFO] app - 注册 Middleware [heiner_body]
[2018-01-11T16:25:54.452] [INFO] app - 注册 Middleware [heiner_view]
[2018-01-11T16:25:54.456] [INFO] app - 注册 Controller [articleinfo.articleinfo]
[2018-01-11T16:25:54.459] [INFO] app - 注册 Controller [describe.describe]
[2018-01-11T16:25:54.461] [INFO] app - 注册 Controller [home]
[2018-01-11T16:25:54.463] [INFO] app - 注册 Controller [server.server]
[2018-01-11T16:25:54.542] [INFO] app - 注册 Router [articleinfo]
[2018-01-11T16:25:54.545] [INFO] app - 注册 Router [describe]
[2018-01-11T16:25:54.547] [INFO] app - 注册 Router [index]
[2018-01-11T16:25:54.549] [INFO] app - 注册 Router [server]
[2018-01-11T16:25:55.478] [INFO] app - 正在启动项目 模式: build
[2018-01-11T16:25:55.663] [INFO] app - 连接数据库 [mysql -h 114.215.183.168 -u gdtv_cms -D gdtv_cms]
[2018-01-11T16:25:55.750] [INFO] app - 注册 Helper [moment]
[2018-01-11T16:25:55.751] [INFO] app - 注册 Helper [async]
[2018-01-11T16:25:55.758] [INFO] app - 注册 Helper [lodash]
[2018-01-11T16:25:55.762] [INFO] app - 注册 Middleware [heiner_static]
[2018-01-11T16:25:55.762] [INFO] app - 注册 Middleware [heiner_query]
[2018-01-11T16:25:55.762] [INFO] app - 注册 Middleware [heiner_body]
[2018-01-11T16:25:55.762] [INFO] app - 注册 Middleware [heiner_view]
[2018-01-11T16:25:55.805] [INFO] app - 注册 Middleware [heiner_static]
[2018-01-11T16:25:55.810] [INFO] app - 注册 Middleware [heiner_query]
[2018-01-11T16:25:55.853] [INFO] app - 注册 Middleware [heiner_body]
[2018-01-11T16:25:55.882] [INFO] app - 注册 Middleware [heiner_view]
[2018-01-11T16:25:55.885] [INFO] app - 注册 Controller [articleinfo.articleinfo]
[2018-01-11T16:25:55.888] [INFO] app - 注册 Controller [describe.describe]
[2018-01-11T16:25:55.889] [INFO] app - 注册 Controller [home]
[2018-01-11T16:25:55.891] [INFO] app - 注册 Controller [server.server]
[2018-01-11T16:25:55.946] [INFO] app - 注册 Router [articleinfo]
[2018-01-11T16:25:55.949] [INFO] app - 注册 Router [describe]
[2018-01-11T16:25:55.951] [INFO] app - 注册 Router [index]
[2018-01-11T16:25:55.952] [INFO] app - 注册 Router [server]
[2018-01-11T16:25:56.919] [INFO] app - 正在启动项目 模式: build
[2018-01-11T16:25:57.096] [INFO] app - 连接数据库 [mysql -h 114.215.183.168 -u gdtv_cms -D gdtv_cms]
[2018-01-11T16:25:57.160] [INFO] app - 注册 Helper [moment]
[2018-01-11T16:25:57.161] [INFO] app - 注册 Helper [async]
[2018-01-11T16:25:57.168] [INFO] app - 注册 Helper [lodash]
[2018-01-11T16:25:57.172] [INFO] app - 注册 Middleware [heiner_static]
[2018-01-11T16:25:57.172] [INFO] app - 注册 Middleware [heiner_query]
[2018-01-11T16:25:57.172] [INFO] app - 注册 Middleware [heiner_body]
[2018-01-11T16:25:57.173] [INFO] app - 注册 Middleware [heiner_view]
[2018-01-11T16:25:57.233] [INFO] app - 注册 Middleware [heiner_static]
[2018-01-11T16:25:57.242] [INFO] app - 注册 Middleware [heiner_query]
[2018-01-11T16:25:57.302] [INFO] app - 注册 Middleware [heiner_body]
[2018-01-11T16:25:57.351] [INFO] app - 注册 Middleware [heiner_view]
[2018-01-11T16:25:57.355] [INFO] app - 注册 Controller [articleinfo.articleinfo]
[2018-01-11T16:25:57.359] [INFO] app - 注册 Controller [describe.describe]
[2018-01-11T16:25:57.362] [INFO] app - 注册 Controller [home]
[2018-01-11T16:25:57.364] [INFO] app - 注册 Controller [server.server]
[2018-01-11T16:25:57.461] [INFO] app - 注册 Router [articleinfo]
[2018-01-11T16:25:57.465] [INFO] app - 注册 Router [describe]
[2018-01-11T16:25:57.467] [INFO] app - 注册 Router [index]
[2018-01-11T16:25:57.469] [INFO] app - 注册 Router [server]
[2018-01-11T16:25:58.530] [INFO] app - 正在启动项目 模式: build
[2018-01-11T16:25:58.720] [INFO] app - 连接数据库 [mysql -h 114.215.183.168 -u gdtv_cms -D gdtv_cms]
[2018-01-11T16:25:58.786] [INFO] app - 注册 Helper [moment]
[2018-01-11T16:25:58.787] [INFO] app - 注册 Helper [async]
[2018-01-11T16:25:58.795] [INFO] app - 注册 Helper [lodash]
[2018-01-11T16:25:58.799] [INFO] app - 注册 Middleware [heiner_static]
[2018-01-11T16:25:58.799] [INFO] app - 注册 Middleware [heiner_query]
[2018-01-11T16:25:58.800] [INFO] app - 注册 Middleware [heiner_body]
[2018-01-11T16:25:58.800] [INFO] app - 注册 Middleware [heiner_view]
[2018-01-11T16:25:58.837] [INFO] app - 注册 Middleware [heiner_static]
[2018-01-11T16:25:58.841] [INFO] app - 注册 Middleware [heiner_query]
[2018-01-11T16:25:58.881] [INFO] app - 注册 Middleware [heiner_body]
[2018-01-11T16:25:58.909] [INFO] app - 注册 Middleware [heiner_view]
[2018-01-11T16:25:58.911] [INFO] app - 注册 Controller [articleinfo.articleinfo]
[2018-01-11T16:25:58.914] [INFO] app - 注册 Controller [describe.describe]
[2018-01-11T16:25:58.917] [INFO] app - 注册 Controller [home]
[2018-01-11T16:25:58.918] [INFO] app - 注册 Controller [server.server]
[2018-01-11T16:25:58.990] [INFO] app - 注册 Router [articleinfo]
[2018-01-11T16:25:58.994] [INFO] app - 注册 Router [describe]
[2018-01-11T16:25:58.996] [INFO] app - 注册 Router [index]
[2018-01-11T16:25:58.997] [INFO] app - 注册 Router [server]
[2018-01-11T16:25:59.892] [INFO] app - 正在启动项目 模式: build
