[2018-01-11T16:40:06.472] [INFO] app - 正在启动项目 模式: build
[2018-01-11T16:40:06.656] [INFO] app - 连接数据库 [mysql -h 114.215.183.168 -u gdtv_cms -D gdtv_cms]
[2018-01-11T16:40:06.717] [INFO] app - 注册 Helper [moment]
[2018-01-11T16:40:06.718] [INFO] app - 注册 Helper [async]
[2018-01-11T16:40:06.726] [INFO] app - 注册 Helper [lodash]
[2018-01-11T16:40:06.731] [INFO] app - 注册 Middleware [heiner_static]
[2018-01-11T16:40:06.731] [INFO] app - 注册 Middleware [heiner_query]
[2018-01-11T16:40:06.732] [INFO] app - 注册 Middleware [heiner_body]
[2018-01-11T16:40:06.732] [INFO] app - 注册 Middleware [heiner_view]
[2018-01-11T16:40:06.763] [INFO] app - 注册 Middleware [heiner_static]
[2018-01-11T16:40:06.768] [INFO] app - 注册 Middleware [heiner_query]
[2018-01-11T16:40:06.806] [INFO] app - 注册 Middleware [heiner_body]
[2018-01-11T16:40:06.837] [INFO] app - 注册 Middleware [heiner_view]
[2018-01-11T16:40:06.840] [INFO] app - 注册 Controller [articleinfo.articleinfo]
[2018-01-11T16:40:06.843] [INFO] app - 注册 Controller [describe.describe]
[2018-01-11T16:40:06.845] [INFO] app - 注册 Controller [home]
[2018-01-11T16:40:06.846] [INFO] app - 注册 Controller [server.server]
[2018-01-11T16:40:06.901] [INFO] app - 注册 Router [articleinfo]
[2018-01-11T16:40:06.904] [INFO] app - 注册 Router [describe]
[2018-01-11T16:40:06.905] [INFO] app - 注册 Router [index]
[2018-01-11T16:40:06.906] [INFO] app - 注册 Router [server]
[2018-01-11T16:40:06.909] [INFO] app - 启动项目成功 端口：3000
[2018-01-11T16:40:17.282] [INFO] app - 1111
