[2018-01-24T16:53:09.024] [INFO] app - 正在启动项目 模式: build
[2018-01-24T16:53:09.177] [INFO] app - 连接数据库 [mysql -h 114.215.183.168 -u gdtv_cms -D gdtv_cms]
[2018-01-24T16:53:09.239] [INFO] app - 注册 Helper [moment]
[2018-01-24T16:53:09.241] [INFO] app - 注册 Helper [async]
[2018-01-24T16:53:09.247] [INFO] app - 注册 Helper [lodash]
[2018-01-24T16:53:09.251] [INFO] app - 注册 Middleware [heiner_static]
[2018-01-24T16:53:09.251] [INFO] app - 注册 Middleware [heiner_query]
[2018-01-24T16:53:09.251] [INFO] app - 注册 Middleware [heiner_body]
[2018-01-24T16:53:09.252] [INFO] app - 注册 Middleware [heiner_view]
[2018-01-24T16:53:09.278] [INFO] app - 注册 Middleware [heiner_static]
[2018-01-24T16:53:09.282] [INFO] app - 注册 Middleware [heiner_query]
[2018-01-24T16:53:09.317] [INFO] app - 注册 Middleware [heiner_body]
[2018-01-24T16:53:09.343] [INFO] app - 注册 Middleware [heiner_view]
[2018-01-24T16:53:09.346] [INFO] app - 注册 Controller [articleinfo.articleinfo]
[2018-01-24T16:53:09.349] [INFO] app - 注册 Controller [describe.describe]
[2018-01-24T16:53:09.351] [INFO] app - 注册 Controller [home]
[2018-01-24T16:53:09.353] [INFO] app - 注册 Controller [presetproduct.presetproduct]
[2018-01-24T16:53:09.355] [INFO] app - 注册 Controller [public.public]
[2018-01-24T16:53:09.633] [INFO] app - 注册 Controller [server.server]
[2018-01-24T16:53:09.706] [INFO] app - 注册 Router [articleinfo]
[2018-01-24T16:53:09.708] [INFO] app - 注册 Router [describe]
[2018-01-24T16:53:09.710] [INFO] app - 注册 Router [index]
[2018-01-24T16:53:09.711] [INFO] app - 注册 Router [presetproduct]
[2018-01-24T16:53:09.712] [INFO] app - 注册 Router [public]
[2018-01-24T16:53:09.713] [INFO] app - 注册 Router [server]
[2018-01-24T16:53:09.717] [INFO] app - 启动项目成功 端口：3000
[2018-01-24T16:53:15.770] [INFO] app - 1111
