[2018-01-04T14:17:26.163] [INFO] app - 正在启动项目 模式: build
[2018-01-04T14:17:26.358] [INFO] app - 连接数据库 [mysql -h 192.168.0.101 -u root -D gdtv_cms]
[2018-01-04T14:17:26.540] [INFO] app - 连接数据库 [sqlite -h gdtvshopr1.mysql.rds.aliyuncs.com -u gdtvroot -D gdtvshop]
[2018-01-04T14:17:26.543] [INFO] app - 连接数据库 [sqlite -h gdtvcmsdb.mysql.rds.aliyuncs.com -u gdtvbalance -D gdtv_balance]
[2018-01-04T14:17:26.546] [INFO] app - 注册 Helper [moment]
[2018-01-04T14:17:26.547] [INFO] app - 注册 Helper [async]
[2018-01-04T14:17:26.554] [INFO] app - 注册 Helper [lodash]
[2018-01-04T14:17:26.558] [INFO] app - 注册 Middleware [heiner_static]
[2018-01-04T14:17:26.559] [INFO] app - 注册 Middleware [heiner_query]
[2018-01-04T14:17:26.559] [INFO] app - 注册 Middleware [heiner_body]
[2018-01-04T14:17:26.559] [INFO] app - 注册 Middleware [heiner_view]
[2018-01-04T14:17:26.589] [INFO] app - 注册 Middleware [heiner_static]
[2018-01-04T14:17:26.594] [INFO] app - 注册 Middleware [heiner_query]
[2018-01-04T14:17:26.634] [INFO] app - 注册 Middleware [heiner_body]
[2018-01-04T14:17:26.662] [INFO] app - 注册 Middleware [heiner_view]
[2018-01-04T14:17:26.665] [INFO] app - 注册 Controller [articleinfo.articleinfo]
[2018-01-04T14:17:26.670] [INFO] app - 注册 Controller [describe.describe]
[2018-01-04T14:17:26.672] [INFO] app - 注册 Controller [home]
[2018-01-04T14:17:26.673] [INFO] app - 注册 Controller [server.server]
[2018-01-04T14:17:26.729] [INFO] app - 注册 Router [articleinfo]
[2018-01-04T14:17:26.732] [INFO] app - 注册 Router [describe]
[2018-01-04T14:17:26.733] [INFO] app - 注册 Router [index]
[2018-01-04T14:17:26.734] [INFO] app - 注册 Router [server]
