[2018-01-08T09:23:25.718] [INFO] app - 正在启动项目 模式: build
[2018-01-08T09:23:25.946] [INFO] app - 连接数据库 [mysql -h 114.215.183.168 -u gdtv_cms -D gdtv_cms]
[2018-01-08T09:23:26.011] [INFO] app - 注册 Helper [moment]
[2018-01-08T09:23:26.011] [INFO] app - 注册 Helper [async]
[2018-01-08T09:23:26.021] [INFO] app - 注册 Helper [lodash]
[2018-01-08T09:23:26.024] [INFO] app - 注册 Middleware [heiner_static]
[2018-01-08T09:23:26.024] [INFO] app - 注册 Middleware [heiner_query]
[2018-01-08T09:23:26.024] [INFO] app - 注册 Middleware [heiner_body]
[2018-01-08T09:23:26.025] [INFO] app - 注册 Middleware [heiner_view]
[2018-01-08T09:23:26.065] [INFO] app - 注册 Middleware [heiner_static]
[2018-01-08T09:23:26.070] [INFO] app - 注册 Middleware [heiner_query]
[2018-01-08T09:23:26.121] [INFO] app - 注册 Middleware [heiner_body]
[2018-01-08T09:23:26.158] [INFO] app - 注册 Middleware [heiner_view]
[2018-01-08T09:23:26.161] [INFO] app - 注册 Controller [articleinfo.articleinfo]
[2018-01-08T09:23:26.163] [INFO] app - 注册 Controller [describe.describe]
[2018-01-08T09:23:26.165] [INFO] app - 注册 Controller [home]
[2018-01-08T09:23:26.168] [INFO] app - 注册 Controller [server.server]
[2018-01-08T09:23:26.233] [INFO] app - 注册 Router [articleinfo]
[2018-01-08T09:23:26.237] [INFO] app - 注册 Router [describe]
[2018-01-08T09:23:26.238] [INFO] app - 注册 Router [index]
[2018-01-08T09:23:26.239] [INFO] app - 注册 Router [server]
[2018-01-08T09:23:26.242] [INFO] app - 启动项目成功 端口：3000
[2018-01-08T09:23:38.039] [INFO] app - 正在启动项目 模式: build
[2018-01-08T09:23:38.197] [INFO] app - 连接数据库 [mysql -h 114.215.183.168 -u gdtv_cms -D gdtv_cms]
[2018-01-08T09:23:38.260] [INFO] app - 注册 Helper [moment]
[2018-01-08T09:23:38.261] [INFO] app - 注册 Helper [async]
[2018-01-08T09:23:38.268] [INFO] app - 注册 Helper [lodash]
[2018-01-08T09:23:38.272] [INFO] app - 注册 Middleware [heiner_static]
[2018-01-08T09:23:38.272] [INFO] app - 注册 Middleware [heiner_query]
[2018-01-08T09:23:38.273] [INFO] app - 注册 Middleware [heiner_body]
[2018-01-08T09:23:38.273] [INFO] app - 注册 Middleware [heiner_view]
[2018-01-08T09:23:38.309] [INFO] app - 注册 Middleware [heiner_static]
[2018-01-08T09:23:38.314] [INFO] app - 注册 Middleware [heiner_query]
[2018-01-08T09:23:38.351] [INFO] app - 注册 Middleware [heiner_body]
[2018-01-08T09:23:38.382] [INFO] app - 注册 Middleware [heiner_view]
[2018-01-08T09:23:38.385] [INFO] app - 注册 Controller [articleinfo.articleinfo]
[2018-01-08T09:23:38.389] [INFO] app - 注册 Controller [describe.describe]
[2018-01-08T09:23:38.391] [INFO] app - 注册 Controller [home]
[2018-01-08T09:23:38.392] [INFO] app - 注册 Controller [server.server]
[2018-01-08T09:23:38.445] [INFO] app - 注册 Router [articleinfo]
[2018-01-08T09:23:38.448] [INFO] app - 注册 Router [describe]
[2018-01-08T09:23:38.449] [INFO] app - 注册 Router [index]
[2018-01-08T09:23:38.451] [INFO] app - 注册 Router [server]
[2018-01-08T09:23:38.454] [INFO] app - 启动项目成功 端口：3000
