[2018-01-08T09:56:27.666] [INFO] app - 正在启动项目 模式: build
[2018-01-08T09:56:27.873] [INFO] app - 连接数据库 [mysql -h 192.168.0.101 -u root -D gdtv_cms]
[2018-01-08T09:56:27.933] [INFO] app - 注册 Helper [moment]
[2018-01-08T09:56:27.934] [INFO] app - 注册 Helper [async]
[2018-01-08T09:56:27.946] [INFO] app - 注册 Helper [lodash]
[2018-01-08T09:56:27.951] [INFO] app - 注册 Middleware [heiner_static]
[2018-01-08T09:56:27.952] [INFO] app - 注册 Middleware [heiner_query]
[2018-01-08T09:56:27.952] [INFO] app - 注册 Middleware [heiner_body]
[2018-01-08T09:56:27.952] [INFO] app - 注册 Middleware [heiner_view]
[2018-01-08T09:56:27.995] [INFO] app - 注册 Middleware [heiner_static]
[2018-01-08T09:56:28.002] [INFO] app - 注册 Middleware [heiner_query]
[2018-01-08T09:56:28.096] [INFO] app - 注册 Middleware [heiner_body]
[2018-01-08T09:56:28.150] [INFO] app - 注册 Middleware [heiner_view]
[2018-01-08T09:56:28.153] [INFO] app - 注册 Controller [articleinfo.articleinfo]
[2018-01-08T09:56:28.159] [INFO] app - 注册 Controller [describe.describe]
[2018-01-08T09:56:28.181] [INFO] app - 注册 Controller [home]
[2018-01-08T09:56:28.187] [INFO] app - 注册 Controller [server.server]
[2018-01-08T09:56:28.328] [INFO] app - 注册 Router [articleinfo]
[2018-01-08T09:56:28.332] [INFO] app - 注册 Router [describe]
[2018-01-08T09:56:28.333] [INFO] app - 注册 Router [index]
[2018-01-08T09:56:28.335] [INFO] app - 注册 Router [server]
[2018-01-08T09:56:28.337] [INFO] app - 启动项目成功 端口：3000
[2018-01-08T09:56:29.989] [INFO] app - 正在启动项目 模式: build
[2018-01-08T09:56:30.470] [INFO] app - 连接数据库 [mysql -h 192.168.0.101 -u root -D gdtv_cms]
[2018-01-08T09:56:30.885] [INFO] app - 注册 Helper [moment]
[2018-01-08T09:56:30.886] [INFO] app - 注册 Helper [async]
[2018-01-08T09:56:30.904] [INFO] app - 注册 Helper [lodash]
[2018-01-08T09:56:30.958] [INFO] app - 注册 Middleware [heiner_static]
[2018-01-08T09:56:32.152] [INFO] app - 正在启动项目 模式: build
[2018-01-08T09:56:32.343] [INFO] app - 连接数据库 [mysql -h 192.168.0.101 -u root -D gdtv_cms]
[2018-01-08T09:56:32.414] [INFO] app - 注册 Helper [moment]
[2018-01-08T09:56:32.414] [INFO] app - 注册 Helper [async]
[2018-01-08T09:56:32.421] [INFO] app - 注册 Helper [lodash]
[2018-01-08T09:56:32.425] [INFO] app - 注册 Middleware [heiner_static]
[2018-01-08T09:56:32.425] [INFO] app - 注册 Middleware [heiner_query]
[2018-01-08T09:56:32.425] [INFO] app - 注册 Middleware [heiner_body]
[2018-01-08T09:56:32.426] [INFO] app - 注册 Middleware [heiner_view]
[2018-01-08T09:56:32.458] [INFO] app - 注册 Middleware [heiner_static]
[2018-01-08T09:56:32.464] [INFO] app - 注册 Middleware [heiner_query]
[2018-01-08T09:56:32.510] [INFO] app - 注册 Middleware [heiner_body]
[2018-01-08T09:56:32.549] [INFO] app - 注册 Middleware [heiner_view]
[2018-01-08T09:56:32.552] [INFO] app - 注册 Controller [articleinfo.articleinfo]
[2018-01-08T09:56:32.555] [INFO] app - 注册 Controller [describe.describe]
[2018-01-08T09:56:32.557] [INFO] app - 注册 Controller [home]
[2018-01-08T09:56:32.560] [INFO] app - 注册 Controller [server.server]
[2018-01-08T09:56:32.630] [INFO] app - 注册 Router [articleinfo]
[2018-01-08T09:56:32.632] [INFO] app - 注册 Router [describe]
[2018-01-08T09:56:32.634] [INFO] app - 注册 Router [index]
[2018-01-08T09:56:32.636] [INFO] app - 注册 Router [server]
[2018-01-08T09:56:32.639] [INFO] app - 启动项目成功 端口：3000
