[2018-01-08T09:53:06.088] [INFO] app - 正在启动项目 模式: build
[2018-01-08T09:53:06.278] [INFO] app - 连接数据库 [mysql -h 127.0.0.1 -u root -D gdtv_cms]
[2018-01-08T09:53:06.341] [INFO] app - 注册 Helper [moment]
[2018-01-08T09:53:06.342] [INFO] app - 注册 Helper [async]
[2018-01-08T09:53:06.348] [INFO] app - 注册 Helper [lodash]
[2018-01-08T09:53:06.351] [INFO] app - 注册 Middleware [heiner_static]
[2018-01-08T09:53:06.352] [INFO] app - 注册 Middleware [heiner_query]
[2018-01-08T09:53:06.352] [INFO] app - 注册 Middleware [heiner_body]
[2018-01-08T09:53:06.352] [INFO] app - 注册 Middleware [heiner_view]
[2018-01-08T09:53:06.382] [INFO] app - 注册 Middleware [heiner_static]
[2018-01-08T09:53:06.386] [INFO] app - 注册 Middleware [heiner_query]
[2018-01-08T09:53:06.425] [INFO] app - 注册 Middleware [heiner_body]
[2018-01-08T09:53:06.455] [INFO] app - 注册 Middleware [heiner_view]
[2018-01-08T09:53:06.459] [INFO] app - 注册 Controller [articleinfo.articleinfo]
[2018-01-08T09:53:06.462] [INFO] app - 注册 Controller [describe.describe]
[2018-01-08T09:53:06.463] [INFO] app - 注册 Controller [home]
[2018-01-08T09:53:06.465] [INFO] app - 注册 Controller [server.server]
[2018-01-08T09:53:06.518] [INFO] app - 注册 Router [articleinfo]
[2018-01-08T09:53:06.521] [INFO] app - 注册 Router [describe]
[2018-01-08T09:53:06.522] [INFO] app - 注册 Router [index]
[2018-01-08T09:53:06.523] [INFO] app - 注册 Router [server]
[2018-01-08T09:53:06.526] [INFO] app - 启动项目成功 端口：3000
[2018-01-08T09:53:15.573] [INFO] app - 正在启动项目 模式: build
[2018-01-08T09:53:15.738] [INFO] app - 连接数据库 [mysql -h 192.168.0.101 -u root -D gdtv_cms]
[2018-01-08T09:53:15.808] [INFO] app - 注册 Helper [moment]
[2018-01-08T09:53:15.808] [INFO] app - 注册 Helper [async]
[2018-01-08T09:53:15.819] [INFO] app - 注册 Helper [lodash]
[2018-01-08T09:53:15.824] [INFO] app - 注册 Middleware [heiner_static]
[2018-01-08T09:53:15.825] [INFO] app - 注册 Middleware [heiner_query]
[2018-01-08T09:53:15.825] [INFO] app - 注册 Middleware [heiner_body]
[2018-01-08T09:53:15.825] [INFO] app - 注册 Middleware [heiner_view]
[2018-01-08T09:53:15.862] [INFO] app - 注册 Middleware [heiner_static]
[2018-01-08T09:53:15.867] [INFO] app - 注册 Middleware [heiner_query]
[2018-01-08T09:53:15.908] [INFO] app - 注册 Middleware [heiner_body]
[2018-01-08T09:53:15.940] [INFO] app - 注册 Middleware [heiner_view]
[2018-01-08T09:53:15.943] [INFO] app - 注册 Controller [articleinfo.articleinfo]
[2018-01-08T09:53:15.947] [INFO] app - 注册 Controller [describe.describe]
[2018-01-08T09:53:15.950] [INFO] app - 注册 Controller [home]
[2018-01-08T09:53:15.952] [INFO] app - 注册 Controller [server.server]
[2018-01-08T09:53:16.016] [INFO] app - 注册 Router [articleinfo]
[2018-01-08T09:53:16.018] [INFO] app - 注册 Router [describe]
[2018-01-08T09:53:16.020] [INFO] app - 注册 Router [index]
[2018-01-08T09:53:16.021] [INFO] app - 注册 Router [server]
[2018-01-08T09:53:16.023] [INFO] app - 启动项目成功 端口：3000
