[2018-01-08T09:55:42.992] [INFO] app - 正在启动项目 模式: build
[2018-01-08T09:55:43.269] [INFO] app - 连接数据库 [mysql -h 192.168.0.101 -u root -D gdtv_cms]
[2018-01-08T09:55:43.381] [INFO] app - 注册 Helper [moment]
[2018-01-08T09:55:43.382] [INFO] app - 注册 Helper [async]
[2018-01-08T09:55:43.401] [INFO] app - 注册 Helper [lodash]
[2018-01-08T09:55:43.409] [INFO] app - 注册 Middleware [heiner_static]
[2018-01-08T09:55:43.410] [INFO] app - 注册 Middleware [heiner_query]
[2018-01-08T09:55:43.410] [INFO] app - 注册 Middleware [heiner_body]
[2018-01-08T09:55:43.411] [INFO] app - 注册 Middleware [heiner_view]
[2018-01-08T09:55:43.473] [INFO] app - 注册 Middleware [heiner_static]
[2018-01-08T09:55:43.480] [INFO] app - 注册 Middleware [heiner_query]
[2018-01-08T09:55:43.566] [INFO] app - 注册 Middleware [heiner_body]
[2018-01-08T09:55:43.626] [INFO] app - 注册 Middleware [heiner_view]
[2018-01-08T09:55:43.631] [INFO] app - 注册 Controller [articleinfo.articleinfo]
[2018-01-08T09:55:43.638] [INFO] app - 注册 Controller [describe.describe]
[2018-01-08T09:55:43.643] [INFO] app - 注册 Controller [home]
[2018-01-08T09:55:43.645] [INFO] app - 注册 Controller [server.server]
[2018-01-08T09:55:43.729] [INFO] app - 注册 Router [articleinfo]
[2018-01-08T09:55:43.733] [INFO] app - 注册 Router [describe]
[2018-01-08T09:55:43.735] [INFO] app - 注册 Router [index]
[2018-01-08T09:55:43.737] [INFO] app - 注册 Router [server]
[2018-01-08T09:55:43.740] [INFO] app - 启动项目成功 端口：3000
[2018-01-08T09:55:46.169] [INFO] app - 正在启动项目 模式: build
[2018-01-08T09:55:46.386] [INFO] app - 连接数据库 [mysql -h 192.168.0.101 -u root -D gdtv_cms]
[2018-01-08T09:55:46.466] [INFO] app - 注册 Helper [moment]
[2018-01-08T09:55:46.467] [INFO] app - 注册 Helper [async]
[2018-01-08T09:55:46.477] [INFO] app - 注册 Helper [lodash]
[2018-01-08T09:55:46.481] [INFO] app - 注册 Middleware [heiner_static]
[2018-01-08T09:55:46.481] [INFO] app - 注册 Middleware [heiner_query]
[2018-01-08T09:55:46.483] [INFO] app - 注册 Middleware [heiner_body]
[2018-01-08T09:55:46.483] [INFO] app - 注册 Middleware [heiner_view]
[2018-01-08T09:55:46.531] [INFO] app - 注册 Middleware [heiner_static]
[2018-01-08T09:55:46.537] [INFO] app - 注册 Middleware [heiner_query]
[2018-01-08T09:55:46.585] [INFO] app - 注册 Middleware [heiner_body]
[2018-01-08T09:55:46.629] [INFO] app - 注册 Middleware [heiner_view]
[2018-01-08T09:55:46.632] [INFO] app - 注册 Controller [articleinfo.articleinfo]
[2018-01-08T09:55:46.635] [INFO] app - 注册 Controller [describe.describe]
[2018-01-08T09:55:46.638] [INFO] app - 注册 Controller [home]
[2018-01-08T09:55:46.640] [INFO] app - 注册 Controller [server.server]
[2018-01-08T09:55:46.715] [INFO] app - 注册 Router [articleinfo]
[2018-01-08T09:55:46.720] [INFO] app - 注册 Router [describe]
[2018-01-08T09:55:46.722] [INFO] app - 注册 Router [index]
[2018-01-08T09:55:46.724] [INFO] app - 注册 Router [server]
[2018-01-08T09:55:46.727] [INFO] app - 启动项目成功 端口：3000
