[2018-01-08T09:50:50.644] [INFO] app - 正在启动项目 模式: build
[2018-01-08T09:50:50.822] [INFO] app - 连接数据库 [mysql -h 114.215.183.168 -u gdtv_cms -D gdtv_cms]
[2018-01-08T09:50:50.882] [INFO] app - 注册 Helper [moment]
[2018-01-08T09:50:50.883] [INFO] app - 注册 Helper [async]
[2018-01-08T09:50:50.891] [INFO] app - 注册 Helper [lodash]
[2018-01-08T09:50:50.894] [INFO] app - 注册 Middleware [heiner_static]
[2018-01-08T09:50:50.894] [INFO] app - 注册 Middleware [heiner_query]
[2018-01-08T09:50:50.895] [INFO] app - 注册 Middleware [heiner_body]
[2018-01-08T09:50:50.895] [INFO] app - 注册 Middleware [heiner_view]
[2018-01-08T09:50:50.925] [INFO] app - 注册 Middleware [heiner_static]
[2018-01-08T09:50:50.929] [INFO] app - 注册 Middleware [heiner_query]
[2018-01-08T09:50:50.966] [INFO] app - 注册 Middleware [heiner_body]
[2018-01-08T09:50:50.994] [INFO] app - 注册 Middleware [heiner_view]
[2018-01-08T09:50:51.001] [INFO] app - 注册 Controller [articleinfo.articleinfo]
[2018-01-08T09:50:51.004] [INFO] app - 注册 Controller [describe.describe]
[2018-01-08T09:50:51.006] [INFO] app - 注册 Controller [home]
[2018-01-08T09:50:51.007] [INFO] app - 注册 Controller [server.server]
[2018-01-08T09:50:51.064] [INFO] app - 注册 Router [articleinfo]
[2018-01-08T09:50:51.067] [INFO] app - 注册 Router [describe]
[2018-01-08T09:50:51.068] [INFO] app - 注册 Router [index]
[2018-01-08T09:50:51.070] [INFO] app - 注册 Router [server]
[2018-01-08T09:50:51.072] [INFO] app - 启动项目成功 端口：3000
[2018-01-08T09:50:58.065] [INFO] app - 正在启动项目 模式: build
[2018-01-08T09:50:58.225] [INFO] app - 连接数据库 [mysql -h 114.215.183.168 -u gdtv_cms -D gdtv_cms]
[2018-01-08T09:50:58.288] [INFO] app - 注册 Helper [moment]
[2018-01-08T09:50:58.288] [INFO] app - 注册 Helper [async]
[2018-01-08T09:50:58.296] [INFO] app - 注册 Helper [lodash]
[2018-01-08T09:50:58.300] [INFO] app - 注册 Middleware [heiner_static]
[2018-01-08T09:50:58.300] [INFO] app - 注册 Middleware [heiner_query]
[2018-01-08T09:50:58.300] [INFO] app - 注册 Middleware [heiner_body]
[2018-01-08T09:50:58.301] [INFO] app - 注册 Middleware [heiner_view]
[2018-01-08T09:50:58.346] [INFO] app - 注册 Middleware [heiner_static]
[2018-01-08T09:50:58.362] [INFO] app - 注册 Middleware [heiner_query]
[2018-01-08T09:50:58.452] [INFO] app - 注册 Middleware [heiner_body]
[2018-01-08T09:50:58.512] [INFO] app - 注册 Middleware [heiner_view]
[2018-01-08T09:50:58.518] [INFO] app - 注册 Controller [articleinfo.articleinfo]
[2018-01-08T09:50:58.532] [INFO] app - 注册 Controller [describe.describe]
[2018-01-08T09:50:58.535] [INFO] app - 注册 Controller [home]
[2018-01-08T09:50:58.541] [INFO] app - 注册 Controller [server.server]
[2018-01-08T09:50:58.650] [INFO] app - 注册 Router [articleinfo]
[2018-01-08T09:50:58.654] [INFO] app - 注册 Router [describe]
[2018-01-08T09:50:58.656] [INFO] app - 注册 Router [index]
[2018-01-08T09:50:58.660] [INFO] app - 注册 Router [server]
[2018-01-08T09:50:58.664] [INFO] app - 启动项目成功 端口：3000
