[2018-01-08T13:40:01.127] [INFO] app - 正在启动项目 模式: build
[2018-01-08T13:40:01.136] [INFO] app - 注册 Helper [moment]
[2018-01-08T13:40:01.137] [INFO] app - 注册 Helper [async]
[2018-01-08T13:40:01.147] [INFO] app - 注册 Helper [lodash]
[2018-01-08T13:40:01.153] [INFO] app - 注册 Middleware [heiner_static]
[2018-01-08T13:40:01.154] [INFO] app - 注册 Middleware [heiner_query]
[2018-01-08T13:40:01.154] [INFO] app - 注册 Middleware [heiner_body]
[2018-01-08T13:40:01.154] [INFO] app - 注册 Middleware [heiner_view]
[2018-01-08T13:40:01.195] [INFO] app - 注册 Middleware [heiner_static]
[2018-01-08T13:40:01.201] [INFO] app - 注册 Middleware [heiner_query]
[2018-01-08T13:40:01.250] [INFO] app - 注册 Middleware [heiner_body]
[2018-01-08T13:40:01.288] [INFO] app - 注册 Middleware [heiner_view]
[2018-01-08T13:40:01.293] [INFO] app - 注册 Controller [articleinfo.articleinfo]
[2018-01-08T13:40:01.296] [FATAL] app - 注册 Controller [articleinfo] 错误 -> {"name":"TypeError","message":"Cannot read property 'models' of undefined","stack":"TypeError: Cannot read property 'models' of undefined\n    at module.exports.app (D:\\公司项目-新\\20170929001_gdtv_balance1\\balanceServer\\app\\controller\\articleinfo\\articleinfo.js:5:44)\n    at getController (D:\\公司项目-新\\20170929001_gdtv_balance1\\balanceServer\\heiner\\getController.js:37:34)\n    at <anonymous>"}
[2018-01-08T13:40:02.443] [INFO] app - 正在启动项目 模式: build
[2018-01-08T13:40:02.450] [INFO] app - 注册 Helper [moment]
[2018-01-08T13:40:02.451] [INFO] app - 注册 Helper [async]
[2018-01-08T13:40:02.457] [INFO] app - 注册 Helper [lodash]
[2018-01-08T13:40:02.461] [INFO] app - 注册 Middleware [heiner_static]
[2018-01-08T13:40:02.461] [INFO] app - 注册 Middleware [heiner_query]
[2018-01-08T13:40:02.462] [INFO] app - 注册 Middleware [heiner_body]
[2018-01-08T13:40:02.462] [INFO] app - 注册 Middleware [heiner_view]
[2018-01-08T13:40:02.500] [INFO] app - 注册 Middleware [heiner_static]
[2018-01-08T13:40:02.504] [INFO] app - 注册 Middleware [heiner_query]
[2018-01-08T13:40:02.541] [INFO] app - 注册 Middleware [heiner_body]
[2018-01-08T13:40:02.569] [INFO] app - 注册 Middleware [heiner_view]
[2018-01-08T13:40:02.573] [INFO] app - 注册 Controller [articleinfo.articleinfo]
[2018-01-08T13:40:02.575] [FATAL] app - 注册 Controller [articleinfo] 错误 -> {"name":"TypeError","message":"Cannot read property 'models' of undefined","stack":"TypeError: Cannot read property 'models' of undefined\n    at module.exports.app (D:\\公司项目-新\\20170929001_gdtv_balance1\\balanceServer\\app\\controller\\articleinfo\\articleinfo.js:5:44)\n    at getController (D:\\公司项目-新\\20170929001_gdtv_balance1\\balanceServer\\heiner\\getController.js:37:34)\n    at <anonymous>"}
[2018-01-08T13:40:03.557] [INFO] app - 正在启动项目 模式: build
[2018-01-08T13:40:03.563] [INFO] app - 注册 Helper [moment]
[2018-01-08T13:40:03.564] [INFO] app - 注册 Helper [async]
[2018-01-08T13:40:03.570] [INFO] app - 注册 Helper [lodash]
[2018-01-08T13:40:03.575] [INFO] app - 注册 Middleware [heiner_static]
[2018-01-08T13:40:03.575] [INFO] app - 注册 Middleware [heiner_query]
[2018-01-08T13:40:03.575] [INFO] app - 注册 Middleware [heiner_body]
[2018-01-08T13:40:03.575] [INFO] app - 注册 Middleware [heiner_view]
[2018-01-08T13:40:03.609] [INFO] app - 注册 Middleware [heiner_static]
[2018-01-08T13:40:03.613] [INFO] app - 注册 Middleware [heiner_query]
[2018-01-08T13:40:03.653] [INFO] app - 注册 Middleware [heiner_body]
[2018-01-08T13:40:03.748] [INFO] app - 注册 Middleware [heiner_view]
[2018-01-08T13:40:03.756] [INFO] app - 注册 Controller [articleinfo.articleinfo]
[2018-01-08T13:40:03.760] [FATAL] app - 注册 Controller [articleinfo] 错误 -> {"name":"TypeError","message":"Cannot read property 'models' of undefined","stack":"TypeError: Cannot read property 'models' of undefined\n    at module.exports.app (D:\\公司项目-新\\20170929001_gdtv_balance1\\balanceServer\\app\\controller\\articleinfo\\articleinfo.js:5:44)\n    at getController (D:\\公司项目-新\\20170929001_gdtv_balance1\\balanceServer\\heiner\\getController.js:37:34)\n    at <anonymous>"}
[2018-01-08T13:40:06.680] [INFO] app - 正在启动项目 模式: build
[2018-01-08T13:40:06.909] [INFO] app - 连接数据库 [mysql -h 114.215.183.168 -u gdtv_cms -D gdtv_cms]
[2018-01-08T13:40:06.988] [INFO] app - 注册 Helper [moment]
[2018-01-08T13:40:06.989] [INFO] app - 注册 Helper [async]
[2018-01-08T13:40:07.002] [INFO] app - 注册 Helper [lodash]
[2018-01-08T13:40:07.006] [INFO] app - 注册 Middleware [heiner_static]
[2018-01-08T13:40:07.006] [INFO] app - 注册 Middleware [heiner_query]
[2018-01-08T13:40:07.006] [INFO] app - 注册 Middleware [heiner_body]
[2018-01-08T13:40:07.006] [INFO] app - 注册 Middleware [heiner_view]
[2018-01-08T13:40:07.047] [INFO] app - 注册 Middleware [heiner_static]
[2018-01-08T13:40:07.052] [INFO] app - 注册 Middleware [heiner_query]
[2018-01-08T13:40:07.112] [INFO] app - 注册 Middleware [heiner_body]
[2018-01-08T13:40:07.154] [INFO] app - 注册 Middleware [heiner_view]
[2018-01-08T13:40:07.157] [INFO] app - 注册 Controller [articleinfo.articleinfo]
[2018-01-08T13:40:07.162] [INFO] app - 注册 Controller [describe.describe]
[2018-01-08T13:40:07.164] [INFO] app - 注册 Controller [home]
[2018-01-08T13:40:07.166] [INFO] app - 注册 Controller [server.server]
[2018-01-08T13:40:07.236] [INFO] app - 注册 Router [articleinfo]
[2018-01-08T13:40:07.240] [INFO] app - 注册 Router [describe]
[2018-01-08T13:40:07.241] [INFO] app - 注册 Router [index]
[2018-01-08T13:40:07.243] [INFO] app - 注册 Router [server]
[2018-01-08T13:40:07.247] [INFO] app - 启动项目成功 端口：3000
