[2018-01-08T15:11:08.064] [INFO] app - 正在启动项目 模式: build
[2018-01-08T15:11:08.073] [INFO] app - 注册 Helper [moment]
[2018-01-08T15:11:08.073] [INFO] app - 注册 Helper [async]
[2018-01-08T15:11:08.081] [INFO] app - 注册 Helper [lodash]
[2018-01-08T15:11:08.085] [INFO] app - 注册 Middleware [heiner_static]
[2018-01-08T15:11:08.085] [INFO] app - 注册 Middleware [heiner_query]
[2018-01-08T15:11:08.086] [INFO] app - 注册 Middleware [heiner_body]
[2018-01-08T15:11:08.086] [INFO] app - 注册 Middleware [heiner_view]
[2018-01-08T15:11:08.120] [INFO] app - 注册 Middleware [heiner_static]
[2018-01-08T15:11:08.126] [INFO] app - 注册 Middleware [heiner_query]
[2018-01-08T15:11:08.166] [INFO] app - 注册 Middleware [heiner_body]
[2018-01-08T15:11:08.202] [INFO] app - 注册 Middleware [heiner_view]
[2018-01-08T15:11:08.206] [INFO] app - 注册 Controller [articleinfo.articleinfo]
[2018-01-08T15:11:08.209] [FATAL] app - 注册 Controller [articleinfo] 错误 -> {"name":"TypeError","message":"Cannot read property 'models' of undefined","stack":"TypeError: Cannot read property 'models' of undefined\n    at module.exports.app (D:\\公司项目-新\\20170929001_gdtv_balance1\\balanceServer\\app\\controller\\articleinfo\\articleinfo.js:5:44)\n    at getController (D:\\公司项目-新\\20170929001_gdtv_balance1\\balanceServer\\heiner\\getController.js:37:34)\n    at <anonymous>"}
[2018-01-08T15:11:09.133] [INFO] app - 正在启动项目 模式: build
[2018-01-08T15:11:09.142] [INFO] app - 注册 Helper [moment]
[2018-01-08T15:11:09.143] [INFO] app - 注册 Helper [async]
[2018-01-08T15:11:09.152] [INFO] app - 注册 Helper [lodash]
[2018-01-08T15:11:09.158] [INFO] app - 注册 Middleware [heiner_static]
[2018-01-08T15:11:09.158] [INFO] app - 注册 Middleware [heiner_query]
[2018-01-08T15:11:09.159] [INFO] app - 注册 Middleware [heiner_body]
[2018-01-08T15:11:09.159] [INFO] app - 注册 Middleware [heiner_view]
[2018-01-08T15:11:09.198] [INFO] app - 注册 Middleware [heiner_static]
[2018-01-08T15:11:09.208] [INFO] app - 注册 Middleware [heiner_query]
[2018-01-08T15:11:09.281] [INFO] app - 注册 Middleware [heiner_body]
[2018-01-08T15:11:09.337] [INFO] app - 注册 Middleware [heiner_view]
[2018-01-08T15:11:09.343] [INFO] app - 注册 Controller [articleinfo.articleinfo]
[2018-01-08T15:11:09.350] [FATAL] app - 注册 Controller [articleinfo] 错误 -> {"name":"TypeError","message":"Cannot read property 'models' of undefined","stack":"TypeError: Cannot read property 'models' of undefined\n    at module.exports.app (D:\\公司项目-新\\20170929001_gdtv_balance1\\balanceServer\\app\\controller\\articleinfo\\articleinfo.js:5:44)\n    at getController (D:\\公司项目-新\\20170929001_gdtv_balance1\\balanceServer\\heiner\\getController.js:37:34)\n    at <anonymous>"}
[2018-01-08T15:11:11.692] [INFO] app - 正在启动项目 模式: build
[2018-01-08T15:11:11.943] [INFO] app - 连接数据库 [mysql -h 192.168.0.101 -u root -D gdtv_cms]
[2018-01-08T15:11:12.034] [INFO] app - 注册 Helper [moment]
[2018-01-08T15:11:12.035] [INFO] app - 注册 Helper [async]
[2018-01-08T15:11:12.045] [INFO] app - 注册 Helper [lodash]
[2018-01-08T15:11:12.050] [INFO] app - 注册 Middleware [heiner_static]
[2018-01-08T15:11:12.051] [INFO] app - 注册 Middleware [heiner_query]
[2018-01-08T15:11:12.051] [INFO] app - 注册 Middleware [heiner_body]
[2018-01-08T15:11:12.052] [INFO] app - 注册 Middleware [heiner_view]
[2018-01-08T15:11:12.105] [INFO] app - 注册 Middleware [heiner_static]
[2018-01-08T15:11:12.112] [INFO] app - 注册 Middleware [heiner_query]
[2018-01-08T15:11:12.177] [INFO] app - 注册 Middleware [heiner_body]
[2018-01-08T15:11:12.226] [INFO] app - 注册 Middleware [heiner_view]
[2018-01-08T15:11:12.229] [INFO] app - 注册 Controller [articleinfo.articleinfo]
[2018-01-08T15:11:12.233] [INFO] app - 注册 Controller [describe.describe]
[2018-01-08T15:11:12.236] [INFO] app - 注册 Controller [home]
[2018-01-08T15:11:12.238] [INFO] app - 注册 Controller [server.server]
[2018-01-08T15:11:12.340] [INFO] app - 注册 Router [articleinfo]
[2018-01-08T15:11:12.344] [INFO] app - 注册 Router [describe]
[2018-01-08T15:11:12.346] [INFO] app - 注册 Router [index]
[2018-01-08T15:11:12.348] [INFO] app - 注册 Router [server]
[2018-01-08T15:11:12.352] [INFO] app - 启动项目成功 端口：3000
