[2018-01-08T16:17:02.377] [INFO] app - 正在启动项目 模式: build
[2018-01-08T16:17:03.960] [INFO] app - 正在启动项目 模式: build
[2018-01-08T16:17:04.166] [INFO] app - 连接数据库 [mysql -h 114.215.183.168 -u gdtv_cms -D gdtv_cms]
[2018-01-08T16:17:04.239] [INFO] app - 注册 Helper [moment]
[2018-01-08T16:17:04.240] [INFO] app - 注册 Helper [async]
[2018-01-08T16:17:04.249] [INFO] app - 注册 Helper [lodash]
[2018-01-08T16:17:04.252] [INFO] app - 注册 Middleware [heiner_static]
[2018-01-08T16:17:04.252] [INFO] app - 注册 Middleware [heiner_query]
[2018-01-08T16:17:04.253] [INFO] app - 注册 Middleware [heiner_body]
[2018-01-08T16:17:04.253] [INFO] app - 注册 Middleware [heiner_view]
[2018-01-08T16:17:04.290] [INFO] app - 注册 Middleware [heiner_static]
[2018-01-08T16:17:04.296] [INFO] app - 注册 Middleware [heiner_query]
[2018-01-08T16:17:04.342] [INFO] app - 注册 Middleware [heiner_body]
[2018-01-08T16:17:04.380] [INFO] app - 注册 Middleware [heiner_view]
[2018-01-08T16:17:04.383] [INFO] app - 注册 Controller [articleinfo.articleinfo]
[2018-01-08T16:17:04.385] [INFO] app - 注册 Controller [describe.describe]
[2018-01-08T16:17:04.388] [INFO] app - 注册 Controller [home]
[2018-01-08T16:17:04.390] [INFO] app - 注册 Controller [server.server]
[2018-01-08T16:17:04.447] [INFO] app - 注册 Router [articleinfo]
[2018-01-08T16:17:04.451] [INFO] app - 注册 Router [describe]
[2018-01-08T16:17:04.453] [INFO] app - 注册 Router [index]
[2018-01-08T16:17:04.454] [INFO] app - 注册 Router [server]
[2018-01-08T16:17:04.457] [INFO] app - 启动项目成功 端口：3000
[2018-01-08T16:17:54.962] [INFO] app - 正在启动项目 模式: build
[2018-01-08T16:17:55.155] [INFO] app - 连接数据库 [mysql -h 114.215.183.168 -u gdtv_cms -D gdtv_cms]
[2018-01-08T16:17:55.250] [INFO] app - 注册 Helper [moment]
[2018-01-08T16:17:55.250] [INFO] app - 注册 Helper [async]
[2018-01-08T16:17:55.259] [INFO] app - 注册 Helper [lodash]
[2018-01-08T16:17:55.265] [INFO] app - 注册 Middleware [heiner_static]
[2018-01-08T16:17:55.266] [INFO] app - 注册 Middleware [heiner_query]
[2018-01-08T16:17:55.266] [INFO] app - 注册 Middleware [heiner_body]
[2018-01-08T16:17:55.266] [INFO] app - 注册 Middleware [heiner_view]
[2018-01-08T16:17:55.318] [INFO] app - 注册 Middleware [heiner_static]
[2018-01-08T16:17:55.322] [INFO] app - 注册 Middleware [heiner_query]
[2018-01-08T16:17:55.371] [INFO] app - 注册 Middleware [heiner_body]
[2018-01-08T16:17:55.402] [INFO] app - 注册 Middleware [heiner_view]
[2018-01-08T16:17:55.405] [INFO] app - 注册 Controller [articleinfo.articleinfo]
[2018-01-08T16:17:55.407] [INFO] app - 注册 Controller [describe.describe]
[2018-01-08T16:17:55.409] [INFO] app - 注册 Controller [home]
[2018-01-08T16:17:55.410] [INFO] app - 注册 Controller [server.server]
[2018-01-08T16:17:55.467] [INFO] app - 注册 Router [articleinfo]
[2018-01-08T16:17:55.470] [INFO] app - 注册 Router [describe]
[2018-01-08T16:17:55.472] [INFO] app - 注册 Router [index]
[2018-01-08T16:17:55.473] [INFO] app - 注册 Router [server]
[2018-01-08T16:17:55.476] [INFO] app - 启动项目成功 端口：3000
