[2018-04-16T10:52:06.463] [TRACE] request - 81hrncfp ::1 GET / 302 1ms
[2018-04-16T10:52:06.469] [TRACE] request - ul9k12fu ::1 GET /admin 200 2ms
[2018-04-16T10:52:06.728] [TRACE] request - 43ug6h8a ::1 GET /admin/static/js/manifest.2ef2e9b0ae086587d658.js 200 3ms
[2018-04-16T10:52:06.729] [TRACE] request - kyna3dvu ::1 GET /admin/static/js/vendor.84a035231c0f7b52d17f.js 200 3ms
[2018-04-16T10:52:06.733] [TRACE] request - mlqy06gx ::1 GET /admin/static/css/app.db8b41d0dbec02adde6f3060ee88086c.css 200 5ms
[2018-04-16T10:52:06.734] [TRACE] request - 7y5r7ldy ::1 GET /admin/static/js/app.cdc48d0e1153d4d7cb1a.js 200 5ms
[2018-04-16T10:52:07.176] [TRACE] request - 2nwu35ea ::1 GET /server/getCookie 200 9ms
[2018-04-16T10:52:07.305] [TRACE] request - 72i9w0fg ::1 GET /admin/static/js/4.7a9e02037edca69329fe.js 200 2ms
[2018-04-16T10:52:07.319] [TRACE] request - ufqt7m1u ::1 GET /favicon.ico 404 2ms
[2018-04-16T10:52:07.494] [TRACE] request - ie3kmb7h ::1 GET /server/GetSpecialSubjectPagination?offset=0&limit=10&title=&Status=2 200 18ms
[2018-04-16T10:52:07.495] [TRACE] request - iivt8eol ::1 GET /favicon.ico 404 2ms
[2018-04-16T10:52:08.800] [TRACE] request - 4tmkhdhy ::1 GET /server/getCookie 200 9ms
[2018-04-16T10:52:08.805] [TRACE] request - 3y7mxhg5 ::1 GET /admin/static/js/6.bec5e4e18142841b4138.js 200 1ms
[2018-04-16T10:52:08.938] [TRACE] request - sap6je3j ::1 GET /presetproduct/GetpresetProduct?offset=0&limit=10&title=&status=2&kind= 200 25ms
[2018-04-16T10:52:08.994] [TRACE] request - xcra9mk6 ::1 GET /presetproduct/GetpresetProduct?offset=0&limit=10&title=&status=2&kind= 200 11ms
[2018-04-16T10:52:09.122] [TRACE] request - gk90qj4g ::1 GET /server/getCookie 200 11ms
[2018-04-16T10:52:09.128] [TRACE] request - 5ccqh2dj ::1 GET /admin/static/js/9.639b6268491935c5e8e7.js 200 1ms
[2018-04-16T10:52:09.200] [TRACE] request - yty9nkmo ::1 GET /shophome/advertPosition?offset=0&limit=10&title=&status=2 200 10ms
[2018-04-16T10:52:12.704] [TRACE] request - j0dqre06 ::1 GET /server/getCookie 200 8ms
[2018-04-16T10:52:12.721] [TRACE] request - q692g354 ::1 GET /admin/static/js/2.3b7c61a4358f42efc757.js 200 1ms
[2018-04-16T10:52:12.848] [TRACE] request - 3i28u6yh ::1 GET /shophome/getKind?advertCode=HOME_BANNER 200 12ms
[2018-04-16T10:52:12.854] [TRACE] request - tyyis8fy ::1 GET /shophome/GetCmsProductRef?Code=HOME_BANNER&offset=0&limit=10&title=&status=2 200 12ms
[2018-04-16T10:52:48.302] [TRACE] request - hq25jgol ::1 GET /admin 200 2ms
[2018-04-16T10:52:48.737] [TRACE] request - pt0u50lq ::1 GET /server/getCookie 200 47ms
[2018-04-16T10:52:48.893] [TRACE] request - raolcip3 ::1 GET /shophome/getKind?advertCode=HOME_BANNER 200 17ms
[2018-04-16T10:52:48.904] [TRACE] request - 5vwx5b9k ::1 GET /shophome/GetCmsProductRef?Code=HOME_BANNER&offset=0&limit=10&title=&status=2 200 24ms
