[2018-03-02T17:38:40.486] [TRACE] request - 09u85ai9 ::1 GET /admin 200 11ms
[2018-03-02T17:38:41.384] [TRACE] request - 1kfx4uns ::1 GET /server/getCookie 200 469ms
[2018-03-02T17:38:41.640] [TRACE] request - gqkw3ybx ::1 GET /describe/ProDec?offset=0&limit=10&title=&status=2 200 109ms
[2018-03-02T17:38:41.728] [TRACE] request - nc7ys053 ::1 POST /describe/getPosition 200 46ms
[2018-03-02T17:38:42.992] [TRACE] request - xt32e3qb ::1 GET /server/getCookie 200 44ms
[2018-03-02T17:38:43.116] [TRACE] request - 9vreo3gv ::1 GET /articleinfo/GetSArticleInfo?offset=0&limit=10&title=&status=2 200 56ms
[2018-03-02T17:38:44.692] [TRACE] request - l8pcp46e ::1 GET /server/getCookie 200 40ms
[2018-03-02T17:38:44.796] [TRACE] request - g8l8096v ::1 GET /describe/ProDec?offset=0&limit=10&title=&status=2 200 47ms
[2018-03-02T17:38:44.855] [TRACE] request - 3431heyx ::1 POST /describe/getPosition 200 43ms
[2018-03-02T17:38:45.990] [TRACE] request - 1mek9ink ::1 GET /describe/ProDec?offset=10&limit=10&title=&status=2 200 46ms
[2018-03-02T17:38:46.037] [TRACE] request - d2xl81v3 ::1 POST /describe/getPosition 200 42ms
[2018-03-02T17:38:46.921] [TRACE] request - iblxaagb ::1 GET /describe/ProDec?offset=20&limit=10&title=&status=2 200 51ms
[2018-03-02T17:38:46.978] [TRACE] request - ffxnenoj ::1 POST /describe/getPosition 200 47ms
[2018-03-02T17:38:48.475] [TRACE] request - lmoxt7qn ::1 GET /describe/ProDec?offset=0&limit=10&title=&status=2 200 54ms
[2018-03-02T17:38:48.533] [TRACE] request - 7o5nmpcb ::1 POST /describe/getPosition 200 46ms
[2018-03-02T17:38:50.425] [TRACE] request - rkd24hoe ::1 GET /server/getCookie 200 55ms
[2018-03-02T17:38:50.762] [TRACE] request - qs0vhux3 ::1 GET /server/GetSpecialSubjectPagination?offset=0&limit=10&title=&Status=2 200 274ms
[2018-03-02T17:38:53.889] [TRACE] request - r6ukrans ::1 GET /server/getCookie 200 54ms
[2018-03-02T17:38:54.035] [TRACE] request - 9ieg3qkc ::1 GET /describe/ProDec?offset=0&limit=10&title=&status=2 200 86ms
[2018-03-02T17:38:54.090] [TRACE] request - fr9xffiq ::1 POST /describe/getPosition 200 42ms
[2018-03-02T17:38:54.538] [TRACE] request - s3e8ma7u ::1 GET /server/getCookie 200 41ms
[2018-03-02T17:38:54.642] [TRACE] request - a3glmm8b ::1 GET /articleinfo/GetSArticleInfo?offset=0&limit=10&title=&status=2 200 47ms
[2018-03-02T17:38:55.047] [TRACE] request - 85msb8vq ::1 GET /server/getCookie 200 43ms
[2018-03-02T17:38:55.052] [TRACE] request - 10kmeymf ::1 GET /admin/static/js/5.ca105b6516479140d467.js 200 2ms
[2018-03-02T17:38:55.168] [TRACE] request - 191cnoqj ::1 GET /presetproduct/GetpresetProduct?offset=0&limit=10&title=&status=2&kind= 200 50ms
[2018-03-02T17:38:55.246] [TRACE] request - gl3hyg1m ::1 GET /presetproduct/GetpresetProduct?offset=0&limit=10&title=&status=2&kind= 200 50ms
