[2018-04-16T10:08:18.243] [INFO] app - 正在启动项目 模式: build
[2018-04-16T10:08:18.250] [INFO] app - 注册 Helper [moment]
[2018-04-16T10:08:18.251] [INFO] app - 注册 Helper [async]
[2018-04-16T10:08:18.261] [INFO] app - 注册 Helper [lodash]
[2018-04-16T10:08:18.270] [INFO] app - 注册 Middleware [heiner_static]
[2018-04-16T10:08:18.270] [INFO] app - 注册 Middleware [heiner_query]
[2018-04-16T10:08:18.270] [INFO] app - 注册 Middleware [heiner_body]
[2018-04-16T10:08:18.271] [INFO] app - 注册 Middleware [heiner_view]
[2018-04-16T10:08:18.272] [INFO] app - 注册 Middleware [Crossdomain]
[2018-04-16T10:08:18.331] [INFO] app - 注册 Middleware [heiner_static]
[2018-04-16T10:08:18.341] [INFO] app - 注册 Middleware [heiner_query]
[2018-04-16T10:08:18.410] [INFO] app - 注册 Middleware [heiner_body]
[2018-04-16T10:08:18.458] [INFO] app - 注册 Middleware [heiner_view]
[2018-04-16T10:08:18.459] [INFO] app - 注册 Middleware [Crossdomain]
[2018-04-16T10:08:18.463] [INFO] app - 注册 Controller [api.api]
[2018-04-16T10:08:18.465] [INFO] app - 注册 Controller [articleinfo.articleinfo]
[2018-04-16T10:08:18.467] [FATAL] app - 注册 Controller [articleinfo] 错误 -> {"name":"TypeError","message":"Cannot read property 'models' of undefined","stack":"TypeError: Cannot read property 'models' of undefined\n    at module.exports.app (D:\\公司项目-新\\20170929001_gdtv_balance1\\balanceServer\\app\\controller\\articleinfo\\articleinfo.js:3:44)\n    at getController (D:\\公司项目-新\\20170929001_gdtv_balance1\\balanceServer\\heiner\\getController.js:49:34)\n    at <anonymous>"}
[2018-04-16T10:08:20.253] [INFO] app - 正在启动项目 模式: build
[2018-04-16T10:08:20.262] [INFO] app - 注册 Helper [moment]
[2018-04-16T10:08:20.263] [INFO] app - 注册 Helper [async]
[2018-04-16T10:08:20.273] [INFO] app - 注册 Helper [lodash]
[2018-04-16T10:08:20.278] [INFO] app - 注册 Middleware [heiner_static]
[2018-04-16T10:08:20.279] [INFO] app - 注册 Middleware [heiner_query]
[2018-04-16T10:08:20.279] [INFO] app - 注册 Middleware [heiner_body]
[2018-04-16T10:08:20.279] [INFO] app - 注册 Middleware [heiner_view]
[2018-04-16T10:08:20.281] [INFO] app - 注册 Middleware [Crossdomain]
[2018-04-16T10:08:20.334] [INFO] app - 注册 Middleware [heiner_static]
[2018-04-16T10:08:20.342] [INFO] app - 注册 Middleware [heiner_query]
[2018-04-16T10:08:20.394] [INFO] app - 注册 Middleware [heiner_body]
[2018-04-16T10:08:20.444] [INFO] app - 注册 Middleware [heiner_view]
[2018-04-16T10:08:20.444] [INFO] app - 注册 Middleware [Crossdomain]
[2018-04-16T10:08:20.449] [INFO] app - 注册 Controller [api.api]
[2018-04-16T10:08:20.454] [INFO] app - 注册 Controller [articleinfo.articleinfo]
[2018-04-16T10:08:20.456] [FATAL] app - 注册 Controller [articleinfo] 错误 -> {"name":"TypeError","message":"Cannot read property 'models' of undefined","stack":"TypeError: Cannot read property 'models' of undefined\n    at module.exports.app (D:\\公司项目-新\\20170929001_gdtv_balance1\\balanceServer\\app\\controller\\articleinfo\\articleinfo.js:3:44)\n    at getController (D:\\公司项目-新\\20170929001_gdtv_balance1\\balanceServer\\heiner\\getController.js:49:34)\n    at <anonymous>"}
[2018-04-16T10:08:22.510] [INFO] app - 正在启动项目 模式: build
[2018-04-16T10:08:22.519] [INFO] app - 注册 Helper [moment]
[2018-04-16T10:08:22.520] [INFO] app - 注册 Helper [async]
[2018-04-16T10:08:22.550] [INFO] app - 注册 Helper [lodash]
[2018-04-16T10:08:22.570] [INFO] app - 注册 Middleware [heiner_static]
[2018-04-16T10:08:22.570] [INFO] app - 注册 Middleware [heiner_query]
[2018-04-16T10:08:22.570] [INFO] app - 注册 Middleware [heiner_body]
[2018-04-16T10:08:22.571] [INFO] app - 注册 Middleware [heiner_view]
[2018-04-16T10:08:22.577] [INFO] app - 注册 Middleware [Crossdomain]
[2018-04-16T10:08:22.646] [INFO] app - 注册 Middleware [heiner_static]
[2018-04-16T10:08:22.658] [INFO] app - 注册 Middleware [heiner_query]
[2018-04-16T10:08:22.725] [INFO] app - 注册 Middleware [heiner_body]
[2018-04-16T10:08:22.774] [INFO] app - 注册 Middleware [heiner_view]
[2018-04-16T10:08:22.775] [INFO] app - 注册 Middleware [Crossdomain]
[2018-04-16T10:08:22.781] [INFO] app - 注册 Controller [api.api]
[2018-04-16T10:08:22.788] [INFO] app - 注册 Controller [articleinfo.articleinfo]
[2018-04-16T10:08:22.806] [FATAL] app - 注册 Controller [articleinfo] 错误 -> {"name":"TypeError","message":"Cannot read property 'models' of undefined","stack":"TypeError: Cannot read property 'models' of undefined\n    at module.exports.app (D:\\公司项目-新\\20170929001_gdtv_balance1\\balanceServer\\app\\controller\\articleinfo\\articleinfo.js:3:44)\n    at getController (D:\\公司项目-新\\20170929001_gdtv_balance1\\balanceServer\\heiner\\getController.js:49:34)\n    at <anonymous>"}
[2018-04-16T10:08:24.670] [INFO] app - 正在启动项目 模式: build
[2018-04-16T10:08:24.679] [INFO] app - 注册 Helper [moment]
[2018-04-16T10:08:24.680] [INFO] app - 注册 Helper [async]
[2018-04-16T10:08:24.690] [INFO] app - 注册 Helper [lodash]
[2018-04-16T10:08:24.694] [INFO] app - 注册 Middleware [heiner_static]
[2018-04-16T10:08:24.695] [INFO] app - 注册 Middleware [heiner_query]
[2018-04-16T10:08:24.695] [INFO] app - 注册 Middleware [heiner_body]
[2018-04-16T10:08:24.695] [INFO] app - 注册 Middleware [heiner_view]
[2018-04-16T10:08:24.697] [INFO] app - 注册 Middleware [Crossdomain]
[2018-04-16T10:08:24.756] [INFO] app - 注册 Middleware [heiner_static]
[2018-04-16T10:08:24.764] [INFO] app - 注册 Middleware [heiner_query]
[2018-04-16T10:08:24.818] [INFO] app - 注册 Middleware [heiner_body]
[2018-04-16T10:08:24.854] [INFO] app - 注册 Middleware [heiner_view]
[2018-04-16T10:08:24.854] [INFO] app - 注册 Middleware [Crossdomain]
[2018-04-16T10:08:24.859] [INFO] app - 注册 Controller [api.api]
[2018-04-16T10:08:24.861] [INFO] app - 注册 Controller [articleinfo.articleinfo]
[2018-04-16T10:08:24.863] [FATAL] app - 注册 Controller [articleinfo] 错误 -> {"name":"TypeError","message":"Cannot read property 'models' of undefined","stack":"TypeError: Cannot read property 'models' of undefined\n    at module.exports.app (D:\\公司项目-新\\20170929001_gdtv_balance1\\balanceServer\\app\\controller\\articleinfo\\articleinfo.js:3:44)\n    at getController (D:\\公司项目-新\\20170929001_gdtv_balance1\\balanceServer\\heiner\\getController.js:49:34)\n    at <anonymous>"}
[2018-04-16T10:08:26.721] [INFO] app - 正在启动项目 模式: build
[2018-04-16T10:08:26.727] [INFO] app - 注册 Helper [moment]
[2018-04-16T10:08:26.728] [INFO] app - 注册 Helper [async]
[2018-04-16T10:08:26.736] [INFO] app - 注册 Helper [lodash]
[2018-04-16T10:08:26.740] [INFO] app - 注册 Middleware [heiner_static]
[2018-04-16T10:08:26.741] [INFO] app - 注册 Middleware [heiner_query]
[2018-04-16T10:08:26.741] [INFO] app - 注册 Middleware [heiner_body]
[2018-04-16T10:08:26.741] [INFO] app - 注册 Middleware [heiner_view]
[2018-04-16T10:08:26.743] [INFO] app - 注册 Middleware [Crossdomain]
[2018-04-16T10:08:26.784] [INFO] app - 注册 Middleware [heiner_static]
[2018-04-16T10:08:26.789] [INFO] app - 注册 Middleware [heiner_query]
[2018-04-16T10:08:26.836] [INFO] app - 注册 Middleware [heiner_body]
[2018-04-16T10:08:26.881] [INFO] app - 注册 Middleware [heiner_view]
[2018-04-16T10:08:26.882] [INFO] app - 注册 Middleware [Crossdomain]
[2018-04-16T10:08:26.887] [INFO] app - 注册 Controller [api.api]
[2018-04-16T10:08:26.889] [INFO] app - 注册 Controller [articleinfo.articleinfo]
[2018-04-16T10:08:26.892] [FATAL] app - 注册 Controller [articleinfo] 错误 -> {"name":"TypeError","message":"Cannot read property 'models' of undefined","stack":"TypeError: Cannot read property 'models' of undefined\n    at module.exports.app (D:\\公司项目-新\\20170929001_gdtv_balance1\\balanceServer\\app\\controller\\articleinfo\\articleinfo.js:3:44)\n    at getController (D:\\公司项目-新\\20170929001_gdtv_balance1\\balanceServer\\heiner\\getController.js:49:34)\n    at <anonymous>"}
[2018-04-16T10:08:28.203] [INFO] app - 正在启动项目 模式: build
[2018-04-16T10:08:28.211] [INFO] app - 注册 Helper [moment]
[2018-04-16T10:08:28.211] [INFO] app - 注册 Helper [async]
[2018-04-16T10:08:28.219] [INFO] app - 注册 Helper [lodash]
[2018-04-16T10:08:28.224] [INFO] app - 注册 Middleware [heiner_static]
[2018-04-16T10:08:28.224] [INFO] app - 注册 Middleware [heiner_query]
[2018-04-16T10:08:28.224] [INFO] app - 注册 Middleware [heiner_body]
[2018-04-16T10:08:28.224] [INFO] app - 注册 Middleware [heiner_view]
[2018-04-16T10:08:28.226] [INFO] app - 注册 Middleware [Crossdomain]
[2018-04-16T10:08:28.272] [INFO] app - 注册 Middleware [heiner_static]
[2018-04-16T10:08:28.277] [INFO] app - 注册 Middleware [heiner_query]
[2018-04-16T10:08:28.322] [INFO] app - 注册 Middleware [heiner_body]
[2018-04-16T10:08:28.361] [INFO] app - 注册 Middleware [heiner_view]
[2018-04-16T10:08:28.363] [INFO] app - 注册 Middleware [Crossdomain]
[2018-04-16T10:08:28.369] [INFO] app - 注册 Controller [api.api]
[2018-04-16T10:08:28.372] [INFO] app - 注册 Controller [articleinfo.articleinfo]
[2018-04-16T10:08:28.374] [FATAL] app - 注册 Controller [articleinfo] 错误 -> {"name":"TypeError","message":"Cannot read property 'models' of undefined","stack":"TypeError: Cannot read property 'models' of undefined\n    at module.exports.app (D:\\公司项目-新\\20170929001_gdtv_balance1\\balanceServer\\app\\controller\\articleinfo\\articleinfo.js:3:44)\n    at getController (D:\\公司项目-新\\20170929001_gdtv_balance1\\balanceServer\\heiner\\getController.js:49:34)\n    at <anonymous>"}
[2018-04-16T10:08:29.748] [INFO] app - 正在启动项目 模式: build
[2018-04-16T10:08:29.759] [INFO] app - 注册 Helper [moment]
[2018-04-16T10:08:29.760] [INFO] app - 注册 Helper [async]
[2018-04-16T10:08:29.770] [INFO] app - 注册 Helper [lodash]
[2018-04-16T10:08:29.776] [INFO] app - 注册 Middleware [heiner_static]
[2018-04-16T10:08:29.776] [INFO] app - 注册 Middleware [heiner_query]
[2018-04-16T10:08:29.777] [INFO] app - 注册 Middleware [heiner_body]
[2018-04-16T10:08:29.777] [INFO] app - 注册 Middleware [heiner_view]
[2018-04-16T10:08:29.779] [INFO] app - 注册 Middleware [Crossdomain]
[2018-04-16T10:08:29.833] [INFO] app - 注册 Middleware [heiner_static]
[2018-04-16T10:08:29.843] [INFO] app - 注册 Middleware [heiner_query]
[2018-04-16T10:08:29.925] [INFO] app - 注册 Middleware [heiner_body]
[2018-04-16T10:08:29.969] [INFO] app - 注册 Middleware [heiner_view]
[2018-04-16T10:08:29.971] [INFO] app - 注册 Middleware [Crossdomain]
[2018-04-16T10:08:29.976] [INFO] app - 注册 Controller [api.api]
[2018-04-16T10:08:29.977] [INFO] app - 注册 Controller [articleinfo.articleinfo]
[2018-04-16T10:08:29.979] [FATAL] app - 注册 Controller [articleinfo] 错误 -> {"name":"TypeError","message":"Cannot read property 'models' of undefined","stack":"TypeError: Cannot read property 'models' of undefined\n    at module.exports.app (D:\\公司项目-新\\20170929001_gdtv_balance1\\balanceServer\\app\\controller\\articleinfo\\articleinfo.js:3:44)\n    at getController (D:\\公司项目-新\\20170929001_gdtv_balance1\\balanceServer\\heiner\\getController.js:49:34)\n    at <anonymous>"}
[2018-04-16T10:08:32.243] [INFO] app - 正在启动项目 模式: build
[2018-04-16T10:08:33.967] [INFO] app - 正在启动项目 模式: build
[2018-04-16T10:08:34.177] [INFO] app - 连接数据库 [mysql -h 192.168.0.101 -u root -D gdtv_cms]
[2018-04-16T10:08:34.270] [INFO] app - 注册 Helper [moment]
[2018-04-16T10:08:34.271] [INFO] app - 注册 Helper [async]
[2018-04-16T10:08:34.278] [INFO] app - 注册 Helper [lodash]
[2018-04-16T10:08:34.283] [INFO] app - 注册 Middleware [heiner_static]
[2018-04-16T10:08:34.283] [INFO] app - 注册 Middleware [heiner_query]
[2018-04-16T10:08:34.283] [INFO] app - 注册 Middleware [heiner_body]
[2018-04-16T10:08:34.283] [INFO] app - 注册 Middleware [heiner_view]
[2018-04-16T10:08:34.285] [INFO] app - 注册 Middleware [Crossdomain]
[2018-04-16T10:08:34.327] [INFO] app - 注册 Middleware [heiner_static]
[2018-04-16T10:08:34.333] [INFO] app - 注册 Middleware [heiner_query]
[2018-04-16T10:08:34.378] [INFO] app - 注册 Middleware [heiner_body]
[2018-04-16T10:08:34.409] [INFO] app - 注册 Middleware [heiner_view]
[2018-04-16T10:08:34.410] [INFO] app - 注册 Middleware [Crossdomain]
[2018-04-16T10:08:34.414] [INFO] app - 注册 Controller [api.api]
[2018-04-16T10:08:34.416] [INFO] app - 注册 Controller [articleinfo.articleinfo]
[2018-04-16T10:08:34.419] [INFO] app - 注册 Controller [describe.describe]
[2018-04-16T10:08:34.421] [INFO] app - 注册 Controller [home]
[2018-04-16T10:08:34.423] [INFO] app - 注册 Controller [presetproduct.presetproduct]
[2018-04-16T10:08:34.424] [INFO] app - 注册 Controller [productlist.productlist]
[2018-04-16T10:08:34.427] [INFO] app - 注册 Controller [public.public]
[2018-04-16T10:08:34.800] [INFO] app - 注册 Controller [server.server]
[2018-04-16T10:08:35.115] [INFO] app - 注册 Controller [shophome.shophome]
[2018-04-16T10:08:35.166] [INFO] app - 注册 Router [api]
[2018-04-16T10:08:35.168] [INFO] app - 注册 Router [articleinfo]
[2018-04-16T10:08:35.172] [INFO] app - 注册 Router [describe]
[2018-04-16T10:08:35.173] [INFO] app - 注册 Router [index]
[2018-04-16T10:08:35.175] [INFO] app - 注册 Router [presetproduct]
[2018-04-16T10:08:35.177] [INFO] app - 注册 Router [public]
[2018-04-16T10:08:35.179] [INFO] app - 注册 Router [server]
[2018-04-16T10:08:35.182] [INFO] app - 注册 Router [shophome]
[2018-04-16T10:08:35.190] [INFO] app - 启动项目成功 端口：3000
[2018-04-16T10:08:56.331] [INFO] app - 正在启动项目 模式: build
[2018-04-16T10:08:56.515] [INFO] app - 连接数据库 [mysql -h 192.168.0.101 -u root -D gdtv_cms]
[2018-04-16T10:08:56.607] [INFO] app - 注册 Helper [moment]
[2018-04-16T10:08:56.608] [INFO] app - 注册 Helper [async]
[2018-04-16T10:08:56.617] [INFO] app - 注册 Helper [lodash]
[2018-04-16T10:08:56.621] [INFO] app - 注册 Middleware [heiner_static]
[2018-04-16T10:08:56.622] [INFO] app - 注册 Middleware [heiner_query]
[2018-04-16T10:08:56.622] [INFO] app - 注册 Middleware [heiner_body]
[2018-04-16T10:08:56.622] [INFO] app - 注册 Middleware [heiner_view]
[2018-04-16T10:08:56.624] [INFO] app - 注册 Middleware [Crossdomain]
[2018-04-16T10:08:56.662] [INFO] app - 注册 Middleware [heiner_static]
[2018-04-16T10:08:56.668] [INFO] app - 注册 Middleware [heiner_query]
[2018-04-16T10:08:56.708] [INFO] app - 注册 Middleware [heiner_body]
[2018-04-16T10:08:56.741] [INFO] app - 注册 Middleware [heiner_view]
[2018-04-16T10:08:56.741] [INFO] app - 注册 Middleware [Crossdomain]
[2018-04-16T10:08:56.745] [INFO] app - 注册 Controller [api.api]
[2018-04-16T10:08:56.748] [INFO] app - 注册 Controller [articleinfo.articleinfo]
[2018-04-16T10:08:56.750] [INFO] app - 注册 Controller [describe.describe]
[2018-04-16T10:08:56.753] [INFO] app - 注册 Controller [home]
[2018-04-16T10:08:56.754] [INFO] app - 注册 Controller [presetproduct.presetproduct]
[2018-04-16T10:08:56.756] [INFO] app - 注册 Controller [productlist.productlist]
[2018-04-16T10:08:56.759] [INFO] app - 注册 Controller [public.public]
[2018-04-16T10:08:57.073] [INFO] app - 注册 Controller [server.server]
[2018-04-16T10:08:57.343] [INFO] app - 注册 Controller [shophome.shophome]
[2018-04-16T10:08:57.349] [INFO] app - 注册 Router [api]
[2018-04-16T10:08:57.350] [INFO] app - 注册 Router [articleinfo]
[2018-04-16T10:08:57.352] [INFO] app - 注册 Router [describe]
[2018-04-16T10:08:57.354] [INFO] app - 注册 Router [index]
[2018-04-16T10:08:57.355] [INFO] app - 注册 Router [presetproduct]
[2018-04-16T10:08:57.356] [INFO] app - 注册 Router [public]
[2018-04-16T10:08:57.358] [INFO] app - 注册 Router [server]
[2018-04-16T10:08:57.360] [INFO] app - 注册 Router [shophome]
[2018-04-16T10:08:57.365] [INFO] app - 启动项目成功 端口：3000
