[2018-04-16T10:19:09.123] [INFO] app - 正在启动项目 模式: build
[2018-04-16T10:19:09.326] [INFO] app - 连接数据库 [mysql -h 192.168.0.101 -u root -D gdtv_cms]
[2018-04-16T10:19:09.423] [INFO] app - 注册 Helper [moment]
[2018-04-16T10:19:09.423] [INFO] app - 注册 Helper [async]
[2018-04-16T10:19:09.432] [INFO] app - 注册 Helper [lodash]
[2018-04-16T10:19:09.436] [INFO] app - 注册 Middleware [heiner_static]
[2018-04-16T10:19:09.436] [INFO] app - 注册 Middleware [heiner_query]
[2018-04-16T10:19:09.436] [INFO] app - 注册 Middleware [heiner_body]
[2018-04-16T10:19:09.437] [INFO] app - 注册 Middleware [heiner_view]
[2018-04-16T10:19:09.438] [INFO] app - 注册 Middleware [Crossdomain]
[2018-04-16T10:19:09.479] [INFO] app - 注册 Middleware [heiner_static]
[2018-04-16T10:19:09.485] [INFO] app - 注册 Middleware [heiner_query]
[2018-04-16T10:19:09.523] [INFO] app - 注册 Middleware [heiner_body]
[2018-04-16T10:19:09.563] [INFO] app - 注册 Middleware [heiner_view]
[2018-04-16T10:19:09.564] [INFO] app - 注册 Middleware [Crossdomain]
[2018-04-16T10:19:09.569] [INFO] app - 注册 Controller [api.api]
[2018-04-16T10:19:09.571] [INFO] app - 注册 Controller [articleinfo.articleinfo]
[2018-04-16T10:19:09.576] [INFO] app - 注册 Controller [describe.describe]
[2018-04-16T10:19:09.581] [INFO] app - 注册 Controller [home]
[2018-04-16T10:19:09.584] [INFO] app - 注册 Controller [presetproduct.presetproduct]
[2018-04-16T10:19:09.586] [INFO] app - 注册 Controller [productlist.productlist]
[2018-04-16T10:19:09.589] [INFO] app - 注册 Controller [public.public]
[2018-04-16T10:19:09.967] [INFO] app - 注册 Controller [server.server]
[2018-04-16T10:19:10.253] [INFO] app - 注册 Controller [shophome.shophome]
[2018-04-16T10:19:10.259] [INFO] app - 注册 Router [api]
[2018-04-16T10:19:10.260] [INFO] app - 注册 Router [articleinfo]
[2018-04-16T10:19:10.263] [INFO] app - 注册 Router [describe]
[2018-04-16T10:19:10.265] [INFO] app - 注册 Router [index]
[2018-04-16T10:19:10.266] [INFO] app - 注册 Router [presetproduct]
[2018-04-16T10:19:10.267] [INFO] app - 注册 Router [public]
[2018-04-16T10:19:10.268] [INFO] app - 注册 Router [server]
[2018-04-16T10:19:10.270] [INFO] app - 注册 Router [shophome]
[2018-04-16T10:19:10.275] [INFO] app - 启动项目成功 端口：3000
[2018-04-16T10:19:47.299] [INFO] app - 正在启动项目 模式: build
[2018-04-16T10:19:47.545] [INFO] app - 连接数据库 [mysql -h 192.168.0.101 -u root -D gdtv_cms]
[2018-04-16T10:19:47.663] [INFO] app - 注册 Helper [moment]
[2018-04-16T10:19:47.664] [INFO] app - 注册 Helper [async]
[2018-04-16T10:19:47.674] [INFO] app - 注册 Helper [lodash]
[2018-04-16T10:19:47.678] [INFO] app - 注册 Middleware [heiner_static]
[2018-04-16T10:19:47.678] [INFO] app - 注册 Middleware [heiner_query]
[2018-04-16T10:19:47.679] [INFO] app - 注册 Middleware [heiner_body]
[2018-04-16T10:19:47.679] [INFO] app - 注册 Middleware [heiner_view]
[2018-04-16T10:19:47.680] [INFO] app - 注册 Middleware [Crossdomain]
[2018-04-16T10:19:47.724] [INFO] app - 注册 Middleware [heiner_static]
[2018-04-16T10:19:47.729] [INFO] app - 注册 Middleware [heiner_query]
[2018-04-16T10:19:47.784] [INFO] app - 注册 Middleware [heiner_body]
[2018-04-16T10:19:47.825] [INFO] app - 注册 Middleware [heiner_view]
[2018-04-16T10:19:47.826] [INFO] app - 注册 Middleware [Crossdomain]
[2018-04-16T10:19:47.829] [INFO] app - 注册 Controller [api.api]
[2018-04-16T10:19:47.831] [INFO] app - 注册 Controller [articleinfo.articleinfo]
[2018-04-16T10:19:47.834] [INFO] app - 注册 Controller [describe.describe]
[2018-04-16T10:19:47.836] [INFO] app - 注册 Controller [home]
[2018-04-16T10:19:47.838] [INFO] app - 注册 Controller [presetproduct.presetproduct]
[2018-04-16T10:19:47.840] [INFO] app - 注册 Controller [productlist.productlist]
[2018-04-16T10:19:47.842] [INFO] app - 注册 Controller [public.public]
[2018-04-16T10:19:48.188] [INFO] app - 注册 Controller [server.server]
[2018-04-16T10:19:48.494] [INFO] app - 注册 Controller [shophome.shophome]
[2018-04-16T10:19:48.557] [INFO] app - 注册 Router [api]
[2018-04-16T10:19:48.560] [INFO] app - 注册 Router [articleinfo]
[2018-04-16T10:19:48.565] [INFO] app - 注册 Router [describe]
[2018-04-16T10:19:48.568] [INFO] app - 注册 Router [index]
[2018-04-16T10:19:48.571] [INFO] app - 注册 Router [presetproduct]
[2018-04-16T10:19:48.573] [INFO] app - 注册 Router [public]
[2018-04-16T10:19:48.577] [INFO] app - 注册 Router [server]
[2018-04-16T10:19:48.582] [INFO] app - 注册 Router [shophome]
[2018-04-16T10:19:48.589] [INFO] app - 启动项目成功 端口：3000
[2018-04-16T10:19:54.066] [INFO] app - 正在启动项目 模式: build
[2018-04-16T10:19:54.324] [INFO] app - 连接数据库 [mysql -h 192.168.0.101 -u root -D gdtv_cms]
[2018-04-16T10:19:54.426] [INFO] app - 注册 Helper [moment]
[2018-04-16T10:19:54.426] [INFO] app - 注册 Helper [async]
[2018-04-16T10:19:54.435] [INFO] app - 注册 Helper [lodash]
[2018-04-16T10:19:54.438] [INFO] app - 注册 Middleware [heiner_static]
[2018-04-16T10:19:54.439] [INFO] app - 注册 Middleware [heiner_query]
[2018-04-16T10:19:54.439] [INFO] app - 注册 Middleware [heiner_body]
[2018-04-16T10:19:54.439] [INFO] app - 注册 Middleware [heiner_view]
[2018-04-16T10:19:54.441] [INFO] app - 注册 Middleware [Crossdomain]
[2018-04-16T10:19:54.496] [INFO] app - 注册 Middleware [heiner_static]
[2018-04-16T10:19:54.505] [INFO] app - 注册 Middleware [heiner_query]
[2018-04-16T10:19:54.559] [INFO] app - 注册 Middleware [heiner_body]
[2018-04-16T10:19:54.597] [INFO] app - 注册 Middleware [heiner_view]
[2018-04-16T10:19:54.598] [INFO] app - 注册 Middleware [Crossdomain]
[2018-04-16T10:19:54.602] [INFO] app - 注册 Controller [api.api]
[2018-04-16T10:19:54.605] [INFO] app - 注册 Controller [articleinfo.articleinfo]
[2018-04-16T10:19:54.608] [INFO] app - 注册 Controller [describe.describe]
[2018-04-16T10:19:54.611] [INFO] app - 注册 Controller [home]
[2018-04-16T10:19:54.613] [INFO] app - 注册 Controller [presetproduct.presetproduct]
[2018-04-16T10:19:54.615] [INFO] app - 注册 Controller [productlist.productlist]
[2018-04-16T10:19:54.616] [INFO] app - 注册 Controller [public.public]
[2018-04-16T10:19:55.023] [INFO] app - 注册 Controller [server.server]
[2018-04-16T10:19:55.355] [INFO] app - 注册 Controller [shophome.shophome]
[2018-04-16T10:19:55.406] [INFO] app - 注册 Router [api]
[2018-04-16T10:19:55.408] [INFO] app - 注册 Router [articleinfo]
[2018-04-16T10:19:55.412] [INFO] app - 注册 Router [describe]
[2018-04-16T10:19:55.414] [INFO] app - 注册 Router [index]
[2018-04-16T10:19:55.418] [INFO] app - 注册 Router [presetproduct]
[2018-04-16T10:19:55.422] [INFO] app - 注册 Router [public]
[2018-04-16T10:19:55.424] [INFO] app - 注册 Router [server]
[2018-04-16T10:19:55.426] [INFO] app - 注册 Router [shophome]
[2018-04-16T10:19:55.435] [INFO] app - 启动项目成功 端口：3000
