[2018-04-16T10:12:09.632] [INFO] app - 正在启动项目 模式: build
[2018-04-16T10:12:09.816] [INFO] app - 连接数据库 [mysql -h 192.168.0.101 -u root -D gdtv_cms]
[2018-04-16T10:12:09.908] [INFO] app - 注册 Helper [moment]
[2018-04-16T10:12:09.909] [INFO] app - 注册 Helper [async]
[2018-04-16T10:12:09.918] [INFO] app - 注册 Helper [lodash]
[2018-04-16T10:12:09.922] [INFO] app - 注册 Middleware [heiner_static]
[2018-04-16T10:12:09.922] [INFO] app - 注册 Middleware [heiner_query]
[2018-04-16T10:12:09.923] [INFO] app - 注册 Middleware [heiner_body]
[2018-04-16T10:12:09.923] [INFO] app - 注册 Middleware [heiner_view]
[2018-04-16T10:12:09.924] [INFO] app - 注册 Middleware [Crossdomain]
[2018-04-16T10:12:09.961] [INFO] app - 注册 Middleware [heiner_static]
[2018-04-16T10:12:09.967] [INFO] app - 注册 Middleware [heiner_query]
[2018-04-16T10:12:10.010] [INFO] app - 注册 Middleware [heiner_body]
[2018-04-16T10:12:10.044] [INFO] app - 注册 Middleware [heiner_view]
[2018-04-16T10:12:10.045] [INFO] app - 注册 Middleware [Crossdomain]
[2018-04-16T10:12:10.049] [INFO] app - 注册 Controller [api.api]
[2018-04-16T10:12:10.052] [INFO] app - 注册 Controller [articleinfo.articleinfo]
[2018-04-16T10:12:10.055] [INFO] app - 注册 Controller [describe.describe]
[2018-04-16T10:12:10.059] [INFO] app - 注册 Controller [home]
[2018-04-16T10:12:10.061] [INFO] app - 注册 Controller [presetproduct.presetproduct]
[2018-04-16T10:12:10.063] [INFO] app - 注册 Controller [productlist.productlist]
[2018-04-16T10:12:10.066] [INFO] app - 注册 Controller [public.public]
[2018-04-16T10:12:10.393] [INFO] app - 注册 Controller [server.server]
[2018-04-16T10:12:10.698] [INFO] app - 注册 Controller [shophome.shophome]
[2018-04-16T10:12:10.704] [INFO] app - 注册 Router [api]
[2018-04-16T10:12:10.706] [INFO] app - 注册 Router [articleinfo]
[2018-04-16T10:12:10.709] [INFO] app - 注册 Router [describe]
[2018-04-16T10:12:10.711] [INFO] app - 注册 Router [index]
[2018-04-16T10:12:10.712] [INFO] app - 注册 Router [presetproduct]
[2018-04-16T10:12:10.713] [INFO] app - 注册 Router [public]
[2018-04-16T10:12:10.715] [INFO] app - 注册 Router [server]
[2018-04-16T10:12:10.717] [INFO] app - 注册 Router [shophome]
[2018-04-16T10:12:10.722] [INFO] app - 启动项目成功 端口：3000
[2018-04-16T10:12:25.244] [INFO] app - 正在启动项目 模式: build
[2018-04-16T10:12:25.489] [INFO] app - 连接数据库 [mysql -h 192.168.0.101 -u root -D gdtv_cms]
[2018-04-16T10:12:25.609] [INFO] app - 注册 Helper [moment]
[2018-04-16T10:12:25.609] [INFO] app - 注册 Helper [async]
[2018-04-16T10:12:25.622] [INFO] app - 注册 Helper [lodash]
[2018-04-16T10:12:25.629] [INFO] app - 注册 Middleware [heiner_static]
[2018-04-16T10:12:25.630] [INFO] app - 注册 Middleware [heiner_query]
[2018-04-16T10:12:25.630] [INFO] app - 注册 Middleware [heiner_body]
[2018-04-16T10:12:25.630] [INFO] app - 注册 Middleware [heiner_view]
[2018-04-16T10:12:25.632] [INFO] app - 注册 Middleware [Crossdomain]
[2018-04-16T10:12:25.686] [INFO] app - 注册 Middleware [heiner_static]
[2018-04-16T10:12:25.693] [INFO] app - 注册 Middleware [heiner_query]
[2018-04-16T10:12:25.746] [INFO] app - 注册 Middleware [heiner_body]
[2018-04-16T10:12:25.778] [INFO] app - 注册 Middleware [heiner_view]
[2018-04-16T10:12:25.779] [INFO] app - 注册 Middleware [Crossdomain]
[2018-04-16T10:12:25.783] [INFO] app - 注册 Controller [api.api]
[2018-04-16T10:12:25.785] [INFO] app - 注册 Controller [articleinfo.articleinfo]
[2018-04-16T10:12:25.788] [INFO] app - 注册 Controller [describe.describe]
[2018-04-16T10:12:25.790] [INFO] app - 注册 Controller [home]
[2018-04-16T10:12:25.792] [INFO] app - 注册 Controller [presetproduct.presetproduct]
[2018-04-16T10:12:25.794] [INFO] app - 注册 Controller [productlist.productlist]
[2018-04-16T10:12:25.797] [INFO] app - 注册 Controller [public.public]
[2018-04-16T10:12:26.104] [INFO] app - 注册 Controller [server.server]
[2018-04-16T10:12:26.387] [INFO] app - 注册 Controller [shophome.shophome]
[2018-04-16T10:12:26.393] [INFO] app - 注册 Router [api]
[2018-04-16T10:12:26.394] [INFO] app - 注册 Router [articleinfo]
[2018-04-16T10:12:26.397] [INFO] app - 注册 Router [describe]
[2018-04-16T10:12:26.399] [INFO] app - 注册 Router [index]
[2018-04-16T10:12:26.400] [INFO] app - 注册 Router [presetproduct]
[2018-04-16T10:12:26.401] [INFO] app - 注册 Router [public]
[2018-04-16T10:12:26.402] [INFO] app - 注册 Router [server]
[2018-04-16T10:12:26.404] [INFO] app - 注册 Router [shophome]
[2018-04-16T10:12:26.409] [INFO] app - 启动项目成功 端口：3000
