[2018-04-16T10:15:00.347] [INFO] app - 注册 Controller [server.server]
[2018-04-16T10:15:00.822] [INFO] app - 注册 Controller [shophome.shophome]
[2018-04-16T10:15:00.830] [INFO] app - 注册 Router [api]
[2018-04-16T10:15:00.832] [INFO] app - 注册 Router [articleinfo]
[2018-04-16T10:15:00.835] [INFO] app - 注册 Router [describe]
[2018-04-16T10:15:00.837] [INFO] app - 注册 Router [index]
[2018-04-16T10:15:00.838] [INFO] app - 注册 Router [presetproduct]
[2018-04-16T10:15:00.839] [INFO] app - 注册 Router [public]
[2018-04-16T10:15:00.841] [INFO] app - 注册 Router [server]
[2018-04-16T10:15:00.843] [INFO] app - 注册 Router [shophome]
[2018-04-16T10:15:00.849] [INFO] app - 启动项目成功 端口：3000
[2018-04-16T10:15:36.793] [INFO] app - 正在启动项目 模式: build
[2018-04-16T10:15:37.018] [INFO] app - 连接数据库 [mysql -h 192.168.0.101 -u root -D gdtv_cms]
[2018-04-16T10:15:37.110] [INFO] app - 注册 Helper [moment]
[2018-04-16T10:15:37.111] [INFO] app - 注册 Helper [async]
[2018-04-16T10:15:37.119] [INFO] app - 注册 Helper [lodash]
[2018-04-16T10:15:37.123] [INFO] app - 注册 Middleware [heiner_static]
[2018-04-16T10:15:37.124] [INFO] app - 注册 Middleware [heiner_query]
[2018-04-16T10:15:37.124] [INFO] app - 注册 Middleware [heiner_body]
[2018-04-16T10:15:37.124] [INFO] app - 注册 Middleware [heiner_view]
[2018-04-16T10:15:37.125] [INFO] app - 注册 Middleware [Crossdomain]
[2018-04-16T10:15:37.165] [INFO] app - 注册 Middleware [heiner_static]
[2018-04-16T10:15:37.171] [INFO] app - 注册 Middleware [heiner_query]
[2018-04-16T10:15:37.216] [INFO] app - 注册 Middleware [heiner_body]
[2018-04-16T10:15:37.248] [INFO] app - 注册 Middleware [heiner_view]
[2018-04-16T10:15:37.248] [INFO] app - 注册 Middleware [Crossdomain]
[2018-04-16T10:15:37.252] [INFO] app - 注册 Controller [api.api]
[2018-04-16T10:15:37.254] [INFO] app - 注册 Controller [articleinfo.articleinfo]
[2018-04-16T10:15:37.257] [INFO] app - 注册 Controller [describe.describe]
[2018-04-16T10:15:37.259] [INFO] app - 注册 Controller [home]
[2018-04-16T10:15:37.261] [INFO] app - 注册 Controller [presetproduct.presetproduct]
[2018-04-16T10:15:37.263] [INFO] app - 注册 Controller [productlist.productlist]
[2018-04-16T10:15:37.265] [INFO] app - 注册 Controller [public.public]
[2018-04-16T10:15:37.566] [INFO] app - 注册 Controller [server.server]
[2018-04-16T10:15:37.834] [INFO] app - 注册 Controller [shophome.shophome]
[2018-04-16T10:15:37.841] [INFO] app - 注册 Router [api]
[2018-04-16T10:15:37.843] [INFO] app - 注册 Router [articleinfo]
[2018-04-16T10:15:37.847] [INFO] app - 注册 Router [describe]
[2018-04-16T10:15:37.849] [INFO] app - 注册 Router [index]
[2018-04-16T10:15:37.850] [INFO] app - 注册 Router [presetproduct]
[2018-04-16T10:15:37.852] [INFO] app - 注册 Router [public]
[2018-04-16T10:15:37.853] [INFO] app - 注册 Router [server]
[2018-04-16T10:15:37.855] [INFO] app - 注册 Router [shophome]
[2018-04-16T10:15:37.861] [INFO] app - 启动项目成功 端口：3000
[2018-04-16T10:15:47.519] [INFO] app - 正在启动项目 模式: build
[2018-04-16T10:15:47.698] [INFO] app - 连接数据库 [mysql -h 192.168.0.101 -u root -D gdtv_cms]
[2018-04-16T10:15:47.783] [INFO] app - 注册 Helper [moment]
[2018-04-16T10:15:47.784] [INFO] app - 注册 Helper [async]
[2018-04-16T10:15:47.793] [INFO] app - 注册 Helper [lodash]
[2018-04-16T10:15:47.798] [INFO] app - 注册 Middleware [heiner_static]
[2018-04-16T10:15:47.798] [INFO] app - 注册 Middleware [heiner_query]
[2018-04-16T10:15:47.798] [INFO] app - 注册 Middleware [heiner_body]
[2018-04-16T10:15:47.798] [INFO] app - 注册 Middleware [heiner_view]
[2018-04-16T10:15:47.799] [INFO] app - 注册 Middleware [Crossdomain]
[2018-04-16T10:15:47.839] [INFO] app - 注册 Middleware [heiner_static]
[2018-04-16T10:15:47.846] [INFO] app - 注册 Middleware [heiner_query]
[2018-04-16T10:15:47.890] [INFO] app - 注册 Middleware [heiner_body]
[2018-04-16T10:15:47.921] [INFO] app - 注册 Middleware [heiner_view]
[2018-04-16T10:15:47.921] [INFO] app - 注册 Middleware [Crossdomain]
[2018-04-16T10:15:47.926] [INFO] app - 注册 Controller [api.api]
[2018-04-16T10:15:47.928] [INFO] app - 注册 Controller [articleinfo.articleinfo]
[2018-04-16T10:15:47.930] [INFO] app - 注册 Controller [describe.describe]
[2018-04-16T10:15:47.932] [INFO] app - 注册 Controller [home]
[2018-04-16T10:15:47.934] [INFO] app - 注册 Controller [presetproduct.presetproduct]
[2018-04-16T10:15:47.937] [INFO] app - 注册 Controller [productlist.productlist]
[2018-04-16T10:15:47.938] [INFO] app - 注册 Controller [public.public]
[2018-04-16T10:15:48.250] [INFO] app - 注册 Controller [server.server]
[2018-04-16T10:15:48.542] [INFO] app - 注册 Controller [shophome.shophome]
[2018-04-16T10:15:48.547] [INFO] app - 注册 Router [api]
[2018-04-16T10:15:48.549] [INFO] app - 注册 Router [articleinfo]
[2018-04-16T10:15:48.552] [INFO] app - 注册 Router [describe]
[2018-04-16T10:15:48.554] [INFO] app - 注册 Router [index]
[2018-04-16T10:15:48.555] [INFO] app - 注册 Router [presetproduct]
[2018-04-16T10:15:48.556] [INFO] app - 注册 Router [public]
[2018-04-16T10:15:48.558] [INFO] app - 注册 Router [server]
[2018-04-16T10:15:48.560] [INFO] app - 注册 Router [shophome]
[2018-04-16T10:15:48.565] [INFO] app - 启动项目成功 端口：3000
[2018-04-16T10:15:57.555] [INFO] app - 正在启动项目 模式: build
[2018-04-16T10:15:57.753] [INFO] app - 连接数据库 [mysql -h 192.168.0.101 -u root -D gdtv_cms]
[2018-04-16T10:15:57.852] [INFO] app - 注册 Helper [moment]
[2018-04-16T10:15:57.853] [INFO] app - 注册 Helper [async]
[2018-04-16T10:15:57.863] [INFO] app - 注册 Helper [lodash]
[2018-04-16T10:15:57.866] [INFO] app - 注册 Middleware [heiner_static]
[2018-04-16T10:15:57.867] [INFO] app - 注册 Middleware [heiner_query]
[2018-04-16T10:15:57.867] [INFO] app - 注册 Middleware [heiner_body]
[2018-04-16T10:15:57.867] [INFO] app - 注册 Middleware [heiner_view]
[2018-04-16T10:15:57.868] [INFO] app - 注册 Middleware [Crossdomain]
[2018-04-16T10:15:57.911] [INFO] app - 注册 Middleware [heiner_static]
[2018-04-16T10:15:57.917] [INFO] app - 注册 Middleware [heiner_query]
[2018-04-16T10:15:57.960] [INFO] app - 注册 Middleware [heiner_body]
[2018-04-16T10:15:57.993] [INFO] app - 注册 Middleware [heiner_view]
[2018-04-16T10:15:57.993] [INFO] app - 注册 Middleware [Crossdomain]
[2018-04-16T10:15:57.997] [INFO] app - 注册 Controller [api.api]
[2018-04-16T10:15:57.999] [INFO] app - 注册 Controller [articleinfo.articleinfo]
[2018-04-16T10:15:58.001] [INFO] app - 注册 Controller [describe.describe]
[2018-04-16T10:15:58.003] [INFO] app - 注册 Controller [home]
[2018-04-16T10:15:58.005] [INFO] app - 注册 Controller [presetproduct.presetproduct]
[2018-04-16T10:15:58.007] [INFO] app - 注册 Controller [productlist.productlist]
[2018-04-16T10:15:58.009] [INFO] app - 注册 Controller [public.public]
[2018-04-16T10:15:58.319] [INFO] app - 注册 Controller [server.server]
[2018-04-16T10:15:58.608] [INFO] app - 注册 Controller [shophome.shophome]
[2018-04-16T10:15:58.615] [INFO] app - 注册 Router [api]
[2018-04-16T10:15:58.616] [INFO] app - 注册 Router [articleinfo]
[2018-04-16T10:15:58.619] [INFO] app - 注册 Router [describe]
[2018-04-16T10:15:58.621] [INFO] app - 注册 Router [index]
[2018-04-16T10:15:58.623] [INFO] app - 注册 Router [presetproduct]
[2018-04-16T10:15:58.624] [INFO] app - 注册 Router [public]
[2018-04-16T10:15:58.626] [INFO] app - 注册 Router [server]
[2018-04-16T10:15:58.628] [INFO] app - 注册 Router [shophome]
[2018-04-16T10:15:58.633] [INFO] app - 启动项目成功 端口：3000
