[2018-04-16T10:14:03.785] [INFO] app - 正在启动项目 模式: build
[2018-04-16T10:14:04.058] [INFO] app - 连接数据库 [mysql -h 192.168.0.101 -u root -D gdtv_cms]
[2018-04-16T10:14:04.206] [INFO] app - 注册 Helper [moment]
[2018-04-16T10:14:04.206] [INFO] app - 注册 Helper [async]
[2018-04-16T10:14:04.214] [INFO] app - 注册 Helper [lodash]
[2018-04-16T10:14:04.219] [INFO] app - 注册 Middleware [heiner_static]
[2018-04-16T10:14:04.219] [INFO] app - 注册 Middleware [heiner_query]
[2018-04-16T10:14:04.219] [INFO] app - 注册 Middleware [heiner_body]
[2018-04-16T10:14:04.220] [INFO] app - 注册 Middleware [heiner_view]
[2018-04-16T10:14:04.221] [INFO] app - 注册 Middleware [Crossdomain]
[2018-04-16T10:14:04.267] [INFO] app - 注册 Middleware [heiner_static]
[2018-04-16T10:14:04.274] [INFO] app - 注册 Middleware [heiner_query]
[2018-04-16T10:14:04.317] [INFO] app - 注册 Middleware [heiner_body]
[2018-04-16T10:14:04.349] [INFO] app - 注册 Middleware [heiner_view]
[2018-04-16T10:14:04.350] [INFO] app - 注册 Middleware [Crossdomain]
[2018-04-16T10:14:04.354] [INFO] app - 注册 Controller [api.api]
[2018-04-16T10:14:04.356] [INFO] app - 注册 Controller [articleinfo.articleinfo]
[2018-04-16T10:14:04.359] [INFO] app - 注册 Controller [describe.describe]
[2018-04-16T10:14:04.361] [INFO] app - 注册 Controller [home]
[2018-04-16T10:14:04.363] [INFO] app - 注册 Controller [presetproduct.presetproduct]
[2018-04-16T10:14:04.365] [INFO] app - 注册 Controller [productlist.productlist]
[2018-04-16T10:14:04.367] [INFO] app - 注册 Controller [public.public]
[2018-04-16T10:14:04.763] [INFO] app - 注册 Controller [server.server]
[2018-04-16T10:14:05.105] [INFO] app - 注册 Controller [shophome.shophome]
[2018-04-16T10:14:05.161] [INFO] app - 注册 Router [api]
[2018-04-16T10:14:05.163] [INFO] app - 注册 Router [articleinfo]
[2018-04-16T10:14:05.168] [INFO] app - 注册 Router [describe]
[2018-04-16T10:14:05.170] [INFO] app - 注册 Router [index]
[2018-04-16T10:14:05.172] [INFO] app - 注册 Router [presetproduct]
[2018-04-16T10:14:05.174] [INFO] app - 注册 Router [public]
[2018-04-16T10:14:05.176] [INFO] app - 注册 Router [server]
[2018-04-16T10:14:05.180] [INFO] app - 注册 Router [shophome]
[2018-04-16T10:14:05.189] [INFO] app - 启动项目成功 端口：3000
[2018-04-16T10:14:15.683] [INFO] app - 正在启动项目 模式: build
[2018-04-16T10:14:15.888] [INFO] app - 连接数据库 [mysql -h 192.168.0.101 -u root -D gdtv_cms]
[2018-04-16T10:14:15.997] [INFO] app - 注册 Helper [moment]
[2018-04-16T10:14:15.998] [INFO] app - 注册 Helper [async]
[2018-04-16T10:14:16.013] [INFO] app - 注册 Helper [lodash]
[2018-04-16T10:14:16.021] [INFO] app - 注册 Middleware [heiner_static]
[2018-04-16T10:14:16.021] [INFO] app - 注册 Middleware [heiner_query]
[2018-04-16T10:14:16.022] [INFO] app - 注册 Middleware [heiner_body]
[2018-04-16T10:14:16.022] [INFO] app - 注册 Middleware [heiner_view]
[2018-04-16T10:14:16.024] [INFO] app - 注册 Middleware [Crossdomain]
[2018-04-16T10:14:16.095] [INFO] app - 注册 Middleware [heiner_static]
[2018-04-16T10:14:16.102] [INFO] app - 注册 Middleware [heiner_query]
[2018-04-16T10:14:16.149] [INFO] app - 注册 Middleware [heiner_body]
[2018-04-16T10:14:16.187] [INFO] app - 注册 Middleware [heiner_view]
[2018-04-16T10:14:16.188] [INFO] app - 注册 Middleware [Crossdomain]
[2018-04-16T10:14:16.193] [INFO] app - 注册 Controller [api.api]
[2018-04-16T10:14:16.195] [INFO] app - 注册 Controller [articleinfo.articleinfo]
[2018-04-16T10:14:16.198] [INFO] app - 注册 Controller [describe.describe]
[2018-04-16T10:14:16.201] [INFO] app - 注册 Controller [home]
[2018-04-16T10:14:16.203] [INFO] app - 注册 Controller [presetproduct.presetproduct]
[2018-04-16T10:14:16.205] [INFO] app - 注册 Controller [productlist.productlist]
[2018-04-16T10:14:16.207] [INFO] app - 注册 Controller [public.public]
[2018-04-16T10:14:16.549] [INFO] app - 注册 Controller [server.server]
[2018-04-16T10:14:16.842] [INFO] app - 注册 Controller [shophome.shophome]
[2018-04-16T10:14:16.848] [INFO] app - 注册 Router [api]
[2018-04-16T10:14:16.850] [INFO] app - 注册 Router [articleinfo]
[2018-04-16T10:14:16.852] [INFO] app - 注册 Router [describe]
[2018-04-16T10:14:16.854] [INFO] app - 注册 Router [index]
[2018-04-16T10:14:16.855] [INFO] app - 注册 Router [presetproduct]
[2018-04-16T10:14:16.856] [INFO] app - 注册 Router [public]
[2018-04-16T10:14:16.859] [INFO] app - 注册 Router [server]
[2018-04-16T10:14:16.860] [INFO] app - 注册 Router [shophome]
[2018-04-16T10:14:16.866] [INFO] app - 启动项目成功 端口：3000
[2018-04-16T10:14:59.402] [INFO] app - 正在启动项目 模式: build
[2018-04-16T10:14:59.701] [INFO] app - 连接数据库 [mysql -h 192.168.0.101 -u root -D gdtv_cms]
[2018-04-16T10:14:59.792] [INFO] app - 注册 Helper [moment]
[2018-04-16T10:14:59.793] [INFO] app - 注册 Helper [async]
[2018-04-16T10:14:59.802] [INFO] app - 注册 Helper [lodash]
[2018-04-16T10:14:59.810] [INFO] app - 注册 Middleware [heiner_static]
[2018-04-16T10:14:59.811] [INFO] app - 注册 Middleware [heiner_query]
[2018-04-16T10:14:59.811] [INFO] app - 注册 Middleware [heiner_body]
[2018-04-16T10:14:59.811] [INFO] app - 注册 Middleware [heiner_view]
[2018-04-16T10:14:59.813] [INFO] app - 注册 Middleware [Crossdomain]
[2018-04-16T10:14:59.851] [INFO] app - 注册 Middleware [heiner_static]
[2018-04-16T10:14:59.857] [INFO] app - 注册 Middleware [heiner_query]
[2018-04-16T10:14:59.899] [INFO] app - 注册 Middleware [heiner_body]
[2018-04-16T10:14:59.946] [INFO] app - 注册 Middleware [heiner_view]
[2018-04-16T10:14:59.947] [INFO] app - 注册 Middleware [Crossdomain]
[2018-04-16T10:14:59.953] [INFO] app - 注册 Controller [api.api]
[2018-04-16T10:14:59.956] [INFO] app - 注册 Controller [articleinfo.articleinfo]
[2018-04-16T10:14:59.960] [INFO] app - 注册 Controller [describe.describe]
[2018-04-16T10:14:59.965] [INFO] app - 注册 Controller [home]
[2018-04-16T10:14:59.967] [INFO] app - 注册 Controller [presetproduct.presetproduct]
[2018-04-16T10:14:59.974] [INFO] app - 注册 Controller [productlist.productlist]
[2018-04-16T10:14:59.978] [INFO] app - 注册 Controller [public.public]
