[2018-04-16T10:16:27.651] [INFO] app - 正在启动项目 模式: build
[2018-04-16T10:16:27.977] [INFO] app - 连接数据库 [mysql -h 192.168.0.101 -u root -D gdtv_cms]
[2018-04-16T10:16:28.098] [INFO] app - 注册 Helper [moment]
[2018-04-16T10:16:28.098] [INFO] app - 注册 Helper [async]
[2018-04-16T10:16:28.108] [INFO] app - 注册 Helper [lodash]
[2018-04-16T10:16:28.114] [INFO] app - 注册 Middleware [heiner_static]
[2018-04-16T10:16:28.114] [INFO] app - 注册 Middleware [heiner_query]
[2018-04-16T10:16:28.115] [INFO] app - 注册 Middleware [heiner_body]
[2018-04-16T10:16:28.115] [INFO] app - 注册 Middleware [heiner_view]
[2018-04-16T10:16:28.116] [INFO] app - 注册 Middleware [Crossdomain]
[2018-04-16T10:16:28.164] [INFO] app - 注册 Middleware [heiner_static]
[2018-04-16T10:16:28.171] [INFO] app - 注册 Middleware [heiner_query]
[2018-04-16T10:16:28.220] [INFO] app - 注册 Middleware [heiner_body]
[2018-04-16T10:16:28.260] [INFO] app - 注册 Middleware [heiner_view]
[2018-04-16T10:16:28.261] [INFO] app - 注册 Middleware [Crossdomain]
[2018-04-16T10:16:28.266] [INFO] app - 注册 Controller [api.api]
[2018-04-16T10:16:28.268] [INFO] app - 注册 Controller [articleinfo.articleinfo]
[2018-04-16T10:16:28.271] [INFO] app - 注册 Controller [describe.describe]
[2018-04-16T10:16:28.273] [INFO] app - 注册 Controller [home]
[2018-04-16T10:16:28.275] [INFO] app - 注册 Controller [presetproduct.presetproduct]
[2018-04-16T10:16:28.277] [INFO] app - 注册 Controller [productlist.productlist]
[2018-04-16T10:16:28.279] [INFO] app - 注册 Controller [public.public]
[2018-04-16T10:16:28.705] [INFO] app - 注册 Controller [server.server]
[2018-04-16T10:16:29.093] [INFO] app - 注册 Controller [shophome.shophome]
[2018-04-16T10:16:29.151] [INFO] app - 注册 Router [api]
[2018-04-16T10:16:29.153] [INFO] app - 注册 Router [articleinfo]
[2018-04-16T10:16:29.157] [INFO] app - 注册 Router [describe]
[2018-04-16T10:16:29.159] [INFO] app - 注册 Router [index]
[2018-04-16T10:16:29.161] [INFO] app - 注册 Router [presetproduct]
[2018-04-16T10:16:29.163] [INFO] app - 注册 Router [public]
[2018-04-16T10:16:29.165] [INFO] app - 注册 Router [server]
[2018-04-16T10:16:29.167] [INFO] app - 注册 Router [shophome]
[2018-04-16T10:16:29.179] [INFO] app - 启动项目成功 端口：3000
[2018-04-16T10:16:53.453] [INFO] app - 正在启动项目 模式: build
[2018-04-16T10:16:53.801] [INFO] app - 连接数据库 [mysql -h 192.168.0.101 -u root -D gdtv_cms]
[2018-04-16T10:16:53.977] [INFO] app - 注册 Helper [moment]
[2018-04-16T10:16:53.978] [INFO] app - 注册 Helper [async]
[2018-04-16T10:16:53.996] [INFO] app - 注册 Helper [lodash]
[2018-04-16T10:16:54.013] [INFO] app - 注册 Middleware [heiner_static]
[2018-04-16T10:16:54.021] [INFO] app - 注册 Middleware [heiner_query]
[2018-04-16T10:16:54.024] [INFO] app - 注册 Middleware [heiner_body]
[2018-04-16T10:16:54.026] [INFO] app - 注册 Middleware [heiner_view]
[2018-04-16T10:16:54.036] [INFO] app - 注册 Middleware [Crossdomain]
[2018-04-16T10:16:54.159] [INFO] app - 注册 Middleware [heiner_static]
[2018-04-16T10:16:54.175] [INFO] app - 注册 Middleware [heiner_query]
[2018-04-16T10:16:54.264] [INFO] app - 注册 Middleware [heiner_body]
[2018-04-16T10:16:54.323] [INFO] app - 注册 Middleware [heiner_view]
[2018-04-16T10:16:54.324] [INFO] app - 注册 Middleware [Crossdomain]
[2018-04-16T10:16:54.330] [INFO] app - 注册 Controller [api.api]
[2018-04-16T10:16:54.335] [INFO] app - 注册 Controller [articleinfo.articleinfo]
[2018-04-16T10:16:54.340] [INFO] app - 注册 Controller [describe.describe]
[2018-04-16T10:16:54.345] [INFO] app - 注册 Controller [home]
[2018-04-16T10:16:54.348] [INFO] app - 注册 Controller [presetproduct.presetproduct]
[2018-04-16T10:16:54.352] [INFO] app - 注册 Controller [productlist.productlist]
[2018-04-16T10:16:54.355] [INFO] app - 注册 Controller [public.public]
[2018-04-16T10:16:54.726] [INFO] app - 注册 Controller [server.server]
[2018-04-16T10:16:55.303] [INFO] app - 注册 Controller [shophome.shophome]
[2018-04-16T10:16:55.309] [INFO] app - 注册 Router [api]
[2018-04-16T10:16:55.311] [INFO] app - 注册 Router [articleinfo]
[2018-04-16T10:16:55.314] [INFO] app - 注册 Router [describe]
[2018-04-16T10:16:55.317] [INFO] app - 注册 Router [index]
[2018-04-16T10:16:55.319] [INFO] app - 注册 Router [presetproduct]
[2018-04-16T10:16:55.320] [INFO] app - 注册 Router [public]
[2018-04-16T10:16:55.321] [INFO] app - 注册 Router [server]
[2018-04-16T10:16:55.324] [INFO] app - 注册 Router [shophome]
[2018-04-16T10:16:55.331] [INFO] app - 启动项目成功 端口：3000
