[2018-04-16T10:20:01.403] [INFO] app - 正在启动项目 模式: build
[2018-04-16T10:20:01.709] [INFO] app - 连接数据库 [mysql -h 192.168.0.101 -u root -D gdtv_cms]
[2018-04-16T10:20:01.822] [INFO] app - 注册 Helper [moment]
[2018-04-16T10:20:01.823] [INFO] app - 注册 Helper [async]
[2018-04-16T10:20:01.835] [INFO] app - 注册 Helper [lodash]
[2018-04-16T10:20:01.840] [INFO] app - 注册 Middleware [heiner_static]
[2018-04-16T10:20:01.840] [INFO] app - 注册 Middleware [heiner_query]
[2018-04-16T10:20:01.840] [INFO] app - 注册 Middleware [heiner_body]
[2018-04-16T10:20:01.841] [INFO] app - 注册 Middleware [heiner_view]
[2018-04-16T10:20:01.845] [INFO] app - 注册 Middleware [Crossdomain]
[2018-04-16T10:20:01.919] [INFO] app - 注册 Middleware [heiner_static]
[2018-04-16T10:20:01.926] [INFO] app - 注册 Middleware [heiner_query]
[2018-04-16T10:20:01.990] [INFO] app - 注册 Middleware [heiner_body]
[2018-04-16T10:20:02.038] [INFO] app - 注册 Middleware [heiner_view]
[2018-04-16T10:20:02.039] [INFO] app - 注册 Middleware [Crossdomain]
[2018-04-16T10:20:02.044] [INFO] app - 注册 Controller [api.api]
[2018-04-16T10:20:02.047] [INFO] app - 注册 Controller [articleinfo.articleinfo]
[2018-04-16T10:20:02.052] [INFO] app - 注册 Controller [describe.describe]
[2018-04-16T10:20:02.054] [INFO] app - 注册 Controller [home]
[2018-04-16T10:20:02.057] [INFO] app - 注册 Controller [presetproduct.presetproduct]
[2018-04-16T10:20:02.062] [INFO] app - 注册 Controller [productlist.productlist]
[2018-04-16T10:20:02.066] [INFO] app - 注册 Controller [public.public]
[2018-04-16T10:20:02.467] [INFO] app - 注册 Controller [server.server]
[2018-04-16T10:20:02.801] [INFO] app - 注册 Controller [shophome.shophome]
[2018-04-16T10:20:02.862] [INFO] app - 注册 Router [api]
[2018-04-16T10:20:02.864] [INFO] app - 注册 Router [articleinfo]
[2018-04-16T10:20:02.868] [INFO] app - 注册 Router [describe]
[2018-04-16T10:20:02.870] [INFO] app - 注册 Router [index]
[2018-04-16T10:20:02.872] [INFO] app - 注册 Router [presetproduct]
[2018-04-16T10:20:02.873] [INFO] app - 注册 Router [public]
[2018-04-16T10:20:02.875] [INFO] app - 注册 Router [server]
[2018-04-16T10:20:02.878] [INFO] app - 注册 Router [shophome]
[2018-04-16T10:20:02.886] [INFO] app - 启动项目成功 端口：3000
[2018-04-16T10:20:06.705] [INFO] app - 正在启动项目 模式: build
[2018-04-16T10:20:06.903] [INFO] app - 连接数据库 [mysql -h 192.168.0.101 -u root -D gdtv_cms]
[2018-04-16T10:20:06.994] [INFO] app - 注册 Helper [moment]
[2018-04-16T10:20:06.995] [INFO] app - 注册 Helper [async]
[2018-04-16T10:20:07.002] [INFO] app - 注册 Helper [lodash]
[2018-04-16T10:20:07.005] [INFO] app - 注册 Middleware [heiner_static]
[2018-04-16T10:20:07.005] [INFO] app - 注册 Middleware [heiner_query]
[2018-04-16T10:20:07.006] [INFO] app - 注册 Middleware [heiner_body]
[2018-04-16T10:20:07.006] [INFO] app - 注册 Middleware [heiner_view]
[2018-04-16T10:20:07.007] [INFO] app - 注册 Middleware [Crossdomain]
[2018-04-16T10:20:07.052] [INFO] app - 注册 Middleware [heiner_static]
[2018-04-16T10:20:07.057] [INFO] app - 注册 Middleware [heiner_query]
[2018-04-16T10:20:07.097] [INFO] app - 注册 Middleware [heiner_body]
[2018-04-16T10:20:07.127] [INFO] app - 注册 Middleware [heiner_view]
[2018-04-16T10:20:07.128] [INFO] app - 注册 Middleware [Crossdomain]
[2018-04-16T10:20:07.132] [INFO] app - 注册 Controller [api.api]
[2018-04-16T10:20:07.134] [INFO] app - 注册 Controller [articleinfo.articleinfo]
[2018-04-16T10:20:07.138] [INFO] app - 注册 Controller [describe.describe]
[2018-04-16T10:20:07.140] [INFO] app - 注册 Controller [home]
[2018-04-16T10:20:07.142] [INFO] app - 注册 Controller [presetproduct.presetproduct]
[2018-04-16T10:20:07.144] [INFO] app - 注册 Controller [productlist.productlist]
[2018-04-16T10:20:07.146] [INFO] app - 注册 Controller [public.public]
[2018-04-16T10:20:07.512] [INFO] app - 注册 Controller [server.server]
[2018-04-16T10:20:07.877] [INFO] app - 注册 Controller [shophome.shophome]
[2018-04-16T10:20:07.893] [INFO] app - 注册 Router [api]
[2018-04-16T10:20:07.896] [INFO] app - 注册 Router [articleinfo]
[2018-04-16T10:20:07.900] [INFO] app - 注册 Router [describe]
[2018-04-16T10:20:07.903] [INFO] app - 注册 Router [index]
[2018-04-16T10:20:07.905] [INFO] app - 注册 Router [presetproduct]
[2018-04-16T10:20:07.910] [INFO] app - 注册 Router [public]
[2018-04-16T10:20:07.914] [INFO] app - 注册 Router [server]
[2018-04-16T10:20:07.918] [INFO] app - 注册 Router [shophome]
[2018-04-16T10:20:07.924] [INFO] app - 启动项目成功 端口：3000
[2018-04-16T10:20:19.445] [INFO] app - 正在启动项目 模式: build
[2018-04-16T10:20:19.645] [INFO] app - 连接数据库 [mysql -h 192.168.0.101 -u root -D gdtv_cms]
[2018-04-16T10:20:19.768] [INFO] app - 注册 Helper [moment]
[2018-04-16T10:20:19.769] [INFO] app - 注册 Helper [async]
[2018-04-16T10:20:19.780] [INFO] app - 注册 Helper [lodash]
[2018-04-16T10:20:19.786] [INFO] app - 注册 Middleware [heiner_static]
[2018-04-16T10:20:19.786] [INFO] app - 注册 Middleware [heiner_query]
[2018-04-16T10:20:19.786] [INFO] app - 注册 Middleware [heiner_body]
[2018-04-16T10:20:19.787] [INFO] app - 注册 Middleware [heiner_view]
[2018-04-16T10:20:19.788] [INFO] app - 注册 Middleware [Crossdomain]
[2018-04-16T10:20:19.869] [INFO] app - 注册 Middleware [heiner_static]
[2018-04-16T10:20:19.886] [INFO] app - 注册 Middleware [heiner_query]
[2018-04-16T10:20:19.969] [INFO] app - 注册 Middleware [heiner_body]
[2018-04-16T10:20:20.013] [INFO] app - 注册 Middleware [heiner_view]
[2018-04-16T10:20:20.014] [INFO] app - 注册 Middleware [Crossdomain]
[2018-04-16T10:20:20.018] [INFO] app - 注册 Controller [api.api]
[2018-04-16T10:20:20.021] [INFO] app - 注册 Controller [articleinfo.articleinfo]
[2018-04-16T10:20:20.024] [INFO] app - 注册 Controller [describe.describe]
[2018-04-16T10:20:20.027] [INFO] app - 注册 Controller [home]
[2018-04-16T10:20:20.030] [INFO] app - 注册 Controller [presetproduct.presetproduct]
[2018-04-16T10:20:20.032] [INFO] app - 注册 Controller [productlist.productlist]
[2018-04-16T10:20:20.035] [INFO] app - 注册 Controller [public.public]
[2018-04-16T10:20:20.400] [INFO] app - 注册 Controller [server.server]
[2018-04-16T10:20:20.773] [INFO] app - 注册 Controller [shophome.shophome]
[2018-04-16T10:20:20.839] [INFO] app - 注册 Router [api]
[2018-04-16T10:20:20.840] [INFO] app - 注册 Router [articleinfo]
[2018-04-16T10:20:20.846] [INFO] app - 注册 Router [describe]
[2018-04-16T10:20:20.848] [INFO] app - 注册 Router [index]
[2018-04-16T10:20:20.851] [INFO] app - 注册 Router [presetproduct]
[2018-04-16T10:20:20.853] [INFO] app - 注册 Router [public]
[2018-04-16T10:20:20.855] [INFO] app - 注册 Router [server]
[2018-04-16T10:20:20.860] [INFO] app - 注册 Router [shophome]
[2018-04-16T10:20:20.869] [INFO] app - 启动项目成功 端口：3000
