[2018-04-16T11:06:23.827] [INFO] app - 正在启动项目 模式: build
[2018-04-16T11:06:24.051] [INFO] app - 连接数据库 [mysql -h 192.168.0.101 -u root -D gdtv_cms]
[2018-04-16T11:06:24.163] [INFO] app - 注册 Helper [moment]
[2018-04-16T11:06:24.163] [INFO] app - 注册 Helper [async]
[2018-04-16T11:06:24.174] [INFO] app - 注册 Helper [lodash]
[2018-04-16T11:06:24.178] [INFO] app - 注册 Middleware [heiner_static]
[2018-04-16T11:06:24.179] [INFO] app - 注册 Middleware [heiner_query]
[2018-04-16T11:06:24.179] [INFO] app - 注册 Middleware [heiner_body]
[2018-04-16T11:06:24.179] [INFO] app - 注册 Middleware [heiner_view]
[2018-04-16T11:06:24.180] [INFO] app - 注册 Middleware [Crossdomain]
[2018-04-16T11:06:24.228] [INFO] app - 注册 Middleware [heiner_static]
[2018-04-16T11:06:24.233] [INFO] app - 注册 Middleware [heiner_query]
[2018-04-16T11:06:24.278] [INFO] app - 注册 Middleware [heiner_body]
[2018-04-16T11:06:24.309] [INFO] app - 注册 Middleware [heiner_view]
[2018-04-16T11:06:24.310] [INFO] app - 注册 Middleware [Crossdomain]
[2018-04-16T11:06:24.313] [INFO] app - 注册 Controller [api.api]
[2018-04-16T11:06:24.315] [INFO] app - 注册 Controller [articleinfo.articleinfo]
[2018-04-16T11:06:24.318] [INFO] app - 注册 Controller [describe.describe]
[2018-04-16T11:06:24.320] [INFO] app - 注册 Controller [home]
[2018-04-16T11:06:24.321] [INFO] app - 注册 Controller [presetproduct.presetproduct]
[2018-04-16T11:06:24.323] [INFO] app - 注册 Controller [productlist.productlist]
[2018-04-16T11:06:24.325] [INFO] app - 注册 Controller [public.public]
[2018-04-16T11:06:24.706] [INFO] app - 注册 Controller [server.server]
[2018-04-16T11:06:25.105] [INFO] app - 注册 Controller [shophome.shophome]
[2018-04-16T11:06:25.161] [INFO] app - 注册 Router [api]
[2018-04-16T11:06:25.162] [INFO] app - 注册 Router [articleinfo]
[2018-04-16T11:06:25.167] [INFO] app - 注册 Router [describe]
[2018-04-16T11:06:25.169] [INFO] app - 注册 Router [index]
[2018-04-16T11:06:25.171] [INFO] app - 注册 Router [presetproduct]
[2018-04-16T11:06:25.173] [INFO] app - 注册 Router [public]
[2018-04-16T11:06:25.175] [INFO] app - 注册 Router [server]
[2018-04-16T11:06:25.177] [INFO] app - 注册 Router [shophome]
[2018-04-16T11:06:25.185] [INFO] app - 启动项目成功 端口：3000
[2018-04-16T11:06:26.947] [INFO] app - 正在启动项目 模式: build
[2018-04-16T11:06:27.132] [INFO] app - 连接数据库 [mysql -h 192.168.0.101 -u root -D gdtv_cms]
[2018-04-16T11:06:27.231] [INFO] app - 注册 Helper [moment]
[2018-04-16T11:06:27.232] [INFO] app - 注册 Helper [async]
[2018-04-16T11:06:27.242] [INFO] app - 注册 Helper [lodash]
[2018-04-16T11:06:27.245] [INFO] app - 注册 Middleware [heiner_static]
[2018-04-16T11:06:27.246] [INFO] app - 注册 Middleware [heiner_query]
[2018-04-16T11:06:27.246] [INFO] app - 注册 Middleware [heiner_body]
[2018-04-16T11:06:27.246] [INFO] app - 注册 Middleware [heiner_view]
[2018-04-16T11:06:27.248] [INFO] app - 注册 Middleware [Crossdomain]
[2018-04-16T11:06:27.290] [INFO] app - 注册 Middleware [heiner_static]
[2018-04-16T11:06:27.295] [INFO] app - 注册 Middleware [heiner_query]
[2018-04-16T11:06:27.340] [INFO] app - 注册 Middleware [heiner_body]
[2018-04-16T11:06:27.375] [INFO] app - 注册 Middleware [heiner_view]
[2018-04-16T11:06:27.376] [INFO] app - 注册 Middleware [Crossdomain]
[2018-04-16T11:06:27.380] [INFO] app - 注册 Controller [api.api]
[2018-04-16T11:06:27.381] [INFO] app - 注册 Controller [articleinfo.articleinfo]
[2018-04-16T11:06:27.385] [INFO] app - 注册 Controller [describe.describe]
[2018-04-16T11:06:27.386] [INFO] app - 注册 Controller [home]
[2018-04-16T11:06:27.388] [INFO] app - 注册 Controller [presetproduct.presetproduct]
[2018-04-16T11:06:27.390] [INFO] app - 注册 Controller [productlist.productlist]
[2018-04-16T11:06:27.392] [INFO] app - 注册 Controller [public.public]
[2018-04-16T11:06:27.731] [INFO] app - 注册 Controller [server.server]
[2018-04-16T11:06:28.008] [INFO] app - 注册 Controller [shophome.shophome]
[2018-04-16T11:06:28.014] [INFO] app - 注册 Router [api]
[2018-04-16T11:06:28.016] [INFO] app - 注册 Router [articleinfo]
[2018-04-16T11:06:28.019] [INFO] app - 注册 Router [describe]
[2018-04-16T11:06:28.020] [INFO] app - 注册 Router [index]
[2018-04-16T11:06:28.021] [INFO] app - 注册 Router [presetproduct]
[2018-04-16T11:06:28.023] [INFO] app - 注册 Router [public]
[2018-04-16T11:06:28.024] [INFO] app - 注册 Router [server]
[2018-04-16T11:06:28.026] [INFO] app - 注册 Router [shophome]
[2018-04-16T11:06:28.032] [INFO] app - 启动项目成功 端口：3000
