[2018-01-07T22:44:00.845] [TRACE] request - soy5ddwf ::1 GET /admin 200 11ms
[2018-01-07T22:44:01.921] [TRACE] request - sa926gmn ::1 GET /server/getCookie 200 525ms
[2018-01-07T22:44:02.237] [TRACE] request - w7fwyl3v ::1 GET /server/GetSpecialSubjectPagination?offset=0&limit=10&title=&Status=2 200 171ms
[2018-01-07T22:44:06.029] [TRACE] request - akvaalvs ::1 GET /admin 200 2ms
[2018-01-07T22:44:06.156] [TRACE] request - 4jvc1ddl ::1 GET /server/getCookie 200 36ms
[2018-01-07T22:44:06.288] [TRACE] request - gpvlqwcj ::1 GET /server/GetSpecialSubjectPagination?offset=0&limit=10&title=&Status=2 200 51ms
[2018-01-07T22:44:08.550] [TRACE] request - 9vfshn3s ::1 GET /server/GetSpecialSubject?RECID=2 200 42ms
[2018-01-07T22:44:08.651] [TRACE] request - xr4j0h8p ::1 GET /server/getCookie 200 42ms
[2018-01-07T22:44:08.790] [TRACE] request - 4ku7rwea ::1 GET /server/GetSpecialSubject?RECID=2 200 41ms
[2018-01-07T22:44:11.964] [TRACE] request - e4ng4rnj ::1 GET /server/GetCodeGoodsPagination?offset=0&limit=8&code=795c1c8355794b0288573e15e2588453&title=&Status=2 200 81ms
[2018-01-07T22:44:12.144] [TRACE] request - xkhy8gmf ::1 GET /server/GetCodeGoodsPagination?offset=0&limit=8&code=795c1c8355794b0288573e15e2588453&title=&Status=2 200 106ms
[2018-01-07T22:44:14.987] [TRACE] request - hbwqytcg ::1 GET /server/GetCodeGoodsPagination?offset=0&limit=8&code=795c1c8355794b0288573e15e25dfdsgfd&title=&Status=2 200 52ms
[2018-01-07T22:44:18.868] [TRACE] request - rji1tlqo ::1 GET /admin 200 2ms
[2018-01-07T22:44:18.999] [TRACE] request - qav291t2 ::1 GET /server/getCookie 200 41ms
[2018-01-07T22:44:19.111] [TRACE] request - wsxwf1ws ::1 GET /server/GetSpecialSubject?RECID=2 200 40ms
[2018-01-07T22:44:19.617] [TRACE] request - dy4ovt98 ::1 GET /admin 200 2ms
[2018-01-07T22:44:19.739] [TRACE] request - l1an4ukb ::1 GET /server/getCookie 200 44ms
[2018-01-07T22:44:19.850] [TRACE] request - pq7djiis ::1 GET /server/GetSpecialSubject?RECID=2 200 44ms
[2018-01-07T22:44:20.107] [TRACE] request - 6mwus3q3 ::1 GET /admin 200 1ms
[2018-01-07T22:44:20.221] [TRACE] request - phs6sabr ::1 GET /server/getCookie 200 37ms
[2018-01-07T22:44:20.333] [TRACE] request - lv8rwmk6 ::1 GET /server/GetSpecialSubject?RECID=2 200 37ms
[2018-01-07T22:44:20.373] [TRACE] request - 5due6t5k ::1 GET /admin 200 1ms
[2018-01-07T22:44:20.501] [TRACE] request - qmvlkqhx ::1 GET /server/getCookie 200 38ms
[2018-01-07T22:44:20.504] [TRACE] request - 8rqdkhqj ::1 GET /admin 200 1ms
[2018-01-07T22:44:20.636] [TRACE] request - kqcwhm9c ::1 GET /server/GetSpecialSubject?RECID=2 200 40ms
[2018-01-07T22:44:20.722] [TRACE] request - 495f1dl2 ::1 GET /server/getCookie 200 37ms
[2018-01-07T22:44:20.836] [TRACE] request - qiho7jk9 ::1 GET /admin 200 2ms
[2018-01-07T22:44:20.871] [TRACE] request - rmtsg3xf ::1 GET /server/GetSpecialSubject?RECID=2 200 41ms
[2018-01-07T22:44:20.966] [TRACE] request - 83prnhe1 ::1 GET /server/getCookie 200 37ms
[2018-01-07T22:44:21.151] [TRACE] request - 77xmf1m0 ::1 GET /server/GetSpecialSubject?RECID=2 200 89ms
[2018-01-07T22:44:23.188] [TRACE] request - p7my2go3 ::1 GET /server/GetCodeGoodsPagination?offset=0&limit=8&code=795c1c8355794b0288573e15e25dfdsgfd&title=&Status=2 200 92ms
[2018-01-07T22:44:23.324] [TRACE] request - a4aiv6ny ::1 GET /server/GetCodeGoodsPagination?offset=0&limit=8&code=795c1c8355794b0288573e15e25dfdsgfd&title=&Status=2 200 75ms
[2018-01-07T22:44:26.754] [TRACE] request - iwmta5kk ::1 GET /admin 200 1ms
[2018-01-07T22:44:26.978] [TRACE] request - qq5kubjj ::1 GET /server/getCookie 200 147ms
[2018-01-07T22:44:27.115] [TRACE] request - 8scmokxx ::1 GET /server/GetSpecialSubject?RECID=2 200 40ms
