[2018-01-07T22:48:05.699] [TRACE] request - vnrp0m9g ::1 GET /admin 200 2ms
[2018-01-07T22:48:06.343] [TRACE] request - 5gy4rt5k ::1 GET /server/getCookie 200 214ms
[2018-01-07T22:48:06.504] [TRACE] request - xx7hcu8k ::1 GET /server/GetSpecialSubject?RECID=2 200 46ms
[2018-01-07T22:48:06.881] [TRACE] request - prmfb9g7 ::1 GET /admin 200 1ms
[2018-01-07T22:48:07.022] [TRACE] request - 7p4qpt6u ::1 GET /server/getCookie 200 38ms
[2018-01-07T22:48:07.113] [TRACE] request - 6hyilcrr ::1 GET /admin 200 1ms
[2018-01-07T22:48:07.150] [TRACE] request - knyo2wb5 ::1 GET /server/GetSpecialSubject?RECID=2 200 44ms
[2018-01-07T22:48:07.272] [TRACE] request - 56l2flxc ::1 GET /server/getCookie 200 40ms
[2018-01-07T22:48:07.367] [TRACE] request - m9lyc9cg ::1 GET /admin 200 1ms
[2018-01-07T22:48:07.399] [TRACE] request - wn728xoo ::1 GET /server/GetSpecialSubject?RECID=2 200 41ms
[2018-01-07T22:48:07.546] [TRACE] request - f87n1ppl ::1 GET /server/getCookie 200 41ms
[2018-01-07T22:48:07.668] [TRACE] request - ey3udq07 ::1 GET /server/GetSpecialSubject?RECID=2 200 41ms
[2018-01-07T22:48:07.731] [TRACE] request - 8qrdr9qs ::1 GET /admin 200 2ms
[2018-01-07T22:48:07.863] [TRACE] request - 5wtxwau9 ::1 GET /server/getCookie 200 42ms
[2018-01-07T22:48:07.879] [TRACE] request - q8v4setm ::1 GET /admin 200 1ms
[2018-01-07T22:48:07.979] [TRACE] request - 61dxhccq ::1 GET /server/GetSpecialSubject?RECID=2 200 38ms
[2018-01-07T22:48:08.053] [TRACE] request - bre3923o ::1 GET /server/getCookie 200 40ms
[2018-01-07T22:48:08.163] [TRACE] request - akd0d66g ::1 GET /admin 200 2ms
[2018-01-07T22:48:08.175] [TRACE] request - 52ke8hla ::1 GET /server/GetSpecialSubject?RECID=2 200 41ms
[2018-01-07T22:48:08.294] [TRACE] request - 1e2fi4bp ::1 GET /server/getCookie 200 45ms
[2018-01-07T22:48:08.379] [TRACE] request - x0lxhd7x ::1 GET /admin 200 1ms
[2018-01-07T22:48:08.416] [TRACE] request - 9jtr1ura ::1 GET /server/GetSpecialSubject?RECID=2 200 41ms
[2018-01-07T22:48:08.559] [TRACE] request - c3s8ch3t ::1 GET /server/getCookie 200 38ms
[2018-01-07T22:48:08.642] [TRACE] request - 61mw3y85 ::1 GET /admin 200 3ms
[2018-01-07T22:48:08.676] [TRACE] request - vkt54k75 ::1 GET /server/GetSpecialSubject?RECID=2 200 42ms
[2018-01-07T22:48:08.777] [TRACE] request - kvqkcgvw ::1 GET /server/getCookie 200 40ms
[2018-01-07T22:48:08.796] [TRACE] request - 6om38xtm ::1 GET /admin 200 2ms
[2018-01-07T22:48:08.892] [TRACE] request - fjo3pyqx ::1 GET /server/GetSpecialSubject?RECID=2 200 40ms
[2018-01-07T22:48:08.969] [TRACE] request - se5lb69d ::1 GET /server/getCookie 200 38ms
[2018-01-07T22:48:09.097] [TRACE] request - q3yqxri5 ::1 GET /server/GetSpecialSubject?RECID=2 200 39ms
[2018-01-07T22:48:09.146] [TRACE] request - dfx0b0rc ::1 GET /admin 200 2ms
[2018-01-07T22:48:09.275] [TRACE] request - wpes9lan ::1 GET /admin 200 1ms
[2018-01-07T22:48:09.276] [TRACE] request - 0jc6k6qi ::1 GET /server/getCookie 200 41ms
[2018-01-07T22:48:09.443] [TRACE] request - 1yeju2iy ::1 GET /admin 200 1ms
[2018-01-07T22:48:09.460] [TRACE] request - 8xn4cj36 ::1 GET /server/getCookie 200 45ms
[2018-01-07T22:48:09.569] [TRACE] request - cyklcbca ::1 GET /server/getCookie 200 41ms
[2018-01-07T22:48:09.647] [TRACE] request - tljawwgy ::1 GET /admin 200 5ms
[2018-01-07T22:48:09.687] [TRACE] request - pbfgx4bp ::1 GET /server/GetSpecialSubject?RECID=2 200 46ms
[2018-01-07T22:48:09.760] [TRACE] request - 7igk24tu ::1 GET /admin 200 2ms
[2018-01-07T22:48:09.771] [TRACE] request - l0a8xq0g ::1 GET /server/getCookie 200 41ms
[2018-01-07T22:48:09.897] [TRACE] request - kxicjfls ::1 GET /server/getCookie 200 40ms
[2018-01-07T22:48:09.975] [TRACE] request - iy458etn ::1 GET /admin 200 4ms
[2018-01-07T22:48:10.006] [TRACE] request - 86r7d2dm ::1 GET /server/GetSpecialSubject?RECID=2 200 39ms
[2018-01-07T22:48:10.106] [TRACE] request - edefhsc5 ::1 GET /server/getCookie 200 43ms
[2018-01-07T22:48:10.244] [TRACE] request - bn3bilrm ::1 GET /admin 200 1ms
[2018-01-07T22:48:10.299] [TRACE] request - rx0q7slr ::1 GET /server/GetSpecialSubject?RECID=2 200 105ms
[2018-01-07T22:48:10.506] [TRACE] request - v30ecdyn ::1 GET /server/getCookie 200 143ms
[2018-01-07T22:48:10.606] [TRACE] request - 5mlils72 ::1 GET /admin 200 1ms
[2018-01-07T22:48:10.640] [TRACE] request - qkonpc3p ::1 GET /server/GetSpecialSubject?RECID=2 200 41ms
[2018-01-07T22:48:10.763] [TRACE] request - 86lf1ia1 ::1 GET /server/getCookie 200 48ms
[2018-01-07T22:48:10.958] [TRACE] request - kodimoke ::1 GET /server/GetSpecialSubject?RECID=2 200 122ms
[2018-01-07T22:48:12.810] [TRACE] request - 4akqatui ::1 GET /server/GetCodeGoodsPagination?offset=0&limit=8&code=hhqe1c8355794b0288573e15e25dfdsgfd&title=&Status=2 200 79ms
[2018-01-07T22:48:12.952] [TRACE] request - a0viu3cs ::1 GET /server/GetCodeGoodsPagination?offset=0&limit=8&code=hhqe1c8355794b0288573e15e25dfdsgfd&title=&Status=2 200 51ms
[2018-01-07T22:48:15.143] [TRACE] request - ew61m0ow ::1 GET /admin 200 2ms
[2018-01-07T22:48:15.256] [TRACE] request - khgdtang ::1 GET /server/getCookie 200 36ms
[2018-01-07T22:48:15.373] [TRACE] request - 9tw52clo ::1 GET /server/GetSpecialSubject?RECID=2 200 42ms
[2018-01-07T22:48:17.794] [TRACE] request - wckt33ft ::1 GET /server/GetCodeGoodsPagination?offset=0&limit=8&code=hhqe1c8355794b0288573e15e25dfdsgfd&title=&Status=2 200 50ms
[2018-01-07T22:48:17.964] [TRACE] request - 73n1kkqu ::1 GET /server/GetCodeGoodsPagination?offset=0&limit=8&code=hhqe1c8355794b0288573e15e25dfdsgfd&title=&Status=2 200 54ms
