[2018-01-07T22:46:08.403] [TRACE] request - lu2asr3s ::1 GET /server/FloorUpdate?RECID=2&param=[{%22Title%22:%22%E7%BA%A2%E8%8C%B6%22,%22Code%22:%22795c1c8355794b0288573e15e2588453%22,%22Image%22:[{%22FileId%22:0,%22FilePath%22:%22/images/201815/upload_84414cc311d9759a3a94afb273f921b3.png%22,%22FileName%22:null,%22FileExt%22:%22png%22,%22SplitList%22:null,%22ServerUrl%22:%22http://cmsuser.weixinmvp.com%22}],%22TempId%22:%221%22},{%22Title%22:%22%E9%BB%91%E8%8C%B6%22,%22Code%22:%22795c1c8355794b0288573e15e25dfdsgfd%22,%22Image%22:[{%22FileId%22:0,%22FilePath%22:%22/images/201815/upload_81b16bce5d9500cf32a9a48af99d3cc2.jpg%22,%22FileName%22:null,%22FileExt%22:%22jpg%22,%22SplitList%22:null,%22ServerUrl%22:%22http://cmsuser.weixinmvp.com%22}],%22TempId%22:%221%22},{%22Title%22:%22%E6%9F%91%E6%99%AE%E8%8C%B6%22,%22Code%22:%22hhqe1c8355794b0288573e15e25dfdsgfd%22,%22Image%22:[{%22FileId%22:0,%22FilePath%22:%22/images/201815/upload_6c91a93940c5b4a834b88650fb9e17b4.png%22,%22FileName%22:null,%22FileExt%22:%22png%22,%22SplitList%22:null,%22ServerUrl%22:%22http://cmsuser.weixinmvp.com%22}],%22TempId%22:%221%22},{%22Title%22:%22%E8%8A%B1%E6%9E%9C%E8%8C%B6%22,%22Code%22:%22hhqe1c8355794b0288573e15e25dfdsgfd%22,%22Image%22:[{%22FileId%22:0,%22FilePath%22:%22/images/201815/upload_84414cc311d9759a3a94afb273f921b3.png%22,%22FileName%22:null,%22FileExt%22:%22png%22,%22SplitList%22:null,%22ServerUrl%22:%22http://cmsuser.weixinmvp.com%22}],%22TempId%22:%221%22},{%22TempId%22:%221%22,%22Title%22:%22%E5%87%89%E8%8C%B6%22,%22Image%22:[{%22FileId%22:0,%22FilePath%22:%22/images/201815/upload_3a81137c322172b04e08c96085d1e171.png%22,%22FileName%22:null,%22FileExt%22:%22png%22,%22SplitList%22:null,%22ServerUrl%22:%22http://cmsuser.weixinmvp.com%22}],%22Code%22:%225f6a92f7-bc3e-4d67-bf4b-da63edc69328%22},{%22TempId%22:%221%22,%22Title%22:%22%E8%8C%B6%E5%85%B7%22,%22Image%22:[{%22FileId%22:0,%22FilePath%22:%22/images/201815/upload_03b422ec12891526a3ffae5a3c050a0a.png%22,%22FileName%22:null,%22FileExt%22:%22png%22,%22SplitList%22:null,%22ServerUrl%22:%22http://cmsuser.weixinmvp.com%22}],%22Code%22:%226bf17520-10c0-4e44-a478-af1cf01fb764%22}] 200 79ms
[2018-01-07T22:46:08.491] [TRACE] request - 0yfoip01 ::1 GET /server/GetSpecialSubject?RECID=2 200 77ms
[2018-01-07T22:46:20.071] [TRACE] request - i6r8gx8e ::1 GET /server/addOne?param={%22productNo%22:%22041303120101%22,%22title%22:%22%E5%AF%B9%E5%AF%B9%E5%AF%B9%22,%22memo%22:%22%E5%93%A5%E5%93%A5%E7%BB%99%22,%22salePrice%22:%2211%22,%22sort%22:%2299%22,%22status%22:%221%22,%22url%22:%22%22,%22relationCode%22:%22hhqe1c8355794b0288573e15e25dfdsgfd%22,%22relationKind%22:%22specialactivity%22,%22kind%22:%22specialactivity%22} 200 247ms
[2018-01-07T22:46:20.188] [TRACE] request - kr72frnx ::1 GET /server/GetCodeGoodsPagination?offset=0&limit=8&code=hhqe1c8355794b0288573e15e25dfdsgfd&title=&Status=2 200 98ms
[2018-01-07T22:46:21.681] [TRACE] request - truak8lq ::1 GET /admin 200 1ms
[2018-01-07T22:46:22.003] [TRACE] request - j1ahmqyk ::1 GET /server/getCookie 200 40ms
[2018-01-07T22:46:22.173] [TRACE] request - p0o6v3cq ::1 GET /server/GetSpecialSubject?RECID=2 200 70ms
[2018-01-07T22:46:22.679] [TRACE] request - 1t26cfjs ::1 GET /admin 200 1ms
[2018-01-07T22:46:22.804] [TRACE] request - 255lt9gl ::1 GET /server/getCookie 200 42ms
[2018-01-07T22:46:22.915] [TRACE] request - mgfq6k5n ::1 GET /server/GetSpecialSubject?RECID=2 200 41ms
[2018-01-07T22:46:23.377] [TRACE] request - xudjqhpg ::1 GET /admin 200 1ms
[2018-01-07T22:46:23.498] [TRACE] request - by9e8suh ::1 GET /server/getCookie 200 43ms
[2018-01-07T22:46:23.615] [TRACE] request - f8guqjnd ::1 GET /server/GetSpecialSubject?RECID=2 200 41ms
[2018-01-07T22:46:23.987] [TRACE] request - uk1xwqqp ::1 GET /admin 200 2ms
[2018-01-07T22:46:24.143] [TRACE] request - xnh0m2ec ::1 GET /server/getCookie 200 39ms
[2018-01-07T22:46:24.348] [TRACE] request - k4mh9ycg ::1 GET /server/GetSpecialSubject?RECID=2 200 40ms
[2018-01-07T22:46:26.025] [TRACE] request - jov72kw9 ::1 GET /server/GetCodeGoodsPagination?offset=0&limit=8&code=hhqe1c8355794b0288573e15e25dfdsgfd&title=&Status=2 200 44ms
[2018-01-07T22:46:26.240] [TRACE] request - sno2k65v ::1 GET /server/GetCodeGoodsPagination?offset=0&limit=8&code=hhqe1c8355794b0288573e15e25dfdsgfd&title=&Status=2 200 47ms
[2018-01-07T22:46:27.717] [TRACE] request - glbivrdo ::1 GET /admin 200 2ms
[2018-01-07T22:46:27.860] [TRACE] request - rg8627m9 ::1 GET /server/getCookie 200 39ms
[2018-01-07T22:46:27.982] [TRACE] request - 7db07ovj ::1 GET /server/GetSpecialSubject?RECID=2 200 41ms
[2018-01-07T22:46:28.428] [TRACE] request - 28pef72w ::1 GET /admin 200 1ms
[2018-01-07T22:46:28.568] [TRACE] request - go0266uc ::1 GET /server/getCookie 200 39ms
[2018-01-07T22:46:28.700] [TRACE] request - tbr5wm2c ::1 GET /server/GetSpecialSubject?RECID=2 200 38ms
[2018-01-07T22:46:30.204] [TRACE] request - ot8mdkoc ::1 GET /server/GetCodeGoodsPagination?offset=0&limit=8&code=hhqe1c8355794b0288573e15e25dfdsgfd&title=&Status=2 200 52ms
[2018-01-07T22:46:30.359] [TRACE] request - q5qhq0k6 ::1 GET /server/GetCodeGoodsPagination?offset=0&limit=8&code=hhqe1c8355794b0288573e15e25dfdsgfd&title=&Status=2 200 48ms
[2018-01-07T22:46:32.221] [TRACE] request - nha0xfgl ::1 GET /admin 200 2ms
[2018-01-07T22:46:32.340] [TRACE] request - blj9ack0 ::1 GET /server/getCookie 200 40ms
[2018-01-07T22:46:32.447] [TRACE] request - 3m7it5d9 ::1 GET /server/GetSpecialSubject?RECID=2 200 39ms
[2018-01-07T22:46:32.770] [TRACE] request - qycrd4uv ::1 GET /admin 200 1ms
[2018-01-07T22:46:32.892] [TRACE] request - uah795w3 ::1 GET /server/getCookie 200 42ms
[2018-01-07T22:46:33.001] [TRACE] request - 5vv708bq ::1 GET /server/GetSpecialSubject?RECID=2 200 40ms
[2018-01-07T22:46:35.797] [TRACE] request - lrjx9tf0 ::1 GET /server/GetCodeGoodsPagination?offset=0&limit=8&code=hhqe1c8355794b0288573e15e25dfdsgfd&title=&Status=2 200 81ms
[2018-01-07T22:46:35.972] [TRACE] request - 5l6mai2v ::1 GET /server/GetCodeGoodsPagination?offset=0&limit=8&code=hhqe1c8355794b0288573e15e25dfdsgfd&title=&Status=2 200 44ms
