[2018-01-07T22:49:23.526] [TRACE] request - 2yar92jb ::1 GET /server/GetCodeGoodsPagination?offset=0&limit=8&code=795c1c8355794b0288573e15e25dfdsgfd&title=&Status=2 200 211ms
[2018-01-07T22:49:28.193] [TRACE] request - 4ewaoj1p ::1 GET /server/deleteOne?RECID=1649 200 58ms
[2018-01-07T22:49:28.244] [TRACE] request - v9tefi0k ::1 GET /server/GetCodeGoodsPagination?offset=0&limit=8&code=795c1c8355794b0288573e15e25dfdsgfd&title=&Status=2 200 42ms
[2018-01-07T22:49:30.294] [TRACE] request - jrejxw4w ::1 GET /server/deleteOne?RECID=1650 200 43ms
[2018-01-07T22:49:30.345] [TRACE] request - fkwh7w4s ::1 GET /server/GetCodeGoodsPagination?offset=0&limit=8&code=795c1c8355794b0288573e15e25dfdsgfd&title=&Status=2 200 41ms
[2018-01-07T22:49:33.408] [TRACE] request - u47dv193 ::1 GET /admin 200 1ms
[2018-01-07T22:49:33.735] [TRACE] request - 4ggwm3ee ::1 GET /server/getCookie 200 40ms
[2018-01-07T22:49:33.900] [TRACE] request - b5mo4qta ::1 GET /server/GetSpecialSubject?RECID=2 200 69ms
[2018-01-07T22:49:35.972] [TRACE] request - 4i7sn5wf ::1 GET /server/GetCodeGoodsPagination?offset=0&limit=8&code=795c1c8355794b0288573e15e25dfdsgfd&title=&Status=2 200 41ms
[2018-01-07T22:49:36.162] [TRACE] request - nxe9b94u ::1 GET /server/GetCodeGoodsPagination?offset=0&limit=8&code=795c1c8355794b0288573e15e25dfdsgfd&title=&Status=2 200 52ms
[2018-01-07T22:49:38.367] [TRACE] request - rm6krcvr ::1 GET /server/GetCodeGoodsPagination?offset=0&limit=8&code=hhqe1c8355794b0288573e15e25dfdsgfd&title=&Status=2 200 39ms
[2018-01-07T22:49:46.048] [TRACE] request - 87yb653y ::1 GET /server/update?RECID=1653&param={%22productNo%22:%22041303120101%22,%22title%22:%22%E5%AF%B9%E5%AF%B9%E5%AF%B9%22,%22memo%22:%22%E5%93%A5%E5%93%A5%E7%BB%99%22,%22salePrice%22:%22111.00%22,%22sort%22:%2299%22,%22status%22:true,%22url%22:%22%22,%22relationCode%22:%22hhqe1c8355794b0288573e15e25dfdsgfd%22,%22relationKind%22:%22specialactivity%22,%22recid%22:1653,%22imageUrl%22:null,%22marketPrice%22:null,%22Price%22:true} 200 111ms
[2018-01-07T22:49:48.068] [TRACE] request - ij35dmwb ::1 GET /admin 200 1ms
[2018-01-07T22:49:48.186] [TRACE] request - 0tp32fhq ::1 GET /server/getCookie 200 36ms
[2018-01-07T22:49:48.305] [TRACE] request - aov2xgt7 ::1 GET /server/GetSpecialSubject?RECID=2 200 45ms
[2018-01-07T22:49:50.267] [TRACE] request - 276h0snk ::1 GET /server/GetCodeGoodsPagination?offset=0&limit=8&code=hhqe1c8355794b0288573e15e25dfdsgfd&title=&Status=2 200 84ms
[2018-01-07T22:49:50.413] [TRACE] request - 4xondtr5 ::1 GET /server/GetCodeGoodsPagination?offset=0&limit=8&code=hhqe1c8355794b0288573e15e25dfdsgfd&title=&Status=2 200 81ms
[2018-01-07T22:49:52.771] [TRACE] request - 7ftql2sh ::1 GET /admin 200 2ms
[2018-01-07T22:49:52.887] [TRACE] request - oo6yhyq5 ::1 GET /server/getCookie 200 39ms
[2018-01-07T22:49:53.016] [TRACE] request - wujotm74 ::1 GET /server/GetSpecialSubject?RECID=2 200 49ms
[2018-01-07T22:49:55.365] [TRACE] request - hs8yoj93 ::1 GET /server/GetCodeGoodsPagination?offset=0&limit=8&code=hhqe1c8355794b0288573e15e25dfdsgfd&title=&Status=2 200 83ms
[2018-01-07T22:49:55.678] [TRACE] request - frmbmbe8 ::1 GET /server/GetCodeGoodsPagination?offset=0&limit=8&code=hhqe1c8355794b0288573e15e25dfdsgfd&title=&Status=2 200 50ms
[2018-01-07T22:49:57.180] [TRACE] request - 07q3bnxo ::1 GET /admin 200 1ms
[2018-01-07T22:49:57.296] [TRACE] request - lgqb1xrx ::1 GET /server/getCookie 200 40ms
[2018-01-07T22:49:57.416] [TRACE] request - 2d49qy0c ::1 GET /server/GetSpecialSubject?RECID=2 200 42ms
[2018-01-07T22:49:59.610] [TRACE] request - 3yuywfeh ::1 GET /server/GetCodeGoodsPagination?offset=0&limit=8&code=hhqe1c8355794b0288573e15e25dfdsgfd&title=&Status=2 200 62ms
[2018-01-07T22:49:59.790] [TRACE] request - oik97urn ::1 GET /server/GetCodeGoodsPagination?offset=0&limit=8&code=hhqe1c8355794b0288573e15e25dfdsgfd&title=&Status=2 200 76ms
