[2018-04-16T10:44:50.837] [ERROR] requestError - op3yipuo ::ffff:192.168.0.112 GET /admin/static/js/vendor.84a035231c0f7b52d17f.js 200 195ms { Error: write ECONNABORTED
    at _errnoException (util.js:1024:11)
    at Socket._writeGeneric (net.js:767:25)
    at Socket._write (net.js:786:8)
    at doWrite (_stream_writable.js:387:12)
    at clearBuffer (_stream_writable.js:514:7)
    at Socket.Writable.uncork (_stream_writable.js:313:7)
    at connectionCorkNT (_http_outgoing.js:685:8)
    at _combinedTickCallback (internal/process/next_tick.js:135:11)
    at process._tickDomainCallback (internal/process/next_tick.js:218:9)
  code: 'ECONNABORTED',
  errno: 'ECONNABORTED',
  syscall: 'write',
  headerSent: true }
[2018-04-16T10:44:51.184] [ERROR] requestError - 7dagt3oa ::ffff:192.168.0.112 GET /admin/static/js/vendor.84a035231c0f7b52d17f.js 200 308ms { Error: write ECONNABORTED
    at _errnoException (util.js:1024:11)
    at Socket._writeGeneric (net.js:767:25)
    at Socket._write (net.js:786:8)
    at doWrite (_stream_writable.js:387:12)
    at clearBuffer (_stream_writable.js:514:7)
    at Socket.Writable.uncork (_stream_writable.js:313:7)
    at connectionCorkNT (_http_outgoing.js:685:8)
    at _combinedTickCallback (internal/process/next_tick.js:135:11)
    at process._tickDomainCallback (internal/process/next_tick.js:218:9)
  code: 'ECONNABORTED',
  errno: 'ECONNABORTED',
  syscall: 'write',
  headerSent: true }
[2018-04-16T10:44:51.299] [ERROR] requestError - 66957130 ::ffff:192.168.0.112 GET /admin/static/js/vendor.84a035231c0f7b52d17f.js 200 88ms { Error: write ECONNABORTED
    at _errnoException (util.js:1024:11)
    at Socket._writeGeneric (net.js:767:25)
    at Socket._write (net.js:786:8)
    at doWrite (_stream_writable.js:387:12)
    at clearBuffer (_stream_writable.js:514:7)
    at Socket.Writable.uncork (_stream_writable.js:313:7)
    at connectionCorkNT (_http_outgoing.js:685:8)
    at _combinedTickCallback (internal/process/next_tick.js:135:11)
    at process._tickDomainCallback (internal/process/next_tick.js:218:9)
  code: 'ECONNABORTED',
  errno: 'ECONNABORTED',
  syscall: 'write',
  headerSent: true }
[2018-04-16T10:44:51.400] [ERROR] requestError - nsv1tr36 ::ffff:192.168.0.112 GET /admin/static/js/vendor.84a035231c0f7b52d17f.js 200 76ms { Error: write ECONNABORTED
    at _errnoException (util.js:1024:11)
    at Socket._writeGeneric (net.js:767:25)
    at Socket._write (net.js:786:8)
    at doWrite (_stream_writable.js:387:12)
    at clearBuffer (_stream_writable.js:514:7)
    at Socket.Writable.uncork (_stream_writable.js:313:7)
    at connectionCorkNT (_http_outgoing.js:685:8)
    at _combinedTickCallback (internal/process/next_tick.js:135:11)
    at process._tickDomainCallback (internal/process/next_tick.js:218:9)
  code: 'ECONNABORTED',
  errno: 'ECONNABORTED',
  syscall: 'write',
  headerSent: true }
[2018-04-16T10:44:51.575] [ERROR] requestError - n4ddp6ud ::ffff:192.168.0.112 GET /admin/static/js/vendor.84a035231c0f7b52d17f.js 200 125ms { Error: write ECONNABORTED
    at _errnoException (util.js:1024:11)
    at Socket._writeGeneric (net.js:767:25)
    at Socket._write (net.js:786:8)
    at doWrite (_stream_writable.js:387:12)
    at clearBuffer (_stream_writable.js:514:7)
    at Socket.Writable.uncork (_stream_writable.js:313:7)
    at connectionCorkNT (_http_outgoing.js:685:8)
    at _combinedTickCallback (internal/process/next_tick.js:135:11)
    at process._tickDomainCallback (internal/process/next_tick.js:218:9)
  code: 'ECONNABORTED',
  errno: 'ECONNABORTED',
  syscall: 'write',
  headerSent: true }
[2018-04-16T10:44:52.497] [ERROR] requestError - ifmy47kb ::ffff:192.168.0.112 GET /admin/static/js/vendor.84a035231c0f7b52d17f.js 200 228ms { Error: write ECONNABORTED
    at _errnoException (util.js:1024:11)
    at Socket._writeGeneric (net.js:767:25)
    at Socket._write (net.js:786:8)
    at doWrite (_stream_writable.js:387:12)
    at clearBuffer (_stream_writable.js:514:7)
    at Socket.Writable.uncork (_stream_writable.js:313:7)
    at connectionCorkNT (_http_outgoing.js:685:8)
    at _combinedTickCallback (internal/process/next_tick.js:135:11)
    at process._tickDomainCallback (internal/process/next_tick.js:218:9)
  code: 'ECONNABORTED',
  errno: 'ECONNABORTED',
  syscall: 'write',
  headerSent: true }
[2018-04-16T10:44:52.627] [ERROR] requestError - 0yg1efp0 ::ffff:192.168.0.112 GET /admin/static/js/vendor.84a035231c0f7b52d17f.js 200 109ms { Error: read ECONNRESET
    at _errnoException (util.js:1024:11)
    at TCP.onread (net.js:615:25)
  code: 'ECONNRESET',
  errno: 'ECONNRESET',
  syscall: 'read',
  headerSent: true }
[2018-04-16T10:44:52.722] [ERROR] requestError - 85c70nyt ::ffff:192.168.0.112 GET /admin/static/js/vendor.84a035231c0f7b52d17f.js 200 70ms { Error: write ECONNABORTED
    at _errnoException (util.js:1024:11)
    at Socket._writeGeneric (net.js:767:25)
    at Socket._write (net.js:786:8)
    at doWrite (_stream_writable.js:387:12)
    at clearBuffer (_stream_writable.js:514:7)
    at Socket.Writable.uncork (_stream_writable.js:313:7)
    at connectionCorkNT (_http_outgoing.js:685:8)
    at _combinedTickCallback (internal/process/next_tick.js:135:11)
    at process._tickDomainCallback (internal/process/next_tick.js:218:9)
  code: 'ECONNABORTED',
  errno: 'ECONNABORTED',
  syscall: 'write',
  headerSent: true }
[2018-04-16T10:44:53.446] [ERROR] requestError - laoge1hs ::ffff:192.168.0.112 GET /admin/static/js/vendor.84a035231c0f7b52d17f.js 200 160ms { Error: write ECONNABORTED
    at _errnoException (util.js:1024:11)
    at Socket._writeGeneric (net.js:767:25)
    at Socket._write (net.js:786:8)
    at doWrite (_stream_writable.js:387:12)
    at clearBuffer (_stream_writable.js:514:7)
    at Socket.Writable.uncork (_stream_writable.js:313:7)
    at connectionCorkNT (_http_outgoing.js:685:8)
    at _combinedTickCallback (internal/process/next_tick.js:135:11)
    at process._tickDomainCallback (internal/process/next_tick.js:218:9)
  code: 'ECONNABORTED',
  errno: 'ECONNABORTED',
  syscall: 'write',
  headerSent: true }
[2018-04-16T10:44:53.780] [ERROR] requestError - 0a83a4dl ::ffff:192.168.0.112 GET /admin/static/js/vendor.84a035231c0f7b52d17f.js 200 121ms { Error: write ECONNABORTED
    at _errnoException (util.js:1024:11)
    at Socket._writeGeneric (net.js:767:25)
    at Socket._write (net.js:786:8)
    at doWrite (_stream_writable.js:387:12)
    at clearBuffer (_stream_writable.js:514:7)
    at Socket.Writable.uncork (_stream_writable.js:313:7)
    at connectionCorkNT (_http_outgoing.js:685:8)
    at _combinedTickCallback (internal/process/next_tick.js:135:11)
    at process._tickDomainCallback (internal/process/next_tick.js:218:9)
  code: 'ECONNABORTED',
  errno: 'ECONNABORTED',
  syscall: 'write',
  headerSent: true }
