[2018-05-08T11:39:56.630] [ERROR] requestError - u4blg0nf ::ffff:127.0.0.1 GET /server/getCookie 404 10040ms { SequelizeConnectionError: connect ETIMEDOUT
    at Utils.Promise.tap.then.catch.err (D:\公司项目-新\gdtv_cms\balanceServer\node_modules\sequelize\lib\dialects\mysql\connection-manager.js:149:19)
    at tryCatcher (D:\公司项目-新\gdtv_cms\balanceServer\node_modules\bluebird\js\release\util.js:16:23)
    at Promise._settlePromiseFromHandler (D:\公司项目-新\gdtv_cms\balanceServer\node_modules\bluebird\js\release\promise.js:512:31)
    at Promise._settlePromise (D:\公司项目-新\gdtv_cms\balanceServer\node_modules\bluebird\js\release\promise.js:569:18)
    at Promise._settlePromise0 (D:\公司项目-新\gdtv_cms\balanceServer\node_modules\bluebird\js\release\promise.js:614:10)
    at Promise._settlePromises (D:\公司项目-新\gdtv_cms\balanceServer\node_modules\bluebird\js\release\promise.js:689:18)
    at Async._drainQueue (D:\公司项目-新\gdtv_cms\balanceServer\node_modules\bluebird\js\release\async.js:133:16)
    at Async._drainQueues (D:\公司项目-新\gdtv_cms\balanceServer\node_modules\bluebird\js\release\async.js:143:10)
    at Immediate.Async.drainQueues (D:\公司项目-新\gdtv_cms\balanceServer\node_modules\bluebird\js\release\async.js:17:14)
    at runCallback (timers.js:789:20)
    at tryOnImmediate (timers.js:751:5)
    at processImmediate [as _immediateCallback] (timers.js:722:5)
  name: 'SequelizeConnectionError',
  parent: 
   { Error: connect ETIMEDOUT
    at Connection._handleTimeoutError (D:\公司项目-新\gdtv_cms\balanceServer\node_modules\mysql2\lib\connection.js:194:13)
    at ontimeout (timers.js:475:11)
    at tryOnTimeout (timers.js:310:5)
    at Timer.listOnTimeout (timers.js:270:5)
     errorno: 'ETIMEDOUT',
     code: 'ETIMEDOUT',
     syscall: 'connect',
     fatal: true },
  original: 
   { Error: connect ETIMEDOUT
    at Connection._handleTimeoutError (D:\公司项目-新\gdtv_cms\balanceServer\node_modules\mysql2\lib\connection.js:194:13)
    at ontimeout (timers.js:475:11)
    at tryOnTimeout (timers.js:310:5)
    at Timer.listOnTimeout (timers.js:270:5)
     errorno: 'ETIMEDOUT',
     code: 'ETIMEDOUT',
     syscall: 'connect',
     fatal: true } }
